<Event xmlns='http://schemas.microsoft.com/win/2004/08/events/event'><System><Provider Name='Microsoft-Windows-PowerShell' Guid='{A0C1853B-5C40-4B15-8766-3CF1C58F985A}'/><EventID>4104</EventID><Version>1</Version><Level>5</Level><Task>2</Task><Opcode>15</Opcode><Keywords>0x0</Keywords><TimeCreated SystemTime='2022-07-01T19:09:08.998117200Z'/><EventRecordID>114755</EventRecordID><Correlation ActivityID='{BC7A356A-8D52-0000-8077-7ABC528DD801}'/><Execution ProcessID='4208' ThreadID='4948'/><Channel>Microsoft-Windows-PowerShell/Operational</Channel><Computer>EC2AMAZ-IANIF3B</Computer><Security UserID='S-1-5-21-1521244991-111632098-605549305-500'/></System><EventData><Data Name='MessageNumber'>1</Data><Data Name='MessageTotal'>1</Data><Data Name='ScriptBlockText'>{ Set-StrictMode -Version 1; $_.OriginInfo }</Data><Data Name='ScriptBlockId'>148eaad1-df52-4258-a36c-a63b5ecf5b4e</Data><Data Name='Path'></Data></EventData></Event>
<Event xmlns='http://schemas.microsoft.com/win/2004/08/events/event'><System><Provider Name='Microsoft-Windows-PowerShell' Guid='{A0C1853B-5C40-4B15-8766-3CF1C58F985A}'/><EventID>4104</EventID><Version>1</Version><Level>5</Level><Task>2</Task><Opcode>15</Opcode><Keywords>0x0</Keywords><TimeCreated SystemTime='2022-07-01T19:09:08.997534700Z'/><EventRecordID>114752</EventRecordID><Correlation ActivityID='{BC7A356A-8D52-0000-7E77-7ABC528DD801}'/><Execution ProcessID='4208' ThreadID='4948'/><Channel>Microsoft-Windows-PowerShell/Operational</Channel><Computer>EC2AMAZ-IANIF3B</Computer><Security UserID='S-1-5-21-1521244991-111632098-605549305-500'/></System><EventData><Data Name='MessageNumber'>1</Data><Data Name='MessageTotal'>1</Data><Data Name='ScriptBlockText'>{ Set-StrictMode -Version 1; $_.ErrorCategory_Message }</Data><Data Name='ScriptBlockId'>9d6b4a76-f306-4bed-9d38-217dcebf49ac</Data><Data Name='Path'></Data></EventData></Event>
<Event xmlns='http://schemas.microsoft.com/win/2004/08/events/event'><System><Provider Name='Microsoft-Windows-PowerShell' Guid='{A0C1853B-5C40-4B15-8766-3CF1C58F985A}'/><EventID>4104</EventID><Version>1</Version><Level>5</Level><Task>2</Task><Opcode>15</Opcode><Keywords>0x0</Keywords><TimeCreated SystemTime='2022-07-01T19:09:08.995123000Z'/><EventRecordID>114745</EventRecordID><Correlation ActivityID='{BC7A356A-8D52-0000-7A77-7ABC528DD801}'/><Execution ProcessID='4208' ThreadID='4948'/><Channel>Microsoft-Windows-PowerShell/Operational</Channel><Computer>EC2AMAZ-IANIF3B</Computer><Security UserID='S-1-5-21-1521244991-111632098-605549305-500'/></System><EventData><Data Name='MessageNumber'>1</Data><Data Name='MessageTotal'>1</Data><Data Name='ScriptBlockText'>{ Set-StrictMode -Version 1; $_.PSMessageDetails }</Data><Data Name='ScriptBlockId'>294f8740-de92-425b-8308-ed79fd46a6a9</Data><Data Name='Path'></Data></EventData></Event>
<Event xmlns='http://schemas.microsoft.com/win/2004/08/events/event'><System><Provider Name='Microsoft-Windows-PowerShell' Guid='{A0C1853B-5C40-4B15-8766-3CF1C58F985A}'/><EventID>4104</EventID><Version>1</Version><Level>5</Level><Task>2</Task><Opcode>15</Opcode><Keywords>0x0</Keywords><TimeCreated SystemTime='2022-07-01T19:09:08.954075100Z'/><EventRecordID>114740</EventRecordID><Correlation ActivityID='{BC7A356A-8D52-0000-7777-7ABC528DD801}'/><Execution ProcessID='4208' ThreadID='4948'/><Channel>Microsoft-Windows-PowerShell/Operational</Channel><Computer>EC2AMAZ-IANIF3B</Computer><Security UserID='S-1-5-21-1521244991-111632098-605549305-500'/></System><EventData><Data Name='MessageNumber'>1</Data><Data Name='MessageTotal'>1</Data><Data Name='ScriptBlockText'>Get-DomainSPNTicket</Data><Data Name='ScriptBlockId'>b1abac09-97d6-4e07-920b-3c20466e8368</Data><Data Name='Path'></Data></EventData></Event>
<Event xmlns='http://schemas.microsoft.com/win/2004/08/events/event'><System><Provider Name='Microsoft-Windows-PowerShell' Guid='{A0C1853B-5C40-4B15-8766-3CF1C58F985A}'/><EventID>4104</EventID><Version>1</Version><Level>5</Level><Task>2</Task><Opcode>15</Opcode><Keywords>0x0</Keywords><TimeCreated SystemTime='2022-07-01T19:09:09.014781800Z'/><EventRecordID>114762</EventRecordID><Correlation ActivityID='{BC7A356A-8D52-0003-F367-7ABC528DD801}'/><Execution ProcessID='4208' ThreadID='4948'/><Channel>Microsoft-Windows-PowerShell/Operational</Channel><Computer>EC2AMAZ-IANIF3B</Computer><Security UserID='S-1-5-21-1521244991-111632098-605549305-500'/></System><EventData><Data Name='MessageNumber'>1</Data><Data Name='MessageTotal'>1</Data><Data Name='ScriptBlockText'>prompt</Data><Data Name='ScriptBlockId'>81e56a89-c597-43bf-8c5b-5ac0a914422c</Data><Data Name='Path'></Data></EventData></Event>
