<Event xmlns='http://schemas.microsoft.com/win/2004/08/events/event'><System><Provider Name='Microsoft-Windows-Sysmon' Guid='{5770385F-C22A-43E0-BF4C-06F5698FFBD9}'/><EventID>12</EventID><Version>2</Version><Level>4</Level><Task>12</Task><Opcode>0</Opcode><Keywords>0x8000000000000000</Keywords><TimeCreated SystemTime='2021-10-14T18:51:41.044410300Z'/><EventRecordID>29741997</EventRecordID><Correlation/><Execution ProcessID='2856' ThreadID='2088'/><Channel>Microsoft-Windows-Sysmon/Operational</Channel><Computer>win-dc-469.attackrange.local</Computer><Security UserID='S-1-5-18'/></System><EventData><Data Name='RuleName'>-</Data><Data Name='EventType'>CreateKey</Data><Data Name='UtcTime'>2021-10-14 18:51:41.044</Data><Data Name='ProcessGuid'>{8B6011A9-7C3A-6168-0D78-00000000F101}</Data><Data Name='ProcessId'>5756</Data><Data Name='Image'>C:\Windows\system32\setspn.exe</Data><Data Name='TargetObject'>HKLM\System\CurrentControlSet\Services\Tcpip\Parameters</Data></EventData></Event>
<Event xmlns='http://schemas.microsoft.com/win/2004/08/events/event'><System><Provider Name='Microsoft-Windows-Sysmon' Guid='{5770385F-C22A-43E0-BF4C-06F5698FFBD9}'/><EventID>12</EventID><Version>2</Version><Level>4</Level><Task>12</Task><Opcode>0</Opcode><Keywords>0x8000000000000000</Keywords><TimeCreated SystemTime='2021-10-14T18:51:41.043648900Z'/><EventRecordID>29741996</EventRecordID><Correlation/><Execution ProcessID='2856' ThreadID='2088'/><Channel>Microsoft-Windows-Sysmon/Operational</Channel><Computer>win-dc-469.attackrange.local</Computer><Security UserID='S-1-5-18'/></System><EventData><Data Name='RuleName'>-</Data><Data Name='EventType'>CreateKey</Data><Data Name='UtcTime'>2021-10-14 18:51:41.043</Data><Data Name='ProcessGuid'>{8B6011A9-7C3A-6168-0D78-00000000F101}</Data><Data Name='ProcessId'>5756</Data><Data Name='Image'>C:\Windows\system32\setspn.exe</Data><Data Name='TargetObject'>HKLM\System\CurrentControlSet\Services\Tcpip\Parameters</Data></EventData></Event>
<Event xmlns='http://schemas.microsoft.com/win/2004/08/events/event'><System><Provider Name='Microsoft-Windows-Sysmon' Guid='{5770385F-C22A-43E0-BF4C-06F5698FFBD9}'/><EventID>7</EventID><Version>3</Version><Level>4</Level><Task>7</Task><Opcode>0</Opcode><Keywords>0x8000000000000000</Keywords><TimeCreated SystemTime='2021-10-14T18:51:41.043466200Z'/><EventRecordID>29741995</EventRecordID><Correlation/><Execution ProcessID='2856' ThreadID='2088'/><Channel>Microsoft-Windows-Sysmon/Operational</Channel><Computer>win-dc-469.attackrange.local</Computer><Security UserID='S-1-5-18'/></System><EventData><Data Name='RuleName'>-</Data><Data Name='UtcTime'>2021-10-14 18:51:41.043</Data><Data Name='ProcessGuid'>{8B6011A9-7C3A-6168-0D78-00000000F101}</Data><Data Name='ProcessId'>5756</Data><Data Name='Image'>C:\Windows\System32\setspn.exe</Data><Data Name='ImageLoaded'>C:\Windows\System32\IPHLPAPI.DLL</Data><Data Name='FileVersion'>10.0.14393.2339 (rs1_release_inmarket.180611-1502)</Data><Data Name='Description'>IP Helper API</Data><Data Name='Product'>Microsoft® Windows® Operating System</Data><Data Name='Company'>Microsoft Corporation</Data><Data Name='OriginalFileName'>iphlpapi.dll</Data><Data Name='Hashes'>MD5=3CD38EDF9CA12F91131EDEE32D1C9DF5,SHA256=AF2440640BF8BDEAAF0DECDD7C354158E415ED0AA340ABA7A6CCCDC09C1E728B</Data><Data Name='Signed'>true</Data><Data Name='Signature'>Microsoft Windows</Data><Data Name='SignatureStatus'>Valid</Data></EventData></Event>
<Event xmlns='http://schemas.microsoft.com/win/2004/08/events/event'><System><Provider Name='Microsoft-Windows-Sysmon' Guid='{5770385F-C22A-43E0-BF4C-06F5698FFBD9}'/><EventID>7</EventID><Version>3</Version><Level>4</Level><Task>7</Task><Opcode>0</Opcode><Keywords>0x8000000000000000</Keywords><TimeCreated SystemTime='2021-10-14T18:51:41.042883000Z'/><EventRecordID>29741994</EventRecordID><Correlation/><Execution ProcessID='2856' ThreadID='2088'/><Channel>Microsoft-Windows-Sysmon/Operational</Channel><Computer>win-dc-469.attackrange.local</Computer><Security UserID='S-1-5-18'/></System><EventData><Data Name='RuleName'>-</Data><Data Name='UtcTime'>2021-10-14 18:51:41.042</Data><Data Name='ProcessGuid'>{8B6011A9-7C3A-6168-0D78-00000000F101}</Data><Data Name='ProcessId'>5756</Data><Data Name='Image'>C:\Windows\System32\setspn.exe</Data><Data Name='ImageLoaded'>C:\Windows\System32\nsi.dll</Data><Data Name='FileVersion'>10.0.14393.3297 (rs1_release_1.191001-1045)</Data><Data Name='Description'>NSI User-mode interface DLL</Data><Data Name='Product'>Microsoft® Windows® Operating System</Data><Data Name='Company'>Microsoft Corporation</Data><Data Name='OriginalFileName'>nsi.dll</Data><Data Name='Hashes'>MD5=994E2A6D2A0B38E0968B3998E42033AC,SHA256=491F2D1DE09C39B324BCF5800198AC7CCE755F4023F1FEB3854D33716461BC27</Data><Data Name='Signed'>true</Data><Data Name='Signature'>Microsoft Windows</Data><Data Name='SignatureStatus'>Valid</Data></EventData></Event>
<Event xmlns='http://schemas.microsoft.com/win/2004/08/events/event'><System><Provider Name='Microsoft-Windows-Sysmon' Guid='{5770385F-C22A-43E0-BF4C-06F5698FFBD9}'/><EventID>7</EventID><Version>3</Version><Level>4</Level><Task>7</Task><Opcode>0</Opcode><Keywords>0x8000000000000000</Keywords><TimeCreated SystemTime='2021-10-14T18:51:41.042649900Z'/><EventRecordID>29741993</EventRecordID><Correlation/><Execution ProcessID='2856' ThreadID='2088'/><Channel>Microsoft-Windows-Sysmon/Operational</Channel><Computer>win-dc-469.attackrange.local</Computer><Security UserID='S-1-5-18'/></System><EventData><Data Name='RuleName'>-</Data><Data Name='UtcTime'>2021-10-14 18:51:41.042</Data><Data Name='ProcessGuid'>{8B6011A9-7C3A-6168-0D78-00000000F101}</Data><Data Name='ProcessId'>5756</Data><Data Name='Image'>C:\Windows\System32\setspn.exe</Data><Data Name='ImageLoaded'>C:\Windows\System32\dnsapi.dll</Data><Data Name='FileVersion'>10.0.14393.4350 (rs1_release.210407-2154)</Data><Data Name='Description'>DNS Client API DLL</Data><Data Name='Product'>Microsoft® Windows® Operating System</Data><Data Name='Company'>Microsoft Corporation</Data><Data Name='OriginalFileName'>dnsapi</Data><Data Name='Hashes'>MD5=D7651F99299B13D576A72643BFC44944,SHA256=589302E630C473DBDF4CE92C59F00B029FCA0C228E7111A764166E16025FA1A9</Data><Data Name='Signed'>true</Data><Data Name='Signature'>Microsoft Windows</Data><Data Name='SignatureStatus'>Valid</Data></EventData></Event>
<Event xmlns='http://schemas.microsoft.com/win/2004/08/events/event'><System><Provider Name='Microsoft-Windows-Sysmon' Guid='{5770385F-C22A-43E0-BF4C-06F5698FFBD9}'/><EventID>5</EventID><Version>3</Version><Level>4</Level><Task>5</Task><Opcode>0</Opcode><Keywords>0x8000000000000000</Keywords><TimeCreated SystemTime='2021-10-14T18:51:43.357499100Z'/><EventRecordID>29742022</EventRecordID><Correlation/><Execution ProcessID='2856' ThreadID='2088'/><Channel>Microsoft-Windows-Sysmon/Operational</Channel><Computer>win-dc-469.attackrange.local</Computer><Security UserID='S-1-5-18'/></System><EventData><Data Name='RuleName'>-</Data><Data Name='UtcTime'>2021-10-14 18:51:43.357</Data><Data Name='ProcessGuid'>{8B6011A9-7C3A-6168-0D78-00000000F101}</Data><Data Name='ProcessId'>5756</Data><Data Name='Image'>C:\Windows\System32\setspn.exe</Data></EventData></Event>
<Event xmlns='http://schemas.microsoft.com/win/2004/08/events/event'><System><Provider Name='Microsoft-Windows-Sysmon' Guid='{5770385F-C22A-43E0-BF4C-06F5698FFBD9}'/><EventID>7</EventID><Version>3</Version><Level>4</Level><Task>7</Task><Opcode>0</Opcode><Keywords>0x8000000000000000</Keywords><TimeCreated SystemTime='2021-10-14T18:51:43.311476700Z'/><EventRecordID>29742021</EventRecordID><Correlation/><Execution ProcessID='2856' ThreadID='2088'/><Channel>Microsoft-Windows-Sysmon/Operational</Channel><Computer>win-dc-469.attackrange.local</Computer><Security UserID='S-1-5-18'/></System><EventData><Data Name='RuleName'>-</Data><Data Name='UtcTime'>2021-10-14 18:51:43.310</Data><Data Name='ProcessGuid'>{8B6011A9-7C3A-6168-0D78-00000000F101}</Data><Data Name='ProcessId'>5756</Data><Data Name='Image'>C:\Windows\System32\setspn.exe</Data><Data Name='ImageLoaded'>C:\Windows\System32\cryptdll.dll</Data><Data Name='FileVersion'>10.0.14393.2969 (rs1_release.190503-1820)</Data><Data Name='Description'>Cryptography Manager</Data><Data Name='Product'>Microsoft® Windows® Operating System</Data><Data Name='Company'>Microsoft Corporation</Data><Data Name='OriginalFileName'>cryptdll.dll</Data><Data Name='Hashes'>MD5=4B31902F1E0B79CE7E46D9877647C1CC,SHA256=8925892119315293C49D09A26191149660934BF1E5D3D023722E90339ADA38AA</Data><Data Name='Signed'>true</Data><Data Name='Signature'>Microsoft Windows</Data><Data Name='SignatureStatus'>Valid</Data></EventData></Event>
<Event xmlns='http://schemas.microsoft.com/win/2004/08/events/event'><System><Provider Name='Microsoft-Windows-Sysmon' Guid='{5770385F-C22A-43E0-BF4C-06F5698FFBD9}'/><EventID>7</EventID><Version>3</Version><Level>4</Level><Task>7</Task><Opcode>0</Opcode><Keywords>0x8000000000000000</Keywords><TimeCreated SystemTime='2021-10-14T18:51:43.310572400Z'/><EventRecordID>29742020</EventRecordID><Correlation/><Execution ProcessID='2856' ThreadID='2088'/><Channel>Microsoft-Windows-Sysmon/Operational</Channel><Computer>win-dc-469.attackrange.local</Computer><Security UserID='S-1-5-18'/></System><EventData><Data Name='RuleName'>-</Data><Data Name='UtcTime'>2021-10-14 18:51:43.309</Data><Data Name='ProcessGuid'>{8B6011A9-7C3A-6168-0D78-00000000F101}</Data><Data Name='ProcessId'>5756</Data><Data Name='Image'>C:\Windows\System32\setspn.exe</Data><Data Name='ImageLoaded'>C:\Windows\System32\NtlmShared.dll</Data><Data Name='FileVersion'>10.0.14393.3269 (rs1_release.190929-1234)</Data><Data Name='Description'>NTLM Shared Functionality</Data><Data Name='Product'>Microsoft® Windows® Operating System</Data><Data Name='Company'>Microsoft Corporation</Data><Data Name='OriginalFileName'>NtlmShared.dll</Data><Data Name='Hashes'>MD5=99F4D90B3ED53855C06F856006E770D1,SHA256=A95E5823B68182C4E32CB783AD23BC4FF60690001C70E6B5E920C12740C4C37C</Data><Data Name='Signed'>true</Data><Data Name='Signature'>Microsoft Windows</Data><Data Name='SignatureStatus'>Valid</Data></EventData></Event>
<Event xmlns='http://schemas.microsoft.com/win/2004/08/events/event'><System><Provider Name='Microsoft-Windows-Sysmon' Guid='{5770385F-C22A-43E0-BF4C-06F5698FFBD9}'/><EventID>7</EventID><Version>3</Version><Level>4</Level><Task>7</Task><Opcode>0</Opcode><Keywords>0x8000000000000000</Keywords><TimeCreated SystemTime='2021-10-14T18:51:43.310284800Z'/><EventRecordID>29742019</EventRecordID><Correlation/><Execution ProcessID='2856' ThreadID='2088'/><Channel>Microsoft-Windows-Sysmon/Operational</Channel><Computer>win-dc-469.attackrange.local</Computer><Security UserID='S-1-5-18'/></System><EventData><Data Name='RuleName'>-</Data><Data Name='UtcTime'>2021-10-14 18:51:43.309</Data><Data Name='ProcessGuid'>{8B6011A9-7C3A-6168-0D78-00000000F101}</Data><Data Name='ProcessId'>5756</Data><Data Name='Image'>C:\Windows\System32\setspn.exe</Data><Data Name='ImageLoaded'>C:\Windows\System32\msv1_0.dll</Data><Data Name='FileVersion'>10.0.14393.3866 (rs1_release.200805-1327)</Data><Data Name='Description'>Microsoft Authentication Package v1.0</Data><Data Name='Product'>Microsoft® Windows® Operating System</Data><Data Name='Company'>Microsoft Corporation</Data><Data Name='OriginalFileName'>MSV1_0.DLL</Data><Data Name='Hashes'>MD5=2A725546D9B1F9DB4974A2EA4225D0A8,SHA256=46AD1AC8C7DB7D21E8F41EFC734B855CEE566CB58F8FB825775490DC5DE89C94</Data><Data Name='Signed'>true</Data><Data Name='Signature'>Microsoft Windows</Data><Data Name='SignatureStatus'>Valid</Data></EventData></Event>
<Event xmlns='http://schemas.microsoft.com/win/2004/08/events/event'><System><Provider Name='Microsoft-Windows-Sysmon' Guid='{5770385F-C22A-43E0-BF4C-06F5698FFBD9}'/><EventID>7</EventID><Version>3</Version><Level>4</Level><Task>7</Task><Opcode>0</Opcode><Keywords>0x8000000000000000</Keywords><TimeCreated SystemTime='2021-10-14T18:51:43.305716500Z'/><EventRecordID>29742018</EventRecordID><Correlation/><Execution ProcessID='2856' ThreadID='2088'/><Channel>Microsoft-Windows-Sysmon/Operational</Channel><Computer>win-dc-469.attackrange.local</Computer><Security UserID='S-1-5-18'/></System><EventData><Data Name='RuleName'>-</Data><Data Name='UtcTime'>2021-10-14 18:51:43.305</Data><Data Name='ProcessGuid'>{8B6011A9-7C3A-6168-0D78-00000000F101}</Data><Data Name='ProcessId'>5756</Data><Data Name='Image'>C:\Windows\System32\setspn.exe</Data><Data Name='ImageLoaded'>C:\Windows\System32\dsparse.dll</Data><Data Name='FileVersion'>10.0.14393.0 (rs1_release.160715-1616)</Data><Data Name='Description'>Active Directory Domain Services API</Data><Data Name='Product'>Microsoft® Windows® Operating System</Data><Data Name='Company'>Microsoft Corporation</Data><Data Name='OriginalFileName'>dsparse.dll</Data><Data Name='Hashes'>MD5=E9B5EFC173FDD55C00B2F28B8BAC144B,SHA256=0CA602484CD0E2C67091FCD60091608BF746B1D05B353DB9805D1CAE0ED09D70</Data><Data Name='Signed'>true</Data><Data Name='Signature'>Microsoft Windows</Data><Data Name='SignatureStatus'>Valid</Data></EventData></Event>
<Event xmlns='http://schemas.microsoft.com/win/2004/08/events/event'><System><Provider Name='Microsoft-Windows-Sysmon' Guid='{5770385F-C22A-43E0-BF4C-06F5698FFBD9}'/><EventID>7</EventID><Version>3</Version><Level>4</Level><Task>7</Task><Opcode>0</Opcode><Keywords>0x8000000000000000</Keywords><TimeCreated SystemTime='2021-10-14T18:51:43.304090000Z'/><EventRecordID>29742017</EventRecordID><Correlation/><Execution ProcessID='2856' ThreadID='2088'/><Channel>Microsoft-Windows-Sysmon/Operational</Channel><Computer>win-dc-469.attackrange.local</Computer><Security UserID='S-1-5-18'/></System><EventData><Data Name='RuleName'>-</Data><Data Name='UtcTime'>2021-10-14 18:51:43.303</Data><Data Name='ProcessGuid'>{8B6011A9-7C3A-6168-0D78-00000000F101}</Data><Data Name='ProcessId'>5756</Data><Data Name='Image'>C:\Windows\System32\setspn.exe</Data><Data Name='ImageLoaded'>C:\Windows\System32\bcrypt.dll</Data><Data Name='FileVersion'>10.0.14393.4583 (rs1_release.210730-1850)</Data><Data Name='Description'>Windows Cryptographic Primitives Library</Data><Data Name='Product'>Microsoft® Windows® Operating System</Data><Data Name='Company'>Microsoft Corporation</Data><Data Name='OriginalFileName'>bcrypt.dll</Data><Data Name='Hashes'>MD5=63231EA984BC614584102A96D4F35CB4,SHA256=13C5BD283C01B0D50D8D0D99E88FC67F9234FA14A6860AB2B6EE552199FF6A74</Data><Data Name='Signed'>true</Data><Data Name='Signature'>Microsoft Windows</Data><Data Name='SignatureStatus'>Valid</Data></EventData></Event>
<Event xmlns='http://schemas.microsoft.com/win/2004/08/events/event'><System><Provider Name='Microsoft-Windows-Sysmon' Guid='{5770385F-C22A-43E0-BF4C-06F5698FFBD9}'/><EventID>7</EventID><Version>3</Version><Level>4</Level><Task>7</Task><Opcode>0</Opcode><Keywords>0x8000000000000000</Keywords><TimeCreated SystemTime='2021-10-14T18:51:43.302939100Z'/><EventRecordID>29742016</EventRecordID><Correlation/><Execution ProcessID='2856' ThreadID='2088'/><Channel>Microsoft-Windows-Sysmon/Operational</Channel><Computer>win-dc-469.attackrange.local</Computer><Security UserID='S-1-5-18'/></System><EventData><Data Name='RuleName'>-</Data><Data Name='UtcTime'>2021-10-14 18:51:43.302</Data><Data Name='ProcessGuid'>{8B6011A9-7C3A-6168-0D78-00000000F101}</Data><Data Name='ProcessId'>5756</Data><Data Name='Image'>C:\Windows\System32\setspn.exe</Data><Data Name='ImageLoaded'>C:\Windows\System32\FWPUCLNT.DLL</Data><Data Name='FileVersion'>10.0.14393.0 (rs1_release.160715-1616)</Data><Data Name='Description'>FWP/IPsec User-Mode API</Data><Data Name='Product'>Microsoft® Windows® Operating System</Data><Data Name='Company'>Microsoft Corporation</Data><Data Name='OriginalFileName'>fwpuclnt.dll</Data><Data Name='Hashes'>MD5=A65FA613342B08E0F760D8B13B9C135A,SHA256=C64A1EC862188D2EE1202DB02BFBF4E2DD56780905E509012799EB57FC9A88ED</Data><Data Name='Signed'>true</Data><Data Name='Signature'>Microsoft Windows</Data><Data Name='SignatureStatus'>Valid</Data></EventData></Event>
<Event xmlns='http://schemas.microsoft.com/win/2004/08/events/event'><System><Provider Name='Microsoft-Windows-Sysmon' Guid='{5770385F-C22A-43E0-BF4C-06F5698FFBD9}'/><EventID>22</EventID><Version>5</Version><Level>4</Level><Task>22</Task><Opcode>0</Opcode><Keywords>0x8000000000000000</Keywords><TimeCreated SystemTime='2021-10-14T18:51:43.275319500Z'/><EventRecordID>29742014</EventRecordID><Correlation/><Execution ProcessID='2856' ThreadID='2000'/><Channel>Microsoft-Windows-Sysmon/Operational</Channel><Computer>win-dc-469.attackrange.local</Computer><Security UserID='S-1-5-18'/></System><EventData><Data Name='RuleName'>-</Data><Data Name='UtcTime'>2021-10-14 18:51:44.051</Data><Data Name='ProcessGuid'>{8B6011A9-7C3A-6168-0D78-00000000F101}</Data><Data Name='ProcessId'>5756</Data><Data Name='QueryName'>_ldap._tcp.bar.</Data><Data Name='QueryStatus'>9003</Data><Data Name='QueryResults'>-</Data><Data Name='Image'>C:\Windows\System32\setspn.exe</Data></EventData></Event>
<Event xmlns='http://schemas.microsoft.com/win/2004/08/events/event'><System><Provider Name='Microsoft-Windows-Sysmon' Guid='{5770385F-C22A-43E0-BF4C-06F5698FFBD9}'/><EventID>22</EventID><Version>5</Version><Level>4</Level><Task>22</Task><Opcode>0</Opcode><Keywords>0x8000000000000000</Keywords><TimeCreated SystemTime='2021-10-14T18:51:43.275305200Z'/><EventRecordID>29742013</EventRecordID><Correlation/><Execution ProcessID='2856' ThreadID='2000'/><Channel>Microsoft-Windows-Sysmon/Operational</Channel><Computer>win-dc-469.attackrange.local</Computer><Security UserID='S-1-5-18'/></System><EventData><Data Name='RuleName'>-</Data><Data Name='UtcTime'>2021-10-14 18:51:44.051</Data><Data Name='ProcessGuid'>{8B6011A9-7C3A-6168-0D78-00000000F101}</Data><Data Name='ProcessId'>5756</Data><Data Name='QueryName'>_ldap._tcp.Default-First-Site-Name._sites.bar.</Data><Data Name='QueryStatus'>9003</Data><Data Name='QueryResults'>-</Data><Data Name='Image'>C:\Windows\System32\setspn.exe</Data></EventData></Event>
<Event xmlns='http://schemas.microsoft.com/win/2004/08/events/event'><System><Provider Name='Microsoft-Windows-Sysmon' Guid='{5770385F-C22A-43E0-BF4C-06F5698FFBD9}'/><EventID>5</EventID><Version>3</Version><Level>4</Level><Task>5</Task><Opcode>0</Opcode><Keywords>0x8000000000000000</Keywords><TimeCreated SystemTime='2021-10-14T18:51:47.098869600Z'/><EventRecordID>29742090</EventRecordID><Correlation/><Execution ProcessID='2856' ThreadID='2088'/><Channel>Microsoft-Windows-Sysmon/Operational</Channel><Computer>win-dc-469.attackrange.local</Computer><Security UserID='S-1-5-18'/></System><EventData><Data Name='RuleName'>-</Data><Data Name='UtcTime'>2021-10-14 18:51:47.097</Data><Data Name='ProcessGuid'>{8B6011A9-7C43-6168-0E78-00000000F101}</Data><Data Name='ProcessId'>4804</Data><Data Name='Image'>C:\Windows\System32\setspn.exe</Data></EventData></Event>
<Event xmlns='http://schemas.microsoft.com/win/2004/08/events/event'><System><Provider Name='Microsoft-Windows-Sysmon' Guid='{5770385F-C22A-43E0-BF4C-06F5698FFBD9}'/><EventID>7</EventID><Version>3</Version><Level>4</Level><Task>7</Task><Opcode>0</Opcode><Keywords>0x8000000000000000</Keywords><TimeCreated SystemTime='2021-10-14T18:51:47.089999800Z'/><EventRecordID>29742088</EventRecordID><Correlation/><Execution ProcessID='2856' ThreadID='2088'/><Channel>Microsoft-Windows-Sysmon/Operational</Channel><Computer>win-dc-469.attackrange.local</Computer><Security UserID='S-1-5-18'/></System><EventData><Data Name='RuleName'>-</Data><Data Name='UtcTime'>2021-10-14 18:51:47.089</Data><Data Name='ProcessGuid'>{8B6011A9-7C43-6168-0E78-00000000F101}</Data><Data Name='ProcessId'>4804</Data><Data Name='Image'>C:\Windows\System32\setspn.exe</Data><Data Name='ImageLoaded'>C:\Windows\System32\cryptdll.dll</Data><Data Name='FileVersion'>10.0.14393.2969 (rs1_release.190503-1820)</Data><Data Name='Description'>Cryptography Manager</Data><Data Name='Product'>Microsoft® Windows® Operating System</Data><Data Name='Company'>Microsoft Corporation</Data><Data Name='OriginalFileName'>cryptdll.dll</Data><Data Name='Hashes'>MD5=4B31902F1E0B79CE7E46D9877647C1CC,SHA256=8925892119315293C49D09A26191149660934BF1E5D3D023722E90339ADA38AA</Data><Data Name='Signed'>true</Data><Data Name='Signature'>Microsoft Windows</Data><Data Name='SignatureStatus'>Valid</Data></EventData></Event>
<Event xmlns='http://schemas.microsoft.com/win/2004/08/events/event'><System><Provider Name='Microsoft-Windows-Sysmon' Guid='{5770385F-C22A-43E0-BF4C-06F5698FFBD9}'/><EventID>7</EventID><Version>3</Version><Level>4</Level><Task>7</Task><Opcode>0</Opcode><Keywords>0x8000000000000000</Keywords><TimeCreated SystemTime='2021-10-14T18:51:47.089632700Z'/><EventRecordID>29742087</EventRecordID><Correlation/><Execution ProcessID='2856' ThreadID='2088'/><Channel>Microsoft-Windows-Sysmon/Operational</Channel><Computer>win-dc-469.attackrange.local</Computer><Security UserID='S-1-5-18'/></System><EventData><Data Name='RuleName'>-</Data><Data Name='UtcTime'>2021-10-14 18:51:47.087</Data><Data Name='ProcessGuid'>{8B6011A9-7C43-6168-0E78-00000000F101}</Data><Data Name='ProcessId'>4804</Data><Data Name='Image'>C:\Windows\System32\setspn.exe</Data><Data Name='ImageLoaded'>C:\Windows\System32\NtlmShared.dll</Data><Data Name='FileVersion'>10.0.14393.3269 (rs1_release.190929-1234)</Data><Data Name='Description'>NTLM Shared Functionality</Data><Data Name='Product'>Microsoft® Windows® Operating System</Data><Data Name='Company'>Microsoft Corporation</Data><Data Name='OriginalFileName'>NtlmShared.dll</Data><Data Name='Hashes'>MD5=99F4D90B3ED53855C06F856006E770D1,SHA256=A95E5823B68182C4E32CB783AD23BC4FF60690001C70E6B5E920C12740C4C37C</Data><Data Name='Signed'>true</Data><Data Name='Signature'>Microsoft Windows</Data><Data Name='SignatureStatus'>Valid</Data></EventData></Event>
<Event xmlns='http://schemas.microsoft.com/win/2004/08/events/event'><System><Provider Name='Microsoft-Windows-Sysmon' Guid='{5770385F-C22A-43E0-BF4C-06F5698FFBD9}'/><EventID>7</EventID><Version>3</Version><Level>4</Level><Task>7</Task><Opcode>0</Opcode><Keywords>0x8000000000000000</Keywords><TimeCreated SystemTime='2021-10-14T18:51:47.089054800Z'/><EventRecordID>29742086</EventRecordID><Correlation/><Execution ProcessID='2856' ThreadID='2088'/><Channel>Microsoft-Windows-Sysmon/Operational</Channel><Computer>win-dc-469.attackrange.local</Computer><Security UserID='S-1-5-18'/></System><EventData><Data Name='RuleName'>-</Data><Data Name='UtcTime'>2021-10-14 18:51:47.087</Data><Data Name='ProcessGuid'>{8B6011A9-7C43-6168-0E78-00000000F101}</Data><Data Name='ProcessId'>4804</Data><Data Name='Image'>C:\Windows\System32\setspn.exe</Data><Data Name='ImageLoaded'>C:\Windows\System32\msv1_0.dll</Data><Data Name='FileVersion'>10.0.14393.3866 (rs1_release.200805-1327)</Data><Data Name='Description'>Microsoft Authentication Package v1.0</Data><Data Name='Product'>Microsoft® Windows® Operating System</Data><Data Name='Company'>Microsoft Corporation</Data><Data Name='OriginalFileName'>MSV1_0.DLL</Data><Data Name='Hashes'>MD5=2A725546D9B1F9DB4974A2EA4225D0A8,SHA256=46AD1AC8C7DB7D21E8F41EFC734B855CEE566CB58F8FB825775490DC5DE89C94</Data><Data Name='Signed'>true</Data><Data Name='Signature'>Microsoft Windows</Data><Data Name='SignatureStatus'>Valid</Data></EventData></Event>
<Event xmlns='http://schemas.microsoft.com/win/2004/08/events/event'><System><Provider Name='Microsoft-Windows-Sysmon' Guid='{5770385F-C22A-43E0-BF4C-06F5698FFBD9}'/><EventID>7</EventID><Version>3</Version><Level>4</Level><Task>7</Task><Opcode>0</Opcode><Keywords>0x8000000000000000</Keywords><TimeCreated SystemTime='2021-10-14T18:51:47.085612900Z'/><EventRecordID>29742085</EventRecordID><Correlation/><Execution ProcessID='2856' ThreadID='2088'/><Channel>Microsoft-Windows-Sysmon/Operational</Channel><Computer>win-dc-469.attackrange.local</Computer><Security UserID='S-1-5-18'/></System><EventData><Data Name='RuleName'>-</Data><Data Name='UtcTime'>2021-10-14 18:51:47.084</Data><Data Name='ProcessGuid'>{8B6011A9-7C43-6168-0E78-00000000F101}</Data><Data Name='ProcessId'>4804</Data><Data Name='Image'>C:\Windows\System32\setspn.exe</Data><Data Name='ImageLoaded'>C:\Windows\System32\dsparse.dll</Data><Data Name='FileVersion'>10.0.14393.0 (rs1_release.160715-1616)</Data><Data Name='Description'>Active Directory Domain Services API</Data><Data Name='Product'>Microsoft® Windows® Operating System</Data><Data Name='Company'>Microsoft Corporation</Data><Data Name='OriginalFileName'>dsparse.dll</Data><Data Name='Hashes'>MD5=E9B5EFC173FDD55C00B2F28B8BAC144B,SHA256=0CA602484CD0E2C67091FCD60091608BF746B1D05B353DB9805D1CAE0ED09D70</Data><Data Name='Signed'>true</Data><Data Name='Signature'>Microsoft Windows</Data><Data Name='SignatureStatus'>Valid</Data></EventData></Event>
<Event xmlns='http://schemas.microsoft.com/win/2004/08/events/event'><System><Provider Name='Microsoft-Windows-Sysmon' Guid='{5770385F-C22A-43E0-BF4C-06F5698FFBD9}'/><EventID>7</EventID><Version>3</Version><Level>4</Level><Task>7</Task><Opcode>0</Opcode><Keywords>0x8000000000000000</Keywords><TimeCreated SystemTime='2021-10-14T18:51:47.082655200Z'/><EventRecordID>29742084</EventRecordID><Correlation/><Execution ProcessID='2856' ThreadID='2088'/><Channel>Microsoft-Windows-Sysmon/Operational</Channel><Computer>win-dc-469.attackrange.local</Computer><Security UserID='S-1-5-18'/></System><EventData><Data Name='RuleName'>-</Data><Data Name='UtcTime'>2021-10-14 18:51:47.081</Data><Data Name='ProcessGuid'>{8B6011A9-7C43-6168-0E78-00000000F101}</Data><Data Name='ProcessId'>4804</Data><Data Name='Image'>C:\Windows\System32\setspn.exe</Data><Data Name='ImageLoaded'>C:\Windows\System32\bcrypt.dll</Data><Data Name='FileVersion'>10.0.14393.4583 (rs1_release.210730-1850)</Data><Data Name='Description'>Windows Cryptographic Primitives Library</Data><Data Name='Product'>Microsoft® Windows® Operating System</Data><Data Name='Company'>Microsoft Corporation</Data><Data Name='OriginalFileName'>bcrypt.dll</Data><Data Name='Hashes'>MD5=63231EA984BC614584102A96D4F35CB4,SHA256=13C5BD283C01B0D50D8D0D99E88FC67F9234FA14A6860AB2B6EE552199FF6A74</Data><Data Name='Signed'>true</Data><Data Name='Signature'>Microsoft Windows</Data><Data Name='SignatureStatus'>Valid</Data></EventData></Event>
<Event xmlns='http://schemas.microsoft.com/win/2004/08/events/event'><System><Provider Name='Microsoft-Windows-Sysmon' Guid='{5770385F-C22A-43E0-BF4C-06F5698FFBD9}'/><EventID>7</EventID><Version>3</Version><Level>4</Level><Task>7</Task><Opcode>0</Opcode><Keywords>0x8000000000000000</Keywords><TimeCreated SystemTime='2021-10-14T18:51:47.082257500Z'/><EventRecordID>29742083</EventRecordID><Correlation/><Execution ProcessID='2856' ThreadID='2088'/><Channel>Microsoft-Windows-Sysmon/Operational</Channel><Computer>win-dc-469.attackrange.local</Computer><Security UserID='S-1-5-18'/></System><EventData><Data Name='RuleName'>-</Data><Data Name='UtcTime'>2021-10-14 18:51:47.081</Data><Data Name='ProcessGuid'>{8B6011A9-7C43-6168-0E78-00000000F101}</Data><Data Name='ProcessId'>4804</Data><Data Name='Image'>C:\Windows\System32\setspn.exe</Data><Data Name='ImageLoaded'>C:\Windows\System32\FWPUCLNT.DLL</Data><Data Name='FileVersion'>10.0.14393.0 (rs1_release.160715-1616)</Data><Data Name='Description'>FWP/IPsec User-Mode API</Data><Data Name='Product'>Microsoft® Windows® Operating System</Data><Data Name='Company'>Microsoft Corporation</Data><Data Name='OriginalFileName'>fwpuclnt.dll</Data><Data Name='Hashes'>MD5=A65FA613342B08E0F760D8B13B9C135A,SHA256=C64A1EC862188D2EE1202DB02BFBF4E2DD56780905E509012799EB57FC9A88ED</Data><Data Name='Signed'>true</Data><Data Name='Signature'>Microsoft Windows</Data><Data Name='SignatureStatus'>Valid</Data></EventData></Event>
<Event xmlns='http://schemas.microsoft.com/win/2004/08/events/event'><System><Provider Name='Microsoft-Windows-Sysmon' Guid='{5770385F-C22A-43E0-BF4C-06F5698FFBD9}'/><EventID>12</EventID><Version>2</Version><Level>4</Level><Task>12</Task><Opcode>0</Opcode><Keywords>0x8000000000000000</Keywords><TimeCreated SystemTime='2021-10-14T18:51:47.081541200Z'/><EventRecordID>29742082</EventRecordID><Correlation/><Execution ProcessID='2856' ThreadID='2088'/><Channel>Microsoft-Windows-Sysmon/Operational</Channel><Computer>win-dc-469.attackrange.local</Computer><Security UserID='S-1-5-18'/></System><EventData><Data Name='RuleName'>-</Data><Data Name='EventType'>CreateKey</Data><Data Name='UtcTime'>2021-10-14 18:51:47.080</Data><Data Name='ProcessGuid'>{8B6011A9-7C43-6168-0E78-00000000F101}</Data><Data Name='ProcessId'>4804</Data><Data Name='Image'>C:\Windows\system32\setspn.exe</Data><Data Name='TargetObject'>HKLM\System\CurrentControlSet\Services\Tcpip\Parameters</Data></EventData></Event>
<Event xmlns='http://schemas.microsoft.com/win/2004/08/events/event'><System><Provider Name='Microsoft-Windows-Sysmon' Guid='{5770385F-C22A-43E0-BF4C-06F5698FFBD9}'/><EventID>12</EventID><Version>2</Version><Level>4</Level><Task>12</Task><Opcode>0</Opcode><Keywords>0x8000000000000000</Keywords><TimeCreated SystemTime='2021-10-14T18:51:47.081462500Z'/><EventRecordID>29742081</EventRecordID><Correlation/><Execution ProcessID='2856' ThreadID='2088'/><Channel>Microsoft-Windows-Sysmon/Operational</Channel><Computer>win-dc-469.attackrange.local</Computer><Security UserID='S-1-5-18'/></System><EventData><Data Name='RuleName'>-</Data><Data Name='EventType'>CreateKey</Data><Data Name='UtcTime'>2021-10-14 18:51:47.080</Data><Data Name='ProcessGuid'>{8B6011A9-7C43-6168-0E78-00000000F101}</Data><Data Name='ProcessId'>4804</Data><Data Name='Image'>C:\Windows\system32\setspn.exe</Data><Data Name='TargetObject'>HKLM\System\CurrentControlSet\Services\Tcpip\Parameters</Data></EventData></Event>
<Event xmlns='http://schemas.microsoft.com/win/2004/08/events/event'><System><Provider Name='Microsoft-Windows-Sysmon' Guid='{5770385F-C22A-43E0-BF4C-06F5698FFBD9}'/><EventID>12</EventID><Version>2</Version><Level>4</Level><Task>12</Task><Opcode>0</Opcode><Keywords>0x8000000000000000</Keywords><TimeCreated SystemTime='2021-10-14T18:51:47.081383500Z'/><EventRecordID>29742080</EventRecordID><Correlation/><Execution ProcessID='2856' ThreadID='2088'/><Channel>Microsoft-Windows-Sysmon/Operational</Channel><Computer>win-dc-469.attackrange.local</Computer><Security UserID='S-1-5-18'/></System><EventData><Data Name='RuleName'>-</Data><Data Name='EventType'>CreateKey</Data><Data Name='UtcTime'>2021-10-14 18:51:47.080</Data><Data Name='ProcessGuid'>{8B6011A9-7C43-6168-0E78-00000000F101}</Data><Data Name='ProcessId'>4804</Data><Data Name='Image'>C:\Windows\system32\setspn.exe</Data><Data Name='TargetObject'>HKLM\System\CurrentControlSet\Services\Tcpip\Parameters</Data></EventData></Event>
<Event xmlns='http://schemas.microsoft.com/win/2004/08/events/event'><System><Provider Name='Microsoft-Windows-Sysmon' Guid='{5770385F-C22A-43E0-BF4C-06F5698FFBD9}'/><EventID>7</EventID><Version>3</Version><Level>4</Level><Task>7</Task><Opcode>0</Opcode><Keywords>0x8000000000000000</Keywords><TimeCreated SystemTime='2021-10-14T18:51:47.081220400Z'/><EventRecordID>29742079</EventRecordID><Correlation/><Execution ProcessID='2856' ThreadID='2088'/><Channel>Microsoft-Windows-Sysmon/Operational</Channel><Computer>win-dc-469.attackrange.local</Computer><Security UserID='S-1-5-18'/></System><EventData><Data Name='RuleName'>-</Data><Data Name='UtcTime'>2021-10-14 18:51:47.080</Data><Data Name='ProcessGuid'>{8B6011A9-7C43-6168-0E78-00000000F101}</Data><Data Name='ProcessId'>4804</Data><Data Name='Image'>C:\Windows\System32\setspn.exe</Data><Data Name='ImageLoaded'>C:\Windows\System32\rasadhlp.dll</Data><Data Name='FileVersion'>10.0.14393.0 (rs1_release.160715-1616)</Data><Data Name='Description'>Remote Access AutoDial Helper</Data><Data Name='Product'>Microsoft® Windows® Operating System</Data><Data Name='Company'>Microsoft Corporation</Data><Data Name='OriginalFileName'>rasadhlp.dll</Data><Data Name='Hashes'>MD5=FAE8D0480BDD905EEA453D3A57C8D5C6,SHA256=C1531223B8201B344A6A6474CB2D9B8A8C632250A3A6F472EC5E2D7D28ADD94C</Data><Data Name='Signed'>true</Data><Data Name='Signature'>Microsoft Windows</Data><Data Name='SignatureStatus'>Valid</Data></EventData></Event>
<Event xmlns='http://schemas.microsoft.com/win/2004/08/events/event'><System><Provider Name='Microsoft-Windows-Sysmon' Guid='{5770385F-C22A-43E0-BF4C-06F5698FFBD9}'/><EventID>12</EventID><Version>2</Version><Level>4</Level><Task>12</Task><Opcode>0</Opcode><Keywords>0x8000000000000000</Keywords><TimeCreated SystemTime='2021-10-14T18:51:47.079715100Z'/><EventRecordID>29742078</EventRecordID><Correlation/><Execution ProcessID='2856' ThreadID='2088'/><Channel>Microsoft-Windows-Sysmon/Operational</Channel><Computer>win-dc-469.attackrange.local</Computer><Security UserID='S-1-5-18'/></System><EventData><Data Name='RuleName'>-</Data><Data Name='EventType'>CreateKey</Data><Data Name='UtcTime'>2021-10-14 18:51:47.078</Data><Data Name='ProcessGuid'>{8B6011A9-7C43-6168-0E78-00000000F101}</Data><Data Name='ProcessId'>4804</Data><Data Name='Image'>C:\Windows\system32\setspn.exe</Data><Data Name='TargetObject'>HKLM\System\CurrentControlSet\Services\Tcpip\Parameters</Data></EventData></Event>
<Event xmlns='http://schemas.microsoft.com/win/2004/08/events/event'><System><Provider Name='Microsoft-Windows-Sysmon' Guid='{5770385F-C22A-43E0-BF4C-06F5698FFBD9}'/><EventID>12</EventID><Version>2</Version><Level>4</Level><Task>12</Task><Opcode>0</Opcode><Keywords>0x8000000000000000</Keywords><TimeCreated SystemTime='2021-10-14T18:51:47.079633600Z'/><EventRecordID>29742077</EventRecordID><Correlation/><Execution ProcessID='2856' ThreadID='2088'/><Channel>Microsoft-Windows-Sysmon/Operational</Channel><Computer>win-dc-469.attackrange.local</Computer><Security UserID='S-1-5-18'/></System><EventData><Data Name='RuleName'>-</Data><Data Name='EventType'>CreateKey</Data><Data Name='UtcTime'>2021-10-14 18:51:47.078</Data><Data Name='ProcessGuid'>{8B6011A9-7C43-6168-0E78-00000000F101}</Data><Data Name='ProcessId'>4804</Data><Data Name='Image'>C:\Windows\system32\setspn.exe</Data><Data Name='TargetObject'>HKLM\System\CurrentControlSet\Services\Tcpip\Parameters</Data></EventData></Event>
<Event xmlns='http://schemas.microsoft.com/win/2004/08/events/event'><System><Provider Name='Microsoft-Windows-Sysmon' Guid='{5770385F-C22A-43E0-BF4C-06F5698FFBD9}'/><EventID>12</EventID><Version>2</Version><Level>4</Level><Task>12</Task><Opcode>0</Opcode><Keywords>0x8000000000000000</Keywords><TimeCreated SystemTime='2021-10-14T18:51:47.079548800Z'/><EventRecordID>29742076</EventRecordID><Correlation/><Execution ProcessID='2856' ThreadID='2088'/><Channel>Microsoft-Windows-Sysmon/Operational</Channel><Computer>win-dc-469.attackrange.local</Computer><Security UserID='S-1-5-18'/></System><EventData><Data Name='RuleName'>-</Data><Data Name='EventType'>CreateKey</Data><Data Name='UtcTime'>2021-10-14 18:51:47.078</Data><Data Name='ProcessGuid'>{8B6011A9-7C43-6168-0E78-00000000F101}</Data><Data Name='ProcessId'>4804</Data><Data Name='Image'>C:\Windows\system32\setspn.exe</Data><Data Name='TargetObject'>HKLM\System\CurrentControlSet\Services\Tcpip\Parameters</Data></EventData></Event>
<Event xmlns='http://schemas.microsoft.com/win/2004/08/events/event'><System><Provider Name='Microsoft-Windows-Sysmon' Guid='{5770385F-C22A-43E0-BF4C-06F5698FFBD9}'/><EventID>7</EventID><Version>3</Version><Level>4</Level><Task>7</Task><Opcode>0</Opcode><Keywords>0x8000000000000000</Keywords><TimeCreated SystemTime='2021-10-14T18:51:47.079263300Z'/><EventRecordID>29742075</EventRecordID><Correlation/><Execution ProcessID='2856' ThreadID='2088'/><Channel>Microsoft-Windows-Sysmon/Operational</Channel><Computer>win-dc-469.attackrange.local</Computer><Security UserID='S-1-5-18'/></System><EventData><Data Name='RuleName'>-</Data><Data Name='UtcTime'>2021-10-14 18:51:47.078</Data><Data Name='ProcessGuid'>{8B6011A9-7C43-6168-0E78-00000000F101}</Data><Data Name='ProcessId'>4804</Data><Data Name='Image'>C:\Windows\System32\setspn.exe</Data><Data Name='ImageLoaded'>C:\Windows\System32\IPHLPAPI.DLL</Data><Data Name='FileVersion'>10.0.14393.2339 (rs1_release_inmarket.180611-1502)</Data><Data Name='Description'>IP Helper API</Data><Data Name='Product'>Microsoft® Windows® Operating System</Data><Data Name='Company'>Microsoft Corporation</Data><Data Name='OriginalFileName'>iphlpapi.dll</Data><Data Name='Hashes'>MD5=3CD38EDF9CA12F91131EDEE32D1C9DF5,SHA256=AF2440640BF8BDEAAF0DECDD7C354158E415ED0AA340ABA7A6CCCDC09C1E728B</Data><Data Name='Signed'>true</Data><Data Name='Signature'>Microsoft Windows</Data><Data Name='SignatureStatus'>Valid</Data></EventData></Event>
<Event xmlns='http://schemas.microsoft.com/win/2004/08/events/event'><System><Provider Name='Microsoft-Windows-Sysmon' Guid='{5770385F-C22A-43E0-BF4C-06F5698FFBD9}'/><EventID>7</EventID><Version>3</Version><Level>4</Level><Task>7</Task><Opcode>0</Opcode><Keywords>0x8000000000000000</Keywords><TimeCreated SystemTime='2021-10-14T18:51:47.078737800Z'/><EventRecordID>29742074</EventRecordID><Correlation/><Execution ProcessID='2856' ThreadID='2088'/><Channel>Microsoft-Windows-Sysmon/Operational</Channel><Computer>win-dc-469.attackrange.local</Computer><Security UserID='S-1-5-18'/></System><EventData><Data Name='RuleName'>-</Data><Data Name='UtcTime'>2021-10-14 18:51:47.078</Data><Data Name='ProcessGuid'>{8B6011A9-7C43-6168-0E78-00000000F101}</Data><Data Name='ProcessId'>4804</Data><Data Name='Image'>C:\Windows\System32\setspn.exe</Data><Data Name='ImageLoaded'>C:\Windows\System32\nsi.dll</Data><Data Name='FileVersion'>10.0.14393.3297 (rs1_release_1.191001-1045)</Data><Data Name='Description'>NSI User-mode interface DLL</Data><Data Name='Product'>Microsoft® Windows® Operating System</Data><Data Name='Company'>Microsoft Corporation</Data><Data Name='OriginalFileName'>nsi.dll</Data><Data Name='Hashes'>MD5=994E2A6D2A0B38E0968B3998E42033AC,SHA256=491F2D1DE09C39B324BCF5800198AC7CCE755F4023F1FEB3854D33716461BC27</Data><Data Name='Signed'>true</Data><Data Name='Signature'>Microsoft Windows</Data><Data Name='SignatureStatus'>Valid</Data></EventData></Event>
<Event xmlns='http://schemas.microsoft.com/win/2004/08/events/event'><System><Provider Name='Microsoft-Windows-Sysmon' Guid='{5770385F-C22A-43E0-BF4C-06F5698FFBD9}'/><EventID>7</EventID><Version>3</Version><Level>4</Level><Task>7</Task><Opcode>0</Opcode><Keywords>0x8000000000000000</Keywords><TimeCreated SystemTime='2021-10-14T18:51:47.078504000Z'/><EventRecordID>29742073</EventRecordID><Correlation/><Execution ProcessID='2856' ThreadID='2088'/><Channel>Microsoft-Windows-Sysmon/Operational</Channel><Computer>win-dc-469.attackrange.local</Computer><Security UserID='S-1-5-18'/></System><EventData><Data Name='RuleName'>-</Data><Data Name='UtcTime'>2021-10-14 18:51:47.076</Data><Data Name='ProcessGuid'>{8B6011A9-7C43-6168-0E78-00000000F101}</Data><Data Name='ProcessId'>4804</Data><Data Name='Image'>C:\Windows\System32\setspn.exe</Data><Data Name='ImageLoaded'>C:\Windows\System32\dnsapi.dll</Data><Data Name='FileVersion'>10.0.14393.4350 (rs1_release.210407-2154)</Data><Data Name='Description'>DNS Client API DLL</Data><Data Name='Product'>Microsoft® Windows® Operating System</Data><Data Name='Company'>Microsoft Corporation</Data><Data Name='OriginalFileName'>dnsapi</Data><Data Name='Hashes'>MD5=D7651F99299B13D576A72643BFC44944,SHA256=589302E630C473DBDF4CE92C59F00B029FCA0C228E7111A764166E16025FA1A9</Data><Data Name='Signed'>true</Data><Data Name='Signature'>Microsoft Windows</Data><Data Name='SignatureStatus'>Valid</Data></EventData></Event>
<Event xmlns='http://schemas.microsoft.com/win/2004/08/events/event'><System><Provider Name='Microsoft-Windows-Sysmon' Guid='{5770385F-C22A-43E0-BF4C-06F5698FFBD9}'/><EventID>10</EventID><Version>3</Version><Level>4</Level><Task>10</Task><Opcode>0</Opcode><Keywords>0x8000000000000000</Keywords><TimeCreated SystemTime='2021-10-14T18:51:47.075201800Z'/><EventRecordID>29742071</EventRecordID><Correlation/><Execution ProcessID='2856' ThreadID='2088'/><Channel>Microsoft-Windows-Sysmon/Operational</Channel><Computer>win-dc-469.attackrange.local</Computer><Security UserID='S-1-5-18'/></System><EventData><Data Name='RuleName'>-</Data><Data Name='UtcTime'>2021-10-14 18:51:47.074</Data><Data Name='SourceProcessGUID'>{8B6011A9-886B-6164-0B00-00000000F101}</Data><Data Name='SourceProcessId'>648</Data><Data Name='SourceThreadId'>6840</Data><Data Name='SourceImage'>C:\Windows\system32\lsass.exe</Data><Data Name='TargetProcessGUID'>{8B6011A9-7C43-6168-0E78-00000000F101}</Data><Data Name='TargetProcessId'>4804</Data><Data Name='TargetImage'>C:\Windows\system32\setspn.exe</Data><Data Name='GrantedAccess'>0x1478</Data><Data Name='CallTrace'>C:\Windows\SYSTEM32\ntdll.dll+a6134|C:\Windows\system32\lsasrv.dll+24be7|C:\Windows\system32\lsasrv.dll+25d2d|C:\Windows\system32\lsasrv.dll+24a65|C:\Windows\SYSTEM32\SspiSrv.dll+11a2|C:\Windows\System32\RPCRT4.dll+7a593|C:\Windows\System32\RPCRT4.dll+d9f41|C:\Windows\System32\RPCRT4.dll+62d4c|C:\Windows\System32\RPCRT4.dll+4a274|C:\Windows\System32\RPCRT4.dll+4918d|C:\Windows\System32\RPCRT4.dll+49a3b|C:\Windows\System32\RPCRT4.dll+310ac|C:\Windows\System32\RPCRT4.dll+3152c|C:\Windows\System32\RPCRT4.dll+1ae1c|C:\Windows\System32\RPCRT4.dll+1c67b|C:\Windows\System32\RPCRT4.dll+43a2a|C:\Windows\SYSTEM32\ntdll.dll+1d34e|C:\Windows\SYSTEM32\ntdll.dll+1ecb9|C:\Windows\System32\KERNEL32.DLL+84d4|C:\Windows\SYSTEM32\ntdll.dll+51781</Data></EventData></Event>
<Event xmlns='http://schemas.microsoft.com/win/2004/08/events/event'><System><Provider Name='Microsoft-Windows-Sysmon' Guid='{5770385F-C22A-43E0-BF4C-06F5698FFBD9}'/><EventID>10</EventID><Version>3</Version><Level>4</Level><Task>10</Task><Opcode>0</Opcode><Keywords>0x8000000000000000</Keywords><TimeCreated SystemTime='2021-10-14T18:51:47.075092900Z'/><EventRecordID>29742070</EventRecordID><Correlation/><Execution ProcessID='2856' ThreadID='2088'/><Channel>Microsoft-Windows-Sysmon/Operational</Channel><Computer>win-dc-469.attackrange.local</Computer><Security UserID='S-1-5-18'/></System><EventData><Data Name='RuleName'>-</Data><Data Name='UtcTime'>2021-10-14 18:51:47.073</Data><Data Name='SourceProcessGUID'>{8B6011A9-886B-6164-0B00-00000000F101}</Data><Data Name='SourceProcessId'>648</Data><Data Name='SourceThreadId'>6840</Data><Data Name='SourceImage'>C:\Windows\system32\lsass.exe</Data><Data Name='TargetProcessGUID'>{8B6011A9-7C43-6168-0E78-00000000F101}</Data><Data Name='TargetProcessId'>4804</Data><Data Name='TargetImage'>C:\Windows\system32\setspn.exe</Data><Data Name='GrantedAccess'>0x1000</Data><Data Name='CallTrace'>C:\Windows\SYSTEM32\ntdll.dll+a6cc4|C:\Windows\System32\RPCRT4.dll+67d2f|C:\Windows\system32\lsasrv.dll+249ad|C:\Windows\SYSTEM32\SspiSrv.dll+11a2|C:\Windows\System32\RPCRT4.dll+7a593|C:\Windows\System32\RPCRT4.dll+d9f41|C:\Windows\System32\RPCRT4.dll+62d4c|C:\Windows\System32\RPCRT4.dll+4a274|C:\Windows\System32\RPCRT4.dll+4918d|C:\Windows\System32\RPCRT4.dll+49a3b|C:\Windows\System32\RPCRT4.dll+310ac|C:\Windows\System32\RPCRT4.dll+3152c|C:\Windows\System32\RPCRT4.dll+1ae1c|C:\Windows\System32\RPCRT4.dll+1c67b|C:\Windows\System32\RPCRT4.dll+43a2a|C:\Windows\SYSTEM32\ntdll.dll+1d34e|C:\Windows\SYSTEM32\ntdll.dll+1ecb9|C:\Windows\System32\KERNEL32.DLL+84d4|C:\Windows\SYSTEM32\ntdll.dll+51781</Data></EventData></Event>
<Event xmlns='http://schemas.microsoft.com/win/2004/08/events/event'><System><Provider Name='Microsoft-Windows-Sysmon' Guid='{5770385F-C22A-43E0-BF4C-06F5698FFBD9}'/><EventID>7</EventID><Version>3</Version><Level>4</Level><Task>7</Task><Opcode>0</Opcode><Keywords>0x8000000000000000</Keywords><TimeCreated SystemTime='2021-10-14T18:51:47.073849300Z'/><EventRecordID>29742069</EventRecordID><Correlation/><Execution ProcessID='2856' ThreadID='2088'/><Channel>Microsoft-Windows-Sysmon/Operational</Channel><Computer>win-dc-469.attackrange.local</Computer><Security UserID='S-1-5-18'/></System><EventData><Data Name='RuleName'>-</Data><Data Name='UtcTime'>2021-10-14 18:51:47.072</Data><Data Name='ProcessGuid'>{8B6011A9-7C43-6168-0E78-00000000F101}</Data><Data Name='ProcessId'>4804</Data><Data Name='Image'>C:\Windows\System32\setspn.exe</Data><Data Name='ImageLoaded'>C:\Windows\System32\sspicli.dll</Data><Data Name='FileVersion'>10.0.14393.2580 (rs1_release_inmarket.181009-1745)</Data><Data Name='Description'>Security Support Provider Interface</Data><Data Name='Product'>Microsoft® Windows® Operating System</Data><Data Name='Company'>Microsoft Corporation</Data><Data Name='OriginalFileName'>sspicli.dll</Data><Data Name='Hashes'>MD5=5061339CE61C0B32DB8F51A95E3B2422,SHA256=60558CA374334D4C6BBAD475921538C14A9FF3422893348A0503C1F33015FD25</Data><Data Name='Signed'>true</Data><Data Name='Signature'>Microsoft Windows</Data><Data Name='SignatureStatus'>Valid</Data></EventData></Event>
<Event xmlns='http://schemas.microsoft.com/win/2004/08/events/event'><System><Provider Name='Microsoft-Windows-Sysmon' Guid='{5770385F-C22A-43E0-BF4C-06F5698FFBD9}'/><EventID>7</EventID><Version>3</Version><Level>4</Level><Task>7</Task><Opcode>0</Opcode><Keywords>0x8000000000000000</Keywords><TimeCreated SystemTime='2021-10-14T18:51:47.073106300Z'/><EventRecordID>29742068</EventRecordID><Correlation/><Execution ProcessID='2856' ThreadID='2088'/><Channel>Microsoft-Windows-Sysmon/Operational</Channel><Computer>win-dc-469.attackrange.local</Computer><Security UserID='S-1-5-18'/></System><EventData><Data Name='RuleName'>-</Data><Data Name='UtcTime'>2021-10-14 18:51:47.072</Data><Data Name='ProcessGuid'>{8B6011A9-7C43-6168-0E78-00000000F101}</Data><Data Name='ProcessId'>4804</Data><Data Name='Image'>C:\Windows\System32\setspn.exe</Data><Data Name='ImageLoaded'>C:\Windows\System32\mswsock.dll</Data><Data Name='FileVersion'>10.0.14393.3659 (rs1_release_1.200410-1813)</Data><Data Name='Description'>Microsoft Windows Sockets 2.0 Service Provider</Data><Data Name='Product'>Microsoft® Windows® Operating System</Data><Data Name='Company'>Microsoft Corporation</Data><Data Name='OriginalFileName'>mswsock.dll</Data><Data Name='Hashes'>MD5=B52ACA309FD6F72105951FFBA022327B,SHA256=02AB6CCE4BF0D3F075D5E982F5A4CBDB514CE7C245EA474D7846A86CD3F13202</Data><Data Name='Signed'>true</Data><Data Name='Signature'>Microsoft Windows</Data><Data Name='SignatureStatus'>Valid</Data></EventData></Event>
<Event xmlns='http://schemas.microsoft.com/win/2004/08/events/event'><System><Provider Name='Microsoft-Windows-Sysmon' Guid='{5770385F-C22A-43E0-BF4C-06F5698FFBD9}'/><EventID>7</EventID><Version>3</Version><Level>4</Level><Task>7</Task><Opcode>0</Opcode><Keywords>0x8000000000000000</Keywords><TimeCreated SystemTime='2021-10-14T18:51:47.069942500Z'/><EventRecordID>29742067</EventRecordID><Correlation/><Execution ProcessID='2856' ThreadID='2088'/><Channel>Microsoft-Windows-Sysmon/Operational</Channel><Computer>win-dc-469.attackrange.local</Computer><Security UserID='S-1-5-18'/></System><EventData><Data Name='RuleName'>-</Data><Data Name='UtcTime'>2021-10-14 18:51:47.068</Data><Data Name='ProcessGuid'>{8B6011A9-7C43-6168-0E78-00000000F101}</Data><Data Name='ProcessId'>4804</Data><Data Name='Image'>C:\Windows\System32\setspn.exe</Data><Data Name='ImageLoaded'>C:\Windows\System32\imm32.dll</Data><Data Name='FileVersion'>10.0.14393.0 (rs1_release.160715-1616)</Data><Data Name='Description'>Multi-User Windows IMM32 API Client DLL</Data><Data Name='Product'>Microsoft® Windows® Operating System</Data><Data Name='Company'>Microsoft Corporation</Data><Data Name='OriginalFileName'>imm32</Data><Data Name='Hashes'>MD5=E1024CF2E35DD3467F52BC83F7FEDA3F,SHA256=59C87761AD509BD096C2F35257C2370FB94B95160CB63FB9E66DFD8210AB002A</Data><Data Name='Signed'>true</Data><Data Name='Signature'>Microsoft Windows</Data><Data Name='SignatureStatus'>Valid</Data></EventData></Event>
<Event xmlns='http://schemas.microsoft.com/win/2004/08/events/event'><System><Provider Name='Microsoft-Windows-Sysmon' Guid='{5770385F-C22A-43E0-BF4C-06F5698FFBD9}'/><EventID>7</EventID><Version>3</Version><Level>4</Level><Task>7</Task><Opcode>0</Opcode><Keywords>0x8000000000000000</Keywords><TimeCreated SystemTime='2021-10-14T18:51:47.067516100Z'/><EventRecordID>29742066</EventRecordID><Correlation/><Execution ProcessID='2856' ThreadID='2088'/><Channel>Microsoft-Windows-Sysmon/Operational</Channel><Computer>win-dc-469.attackrange.local</Computer><Security UserID='S-1-5-18'/></System><EventData><Data Name='RuleName'>-</Data><Data Name='UtcTime'>2021-10-14 18:51:47.066</Data><Data Name='ProcessGuid'>{8B6011A9-7C43-6168-0E78-00000000F101}</Data><Data Name='ProcessId'>4804</Data><Data Name='Image'>C:\Windows\System32\setspn.exe</Data><Data Name='ImageLoaded'>C:\Windows\System32\win32u.dll</Data><Data Name='FileVersion'>10.0.14393.0 (rs1_release.160715-1616)</Data><Data Name='Description'>Win32u</Data><Data Name='Product'>Microsoft® Windows® Operating System</Data><Data Name='Company'>Microsoft Corporation</Data><Data Name='OriginalFileName'>Win32u.DLL</Data><Data Name='Hashes'>MD5=6A40F9C63B52CB4E8271CF3418618033,SHA256=A2BE23DA7AADFA9118130C939CD59D86E590957172FF404511EE6C5EC5147F15</Data><Data Name='Signed'>true</Data><Data Name='Signature'>Microsoft Windows</Data><Data Name='SignatureStatus'>Valid</Data></EventData></Event>
