10/16/2020 07:24:39 AM
LogName=System
SourceName=Microsoft-Windows-Service Control Manager
EventCode=7036
EventType=4
Type=Information
ComputerName=win-dc-156.attackrange.local
TaskCategory=None
OpCode=The operation completed successfully.
RecordNumber=82126
Keywords=Classic
Message=The Schedule service entered the running state.
10/16/2020 07:24:39 AM
LogName=System
SourceName=Microsoft-Windows-Service Control Manager
EventCode=7036
EventType=4
Type=Information
ComputerName=win-dc-156.attackrange.local
TaskCategory=None
OpCode=The operation completed successfully.
RecordNumber=82125
Keywords=Classic
Message=The MpsSvc service entered the running state.
10/16/2020 07:24:39 AM
LogName=System
SourceName=Microsoft-Windows-Service Control Manager
EventCode=7036
EventType=4
Type=Information
ComputerName=win-dc-156.attackrange.local
TaskCategory=None
OpCode=The operation completed successfully.
RecordNumber=82124
Keywords=Classic
Message=The Winmgmt service entered the running state.
10/16/2020 07:24:39 AM
LogName=System
SourceName=Microsoft-Windows-Service Control Manager
EventCode=7036
EventType=4
Type=Information
ComputerName=win-dc-156.attackrange.local
TaskCategory=None
OpCode=The operation completed successfully.
RecordNumber=82123
Keywords=Classic
Message=The Kdc service entered the running state.
10/16/2020 07:24:39 AM
LogName=System
SourceName=Microsoft-Windows-DNS Client Events
EventCode=1014
EventType=3
Type=Warning
ComputerName=win-dc-156.attackrange.local
User=NOT_TRANSLATED
Sid=S-1-5-20
SidType=0
TaskCategory=1014
OpCode=Info
RecordNumber=82122
Keywords=None
Message=Name resolution for the name wpad timed out after none of the configured DNS servers responded.
10/16/2020 07:24:39 AM
LogName=System
SourceName=Microsoft-Windows-Service Control Manager
EventCode=7036
EventType=4
Type=Information
ComputerName=win-dc-156.attackrange.local
TaskCategory=None
OpCode=The operation completed successfully.
RecordNumber=82121
Keywords=Classic
Message=The WinHttpAutoProxySvc service entered the running state.
10/16/2020 07:24:39 AM
LogName=System
SourceName=Microsoft-Windows-Service Control Manager
EventCode=7036
EventType=4
Type=Information
ComputerName=win-dc-156.attackrange.local
TaskCategory=None
OpCode=The operation completed successfully.
RecordNumber=82120
Keywords=Classic
Message=The LanmanWorkstation service entered the running state.
10/16/2020 07:24:39 AM
LogName=System
SourceName=Microsoft-Windows-Service Control Manager
EventCode=7036
EventType=4
Type=Information
ComputerName=win-dc-156.attackrange.local
TaskCategory=None
OpCode=The operation completed successfully.
RecordNumber=82119
Keywords=Classic
Message=The CertPropSvc service entered the running state.
10/16/2020 07:24:39 AM
LogName=System
SourceName=Microsoft-Windows-Service Control Manager
EventCode=7036
EventType=4
Type=Information
ComputerName=win-dc-156.attackrange.local
TaskCategory=None
OpCode=The operation completed successfully.
RecordNumber=82118
Keywords=Classic
Message=The FontCache service entered the running state.
10/16/2020 07:24:39 AM
LogName=System
SourceName=Microsoft-Windows-Service Control Manager
EventCode=7036
EventType=4
Type=Information
ComputerName=win-dc-156.attackrange.local
TaskCategory=None
OpCode=The operation completed successfully.
RecordNumber=82117
Keywords=Classic
Message=The Wcmsvc service entered the running state.
10/16/2020 07:24:39 AM
LogName=System
SourceName=Microsoft-Windows-Service Control Manager
EventCode=7036
EventType=4
Type=Information
ComputerName=win-dc-156.attackrange.local
TaskCategory=None
OpCode=The operation completed successfully.
RecordNumber=82116
Keywords=Classic
Message=The BFE service entered the running state.
10/16/2020 07:24:39 AM
LogName=System
SourceName=Microsoft-Windows-Service Control Manager
EventCode=7036
EventType=4
Type=Information
ComputerName=win-dc-156.attackrange.local
TaskCategory=None
OpCode=The operation completed successfully.
RecordNumber=82115
Keywords=Classic
Message=The ShellHWDetection service entered the running state.
10/16/2020 07:24:39 AM
LogName=System
SourceName=Microsoft-Windows-Service Control Manager
EventCode=7036
EventType=4
Type=Information
ComputerName=win-dc-156.attackrange.local
TaskCategory=None
OpCode=The operation completed successfully.
RecordNumber=82114
Keywords=Classic
Message=The NcbService service entered the running state.
10/16/2020 07:24:39 AM
LogName=System
SourceName=Microsoft-Windows-Service Control Manager
EventCode=7036
EventType=4
Type=Information
ComputerName=win-dc-156.attackrange.local
TaskCategory=None
OpCode=The operation completed successfully.
RecordNumber=82113
Keywords=Classic
Message=The DsmSvc service entered the running state.
10/16/2020 07:24:39 AM
LogName=System
SourceName=Microsoft-Windows-Service Control Manager
EventCode=7036
EventType=4
Type=Information
ComputerName=win-dc-156.attackrange.local
TaskCategory=None
OpCode=The operation completed successfully.
RecordNumber=82112
Keywords=Classic
Message=The netprofm service entered the running state.
10/16/2020 07:24:39 AM
LogName=System
SourceName=Microsoft-Windows-Service Control Manager
EventCode=7036
EventType=4
Type=Information
ComputerName=win-dc-156.attackrange.local
TaskCategory=None
OpCode=The operation completed successfully.
RecordNumber=82111
Keywords=Classic
Message=The UmRdpService service entered the running state.
10/16/2020 07:24:39 AM
LogName=System
SourceName=Microsoft-Windows-DNS Client Events
EventCode=1014
EventType=3
Type=Warning
ComputerName=win-dc-156.attackrange.local
User=NOT_TRANSLATED
Sid=S-1-5-20
SidType=0
TaskCategory=1014
OpCode=Info
RecordNumber=82110
Keywords=None
Message=Name resolution for the name _ldap._tcp.dc._msdcs.attackrange.local. timed out after none of the configured DNS servers responded.
10/16/2020 07:24:39 AM
LogName=System
SourceName=Microsoft-Windows-Service Control Manager
EventCode=7036
EventType=4
Type=Information
ComputerName=win-dc-156.attackrange.local
TaskCategory=None
OpCode=The operation completed successfully.
RecordNumber=82109
Keywords=Classic
Message=The NlaSvc service entered the running state.
10/16/2020 07:24:39 AM
LogName=System
SourceName=Microsoft-Windows-Service Control Manager
EventCode=7036
EventType=4
Type=Information
ComputerName=win-dc-156.attackrange.local
TaskCategory=None
OpCode=The operation completed successfully.
RecordNumber=82108
Keywords=Classic
Message=The gpsvc service entered the running state.
10/16/2020 07:24:39 AM
LogName=System
SourceName=Microsoft-Windows-Service Control Manager
EventCode=7036
EventType=4
Type=Information
ComputerName=win-dc-156.attackrange.local
TaskCategory=None
OpCode=The operation completed successfully.
RecordNumber=82107
Keywords=Classic
Message=The CoreMessagingRegistrar service entered the running state.
10/16/2020 07:24:39 AM
LogName=System
SourceName=Microsoft-Windows-Service Control Manager
EventCode=7036
EventType=4
Type=Information
ComputerName=win-dc-156.attackrange.local
TaskCategory=None
OpCode=The operation completed successfully.
RecordNumber=82106
Keywords=Classic
Message=The SENS service entered the running state.
10/16/2020 07:24:39 AM
LogName=System
SourceName=Microsoft-Windows-Service Control Manager
EventCode=7036
EventType=4
Type=Information
ComputerName=win-dc-156.attackrange.local
TaskCategory=None
OpCode=The operation completed successfully.
RecordNumber=82105
Keywords=Classic
Message=The ProfSvc service entered the running state.
10/16/2020 07:24:39 AM
LogName=System
SourceName=Microsoft-Windows-Service Control Manager
EventCode=7036
EventType=4
Type=Information
ComputerName=win-dc-156.attackrange.local
TaskCategory=None
OpCode=The operation completed successfully.
RecordNumber=82104
Keywords=Classic
Message=The EventSystem service entered the running state.
10/16/2020 07:24:39 AM
LogName=System
SourceName=Microsoft-Windows-Service Control Manager
EventCode=7036
EventType=4
Type=Information
ComputerName=win-dc-156.attackrange.local
TaskCategory=None
OpCode=The operation completed successfully.
RecordNumber=82103
Keywords=Classic
Message=The Themes service entered the running state.
10/16/2020 07:24:39 AM
LogName=System
SourceName=Microsoft-Windows-Service Control Manager
EventCode=7036
EventType=4
Type=Information
ComputerName=win-dc-156.attackrange.local
TaskCategory=None
OpCode=The operation completed successfully.
RecordNumber=82102
Keywords=Classic
Message=The WPDBusEnum service entered the running state.
10/16/2020 07:24:39 AM
LogName=System
SourceName=Microsoft-Windows-Service Control Manager
EventCode=7036
EventType=4
Type=Information
ComputerName=win-dc-156.attackrange.local
TaskCategory=None
OpCode=The operation completed successfully.
RecordNumber=82101
Keywords=Classic
Message=The Dhcp service entered the running state.
10/16/2020 07:24:39 AM
LogName=System
SourceName=Microsoft-Windows-DHCPv6-Client
EventCode=51046
EventType=4
Type=Information
ComputerName=win-dc-156.attackrange.local
User=NOT_TRANSLATED
Sid=S-1-5-19
SidType=0
TaskCategory=Service State Event
OpCode=ServiceStart
RecordNumber=82100
Keywords=None
Message=DHCPv6 client service is started
10/16/2020 07:24:39 AM
LogName=System
SourceName=Microsoft-Windows-Service Control Manager
EventCode=7036
EventType=4
Type=Information
ComputerName=win-dc-156.attackrange.local
TaskCategory=None
OpCode=The operation completed successfully.
RecordNumber=82099
Keywords=Classic
Message=The NTDS service entered the running state.
10/16/2020 07:24:39 AM
LogName=System
SourceName=Microsoft-Windows-Dhcp-Client
EventCode=50036
EventType=4
Type=Information
ComputerName=win-dc-156.attackrange.local
User=NOT_TRANSLATED
Sid=S-1-5-19
SidType=0
TaskCategory=Service State Event
OpCode=ServiceStart
RecordNumber=82098
Keywords=None
Message=DHCPv4 client service is started
10/16/2020 07:24:39 AM
LogName=System
SourceName=Microsoft-Windows-FilterManager
EventCode=6
EventType=4
Type=Information
ComputerName=win-dc-156.attackrange.local
User=NOT_TRANSLATED
Sid=S-1-5-18
SidType=0
TaskCategory=None
OpCode=Info
RecordNumber=82097
Keywords=None
Message=File System Filter 'storqosflt' (10.0, ‎2019‎-‎02‎-‎17T02:00:41.000000000Z) has successfully loaded and registered with Filter Manager.
10/16/2020 07:24:39 AM
LogName=System
SourceName=Microsoft-Windows-FilterManager
EventCode=6
EventType=4
Type=Information
ComputerName=win-dc-156.attackrange.local
User=NOT_TRANSLATED
Sid=S-1-5-18
SidType=0
TaskCategory=None
OpCode=Info
RecordNumber=82096
Keywords=None
Message=File System Filter 'wcifs' (10.0, ‎2020‎-‎02‎-‎19T07:59:09.000000000Z) has successfully loaded and registered with Filter Manager.
10/16/2020 07:24:39 AM
LogName=System
SourceName=Microsoft-Windows-FilterManager
EventCode=6
EventType=4
Type=Information
ComputerName=win-dc-156.attackrange.local
User=NOT_TRANSLATED
Sid=S-1-5-18
SidType=0
TaskCategory=None
OpCode=Info
RecordNumber=82095
Keywords=None
Message=File System Filter 'luafv' (10.0, ‎2019‎-‎04‎-‎02T04:23:00.000000000Z) has successfully loaded and registered with Filter Manager.
10/16/2020 07:24:39 AM
LogName=System
SourceName=Microsoft-Windows-Service Control Manager
EventCode=7036
EventType=4
Type=Information
ComputerName=win-dc-156.attackrange.local
TaskCategory=None
OpCode=The operation completed successfully.
RecordNumber=82094
Keywords=Classic
Message=The Dnscache service entered the running state.
10/16/2020 07:24:39 AM
LogName=System
SourceName=Microsoft-Windows-Service Control Manager
EventCode=7036
EventType=4
Type=Information
ComputerName=win-dc-156.attackrange.local
TaskCategory=None
OpCode=The operation completed successfully.
RecordNumber=82093
Keywords=Classic
Message=The EventLog service entered the running state.
10/16/2020 07:24:39 AM
LogName=System
SourceName=Microsoft-Windows-Service Control Manager
EventCode=7036
EventType=4
Type=Information
ComputerName=win-dc-156.attackrange.local
TaskCategory=None
OpCode=The operation completed successfully.
RecordNumber=82092
Keywords=Classic
Message=The lmhosts service entered the running state.
10/16/2020 07:24:39 AM
LogName=System
SourceName=Microsoft-Windows-Service Control Manager
EventCode=7036
EventType=4
Type=Information
ComputerName=win-dc-156.attackrange.local
TaskCategory=None
OpCode=The operation completed successfully.
RecordNumber=82091
Keywords=Classic
Message=The nsi service entered the running state.
10/16/2020 07:24:39 AM
LogName=System
SourceName=Microsoft-Windows-Service Control Manager
EventCode=7036
EventType=4
Type=Information
ComputerName=win-dc-156.attackrange.local
TaskCategory=None
OpCode=The operation completed successfully.
RecordNumber=82090
Keywords=Classic
Message=The TermService service entered the running state.
10/16/2020 07:24:39 AM
LogName=System
SourceName=Microsoft-Windows-Service Control Manager
EventCode=7036
EventType=4
Type=Information
ComputerName=win-dc-156.attackrange.local
TaskCategory=None
OpCode=The operation completed successfully.
RecordNumber=82089
Keywords=Classic
Message=The SystemEventsBroker service entered the running state.
10/16/2020 07:24:39 AM
LogName=System
SourceName=Microsoft-Windows-Service Control Manager
EventCode=7036
EventType=4
Type=Information
ComputerName=win-dc-156.attackrange.local
TaskCategory=None
OpCode=The operation completed successfully.
RecordNumber=82088
Keywords=Classic
Message=The BrokerInfrastructure service entered the running state.
10/16/2020 07:24:39 AM
LogName=System
SourceName=EventLog
EventCode=6013
EventType=4
Type=Information
ComputerName=win-dc-156.attackrange.local
TaskCategory=None
OpCode=None
RecordNumber=82050
Keywords=Classic
Message=The system uptime is 7 seconds.
10/16/2020 07:24:39 AM
LogName=System
SourceName=EventLog
EventCode=6005
EventType=4
Type=Information
ComputerName=win-dc-156.attackrange.local
TaskCategory=None
OpCode=None
RecordNumber=82049
Keywords=Classic
Message=The Event log service was started.
10/16/2020 07:24:39 AM
LogName=System
SourceName=EventLog
EventCode=6009
EventType=4
Type=Information
ComputerName=win-dc-156.attackrange.local
TaskCategory=None
OpCode=None
RecordNumber=82048
Keywords=Classic
Message=Microsoft (R) Windows (R) 10.00. 14393  Multiprocessor Free.
10/16/2020 07:24:40 AM
LogName=System
SourceName=Microsoft-Windows-DNS Client Events
EventCode=1014
EventType=3
Type=Warning
ComputerName=win-dc-156.attackrange.local
User=NOT_TRANSLATED
Sid=S-1-5-20
SidType=0
TaskCategory=1014
OpCode=Info
RecordNumber=82135
Keywords=None
Message=Name resolution for the name _ldap._tcp.dc._msdcs.attackrange.local. timed out after none of the configured DNS servers responded.
10/16/2020 07:24:41 AM
LogName=System
SourceName=Microsoft-Windows-Service Control Manager
EventCode=7036
EventType=4
Type=Information
ComputerName=win-dc-156.attackrange.local
TaskCategory=None
OpCode=The operation completed successfully.
RecordNumber=82136
Keywords=Classic
Message=The CryptSvc service entered the running state.
10/16/2020 07:24:43 AM
LogName=System
SourceName=Microsoft-Windows-Service Control Manager
EventCode=7036
EventType=4
Type=Information
ComputerName=win-dc-156.attackrange.local
TaskCategory=None
OpCode=The operation completed successfully.
RecordNumber=82137
Keywords=Classic
Message=The wuauserv service entered the running state.
10/16/2020 07:24:45 AM
LogName=System
SourceName=Microsoft-Windows-Service Control Manager
EventCode=7036
EventType=4
Type=Information
ComputerName=win-dc-156.attackrange.local
TaskCategory=None
OpCode=The operation completed successfully.
RecordNumber=82138
Keywords=Classic
Message=The TrustedInstaller service entered the running state.
10/16/2020 07:24:48 AM
LogName=System
SourceName=Microsoft-Windows-Service Control Manager
EventCode=7036
EventType=4
Type=Information
ComputerName=win-dc-156.attackrange.local
TaskCategory=None
OpCode=The operation completed successfully.
RecordNumber=82140
Keywords=Classic
Message=The LanmanServer service entered the running state.
10/16/2020 07:24:48 AM
LogName=System
SourceName=Microsoft-Windows-Service Control Manager
EventCode=7036
EventType=4
Type=Information
ComputerName=win-dc-156.attackrange.local
TaskCategory=None
OpCode=The operation completed successfully.
RecordNumber=82139
Keywords=Classic
Message=The SamSs service entered the running state.
10/16/2020 07:24:55 AM
LogName=System
SourceName=Microsoft-Windows-Service Control Manager
EventCode=7036
EventType=4
Type=Information
ComputerName=win-dc-156.attackrange.local
TaskCategory=None
OpCode=The operation completed successfully.
RecordNumber=82162
Keywords=Classic
Message=The AmazonSSMAgent service entered the running state.
10/16/2020 07:24:55 AM
LogName=System
SourceName=Microsoft-Windows-Service Control Manager
EventCode=7036
EventType=4
Type=Information
ComputerName=win-dc-156.attackrange.local
TaskCategory=None
OpCode=The operation completed successfully.
RecordNumber=82161
Keywords=Classic
Message=The nxlog service entered the running state.
10/16/2020 07:24:55 AM
LogName=System
SourceName=Microsoft-Windows-Service Control Manager
EventCode=7036
EventType=4
Type=Information
ComputerName=win-dc-156.attackrange.local
TaskCategory=None
OpCode=The operation completed successfully.
RecordNumber=82160
Keywords=Classic
Message=The vds service entered the running state.
10/16/2020 07:24:55 AM
LogName=System
SourceName=Microsoft-Windows-Service Control Manager
EventCode=7036
EventType=4
Type=Information
ComputerName=win-dc-156.attackrange.local
TaskCategory=None
OpCode=The operation completed successfully.
RecordNumber=82159
Keywords=Classic
Message=The ADWS service entered the running state.
10/16/2020 07:24:55 AM
LogName=System
SourceName=Microsoft-Windows-Service Control Manager
EventCode=7036
EventType=4
Type=Information
ComputerName=win-dc-156.attackrange.local
TaskCategory=None
OpCode=The operation completed successfully.
RecordNumber=82158
Keywords=Classic
Message=The tiledatamodelsvc service entered the running state.
10/16/2020 07:24:55 AM
LogName=System
SourceName=Microsoft-Windows-Service Control Manager
EventCode=7036
EventType=4
Type=Information
ComputerName=win-dc-156.attackrange.local
TaskCategory=None
OpCode=The operation completed successfully.
RecordNumber=82157
Keywords=Classic
Message=The StateRepository service entered the running state.
10/16/2020 07:24:55 AM
LogName=System
SourceName=Microsoft-Windows-Service Control Manager
EventCode=7036
EventType=4
Type=Information
ComputerName=win-dc-156.attackrange.local
TaskCategory=None
OpCode=The operation completed successfully.
RecordNumber=82156
Keywords=Classic
Message=The WinRM service entered the running state.
10/16/2020 07:24:55 AM
LogName=System
SourceName=Microsoft-Windows-Service Control Manager
EventCode=7036
EventType=4
Type=Information
ComputerName=win-dc-156.attackrange.local
TaskCategory=None
OpCode=The operation completed successfully.
RecordNumber=82155
Keywords=Classic
Message=The sysmon64 service entered the running state.
10/16/2020 07:24:55 AM
LogName=System
SourceName=Microsoft-Windows-Service Control Manager
EventCode=7036
EventType=4
Type=Information
ComputerName=win-dc-156.attackrange.local
TaskCategory=None
OpCode=The operation completed successfully.
RecordNumber=82154
Keywords=Classic
Message=The DFSR service entered the running state.
10/16/2020 07:24:55 AM
LogName=System
SourceName=Microsoft-Windows-Service Control Manager
EventCode=7036
EventType=4
Type=Information
ComputerName=win-dc-156.attackrange.local
TaskCategory=None
OpCode=The operation completed successfully.
RecordNumber=82153
Keywords=Classic
Message=The WpnService service entered the running state.
10/16/2020 07:24:55 AM
LogName=System
SourceName=Microsoft-Windows-Service Control Manager
EventCode=7036
EventType=4
Type=Information
ComputerName=win-dc-156.attackrange.local
TaskCategory=None
OpCode=The operation completed successfully.
RecordNumber=82152
Keywords=Classic
Message=The IsmServ service entered the running state.
10/16/2020 07:24:55 AM
LogName=System
SourceName=Microsoft-Windows-Service Control Manager
EventCode=7036
EventType=4
Type=Information
ComputerName=win-dc-156.attackrange.local
TaskCategory=None
OpCode=The operation completed successfully.
RecordNumber=82151
Keywords=Classic
Message=The AWSLiteAgent service entered the running state.
10/16/2020 07:24:55 AM
LogName=System
SourceName=Microsoft-Windows-Service Control Manager
EventCode=7036
EventType=4
Type=Information
ComputerName=win-dc-156.attackrange.local
TaskCategory=None
OpCode=The operation completed successfully.
RecordNumber=82150
Keywords=Classic
Message=The Dfs service entered the running state.
10/16/2020 07:24:55 AM
LogName=System
SourceName=Microsoft-Windows-Service Control Manager
EventCode=7036
EventType=4
Type=Information
ComputerName=win-dc-156.attackrange.local
TaskCategory=None
OpCode=The operation completed successfully.
RecordNumber=82149
Keywords=Classic
Message=The EFS service entered the running state.
10/16/2020 07:24:55 AM
LogName=System
SourceName=Virtual Disk Service
EventCode=3
EventType=4
Type=Information
ComputerName=win-dc-156.attackrange.local
TaskCategory=None
OpCode=None
RecordNumber=82148
Keywords=Classic
Message=Service started.
10/16/2020 07:24:55 AM
LogName=System
SourceName=Microsoft-Windows-Windows Remote Management
EventCode=10148
EventType=4
Type=Information
ComputerName=win-dc-156.attackrange.local
TaskCategory=None
OpCode=Info
RecordNumber=82147
Keywords=Classic
Message=The WinRM service is listening for WS-Management requests. 

 User Action 
 Use the following command to see the specific IPs on which WinRM is listening: 

 winrm enumerate winrm/config/listener
10/16/2020 07:24:55 AM
LogName=System
SourceName=Microsoft-Windows-DfsSvc
EventCode=14531
EventType=4
Type=Information
ComputerName=win-dc-156.attackrange.local
TaskCategory=None
OpCode=The operation completed successfully.
RecordNumber=82146
Keywords=Classic
Message=DFS server has finished initializing.
10/16/2020 07:24:55 AM
LogName=System
SourceName=Microsoft-Windows-DfsSvc
EventCode=14533
EventType=4
Type=Information
ComputerName=win-dc-156.attackrange.local
TaskCategory=None
OpCode=The operation completed successfully.
RecordNumber=82145
Keywords=Classic
Message=DFS has finished building all namespaces.
10/16/2020 07:24:55 AM
LogName=System
SourceName=Microsoft-Windows-Service Control Manager
EventCode=7036
EventType=4
Type=Information
ComputerName=win-dc-156.attackrange.local
TaskCategory=None
OpCode=The operation completed successfully.
RecordNumber=82144
Keywords=Classic
Message=The PcaSvc service entered the running state.
10/16/2020 07:24:55 AM
LogName=System
SourceName=Microsoft-Windows-Service Control Manager
EventCode=7036
EventType=4
Type=Information
ComputerName=win-dc-156.attackrange.local
TaskCategory=None
OpCode=The operation completed successfully.
RecordNumber=82143
Keywords=Classic
Message=The RemoteRegistry service entered the running state.
10/16/2020 07:24:55 AM
LogName=System
SourceName=Microsoft-Windows-Service Control Manager
EventCode=7036
EventType=4
Type=Information
ComputerName=win-dc-156.attackrange.local
TaskCategory=None
OpCode=The operation completed successfully.
RecordNumber=82142
Keywords=Classic
Message=The Spooler service entered the running state.
10/16/2020 07:24:55 AM
LogName=System
SourceName=Microsoft-Windows-Service Control Manager
EventCode=7036
EventType=4
Type=Information
ComputerName=win-dc-156.attackrange.local
TaskCategory=None
OpCode=The operation completed successfully.
RecordNumber=82141
Keywords=Classic
Message=The Netlogon service entered the running state.
10/16/2020 07:24:56 AM
LogName=System
SourceName=Microsoft-Windows-Service Control Manager
EventCode=7026
EventType=4
Type=Information
ComputerName=win-dc-156.attackrange.local
TaskCategory=None
OpCode=The operation completed successfully.
RecordNumber=82163
Keywords=Classic
Message=The following boot-start or system-start driver(s) did not load: 
cdrom
dam
10/16/2020 07:24:58 AM
LogName=System
SourceName=Microsoft-Windows-Service Control Manager
EventCode=7036
EventType=4
Type=Information
ComputerName=win-dc-156.attackrange.local
TaskCategory=None
OpCode=The operation completed successfully.
RecordNumber=82164
Keywords=Classic
Message=The NetSetupSvc service entered the stopped state.
10/16/2020 07:24:59 AM
LogName=System
SourceName=Microsoft-Windows-Time-Service
EventCode=143
EventType=4
Type=Information
ComputerName=win-dc-156.attackrange.local
User=NOT_TRANSLATED
Sid=S-1-5-19
SidType=0
TaskCategory=None
OpCode=Info
RecordNumber=82166
Keywords=None
Message=The time service has started advertising as a good time source.
10/16/2020 07:24:59 AM
LogName=System
SourceName=Microsoft-Windows-Time-Service
EventCode=139
EventType=4
Type=Information
ComputerName=win-dc-156.attackrange.local
User=NOT_TRANSLATED
Sid=S-1-5-19
SidType=0
TaskCategory=None
OpCode=Info
RecordNumber=82165
Keywords=None
Message=The time service has started advertising as a time source.
10/16/2020 07:25:01 AM
LogName=System
SourceName=Microsoft-Windows-Service Control Manager
EventCode=7036
EventType=4
Type=Information
ComputerName=win-dc-156.attackrange.local
TaskCategory=None
OpCode=The operation completed successfully.
RecordNumber=82167
Keywords=Classic
Message=The SplunkForwarder service entered the running state.
10/16/2020 07:25:07 AM
LogName=System
SourceName=Microsoft-Windows-Windows Remote Management
EventCode=10154
EventType=3
Type=Warning
ComputerName=win-dc-156.attackrange.local
TaskCategory=None
OpCode=Info
RecordNumber=82168
Keywords=Classic
Message=The WinRM service failed to create the following SPNs: WSMAN/win-dc-156.attackrange.local; WSMAN/win-dc-156. 

 Additional Data 
 The error received was 1355: %%1355.

 User Action 
 The SPNs can be created by an administrator using setspn.exe utility.
10/16/2020 07:25:08 AM
LogName=System
SourceName=Microsoft-Windows-LSA
EventCode=6038
EventType=3
Type=Warning
ComputerName=win-dc-156.attackrange.local
TaskCategory=None
OpCode=Info
RecordNumber=82169
Keywords=Classic
Message=Microsoft Windows Server has detected that NTLM authentication is presently being used between clients and this server. This event occurs once per boot of the server on the first time a client uses NTLM with this server.
 
NTLM is a weaker authentication mechanism. Please check:
 
      Which applications are using NTLM authentication?
      Are there configuration issues preventing the use of stronger authentication such as Kerberos authentication?
      If NTLM must be supported, is Extended Protection configured?
 
Details on how to complete these checks can be found at http://go.microsoft.com/fwlink/?LinkId=225699.
10/16/2020 07:25:11 AM
LogName=System
SourceName=Microsoft-Windows-Service Control Manager
EventCode=7036
EventType=4
Type=Information
ComputerName=win-dc-156.attackrange.local
TaskCategory=None
OpCode=The operation completed successfully.
RecordNumber=82172
Keywords=Classic
Message=The W32Time service entered the running state.
10/16/2020 07:25:11 AM
LogName=System
SourceName=Microsoft-Windows-Time-Service
EventCode=12
EventType=3
Type=Warning
ComputerName=win-dc-156.attackrange.local
User=NOT_TRANSLATED
Sid=S-1-5-19
SidType=0
TaskCategory=None
OpCode=Info
RecordNumber=82171
Keywords=None
Message=Time Provider NtpClient: This machine is configured to use the domain hierarchy to determine its time source, but it is the AD PDC emulator for the domain at the root of the forest, so there is no machine above it in the domain hierarchy to use as a time source. It is recommended that you either configure a reliable time service in the root domain, or manually configure the AD PDC to synchronize with an external time source. Otherwise, this machine will function as the authoritative time source in the domain hierarchy. If an external time source is not configured or used for this computer, you may choose to disable the NtpClient.
10/16/2020 07:25:11 AM
LogName=System
SourceName=Microsoft-Windows-Time-Service
EventCode=134
EventType=3
Type=Warning
ComputerName=win-dc-156.attackrange.local
User=NOT_TRANSLATED
Sid=S-1-5-19
SidType=0
TaskCategory=None
OpCode=Info
RecordNumber=82170
Keywords=None
Message=NtpClient was unable to set a manual peer to use as a time source because of DNS resolution error on 'time.windows.com,0x8'. NtpClient will try again in 15 minutes and double the reattempt interval thereafter. The error was: No such host is known. (0x80072AF9)
10/16/2020 07:25:18 AM
LogName=System
SourceName=Microsoft-Windows-Service Control Manager
EventCode=7036
EventType=4
Type=Information
ComputerName=win-dc-156.attackrange.local
TaskCategory=None
OpCode=The operation completed successfully.
RecordNumber=82173
Keywords=Classic
Message=The DNS service entered the running state.
10/16/2020 07:25:19 AM
LogName=System
SourceName=Microsoft-Windows-Service Control Manager
EventCode=7036
EventType=4
Type=Information
ComputerName=win-dc-156.attackrange.local
TaskCategory=None
OpCode=The operation completed successfully.
RecordNumber=82177
Keywords=Classic
Message=The NcaSvc service entered the stopped state.
10/16/2020 07:25:19 AM
LogName=System
SourceName=Microsoft-Windows-GroupPolicy
EventCode=1502
EventType=4
Type=Information
ComputerName=win-dc-156.attackrange.local
User=NOT_TRANSLATED
Sid=S-1-5-18
SidType=0
TaskCategory=None
OpCode=Start
RecordNumber=82176
Keywords=None
Message=The Group Policy settings for the computer were processed successfully. New settings from 2 Group Policy objects were detected and applied.
10/16/2020 07:25:19 AM
LogName=System
SourceName=Microsoft-Windows-DistributedCOM
EventCode=10016
EventType=2
Type=Error
ComputerName=win-dc-156.attackrange.local
User=NOT_TRANSLATED
Sid=S-1-5-21-3159037367-2118529354-1907480666-500
SidType=0
TaskCategory=None
OpCode=Info
RecordNumber=82175
Keywords=Classic
Message=The application-specific permission settings do not grant Local Activation permission for the COM Server application with CLSID 
{D63B10C5-BB46-4990-A94F-E40B9D520160}
 and APPID 
{9CA88EE3-ACB7-47C8-AFC4-AB702511C276}
 to the user ATTACKRANGE\Administrator SID (S-1-5-21-3159037367-2118529354-1907480666-500) from address LocalHost (Using LRPC) running in the application container Unavailable SID (Unavailable). This security permission can be modified using the Component Services administrative tool.
10/16/2020 07:25:19 AM
LogName=System
SourceName=Microsoft-Windows-Time-Service
EventCode=37
EventType=4
Type=Information
ComputerName=win-dc-156.attackrange.local
User=NOT_TRANSLATED
Sid=S-1-5-19
SidType=0
TaskCategory=None
OpCode=Info
RecordNumber=82174
Keywords=None
Message=The time provider NtpClient is currently receiving valid time data from time.windows.com,0x8 (ntp.m|0x8|0.0.0.0:123->51.105.208.173:123).
10/16/2020 07:25:20 AM
LogName=System
SourceName=Microsoft-Windows-Service Control Manager
EventCode=7036
EventType=4
Type=Information
ComputerName=win-dc-156.attackrange.local
TaskCategory=None
OpCode=The operation completed successfully.
RecordNumber=82178
Keywords=Classic
Message=The NetSetupSvc service entered the running state.
10/16/2020 07:25:24 AM
LogName=System
SourceName=Microsoft-Windows-Time-Service
EventCode=37
EventType=4
Type=Information
ComputerName=win-dc-156.attackrange.local
User=NOT_TRANSLATED
Sid=S-1-5-19
SidType=0
TaskCategory=None
OpCode=Info
RecordNumber=82180
Keywords=None
Message=The time provider NtpClient is currently receiving valid time data from time.windows.com,0x8 (ntp.m|0x8|0.0.0.0:123->51.105.208.173:123).
10/16/2020 07:25:24 AM
LogName=System
SourceName=Microsoft-Windows-Time-Service
EventCode=12
EventType=3
Type=Warning
ComputerName=win-dc-156.attackrange.local
User=NOT_TRANSLATED
Sid=S-1-5-19
SidType=0
TaskCategory=None
OpCode=Info
RecordNumber=82179
Keywords=None
Message=Time Provider NtpClient: This machine is configured to use the domain hierarchy to determine its time source, but it is the AD PDC emulator for the domain at the root of the forest, so there is no machine above it in the domain hierarchy to use as a time source. It is recommended that you either configure a reliable time service in the root domain, or manually configure the AD PDC to synchronize with an external time source. Otherwise, this machine will function as the authoritative time source in the domain hierarchy. If an external time source is not configured or used for this computer, you may choose to disable the NtpClient.
10/16/2020 07:25:28 AM
LogName=System
SourceName=Microsoft-Windows-Time-Service
EventCode=37
EventType=4
Type=Information
ComputerName=win-dc-156.attackrange.local
User=NOT_TRANSLATED
Sid=S-1-5-19
SidType=0
TaskCategory=None
OpCode=Info
RecordNumber=82181
Keywords=None
Message=The time provider NtpClient is currently receiving valid time data from time.windows.com,0x8 (ntp.m|0x8|0.0.0.0:123->51.105.208.173:123).
10/16/2020 07:25:43 AM
LogName=System
SourceName=Microsoft-Windows-Time-Service
EventCode=35
EventType=4
Type=Information
ComputerName=win-dc-156.attackrange.local
User=NOT_TRANSLATED
Sid=S-1-5-19
SidType=0
TaskCategory=None
OpCode=Info
RecordNumber=82183
Keywords=None
Message=The time service is now synchronizing the system time with the time source time.windows.com,0x8 (ntp.m|0x8|0.0.0.0:123->51.105.208.173:123).
10/16/2020 07:25:43 AM
LogName=System
SourceName=Microsoft-Windows-Time-Service
EventCode=144
EventType=3
Type=Warning
ComputerName=win-dc-156.attackrange.local
User=NOT_TRANSLATED
Sid=S-1-5-19
SidType=0
TaskCategory=None
OpCode=Info
RecordNumber=82182
Keywords=None
Message=The time service has stopped advertising as a good time source.
10/16/2020 07:25:46 AM
LogName=System
SourceName=Microsoft-Windows-Kernel-Boot
EventCode=32
EventType=4
Type=Information
ComputerName=EC2AMAZ-GK5BS01
User=NOT_TRANSLATED
Sid=S-1-5-18
SidType=0
TaskCategory=None
OpCode=Info
RecordNumber=81458
Keywords=None
Message=The bootmgr spent 0 ms waiting for user input.
10/16/2020 07:25:46 AM
LogName=System
SourceName=Microsoft-Windows-Kernel-Boot
EventCode=18
EventType=4
Type=Information
ComputerName=EC2AMAZ-GK5BS01
User=NOT_TRANSLATED
Sid=S-1-5-18
SidType=0
TaskCategory=None
OpCode=Info
RecordNumber=81457
Keywords=None
Message=There are 0x1 boot options on this system.
10/16/2020 07:25:46 AM
LogName=System
SourceName=Microsoft-Windows-Kernel-Boot
EventCode=25
EventType=4
Type=Information
ComputerName=EC2AMAZ-GK5BS01
User=NOT_TRANSLATED
Sid=S-1-5-18
SidType=0
TaskCategory=32
OpCode=Info
RecordNumber=81456
Keywords=None
Message=The boot menu policy was 0x0.
10/16/2020 07:25:46 AM
LogName=System
SourceName=Microsoft-Windows-Kernel-Boot
EventCode=27
EventType=4
Type=Information
ComputerName=EC2AMAZ-GK5BS01
User=NOT_TRANSLATED
Sid=S-1-5-18
SidType=0
TaskCategory=33
OpCode=Info
RecordNumber=81455
Keywords=None
Message=The boot type was 0x0.
10/16/2020 07:25:46 AM
LogName=System
SourceName=Microsoft-Windows-Kernel-Boot
EventCode=20
EventType=4
Type=Information
ComputerName=EC2AMAZ-GK5BS01
User=NOT_TRANSLATED
Sid=S-1-5-18
SidType=0
TaskCategory=31
OpCode=Info
RecordNumber=81454
Keywords=None
Message=The last shutdown's success status was true. The last boot's success status was true.
10/16/2020 07:25:46 AM
LogName=System
SourceName=Microsoft-Windows-Kernel-Boot
EventCode=153
EventType=4
Type=Information
ComputerName=EC2AMAZ-GK5BS01
User=NOT_TRANSLATED
Sid=S-1-5-18
SidType=0
TaskCategory=None
OpCode=Info
RecordNumber=81453
Keywords=None
Message=The Virtualization Based Security (policies: 0) is disabled with status STATUS_SUCCESS.
10/16/2020 07:25:46 AM
LogName=System
SourceName=Microsoft-Windows-Kernel-General
EventCode=12
EventType=4
Type=Information
ComputerName=EC2AMAZ-GK5BS01
User=NOT_TRANSLATED
Sid=S-1-5-18
SidType=0
TaskCategory=1
OpCode=Info
RecordNumber=81452
Keywords=None
Message=The operating system started at system time ‎2020‎-‎10‎-‎16T07:25:46.493457900Z.
10/16/2020 07:25:50 AM
LogName=System
SourceName=Microsoft-Windows-FilterManager
EventCode=6
EventType=4
Type=Information
ComputerName=EC2AMAZ-GK5BS01
User=NOT_TRANSLATED
Sid=S-1-5-18
SidType=0
TaskCategory=None
OpCode=Info
RecordNumber=81461
Keywords=None
Message=File System Filter 'WdFilter' (10.0, ‎2098‎-‎06‎-‎20T11:58:38.000000000Z) has successfully loaded and registered with Filter Manager.
10/16/2020 07:25:50 AM
LogName=System
SourceName=Microsoft-Windows-FilterManager
EventCode=6
EventType=4
Type=Information
ComputerName=EC2AMAZ-GK5BS01
User=NOT_TRANSLATED
Sid=S-1-5-18
SidType=0
TaskCategory=None
OpCode=Info
RecordNumber=81460
Keywords=None
Message=File System Filter 'Wof' (10.0, ‎2019‎-‎09‎-‎29T22:52:46.000000000Z) has successfully loaded and registered with Filter Manager.
10/16/2020 07:25:51 AM
LogName=System
SourceName=Microsoft-Windows-Ntfs
EventCode=98
EventType=4
Type=Information
ComputerName=EC2AMAZ-GK5BS01
User=NOT_TRANSLATED
Sid=S-1-5-18
SidType=0
TaskCategory=None
OpCode=Info
RecordNumber=81462
Keywords=None
Message=Volume C: (\Device\HarddiskVolume1) is healthy.  No action is needed.
10/16/2020 07:25:52 AM
LogName=System
SourceName=Microsoft-Windows-FilterManager
EventCode=6
EventType=4
Type=Information
ComputerName=EC2AMAZ-GK5BS01
User=NOT_TRANSLATED
Sid=S-1-5-18
SidType=0
TaskCategory=None
OpCode=Info
RecordNumber=81463
Keywords=None
Message=File System Filter 'FileCrypt' (10.0, ‎2018‎-‎08‎-‎30T20:44:27.000000000Z) has successfully loaded and registered with Filter Manager.
10/16/2020 07:25:53 AM
LogName=System
SourceName=Microsoft-Windows-Kernel-Processor-Power
EventCode=55
EventType=4
Type=Information
ComputerName=EC2AMAZ-GK5BS01
User=NOT_TRANSLATED
Sid=S-1-5-18
SidType=0
TaskCategory=47
OpCode=Info
RecordNumber=81473
Keywords=None
Message=Processor 7 in group 0 exposes the following power management capabilities:

Idle state type: ACPI Idle (C) States (1 state(s))

Performance state type: None
Nominal Frequency (MHz): 2300
Maximum performance percentage: 100
Minimum performance percentage: 100
Minimum throttle percentage: 100
10/16/2020 07:25:53 AM
LogName=System
SourceName=Microsoft-Windows-Kernel-Processor-Power
EventCode=55
EventType=4
Type=Information
ComputerName=EC2AMAZ-GK5BS01
User=NOT_TRANSLATED
Sid=S-1-5-18
SidType=0
TaskCategory=47
OpCode=Info
RecordNumber=81472
Keywords=None
Message=Processor 6 in group 0 exposes the following power management capabilities:

Idle state type: ACPI Idle (C) States (1 state(s))

Performance state type: None
Nominal Frequency (MHz): 2300
Maximum performance percentage: 100
Minimum performance percentage: 100
Minimum throttle percentage: 100
10/16/2020 07:25:53 AM
LogName=System
SourceName=Microsoft-Windows-Kernel-Processor-Power
EventCode=55
EventType=4
Type=Information
ComputerName=EC2AMAZ-GK5BS01
User=NOT_TRANSLATED
Sid=S-1-5-18
SidType=0
TaskCategory=47
OpCode=Info
RecordNumber=81471
Keywords=None
Message=Processor 5 in group 0 exposes the following power management capabilities:

Idle state type: ACPI Idle (C) States (1 state(s))

Performance state type: None
Nominal Frequency (MHz): 2300
Maximum performance percentage: 100
Minimum performance percentage: 100
Minimum throttle percentage: 100
10/16/2020 07:25:53 AM
LogName=System
SourceName=Microsoft-Windows-Kernel-Processor-Power
EventCode=55
EventType=4
Type=Information
ComputerName=EC2AMAZ-GK5BS01
User=NOT_TRANSLATED
Sid=S-1-5-18
SidType=0
TaskCategory=47
OpCode=Info
RecordNumber=81470
Keywords=None
Message=Processor 4 in group 0 exposes the following power management capabilities:

Idle state type: ACPI Idle (C) States (1 state(s))

Performance state type: None
Nominal Frequency (MHz): 2300
Maximum performance percentage: 100
Minimum performance percentage: 100
Minimum throttle percentage: 100
10/16/2020 07:25:53 AM
LogName=System
SourceName=Microsoft-Windows-Kernel-Processor-Power
EventCode=55
EventType=4
Type=Information
ComputerName=EC2AMAZ-GK5BS01
User=NOT_TRANSLATED
Sid=S-1-5-18
SidType=0
TaskCategory=47
OpCode=Info
RecordNumber=81469
Keywords=None
Message=Processor 3 in group 0 exposes the following power management capabilities:

Idle state type: ACPI Idle (C) States (1 state(s))

Performance state type: None
Nominal Frequency (MHz): 2300
Maximum performance percentage: 100
Minimum performance percentage: 100
Minimum throttle percentage: 100
10/16/2020 07:25:53 AM
LogName=System
SourceName=Microsoft-Windows-Kernel-Processor-Power
EventCode=55
EventType=4
Type=Information
ComputerName=EC2AMAZ-GK5BS01
User=NOT_TRANSLATED
Sid=S-1-5-18
SidType=0
TaskCategory=47
OpCode=Info
RecordNumber=81468
Keywords=None
Message=Processor 2 in group 0 exposes the following power management capabilities:

Idle state type: ACPI Idle (C) States (1 state(s))

Performance state type: None
Nominal Frequency (MHz): 2300
Maximum performance percentage: 100
Minimum performance percentage: 100
Minimum throttle percentage: 100
10/16/2020 07:25:53 AM
LogName=System
SourceName=Microsoft-Windows-Kernel-Processor-Power
EventCode=55
EventType=4
Type=Information
ComputerName=EC2AMAZ-GK5BS01
User=NOT_TRANSLATED
Sid=S-1-5-18
SidType=0
TaskCategory=47
OpCode=Info
RecordNumber=81467
Keywords=None
Message=Processor 1 in group 0 exposes the following power management capabilities:

Idle state type: ACPI Idle (C) States (1 state(s))

Performance state type: None
Nominal Frequency (MHz): 2300
Maximum performance percentage: 100
Minimum performance percentage: 100
Minimum throttle percentage: 100
10/16/2020 07:25:53 AM
LogName=System
SourceName=Microsoft-Windows-Kernel-Processor-Power
EventCode=55
EventType=4
Type=Information
ComputerName=EC2AMAZ-GK5BS01
User=NOT_TRANSLATED
Sid=S-1-5-18
SidType=0
TaskCategory=47
OpCode=Info
RecordNumber=81466
Keywords=None
Message=Processor 0 in group 0 exposes the following power management capabilities:

Idle state type: ACPI Idle (C) States (1 state(s))

Performance state type: None
Nominal Frequency (MHz): 2300
Maximum performance percentage: 100
Minimum performance percentage: 100
Minimum throttle percentage: 100
10/16/2020 07:25:53 AM
LogName=System
SourceName=Microsoft-Windows-Kernel-Power
EventCode=172
EventType=4
Type=Information
ComputerName=EC2AMAZ-GK5BS01
User=NOT_TRANSLATED
Sid=S-1-5-18
SidType=0
TaskCategory=203
OpCode=Info
RecordNumber=81465
Keywords=None
Message=Connectivity state in standby: Disconnected, Reason: NIC compliance
10/16/2020 07:25:53 AM
LogName=System
SourceName=Microsoft-Windows-FilterManager
EventCode=6
EventType=4
Type=Information
ComputerName=EC2AMAZ-GK5BS01
User=NOT_TRANSLATED
Sid=S-1-5-18
SidType=0
TaskCategory=None
OpCode=Info
RecordNumber=81464
Keywords=None
Message=File System Filter 'npsvctrig' (10.0, ‎2016‎-‎07‎-‎16T02:28:33.000000000Z) has successfully loaded and registered with Filter Manager.
10/16/2020 07:25:58 AM
LogName=System
SourceName=Microsoft-Windows-Wininit
EventCode=14
EventType=4
Type=Information
ComputerName=EC2AMAZ-GK5BS01
User=NOT_TRANSLATED
Sid=S-1-5-18
SidType=0
TaskCategory=None
OpCode=Info
RecordNumber=81474
Keywords=None
Message=Credential Guard (LsaIso.exe) configuration: 0x0, 0
10/16/2020 07:25:59 AM
LogName=System
SourceName=Microsoft-Windows-Service Control Manager
EventCode=7036
EventType=4
Type=Information
ComputerName=EC2AMAZ-GK5BS01
TaskCategory=None
OpCode=The operation completed successfully.
RecordNumber=81478
Keywords=Classic
Message=The DcomLaunch service entered the running state.
10/16/2020 07:25:59 AM
LogName=System
SourceName=Microsoft-Windows-Service Control Manager
EventCode=7036
EventType=4
Type=Information
ComputerName=EC2AMAZ-GK5BS01
TaskCategory=None
OpCode=The operation completed successfully.
RecordNumber=81477
Keywords=Classic
Message=The Power service entered the running state.
10/16/2020 07:25:59 AM
LogName=System
SourceName=Microsoft-Windows-Service Control Manager
EventCode=7036
EventType=4
Type=Information
ComputerName=EC2AMAZ-GK5BS01
TaskCategory=None
OpCode=The operation completed successfully.
RecordNumber=81476
Keywords=Classic
Message=The PlugPlay service entered the running state.
10/16/2020 07:25:59 AM
LogName=System
SourceName=Microsoft-Windows-Directory-Services-SAM
EventCode=16962
EventType=4
Type=Information
ComputerName=EC2AMAZ-GK5BS01
User=NOT_TRANSLATED
Sid=S-1-5-18
SidType=0
TaskCategory=None
OpCode=Info
RecordNumber=81475
Keywords=None
Message=Remote calls to the SAM database are being restricted using the default security descriptor: O:SYG:SYD:(A;;RC;;;BA).
For more information please see http://go.microsoft.com/fwlink/?LinkId=787651.
10/16/2020 07:26:00 AM
LogName=System
SourceName=Microsoft-Windows-Service Control Manager
EventCode=7036
EventType=4
Type=Information
ComputerName=EC2AMAZ-GK5BS01
TaskCategory=None
OpCode=The operation completed successfully.
RecordNumber=81505
Keywords=Classic
Message=The NlaSvc service entered the running state.
10/16/2020 07:26:00 AM
LogName=System
SourceName=Microsoft-Windows-Service Control Manager
EventCode=7036
EventType=4
Type=Information
ComputerName=EC2AMAZ-GK5BS01
TaskCategory=None
OpCode=The operation completed successfully.
RecordNumber=81504
Keywords=Classic
Message=The Dnscache service entered the running state.
10/16/2020 07:26:00 AM
LogName=System
SourceName=Microsoft-Windows-Service Control Manager
EventCode=7036
EventType=4
Type=Information
ComputerName=EC2AMAZ-GK5BS01
TaskCategory=None
OpCode=The operation completed successfully.
RecordNumber=81503
Keywords=Classic
Message=The FontCache service entered the running state.
10/16/2020 07:26:00 AM
LogName=System
SourceName=Microsoft-Windows-Service Control Manager
EventCode=7036
EventType=4
Type=Information
ComputerName=EC2AMAZ-GK5BS01
TaskCategory=None
OpCode=The operation completed successfully.
RecordNumber=81502
Keywords=Classic
Message=The Wcmsvc service entered the running state.
10/16/2020 07:26:00 AM
LogName=System
SourceName=Microsoft-Windows-Service Control Manager
EventCode=7036
EventType=4
Type=Information
ComputerName=EC2AMAZ-GK5BS01
TaskCategory=None
OpCode=The operation completed successfully.
RecordNumber=81501
Keywords=Classic
Message=The ShellHWDetection service entered the running state.
10/16/2020 07:26:00 AM
LogName=System
SourceName=Microsoft-Windows-Service Control Manager
EventCode=7036
EventType=4
Type=Information
ComputerName=EC2AMAZ-GK5BS01
TaskCategory=None
OpCode=The operation completed successfully.
RecordNumber=81500
Keywords=Classic
Message=The SENS service entered the running state.
10/16/2020 07:26:00 AM
LogName=System
SourceName=Microsoft-Windows-Service Control Manager
EventCode=7036
EventType=4
Type=Information
ComputerName=EC2AMAZ-GK5BS01
TaskCategory=None
OpCode=The operation completed successfully.
RecordNumber=81499
Keywords=Classic
Message=The Dhcp service entered the running state.
10/16/2020 07:26:00 AM
LogName=System
SourceName=Microsoft-Windows-DHCPv6-Client
EventCode=51046
EventType=4
Type=Information
ComputerName=EC2AMAZ-GK5BS01
User=NOT_TRANSLATED
Sid=S-1-5-19
SidType=0
TaskCategory=Service State Event
OpCode=ServiceStart
RecordNumber=81498
Keywords=None
Message=DHCPv6 client service is started
10/16/2020 07:26:00 AM
LogName=System
SourceName=Microsoft-Windows-Service Control Manager
EventCode=7036
EventType=4
Type=Information
ComputerName=EC2AMAZ-GK5BS01
TaskCategory=None
OpCode=The operation completed successfully.
RecordNumber=81497
Keywords=Classic
Message=The EventLog service entered the running state.
10/16/2020 07:26:00 AM
LogName=System
SourceName=Microsoft-Windows-Dhcp-Client
EventCode=50036
EventType=4
Type=Information
ComputerName=EC2AMAZ-GK5BS01
User=NOT_TRANSLATED
Sid=S-1-5-19
SidType=0
TaskCategory=Service State Event
OpCode=ServiceStart
RecordNumber=81496
Keywords=None
Message=DHCPv4 client service is started
10/16/2020 07:26:00 AM
LogName=System
SourceName=Microsoft-Windows-Service Control Manager
EventCode=7036
EventType=4
Type=Information
ComputerName=EC2AMAZ-GK5BS01
TaskCategory=None
OpCode=The operation completed successfully.
RecordNumber=81495
Keywords=Classic
Message=The CoreMessagingRegistrar service entered the running state.
10/16/2020 07:26:00 AM
LogName=System
SourceName=Microsoft-Windows-Service Control Manager
EventCode=7036
EventType=4
Type=Information
ComputerName=EC2AMAZ-GK5BS01
TaskCategory=None
OpCode=The operation completed successfully.
RecordNumber=81494
Keywords=Classic
Message=The nsi service entered the running state.
10/16/2020 07:26:00 AM
LogName=System
SourceName=Microsoft-Windows-Service Control Manager
EventCode=7036
EventType=4
Type=Information
ComputerName=EC2AMAZ-GK5BS01
TaskCategory=None
OpCode=The operation completed successfully.
RecordNumber=81493
Keywords=Classic
Message=The ProfSvc service entered the running state.
10/16/2020 07:26:00 AM
LogName=System
SourceName=Microsoft-Windows-Service Control Manager
EventCode=7036
EventType=4
Type=Information
ComputerName=EC2AMAZ-GK5BS01
TaskCategory=None
OpCode=The operation completed successfully.
RecordNumber=81492
Keywords=Classic
Message=The EventSystem service entered the running state.
10/16/2020 07:26:00 AM
LogName=System
SourceName=Microsoft-Windows-Service Control Manager
EventCode=7036
EventType=4
Type=Information
ComputerName=EC2AMAZ-GK5BS01
TaskCategory=None
OpCode=The operation completed successfully.
RecordNumber=81491
Keywords=Classic
Message=The gpsvc service entered the running state.
10/16/2020 07:26:00 AM
LogName=System
SourceName=Microsoft-Windows-Service Control Manager
EventCode=7036
EventType=4
Type=Information
ComputerName=EC2AMAZ-GK5BS01
TaskCategory=None
OpCode=The operation completed successfully.
RecordNumber=81490
Keywords=Classic
Message=The lmhosts service entered the running state.
10/16/2020 07:26:00 AM
LogName=System
SourceName=Microsoft-Windows-Service Control Manager
EventCode=7036
EventType=4
Type=Information
ComputerName=EC2AMAZ-GK5BS01
TaskCategory=None
OpCode=The operation completed successfully.
RecordNumber=81489
Keywords=Classic
Message=The Themes service entered the running state.
