10/16/2020 07:34:47 AM
LogName=System
SourceName=Microsoft-Windows-Service Control Manager
EventCode=7036
EventType=4
Type=Information
ComputerName=win-host-374.attackrange.local
TaskCategory=None
OpCode=The operation completed successfully.
RecordNumber=82146
Keywords=Classic
Message=The Software Protection service entered the running state.
10/16/2020 07:34:48 AM
LogName=System
SourceName=Microsoft-Windows-Service Control Manager
EventCode=7036
EventType=4
Type=Information
ComputerName=win-host-374.attackrange.local
TaskCategory=None
OpCode=The operation completed successfully.
RecordNumber=82147
Keywords=Classic
Message=The User Access Logging Service service entered the running state.
10/16/2020 07:34:50 AM
LogName=System
SourceName=Microsoft-Windows-Service Control Manager
EventCode=7036
EventType=4
Type=Information
ComputerName=win-dc-156.attackrange.local
TaskCategory=None
OpCode=The operation completed successfully.
RecordNumber=82206
Keywords=Classic
Message=The Windows Update service entered the stopped state.
10/16/2020 07:34:54 AM
LogName=System
SourceName=Microsoft-Windows-Service Control Manager
EventCode=7036
EventType=4
Type=Information
ComputerName=win-dc-156.attackrange.local
TaskCategory=None
OpCode=The operation completed successfully.
RecordNumber=82207
Keywords=Classic
Message=The Remote Registry service entered the stopped state.
10/16/2020 07:34:56 AM
LogName=System
SourceName=Microsoft-Windows-Service Control Manager
EventCode=7036
EventType=4
Type=Information
ComputerName=win-host-374.attackrange.local
TaskCategory=None
OpCode=The operation completed successfully.
RecordNumber=82148
Keywords=Classic
Message=The Downloaded Maps Manager service entered the stopped state.
10/16/2020 07:35:17 AM
LogName=System
SourceName=Microsoft-Windows-Service Control Manager
EventCode=7036
EventType=4
Type=Information
ComputerName=win-host-374.attackrange.local
TaskCategory=None
OpCode=The operation completed successfully.
RecordNumber=82149
Keywords=Classic
Message=The Software Protection service entered the stopped state.
10/16/2020 07:35:18 AM
LogName=System
SourceName=Microsoft-Windows-Service Control Manager
EventCode=7036
EventType=4
Type=Information
ComputerName=win-dc-156.attackrange.local
TaskCategory=None
OpCode=The operation completed successfully.
RecordNumber=82208
Keywords=Classic
Message=The Tile Data model server service entered the stopped state.
10/16/2020 07:35:39 AM
LogName=System
SourceName=Microsoft-Windows-Service Control Manager
EventCode=7036
EventType=4
Type=Information
ComputerName=win-dc-156.attackrange.local
TaskCategory=None
OpCode=The operation completed successfully.
RecordNumber=82209
Keywords=Classic
Message=The Windows Insider Service service entered the stopped state.
10/16/2020 07:35:40 AM
LogName=System
SourceName=Microsoft-Windows-Service Control Manager
EventCode=7036
EventType=4
Type=Information
ComputerName=win-dc-156.attackrange.local
TaskCategory=None
OpCode=The operation completed successfully.
RecordNumber=82210
Keywords=Classic
Message=The Update Orchestrator Service for Windows Update service entered the stopped state.
10/16/2020 07:35:45 AM
LogName=System
SourceName=Microsoft-Windows-Service Control Manager
EventCode=7036
EventType=4
Type=Information
ComputerName=win-host-374.attackrange.local
TaskCategory=None
OpCode=The operation completed successfully.
RecordNumber=82153
Keywords=Classic
Message=The CNG Key Isolation service entered the running state.
10/16/2020 07:35:45 AM
LogName=System
SourceName=Microsoft-Windows-Service Control Manager
EventCode=7036
EventType=4
Type=Information
ComputerName=win-host-374.attackrange.local
TaskCategory=None
OpCode=The operation completed successfully.
RecordNumber=82152
Keywords=Classic
Message=The Microsoft Account Sign-in Assistant service entered the running state.
10/16/2020 07:35:45 AM
LogName=System
SourceName=Microsoft-Windows-Service Control Manager
EventCode=7036
EventType=4
Type=Information
ComputerName=win-host-374.attackrange.local
TaskCategory=None
OpCode=The operation completed successfully.
RecordNumber=82151
Keywords=Classic
Message=The Windows Insider Service service entered the running state.
10/16/2020 07:35:45 AM
LogName=System
SourceName=Microsoft-Windows-Service Control Manager
EventCode=7036
EventType=4
Type=Information
ComputerName=win-host-374.attackrange.local
TaskCategory=None
OpCode=The operation completed successfully.
RecordNumber=82150
Keywords=Classic
Message=The Update Orchestrator Service for Windows Update service entered the running state.
10/16/2020 07:35:48 AM
LogName=System
SourceName=Microsoft-Windows-Service Control Manager
EventCode=7036
EventType=4
Type=Information
ComputerName=win-host-374.attackrange.local
TaskCategory=None
OpCode=The operation completed successfully.
RecordNumber=82154
Keywords=Classic
Message=The Network Setup Service service entered the stopped state.
10/16/2020 07:36:00 AM
LogName=System
SourceName=Microsoft-Windows-Service Control Manager
EventCode=7036
EventType=4
Type=Information
ComputerName=win-host-374.attackrange.local
TaskCategory=None
OpCode=The operation completed successfully.
RecordNumber=82155
Keywords=Classic
Message=The Windows Modules Installer service entered the stopped state.
10/16/2020 07:36:46 AM
LogName=System
SourceName=Microsoft-Windows-Service Control Manager
EventCode=7036
EventType=4
Type=Information
ComputerName=win-host-374.attackrange.local
TaskCategory=None
OpCode=The operation completed successfully.
RecordNumber=82156
Keywords=Classic
Message=The Windows Insider Service service entered the stopped state.
10/16/2020 07:36:51 AM
LogName=System
SourceName=Microsoft-Windows-Service Control Manager
EventCode=7036
EventType=4
Type=Information
ComputerName=win-host-374.attackrange.local
TaskCategory=None
OpCode=The operation completed successfully.
RecordNumber=82157
Keywords=Classic
Message=The Update Orchestrator Service for Windows Update service entered the stopped state.
10/16/2020 07:38:46 AM
LogName=System
SourceName=Microsoft-Windows-Service Control Manager
EventCode=7036
EventType=4
Type=Information
ComputerName=win-host-374.attackrange.local
TaskCategory=None
OpCode=The operation completed successfully.
RecordNumber=82158
Keywords=Classic
Message=The Microsoft Account Sign-in Assistant service entered the stopped state.
10/16/2020 07:40:47 AM
LogName=System
SourceName=Microsoft-Windows-Service Control Manager
EventCode=7036
EventType=4
Type=Information
ComputerName=win-host-374.attackrange.local
TaskCategory=None
OpCode=The operation completed successfully.
RecordNumber=82160
Keywords=Classic
Message=The Windows Insider Service service entered the running state.
10/16/2020 07:40:47 AM
LogName=System
SourceName=Microsoft-Windows-Service Control Manager
EventCode=7036
EventType=4
Type=Information
ComputerName=win-host-374.attackrange.local
TaskCategory=None
OpCode=The operation completed successfully.
RecordNumber=82159
Keywords=Classic
Message=The Update Orchestrator Service for Windows Update service entered the running state.
10/16/2020 07:41:47 AM
LogName=System
SourceName=Microsoft-Windows-Service Control Manager
EventCode=7036
EventType=4
Type=Information
ComputerName=win-host-374.attackrange.local
TaskCategory=None
OpCode=The operation completed successfully.
RecordNumber=82161
Keywords=Classic
Message=The Windows Insider Service service entered the stopped state.
10/16/2020 07:41:52 AM
LogName=System
SourceName=Microsoft-Windows-Service Control Manager
EventCode=7036
EventType=4
Type=Information
ComputerName=win-host-374.attackrange.local
TaskCategory=None
OpCode=The operation completed successfully.
RecordNumber=82162
Keywords=Classic
Message=The Update Orchestrator Service for Windows Update service entered the stopped state.
10/16/2020 07:53:30 AM
LogName=System
SourceName=Microsoft-Windows-Service Control Manager
EventCode=7036
EventType=4
Type=Information
ComputerName=win-host-374.attackrange.local
TaskCategory=None
OpCode=The operation completed successfully.
RecordNumber=82171
Keywords=Classic
Message=The Device Setup Manager service entered the running state.
10/16/2020 07:53:30 AM
LogName=System
SourceName=Microsoft-Windows-LSA
EventCode=6038
EventType=3
Type=Warning
ComputerName=win-host-374.attackrange.local
TaskCategory=None
OpCode=Info
RecordNumber=82170
Keywords=Classic
Message=Microsoft Windows Server has detected that NTLM authentication is presently being used between clients and this server. This event occurs once per boot of the server on the first time a client uses NTLM with this server.
 
NTLM is a weaker authentication mechanism. Please check:
 
      Which applications are using NTLM authentication?
      Are there configuration issues preventing the use of stronger authentication such as Kerberos authentication?
      If NTLM must be supported, is Extended Protection configured?
 
Details on how to complete these checks can be found at http://go.microsoft.com/fwlink/?LinkId=225699.
10/16/2020 07:53:31 AM
LogName=System
SourceName=Microsoft-Windows-Service Control Manager
EventCode=7036
EventType=4
Type=Information
ComputerName=win-host-374.attackrange.local
TaskCategory=None
OpCode=The operation completed successfully.
RecordNumber=82173
Keywords=Classic
Message=The Windows Modules Installer service entered the running state.
10/16/2020 07:53:31 AM
LogName=System
SourceName=Microsoft-Windows-Service Control Manager
EventCode=7036
EventType=4
Type=Information
ComputerName=win-host-374.attackrange.local
TaskCategory=None
OpCode=The operation completed successfully.
RecordNumber=82172
Keywords=Classic
Message=The Windows Update service entered the running state.
10/16/2020 07:53:32 AM
LogName=System
SourceName=Microsoft-Windows-Service Control Manager
EventCode=7036
EventType=4
Type=Information
ComputerName=win-host-374.attackrange.local
TaskCategory=None
OpCode=The operation completed successfully.
RecordNumber=82178
Keywords=Classic
Message=The CDPUserSvc_1470aa service entered the running state.
10/16/2020 07:53:32 AM
LogName=System
SourceName=Microsoft-Windows-GroupPolicy
EventCode=1501
EventType=4
Type=Information
ComputerName=win-host-374.attackrange.local
User=NOT_TRANSLATED
Sid=S-1-5-21-4284141139-3213569923-3907246136-500
SidType=0
TaskCategory=None
OpCode=Start
RecordNumber=82177
Keywords=None
Message=The Group Policy settings for the user were processed successfully. There were no changes detected since the last successful processing of Group Policy.
10/16/2020 07:53:32 AM
LogName=System
SourceName=Microsoft-Windows-Service Control Manager
EventCode=7036
EventType=4
Type=Information
ComputerName=win-host-374.attackrange.local
TaskCategory=None
OpCode=The operation completed successfully.
RecordNumber=82176
Keywords=Classic
Message=The Tile Data model server service entered the running state.
10/16/2020 07:53:32 AM
LogName=System
SourceName=Microsoft-Windows-Winlogon
EventCode=7001
EventType=4
Type=Information
ComputerName=win-host-374.attackrange.local
User=NOT_TRANSLATED
Sid=S-1-5-18
SidType=0
TaskCategory=1101
OpCode=Info
RecordNumber=82175
Keywords=None
Message=User Logon Notification for Customer Experience Improvement Program
10/16/2020 07:53:32 AM
LogName=System
SourceName=Microsoft-Windows-Service Control Manager
EventCode=7036
EventType=4
Type=Information
ComputerName=win-host-374.attackrange.local
TaskCategory=None
OpCode=The operation completed successfully.
RecordNumber=82174
Keywords=Classic
Message=The Smart Card Device Enumeration Service service entered the running state.
10/16/2020 07:53:33 AM
LogName=System
SourceName=Microsoft-Windows-Service Control Manager
EventCode=7036
EventType=4
Type=Information
ComputerName=win-host-374.attackrange.local
TaskCategory=None
OpCode=The operation completed successfully.
RecordNumber=82181
Keywords=Classic
Message=The Client License Service (ClipSVC) service entered the running state.
10/16/2020 07:53:33 AM
LogName=System
SourceName=Microsoft-Windows-Service Control Manager
EventCode=7036
EventType=4
Type=Information
ComputerName=win-host-374.attackrange.local
TaskCategory=None
OpCode=The operation completed successfully.
RecordNumber=82180
Keywords=Classic
Message=The AppX Deployment Service (AppXSVC) service entered the running state.
10/16/2020 07:53:33 AM
LogName=System
SourceName=Microsoft-Windows-Service Control Manager
EventCode=7036
EventType=4
Type=Information
ComputerName=win-host-374.attackrange.local
TaskCategory=None
OpCode=The operation completed successfully.
RecordNumber=82179
Keywords=Classic
Message=The App Readiness service entered the running state.
10/16/2020 07:53:34 AM
LogName=System
SourceName=Microsoft-Windows-Service Control Manager
EventCode=7036
EventType=4
Type=Information
ComputerName=win-host-374.attackrange.local
TaskCategory=None
OpCode=The operation completed successfully.
RecordNumber=82182
Keywords=Classic
Message=The Diagnostic System Host service entered the running state.
10/16/2020 07:53:36 AM
LogName=System
SourceName=Microsoft-Windows-Service Control Manager
EventCode=7036
EventType=4
Type=Information
ComputerName=win-host-374.attackrange.local
TaskCategory=None
OpCode=The operation completed successfully.
RecordNumber=82184
Keywords=Classic
Message=The Geolocation Service service entered the running state.
10/16/2020 07:53:36 AM
LogName=System
SourceName=Lfsvc
EventCode=2
EventType=4
Type=Information
ComputerName=win-host-374.attackrange.local
TaskCategory=None
OpCode=Info
RecordNumber=82183
Keywords=Classic
Message=Geolocation positioning has been disabled by the user.
10/16/2020 07:53:37 AM
LogName=System
SourceName=Microsoft-Windows-Kernel-General
EventCode=16
EventType=4
Type=Information
ComputerName=win-host-374.attackrange.local
User=NOT_TRANSLATED
Sid=S-1-5-21-4284141139-3213569923-3907246136-500
SidType=0
TaskCategory=None
OpCode=Info
RecordNumber=82186
Keywords=None
Message=The access history in hive \??\C:\Users\Administrator\AppData\Local\Packages\Microsoft.Windows.ShellExperienceHost_cw5n1h2txyewy\Settings\settings.dat was cleared updating 3 keys and creating 1 modified pages.
10/16/2020 07:53:37 AM
LogName=System
SourceName=Microsoft-Windows-Service Control Manager
EventCode=7036
EventType=4
Type=Information
ComputerName=win-host-374.attackrange.local
TaskCategory=None
OpCode=The operation completed successfully.
RecordNumber=82185
Keywords=Classic
Message=The Microsoft Account Sign-in Assistant service entered the running state.
10/16/2020 07:53:38 AM
LogName=System
SourceName=Microsoft-Windows-Kernel-General
EventCode=16
EventType=4
Type=Information
ComputerName=win-host-374.attackrange.local
User=NOT_TRANSLATED
Sid=S-1-5-21-4284141139-3213569923-3907246136-500
SidType=0
TaskCategory=None
OpCode=Info
RecordNumber=82187
Keywords=None
Message=The access history in hive \??\C:\Users\Administrator\AppData\Local\Packages\Microsoft.Windows.Cortana_cw5n1h2txyewy\Settings\settings.dat was cleared updating 3 keys and creating 1 modified pages.
10/16/2020 07:54:21 AM
LogName=System
SourceName=Microsoft-Windows-Service Control Manager
EventCode=7036
EventType=4
Type=Information
ComputerName=win-host-374.attackrange.local
TaskCategory=None
OpCode=The operation completed successfully.
RecordNumber=82188
Keywords=Classic
Message=The Device Setup Manager service entered the stopped state.
10/16/2020 07:54:39 AM
LogName=System
SourceName=Microsoft-Windows-Service Control Manager
EventCode=7036
EventType=4
Type=Information
ComputerName=win-dc-156.attackrange.local
TaskCategory=None
OpCode=The operation completed successfully.
RecordNumber=82211
Keywords=Classic
Message=The WinHTTP Web Proxy Auto-Discovery Service service entered the stopped state.
10/16/2020 07:54:49 AM
LogName=System
SourceName=Microsoft-Windows-Service Control Manager
EventCode=7036
EventType=4
Type=Information
ComputerName=win-dc-156.attackrange.local
TaskCategory=None
OpCode=The operation completed successfully.
RecordNumber=82213
Keywords=Classic
Message=The Windows Update service entered the running state.
10/16/2020 07:54:49 AM
LogName=System
SourceName=Microsoft-Windows-Service Control Manager
EventCode=7036
EventType=4
Type=Information
ComputerName=win-dc-156.attackrange.local
TaskCategory=None
OpCode=The operation completed successfully.
RecordNumber=82212
Keywords=Classic
Message=The Device Setup Manager service entered the running state.
10/16/2020 07:54:50 AM
LogName=System
SourceName=Microsoft-Windows-Service Control Manager
EventCode=7036
EventType=4
Type=Information
ComputerName=win-dc-156.attackrange.local
TaskCategory=None
OpCode=The operation completed successfully.
RecordNumber=82218
Keywords=Classic
Message=The Tile Data model server service entered the running state.
10/16/2020 07:54:50 AM
LogName=System
SourceName=Microsoft-Windows-Winlogon
EventCode=7001
EventType=4
Type=Information
ComputerName=win-dc-156.attackrange.local
User=NOT_TRANSLATED
Sid=S-1-5-18
SidType=0
TaskCategory=1101
OpCode=Info
RecordNumber=82217
Keywords=None
Message=User Logon Notification for Customer Experience Improvement Program
10/16/2020 07:54:50 AM
LogName=System
SourceName=Microsoft-Windows-Service Control Manager
EventCode=7036
EventType=4
Type=Information
ComputerName=win-dc-156.attackrange.local
TaskCategory=None
OpCode=The operation completed successfully.
RecordNumber=82216
Keywords=Classic
Message=The Smart Card Device Enumeration Service service entered the running state.
10/16/2020 07:54:50 AM
LogName=System
SourceName=Microsoft-Windows-Service Control Manager
EventCode=7036
EventType=4
Type=Information
ComputerName=win-dc-156.attackrange.local
TaskCategory=None
OpCode=The operation completed successfully.
RecordNumber=82215
Keywords=Classic
Message=The WinHTTP Web Proxy Auto-Discovery Service service entered the running state.
10/16/2020 07:54:50 AM
LogName=System
SourceName=Microsoft-Windows-Service Control Manager
EventCode=7036
EventType=4
Type=Information
ComputerName=win-dc-156.attackrange.local
TaskCategory=None
OpCode=The operation completed successfully.
RecordNumber=82214
Keywords=Classic
Message=The Windows Modules Installer service entered the running state.
10/16/2020 07:54:51 AM
LogName=System
SourceName=Microsoft-Windows-Service Control Manager
EventCode=7040
EventType=4
Type=Information
ComputerName=win-dc-156.attackrange.local
User=NOT_TRANSLATED
Sid=S-1-5-21-3159037367-2118529354-1907480666-500
SidType=0
TaskCategory=None
OpCode=The operation completed successfully.
RecordNumber=82223
Keywords=Classic
Message=The start type of the Encrypting File System (EFS) service was changed from auto start to demand start.
10/16/2020 07:54:51 AM
LogName=System
SourceName=Microsoft-Windows-Service Control Manager
EventCode=7036
EventType=4
Type=Information
ComputerName=win-dc-156.attackrange.local
TaskCategory=None
OpCode=The operation completed successfully.
RecordNumber=82222
Keywords=Classic
Message=The CDPUserSvc_1d079b service entered the running state.
10/16/2020 07:54:51 AM
LogName=System
SourceName=Microsoft-Windows-Service Control Manager
EventCode=7036
EventType=4
Type=Information
ComputerName=win-dc-156.attackrange.local
TaskCategory=None
OpCode=The operation completed successfully.
RecordNumber=82221
Keywords=Classic
Message=The Microsoft Passport Container service entered the running state.
10/16/2020 07:54:51 AM
LogName=System
SourceName=Microsoft-Windows-Service Control Manager
EventCode=7036
EventType=4
Type=Information
ComputerName=win-dc-156.attackrange.local
TaskCategory=None
OpCode=The operation completed successfully.
RecordNumber=82220
Keywords=Classic
Message=The Microsoft Passport service entered the running state.
10/16/2020 07:54:51 AM
LogName=System
SourceName=Microsoft-Windows-GroupPolicy
EventCode=1501
EventType=4
Type=Information
ComputerName=win-dc-156.attackrange.local
User=NOT_TRANSLATED
Sid=S-1-5-21-3159037367-2118529354-1907480666-500
SidType=0
TaskCategory=None
OpCode=Start
RecordNumber=82219
Keywords=None
Message=The Group Policy settings for the user were processed successfully. There were no changes detected since the last successful processing of Group Policy.
10/16/2020 07:54:52 AM
LogName=System
SourceName=Microsoft-Windows-Service Control Manager
EventCode=7036
EventType=4
Type=Information
ComputerName=win-dc-156.attackrange.local
TaskCategory=None
OpCode=The operation completed successfully.
RecordNumber=82226
Keywords=Classic
Message=The Portable Device Enumerator Service service entered the running state.
10/16/2020 07:54:52 AM
LogName=System
SourceName=Microsoft-Windows-Service Control Manager
EventCode=7036
EventType=4
Type=Information
ComputerName=win-dc-156.attackrange.local
TaskCategory=None
OpCode=The operation completed successfully.
RecordNumber=82225
Keywords=Classic
Message=The Network Connectivity Assistant service entered the stopped state.
10/16/2020 07:54:52 AM
LogName=System
SourceName=Microsoft-Windows-GroupPolicy
EventCode=1502
EventType=4
Type=Information
ComputerName=win-dc-156.attackrange.local
User=NOT_TRANSLATED
Sid=S-1-5-18
SidType=0
TaskCategory=None
OpCode=Start
RecordNumber=82224
Keywords=None
Message=The Group Policy settings for the computer were processed successfully. New settings from 2 Group Policy objects were detected and applied.
10/16/2020 07:54:53 AM
LogName=System
SourceName=Microsoft-Windows-Service Control Manager
EventCode=7036
EventType=4
Type=Information
ComputerName=win-dc-156.attackrange.local
TaskCategory=None
OpCode=The operation completed successfully.
RecordNumber=82229
Keywords=Classic
Message=The Client License Service (ClipSVC) service entered the running state.
10/16/2020 07:54:53 AM
LogName=System
SourceName=Microsoft-Windows-Service Control Manager
EventCode=7036
EventType=4
Type=Information
ComputerName=win-dc-156.attackrange.local
TaskCategory=None
OpCode=The operation completed successfully.
RecordNumber=82228
Keywords=Classic
Message=The AppX Deployment Service (AppXSVC) service entered the running state.
10/16/2020 07:54:53 AM
LogName=System
SourceName=Microsoft-Windows-Service Control Manager
EventCode=7036
EventType=4
Type=Information
ComputerName=win-dc-156.attackrange.local
TaskCategory=None
OpCode=The operation completed successfully.
RecordNumber=82227
Keywords=Classic
Message=The App Readiness service entered the running state.
10/16/2020 07:54:55 AM
LogName=System
SourceName=Microsoft-Windows-Service Control Manager
EventCode=7036
EventType=4
Type=Information
ComputerName=win-dc-156.attackrange.local
TaskCategory=None
OpCode=The operation completed successfully.
RecordNumber=82230
Keywords=Classic
Message=The Diagnostic System Host service entered the running state.
10/16/2020 07:54:56 AM
LogName=System
SourceName=Microsoft-Windows-Service Control Manager
EventCode=7036
EventType=4
Type=Information
ComputerName=win-dc-156.attackrange.local
TaskCategory=None
OpCode=The operation completed successfully.
RecordNumber=82232
Keywords=Classic
Message=The Connected Devices Platform Service service entered the running state.
10/16/2020 07:54:56 AM
LogName=System
SourceName=Microsoft-Windows-Service Control Manager
EventCode=7036
EventType=4
Type=Information
ComputerName=win-dc-156.attackrange.local
TaskCategory=None
OpCode=The operation completed successfully.
RecordNumber=82231
Keywords=Classic
Message=The CNG Key Isolation service entered the running state.
10/16/2020 07:55:05 AM
LogName=System
SourceName=Microsoft-Windows-Service Control Manager
EventCode=7036
EventType=4
Type=Information
ComputerName=win-dc-156.attackrange.local
TaskCategory=None
OpCode=The operation completed successfully.
RecordNumber=82234
Keywords=Classic
Message=The Geolocation Service service entered the running state.
10/16/2020 07:55:05 AM
LogName=System
SourceName=Lfsvc
EventCode=2
EventType=4
Type=Information
ComputerName=win-dc-156.attackrange.local
TaskCategory=None
OpCode=Info
RecordNumber=82233
Keywords=Classic
Message=Geolocation positioning has been disabled by the user.
10/16/2020 07:55:09 AM
LogName=System
SourceName=Microsoft-Windows-Kernel-General
EventCode=16
EventType=4
Type=Information
ComputerName=win-dc-156.attackrange.local
User=NOT_TRANSLATED
Sid=S-1-5-21-3159037367-2118529354-1907480666-500
SidType=0
TaskCategory=None
OpCode=Info
RecordNumber=82236
Keywords=None
Message=The access history in hive \??\C:\Users\Administrator\AppData\Local\Packages\Microsoft.Windows.Cortana_cw5n1h2txyewy\Settings\settings.dat was cleared updating 3 keys and creating 1 modified pages.
10/16/2020 07:55:09 AM
LogName=System
SourceName=Microsoft-Windows-Kernel-General
EventCode=16
EventType=4
Type=Information
ComputerName=win-dc-156.attackrange.local
User=NOT_TRANSLATED
Sid=S-1-5-21-3159037367-2118529354-1907480666-500
SidType=0
TaskCategory=None
OpCode=Info
RecordNumber=82235
Keywords=None
Message=The access history in hive \??\C:\Users\Administrator\AppData\Local\Packages\Microsoft.Windows.ShellExperienceHost_cw5n1h2txyewy\Settings\settings.dat was cleared updating 3 keys and creating 1 modified pages.
10/16/2020 07:55:13 AM
LogName=System
SourceName=Microsoft-Windows-Service Control Manager
EventCode=7036
EventType=4
Type=Information
ComputerName=win-dc-156.attackrange.local
TaskCategory=None
OpCode=The operation completed successfully.
RecordNumber=82237
Keywords=Classic
Message=The Microsoft Account Sign-in Assistant service entered the running state.
10/16/2020 07:55:33 AM
LogName=System
SourceName=Microsoft-Windows-Service Control Manager
EventCode=7036
EventType=4
Type=Information
ComputerName=win-host-374.attackrange.local
TaskCategory=None
OpCode=The operation completed successfully.
RecordNumber=82190
Keywords=Classic
Message=The Credential Manager service entered the running state.
10/16/2020 07:55:33 AM
LogName=System
SourceName=Microsoft-Windows-Service Control Manager
EventCode=7036
EventType=4
Type=Information
ComputerName=win-host-374.attackrange.local
TaskCategory=None
OpCode=The operation completed successfully.
RecordNumber=82189
Keywords=Classic
Message=The Sync Host_1470aa service entered the running state.
10/16/2020 07:55:37 AM
LogName=System
SourceName=Microsoft-Windows-Service Control Manager
EventCode=7036
EventType=4
Type=Information
ComputerName=win-host-374.attackrange.local
TaskCategory=None
OpCode=The operation completed successfully.
RecordNumber=82191
Keywords=Classic
Message=The Windows Modules Installer service entered the stopped state.
10/16/2020 07:55:55 AM
LogName=System
SourceName=Microsoft-Windows-Service Control Manager
EventCode=7036
EventType=4
Type=Information
ComputerName=win-dc-156.attackrange.local
TaskCategory=None
OpCode=The operation completed successfully.
RecordNumber=82238
Keywords=Classic
Message=The Device Setup Manager service entered the stopped state.
10/16/2020 07:56:37 AM
LogName=System
SourceName=Microsoft-Windows-Service Control Manager
EventCode=7036
EventType=4
Type=Information
ComputerName=win-host-374.attackrange.local
TaskCategory=None
OpCode=The operation completed successfully.
RecordNumber=82192
Keywords=Classic
Message=The Microsoft Account Sign-in Assistant service entered the stopped state.
10/16/2020 07:56:51 AM
LogName=System
SourceName=Microsoft-Windows-Service Control Manager
EventCode=7036
EventType=4
Type=Information
ComputerName=win-dc-156.attackrange.local
TaskCategory=None
OpCode=The operation completed successfully.
RecordNumber=82241
Keywords=Classic
Message=The Credential Manager service entered the running state.
10/16/2020 07:56:51 AM
LogName=System
SourceName=Microsoft-Windows-Service Control Manager
EventCode=7036
EventType=4
Type=Information
ComputerName=win-dc-156.attackrange.local
TaskCategory=None
OpCode=The operation completed successfully.
RecordNumber=82240
Keywords=Classic
Message=The Sync Host_1d079b service entered the running state.
10/16/2020 07:56:51 AM
LogName=System
SourceName=Microsoft-Windows-Service Control Manager
EventCode=7036
EventType=4
Type=Information
ComputerName=win-dc-156.attackrange.local
TaskCategory=None
OpCode=The operation completed successfully.
RecordNumber=82239
Keywords=Classic
Message=The Microsoft Passport service entered the stopped state.
10/16/2020 07:56:52 AM
LogName=System
SourceName=Microsoft-Windows-Service Control Manager
EventCode=7036
EventType=4
Type=Information
ComputerName=win-dc-156.attackrange.local
TaskCategory=None
OpCode=The operation completed successfully.
RecordNumber=82242
Keywords=Classic
Message=The Portable Device Enumerator Service service entered the stopped state.
10/16/2020 07:57:11 AM
LogName=System
SourceName=Microsoft-Windows-Service Control Manager
EventCode=7036
EventType=4
Type=Information
ComputerName=win-dc-156.attackrange.local
TaskCategory=None
OpCode=The operation completed successfully.
RecordNumber=82243
Keywords=Classic
Message=The Windows Modules Installer service entered the stopped state.
10/16/2020 07:58:14 AM
LogName=System
SourceName=Microsoft-Windows-Service Control Manager
EventCode=7036
EventType=4
Type=Information
ComputerName=win-dc-156.attackrange.local
TaskCategory=None
OpCode=The operation completed successfully.
RecordNumber=82244
Keywords=Classic
Message=The Microsoft Account Sign-in Assistant service entered the stopped state.
10/16/2020 07:58:36 AM
LogName=System
SourceName=Microsoft-Windows-Service Control Manager
EventCode=7036
EventType=4
Type=Information
ComputerName=win-host-374.attackrange.local
TaskCategory=None
OpCode=The operation completed successfully.
RecordNumber=82194
Keywords=Classic
Message=The AppX Deployment Service (AppXSVC) service entered the stopped state.
10/16/2020 07:58:36 AM
LogName=System
SourceName=Microsoft-Windows-Service Control Manager
EventCode=7036
EventType=4
Type=Information
ComputerName=win-host-374.attackrange.local
TaskCategory=None
OpCode=The operation completed successfully.
RecordNumber=82193
Keywords=Classic
Message=The Client License Service (ClipSVC) service entered the stopped state.
10/16/2020 07:59:56 AM
LogName=System
SourceName=Microsoft-Windows-Service Control Manager
EventCode=7036
EventType=4
Type=Information
ComputerName=win-dc-156.attackrange.local
TaskCategory=None
OpCode=The operation completed successfully.
RecordNumber=82245
Keywords=Classic
Message=The Client License Service (ClipSVC) service entered the stopped state.
10/16/2020 07:59:57 AM
LogName=System
SourceName=Microsoft-Windows-Service Control Manager
EventCode=7036
EventType=4
Type=Information
ComputerName=win-dc-156.attackrange.local
TaskCategory=None
OpCode=The operation completed successfully.
RecordNumber=82246
Keywords=Classic
Message=The AppX Deployment Service (AppXSVC) service entered the stopped state.
10/16/2020 08:04:20 AM
LogName=System
SourceName=Microsoft-Windows-Service Control Manager
EventCode=7036
EventType=4
Type=Information
ComputerName=win-dc-156.attackrange.local
TaskCategory=None
OpCode=The operation completed successfully.
RecordNumber=82247
Keywords=Classic
Message=The Microsoft Passport Container service entered the stopped state.
10/16/2020 08:07:01 AM
LogName=System
SourceName=Microsoft-Windows-Service Control Manager
EventCode=7036
EventType=4
Type=Information
ComputerName=win-host-374.attackrange.local
TaskCategory=None
OpCode=The operation completed successfully.
RecordNumber=82195
Keywords=Classic
Message=The Windows Modules Installer service entered the running state.
10/16/2020 08:08:35 AM
LogName=System
SourceName=Microsoft-Windows-Service Control Manager
EventCode=7036
EventType=4
Type=Information
ComputerName=win-host-374.attackrange.local
TaskCategory=None
OpCode=The operation completed successfully.
RecordNumber=82196
Keywords=Classic
Message=The Windows Update service entered the stopped state.
10/16/2020 08:09:06 AM
LogName=System
SourceName=Microsoft-Windows-Service Control Manager
EventCode=7036
EventType=4
Type=Information
ComputerName=win-host-374.attackrange.local
TaskCategory=None
OpCode=The operation completed successfully.
RecordNumber=82197
Keywords=Classic
Message=The Windows Modules Installer service entered the stopped state.
10/16/2020 08:09:54 AM
LogName=System
SourceName=Microsoft-Windows-Service Control Manager
EventCode=7036
EventType=4
Type=Information
ComputerName=win-dc-156.attackrange.local
TaskCategory=None
OpCode=The operation completed successfully.
RecordNumber=82248
Keywords=Classic
Message=The Windows Update service entered the stopped state.
10/16/2020 08:10:00 AM
LogName=System
SourceName=Microsoft-Windows-Time-Service
EventCode=37
EventType=4
Type=Information
ComputerName=win-dc-156.attackrange.local
User=NOT_TRANSLATED
Sid=S-1-5-19
SidType=0
TaskCategory=None
OpCode=Info
RecordNumber=82249
Keywords=None
Message=The time provider NtpClient is currently receiving valid time data from 169.254.169.123,0x9 (ntp.m|0x9|0.0.0.0:123->169.254.169.123:123).
10/16/2020 08:10:14 AM
LogName=System
SourceName=Microsoft-Windows-Service Control Manager
EventCode=7036
EventType=4
Type=Information
ComputerName=win-host-374.attackrange.local
TaskCategory=None
OpCode=The operation completed successfully.
RecordNumber=82198
Keywords=Classic
Message=The Windows Modules Installer service entered the running state.
10/16/2020 08:10:20 AM
LogName=System
SourceName=Microsoft-Windows-Service Control Manager
EventCode=7040
EventType=4
Type=Information
ComputerName=win-host-374.attackrange.local
User=NOT_TRANSLATED
Sid=S-1-5-18
SidType=0
TaskCategory=None
OpCode=The operation completed successfully.
RecordNumber=82199
Keywords=Classic
Message=The start type of the Windows Modules Installer service was changed from demand start to auto start.
10/16/2020 08:10:24 AM
LogName=System
SourceName=Microsoft-Windows-Service Control Manager
EventCode=7036
EventType=4
Type=Information
ComputerName=win-host-374.attackrange.local
TaskCategory=None
OpCode=The operation completed successfully.
RecordNumber=82202
Keywords=Classic
Message=The Microsoft Software Shadow Copy Provider service entered the running state.
10/16/2020 08:10:24 AM
LogName=System
SourceName=Microsoft-Windows-Service Control Manager
EventCode=7036
EventType=4
Type=Information
ComputerName=win-host-374.attackrange.local
TaskCategory=None
OpCode=The operation completed successfully.
RecordNumber=82201
Keywords=Classic
Message=The Volume Shadow Copy service entered the running state.
10/16/2020 08:10:24 AM
LogName=System
SourceName=Microsoft-Windows-Service Control Manager
EventCode=7040
EventType=4
Type=Information
ComputerName=win-host-374.attackrange.local
User=NOT_TRANSLATED
Sid=S-1-5-18
SidType=0
TaskCategory=None
OpCode=The operation completed successfully.
RecordNumber=82200
Keywords=Classic
Message=The start type of the Windows Modules Installer service was changed from auto start to demand start.
10/16/2020 08:10:32 AM
LogName=System
SourceName=Microsoft-Windows-Service Control Manager
EventCode=7036
EventType=4
Type=Information
ComputerName=win-host-374.attackrange.local
TaskCategory=None
OpCode=The operation completed successfully.
RecordNumber=82204
Keywords=Classic
Message=The Windows Insider Service service entered the running state.
10/16/2020 08:10:32 AM
LogName=System
SourceName=Microsoft-Windows-Service Control Manager
EventCode=7036
EventType=4
Type=Information
ComputerName=win-host-374.attackrange.local
TaskCategory=None
OpCode=The operation completed successfully.
RecordNumber=82203
Keywords=Classic
Message=The Update Orchestrator Service for Windows Update service entered the running state.
10/16/2020 08:11:32 AM
LogName=System
SourceName=Microsoft-Windows-Service Control Manager
EventCode=7036
EventType=4
Type=Information
ComputerName=win-host-374.attackrange.local
TaskCategory=None
OpCode=The operation completed successfully.
RecordNumber=82205
Keywords=Classic
Message=The Windows Insider Service service entered the stopped state.
10/16/2020 08:11:37 AM
LogName=System
SourceName=Microsoft-Windows-Service Control Manager
EventCode=7036
EventType=4
Type=Information
ComputerName=win-host-374.attackrange.local
TaskCategory=None
OpCode=The operation completed successfully.
RecordNumber=82206
Keywords=Classic
Message=The Update Orchestrator Service for Windows Update service entered the stopped state.
10/16/2020 08:11:57 AM
LogName=System
SourceName=Microsoft-Windows-Service Control Manager
EventCode=7045
EventType=4
Type=Information
ComputerName=win-host-374.attackrange.local
User=NOT_TRANSLATED
Sid=S-1-5-21-4284141139-3213569923-3907246136-500
SidType=0
TaskCategory=None
OpCode=The operation completed successfully.
RecordNumber=82207
Keywords=Classic
Message=A service was installed in the system.

Service Name:  GENSERV
Service File Name:  C:\Windows\System32\notepad.exe
Service Type:  user mode service
Service Start Type:  auto start
Service Account:  LocalSystem
10/16/2020 08:12:34 AM
LogName=System
SourceName=Microsoft-Windows-Service Control Manager
EventCode=7036
EventType=4
Type=Information
ComputerName=win-host-374.attackrange.local
TaskCategory=None
OpCode=The operation completed successfully.
RecordNumber=82208
Keywords=Classic
Message=The Windows Modules Installer service entered the stopped state.
10/16/2020 08:13:24 AM
LogName=System
SourceName=Microsoft-Windows-Service Control Manager
EventCode=7036
EventType=4
Type=Information
ComputerName=win-host-374.attackrange.local
TaskCategory=None
OpCode=The operation completed successfully.
RecordNumber=82209
Keywords=Classic
Message=The Volume Shadow Copy service entered the stopped state.
10/16/2020 08:13:33 AM
LogName=System
SourceName=Microsoft-Windows-Service Control Manager
EventCode=7036
EventType=4
Type=Information
ComputerName=win-host-374.attackrange.local
TaskCategory=None
OpCode=The operation completed successfully.
RecordNumber=82210
Keywords=Classic
Message=The App Readiness service entered the stopped state.
10/16/2020 08:14:46 AM
LogName=System
SourceName=Microsoft-Windows-Service Control Manager
EventCode=7036
EventType=4
Type=Information
ComputerName=win-host-374.attackrange.local
TaskCategory=None
OpCode=The operation completed successfully.
RecordNumber=82211
Keywords=Classic
Message=The Diagnostic System Host service entered the stopped state.
10/16/2020 08:14:53 AM
LogName=System
SourceName=Microsoft-Windows-Service Control Manager
EventCode=7036
EventType=4
Type=Information
ComputerName=win-dc-156.attackrange.local
TaskCategory=None
OpCode=The operation completed successfully.
RecordNumber=82250
Keywords=Classic
Message=The App Readiness service entered the stopped state.
10/16/2020 08:16:24 AM
LogName=System
SourceName=Microsoft-Windows-Service Control Manager
EventCode=7036
EventType=4
Type=Information
ComputerName=win-host-374.attackrange.local
TaskCategory=None
OpCode=The operation completed successfully.
RecordNumber=82212
Keywords=Classic
Message=The Microsoft Software Shadow Copy Provider service entered the stopped state.
10/16/2020 08:23:09 AM
LogName=System
SourceName=Microsoft-Windows-Service Control Manager
EventCode=7036
EventType=4
Type=Information
ComputerName=win-dc-156.attackrange.local
TaskCategory=None
OpCode=The operation completed successfully.
RecordNumber=82251
Keywords=Classic
Message=The Windows Modules Installer service entered the running state.
10/16/2020 08:24:52 AM
LogName=System
SourceName=Microsoft-Windows-Service Control Manager
EventCode=7036
EventType=4
Type=Information
ComputerName=win-dc-156.attackrange.local
TaskCategory=None
OpCode=The operation completed successfully.
RecordNumber=82252
Keywords=Classic
Message=The Diagnostic System Host service entered the stopped state.
10/16/2020 08:25:00 AM
LogName=System
SourceName=Microsoft-Windows-Time-Service
EventCode=37
EventType=4
Type=Information
ComputerName=win-host-374.attackrange.local
User=NOT_TRANSLATED
Sid=S-1-5-19
SidType=0
TaskCategory=None
OpCode=Info
RecordNumber=82213
Keywords=None
Message=The time provider NtpClient is currently receiving valid time data from 169.254.169.123,0x9 (ntp.m|0x9|0.0.0.0:123->169.254.169.123:123).
10/16/2020 08:25:14 AM
LogName=System
SourceName=Microsoft-Windows-Service Control Manager
EventCode=7036
EventType=4
Type=Information
ComputerName=win-dc-156.attackrange.local
TaskCategory=None
OpCode=The operation completed successfully.
RecordNumber=82253
Keywords=Classic
Message=The Windows Modules Installer service entered the stopped state.
10/16/2020 08:36:33 AM
LogName=System
SourceName=Microsoft-Windows-DistributedCOM
EventCode=10016
EventType=2
Type=Error
ComputerName=win-dc-156.attackrange.local
User=NOT_TRANSLATED
Sid=S-1-5-18
SidType=0
TaskCategory=None
OpCode=Info
RecordNumber=82255
Keywords=Classic
Message=The application-specific permission settings do not grant Local Activation permission for the COM Server application with CLSID 
{D63B10C5-BB46-4990-A94F-E40B9D520160}
 and APPID 
{9CA88EE3-ACB7-47C8-AFC4-AB702511C276}
 to the user NT AUTHORITY\SYSTEM SID (S-1-5-18) from address LocalHost (Using LRPC) running in the application container Unavailable SID (Unavailable). This security permission can be modified using the Component Services administrative tool.
10/16/2020 08:36:33 AM
LogName=System
SourceName=User32
EventCode=1074
EventType=4
Type=Information
ComputerName=win-dc-156.attackrange.local
User=NOT_TRANSLATED
Sid=S-1-5-21-3159037367-2118529354-1907480666-500
SidType=0
TaskCategory=None
OpCode=The operation completed successfully.
RecordNumber=82254
Keywords=Classic
Message=The process C:\Windows\System32\RuntimeBroker.exe (WIN-DC-156) has initiated the restart of computer WIN-DC-156 on behalf of user ATTACKRANGE\Administrator for the following reason: Other (Unplanned)
 Reason Code: 0x5000000
 Shutdown Type: restart
 Comment:
10/16/2020 08:36:34 AM
LogName=System
SourceName=Microsoft-Windows-Service Control Manager
EventCode=7036
EventType=4
Type=Information
ComputerName=win-dc-156.attackrange.local
TaskCategory=None
OpCode=The operation completed successfully.
RecordNumber=82292
Keywords=Classic
Message=The DNS Server service entered the stopped state.
10/16/2020 08:36:34 AM
LogName=System
SourceName=Microsoft-Windows-Service Control Manager
EventCode=7036
EventType=4
Type=Information
ComputerName=win-dc-156.attackrange.local
TaskCategory=None
OpCode=The operation completed successfully.
RecordNumber=82291
Keywords=Classic
Message=The Intersite Messaging service entered the stopped state.
10/16/2020 08:36:34 AM
LogName=System
SourceName=Microsoft-Windows-Service Control Manager
EventCode=7036
EventType=4
Type=Information
ComputerName=win-dc-156.attackrange.local
TaskCategory=None
OpCode=The operation completed successfully.
RecordNumber=82290
Keywords=Classic
Message=The Remote Desktop Services service entered the stopped state.
10/16/2020 08:36:34 AM
LogName=System
SourceName=Microsoft-Windows-Service Control Manager
EventCode=7036
EventType=4
Type=Information
ComputerName=win-dc-156.attackrange.local
TaskCategory=None
OpCode=The operation completed successfully.
RecordNumber=82289
Keywords=Classic
Message=The Task Scheduler service entered the stopped state.
10/16/2020 08:36:34 AM
LogName=System
SourceName=Microsoft-Windows-Service Control Manager
EventCode=7036
EventType=4
Type=Information
ComputerName=win-dc-156.attackrange.local
TaskCategory=None
OpCode=The operation completed successfully.
RecordNumber=82288
Keywords=Classic
Message=The Windows Event Log service entered the stopped state.
10/16/2020 08:36:34 AM
LogName=System
SourceName=Microsoft-Windows-Service Control Manager
EventCode=7036
EventType=4
Type=Information
ComputerName=win-dc-156.attackrange.local
TaskCategory=None
OpCode=The operation completed successfully.
RecordNumber=82287
Keywords=Classic
Message=The Windows Remote Management (WS-Management) service entered the stopped state.
10/16/2020 08:36:34 AM
LogName=System
SourceName=Microsoft-Windows-Service Control Manager
EventCode=7036
EventType=4
Type=Information
ComputerName=win-dc-156.attackrange.local
TaskCategory=None
OpCode=The operation completed successfully.
RecordNumber=82286
Keywords=Classic
Message=The Virtual Disk service entered the stopped state.
10/16/2020 08:36:34 AM
LogName=System
SourceName=Microsoft-Windows-Service Control Manager
EventCode=7036
EventType=4
Type=Information
ComputerName=win-dc-156.attackrange.local
TaskCategory=None
OpCode=The operation completed successfully.
RecordNumber=82285
Keywords=Classic
Message=The Cryptographic Services service entered the stopped state.
10/16/2020 08:36:34 AM
LogName=System
SourceName=Microsoft-Windows-Service Control Manager
EventCode=7036
EventType=4
Type=Information
ComputerName=win-dc-156.attackrange.local
TaskCategory=None
OpCode=The operation completed successfully.
RecordNumber=82284
Keywords=Classic
Message=The State Repository Service service entered the stopped state.
10/16/2020 08:36:34 AM
LogName=System
SourceName=Microsoft-Windows-Service Control Manager
EventCode=7036
EventType=4
Type=Information
ComputerName=win-dc-156.attackrange.local
TaskCategory=None
OpCode=The operation completed successfully.
RecordNumber=82283
Keywords=Classic
Message=The Windows Connection Manager service entered the stopped state.
10/16/2020 08:36:34 AM
LogName=System
SourceName=Microsoft-Windows-Service Control Manager
EventCode=7036
EventType=4
Type=Information
ComputerName=win-dc-156.attackrange.local
TaskCategory=None
OpCode=The operation completed successfully.
RecordNumber=82282
Keywords=Classic
Message=The Distributed Transaction Coordinator service entered the stopped state.
10/16/2020 08:36:34 AM
LogName=System
SourceName=Microsoft-Windows-Service Control Manager
EventCode=7036
EventType=4
Type=Information
ComputerName=win-dc-156.attackrange.local
TaskCategory=None
OpCode=The operation completed successfully.
RecordNumber=82281
Keywords=Classic
Message=The IPsec Policy Agent service entered the stopped state.
10/16/2020 08:36:34 AM
LogName=System
SourceName=Microsoft-Windows-Service Control Manager
EventCode=7036
EventType=4
Type=Information
ComputerName=win-dc-156.attackrange.local
TaskCategory=None
OpCode=The operation completed successfully.
RecordNumber=82280
Keywords=Classic
Message=The Windows Font Cache Service service entered the stopped state.
10/16/2020 08:36:34 AM
LogName=System
SourceName=Microsoft-Windows-Service Control Manager
EventCode=7036
EventType=4
Type=Information
ComputerName=win-dc-156.attackrange.local
TaskCategory=None
OpCode=The operation completed successfully.
RecordNumber=82279
Keywords=Classic
Message=The Windows Management Instrumentation service entered the stopped state.
10/16/2020 08:36:34 AM
LogName=System
SourceName=Microsoft-Windows-Service Control Manager
EventCode=7036
EventType=4
Type=Information
ComputerName=win-dc-156.attackrange.local
TaskCategory=None
OpCode=The operation completed successfully.
RecordNumber=82278
Keywords=Classic
Message=The Credential Manager service entered the stopped state.
10/16/2020 08:36:34 AM
LogName=System
SourceName=Microsoft-Windows-Service Control Manager
EventCode=7036
EventType=4
Type=Information
ComputerName=win-dc-156.attackrange.local
TaskCategory=None
OpCode=The operation completed successfully.
RecordNumber=82277
Keywords=Classic
Message=The DHCP Client service entered the stopped state.
10/16/2020 08:36:34 AM
LogName=System
SourceName=Microsoft-Windows-Service Control Manager
EventCode=7036
EventType=4
Type=Information
ComputerName=win-dc-156.attackrange.local
TaskCategory=None
OpCode=The operation completed successfully.
RecordNumber=82276
Keywords=Classic
Message=The AWS Lite Guest Agent service entered the stopped state.
10/16/2020 08:36:34 AM
LogName=System
SourceName=Microsoft-Windows-Service Control Manager
EventCode=7036
EventType=4
Type=Information
ComputerName=win-dc-156.attackrange.local
TaskCategory=None
OpCode=The operation completed successfully.
RecordNumber=82275
Keywords=Classic
Message=The Program Compatibility Assistant Service service entered the stopped state.
10/16/2020 08:36:34 AM
LogName=System
SourceName=Microsoft-Windows-Service Control Manager
EventCode=7036
EventType=4
Type=Information
ComputerName=win-dc-156.attackrange.local
TaskCategory=None
OpCode=The operation completed successfully.
RecordNumber=82274
Keywords=Classic
Message=The Amazon SSM Agent service entered the stopped state.
10/16/2020 08:36:34 AM
LogName=System
SourceName=Microsoft-Windows-Service Control Manager
EventCode=7036
EventType=4
Type=Information
ComputerName=win-dc-156.attackrange.local
TaskCategory=None
OpCode=The operation completed successfully.
RecordNumber=82273
Keywords=Classic
Message=The Active Directory Web Services service entered the stopped state.
10/16/2020 08:36:34 AM
LogName=System
SourceName=Microsoft-Windows-Service Control Manager
EventCode=7036
EventType=4
Type=Information
ComputerName=win-dc-156.attackrange.local
TaskCategory=None
OpCode=The operation completed successfully.
RecordNumber=82272
Keywords=Classic
Message=The Diagnostic Policy Service service entered the stopped state.
10/16/2020 08:36:34 AM
LogName=System
SourceName=Microsoft-Windows-Service Control Manager
EventCode=7036
EventType=4
Type=Information
ComputerName=win-dc-156.attackrange.local
TaskCategory=None
OpCode=The operation completed successfully.
RecordNumber=82271
Keywords=Classic
Message=The Windows Time service entered the stopped state.
10/16/2020 08:36:34 AM
LogName=System
SourceName=Microsoft-Windows-Service Control Manager
EventCode=7036
EventType=4
Type=Information
ComputerName=win-dc-156.attackrange.local
TaskCategory=None
OpCode=The operation completed successfully.
RecordNumber=82270
Keywords=Classic
Message=The Certificate Propagation service entered the stopped state.
10/16/2020 08:36:34 AM
LogName=System
SourceName=Microsoft-Windows-Service Control Manager
EventCode=7036
EventType=4
Type=Information
ComputerName=win-dc-156.attackrange.local
TaskCategory=None
OpCode=The operation completed successfully.
RecordNumber=82269
Keywords=Classic
Message=The User Profile Service service entered the stopped state.
