<Event xmlns='http://schemas.microsoft.com/win/2004/08/events/event'><System><Provider Name='Microsoft-Windows-Sysmon' Guid='{5770385F-C22A-43E0-BF4C-06F5698FFBD9}'/><EventID>5</EventID><Version>3</Version><Level>4</Level><Task>5</Task><Opcode>0</Opcode><Keywords>0x8000000000000000</Keywords><TimeCreated SystemTime='2021-10-14T18:51:04.242826200Z'/><EventRecordID>29741395</EventRecordID><Correlation/><Execution ProcessID='2856' ThreadID='2088'/><Channel>Microsoft-Windows-Sysmon/Operational</Channel><Computer>win-dc-469.attackrange.local</Computer><Security UserID='S-1-5-18'/></System><EventData><Data Name='RuleName'>-</Data><Data Name='UtcTime'>2021-10-14 18:51:04.240</Data><Data Name='ProcessGuid'>{8B6011A9-7C18-6168-0578-00000000F101}</Data><Data Name='ProcessId'>7040</Data><Data Name='Image'>C:\Windows\System32\setspn.exe</Data></EventData></Event>
<Event xmlns='http://schemas.microsoft.com/win/2004/08/events/event'><System><Provider Name='Microsoft-Windows-Sysmon' Guid='{5770385F-C22A-43E0-BF4C-06F5698FFBD9}'/><EventID>7</EventID><Version>3</Version><Level>4</Level><Task>7</Task><Opcode>0</Opcode><Keywords>0x8000000000000000</Keywords><TimeCreated SystemTime='2021-10-14T18:51:04.230800000Z'/><EventRecordID>29741384</EventRecordID><Correlation/><Execution ProcessID='2856' ThreadID='1356'/><Channel>Microsoft-Windows-Sysmon/Operational</Channel><Computer>win-dc-469.attackrange.local</Computer><Security UserID='S-1-5-18'/></System><EventData><Data Name='RuleName'>-</Data><Data Name='UtcTime'>2021-10-14 18:51:04.209</Data><Data Name='ProcessGuid'>{8B6011A9-7C18-6168-0578-00000000F101}</Data><Data Name='ProcessId'>7040</Data><Data Name='Image'>C:\Windows\System32\setspn.exe</Data><Data Name='ImageLoaded'>C:\Windows\System32\setspn.exe</Data><Data Name='FileVersion'>10.0.14393.0 (rs1_release.160715-1616)</Data><Data Name='Description'>Query or reset the computer's SPN attribute</Data><Data Name='Product'>Microsoft® Windows® Operating System</Data><Data Name='Company'>Microsoft Corporation</Data><Data Name='OriginalFileName'>setspn.exe</Data><Data Name='Hashes'>MD5=5C184D581524245DAD7A0A02B51FD2C2,SHA256=909C2DDF06CFEB1F79004DBB5E9B9D36B693CFDFF3459E0A6A51616B2AD6D2D1</Data><Data Name='Signed'>true</Data><Data Name='Signature'>Microsoft Windows</Data><Data Name='SignatureStatus'>Valid</Data></EventData></Event>
<Event xmlns='http://schemas.microsoft.com/win/2004/08/events/event'><System><Provider Name='Microsoft-Windows-Sysmon' Guid='{5770385F-C22A-43E0-BF4C-06F5698FFBD9}'/><EventID>7</EventID><Version>3</Version><Level>4</Level><Task>7</Task><Opcode>0</Opcode><Keywords>0x8000000000000000</Keywords><TimeCreated SystemTime='2021-10-14T18:51:04.222658500Z'/><EventRecordID>29741369</EventRecordID><Correlation/><Execution ProcessID='2856' ThreadID='2088'/><Channel>Microsoft-Windows-Sysmon/Operational</Channel><Computer>win-dc-469.attackrange.local</Computer><Security UserID='S-1-5-18'/></System><EventData><Data Name='RuleName'>-</Data><Data Name='UtcTime'>2021-10-14 18:51:04.220</Data><Data Name='ProcessGuid'>{8B6011A9-7C18-6168-0578-00000000F101}</Data><Data Name='ProcessId'>7040</Data><Data Name='Image'>C:\Windows\System32\setspn.exe</Data><Data Name='ImageLoaded'>C:\Windows\System32\imm32.dll</Data><Data Name='FileVersion'>10.0.14393.0 (rs1_release.160715-1616)</Data><Data Name='Description'>Multi-User Windows IMM32 API Client DLL</Data><Data Name='Product'>Microsoft® Windows® Operating System</Data><Data Name='Company'>Microsoft Corporation</Data><Data Name='OriginalFileName'>imm32</Data><Data Name='Hashes'>MD5=E1024CF2E35DD3467F52BC83F7FEDA3F,SHA256=59C87761AD509BD096C2F35257C2370FB94B95160CB63FB9E66DFD8210AB002A</Data><Data Name='Signed'>true</Data><Data Name='Signature'>Microsoft Windows</Data><Data Name='SignatureStatus'>Valid</Data></EventData></Event>
<Event xmlns='http://schemas.microsoft.com/win/2004/08/events/event'><System><Provider Name='Microsoft-Windows-Sysmon' Guid='{5770385F-C22A-43E0-BF4C-06F5698FFBD9}'/><EventID>7</EventID><Version>3</Version><Level>4</Level><Task>7</Task><Opcode>0</Opcode><Keywords>0x8000000000000000</Keywords><TimeCreated SystemTime='2021-10-14T18:51:04.222270500Z'/><EventRecordID>29741368</EventRecordID><Correlation/><Execution ProcessID='2856' ThreadID='2088'/><Channel>Microsoft-Windows-Sysmon/Operational</Channel><Computer>win-dc-469.attackrange.local</Computer><Security UserID='S-1-5-18'/></System><EventData><Data Name='RuleName'>-</Data><Data Name='UtcTime'>2021-10-14 18:51:04.218</Data><Data Name='ProcessGuid'>{8B6011A9-7C18-6168-0578-00000000F101}</Data><Data Name='ProcessId'>7040</Data><Data Name='Image'>C:\Windows\System32\setspn.exe</Data><Data Name='ImageLoaded'>C:\Windows\System32\win32u.dll</Data><Data Name='FileVersion'>10.0.14393.0 (rs1_release.160715-1616)</Data><Data Name='Description'>Win32u</Data><Data Name='Product'>Microsoft® Windows® Operating System</Data><Data Name='Company'>Microsoft Corporation</Data><Data Name='OriginalFileName'>Win32u.DLL</Data><Data Name='Hashes'>MD5=6A40F9C63B52CB4E8271CF3418618033,SHA256=A2BE23DA7AADFA9118130C939CD59D86E590957172FF404511EE6C5EC5147F15</Data><Data Name='Signed'>true</Data><Data Name='Signature'>Microsoft Windows</Data><Data Name='SignatureStatus'>Valid</Data></EventData></Event>
<Event xmlns='http://schemas.microsoft.com/win/2004/08/events/event'><System><Provider Name='Microsoft-Windows-Sysmon' Guid='{5770385F-C22A-43E0-BF4C-06F5698FFBD9}'/><EventID>7</EventID><Version>3</Version><Level>4</Level><Task>7</Task><Opcode>0</Opcode><Keywords>0x8000000000000000</Keywords><TimeCreated SystemTime='2021-10-14T18:51:04.222032100Z'/><EventRecordID>29741367</EventRecordID><Correlation/><Execution ProcessID='2856' ThreadID='2088'/><Channel>Microsoft-Windows-Sysmon/Operational</Channel><Computer>win-dc-469.attackrange.local</Computer><Security UserID='S-1-5-18'/></System><EventData><Data Name='RuleName'>-</Data><Data Name='UtcTime'>2021-10-14 18:51:04.217</Data><Data Name='ProcessGuid'>{8B6011A9-7C18-6168-0578-00000000F101}</Data><Data Name='ProcessId'>7040</Data><Data Name='Image'>C:\Windows\System32\setspn.exe</Data><Data Name='ImageLoaded'>C:\Windows\System32\sechost.dll</Data><Data Name='FileVersion'>10.0.14393.3808 (rs1_release.200707-2105)</Data><Data Name='Description'>Host for SCM/SDDL/LSA Lookup APIs</Data><Data Name='Product'>Microsoft® Windows® Operating System</Data><Data Name='Company'>Microsoft Corporation</Data><Data Name='OriginalFileName'>sechost.dll</Data><Data Name='Hashes'>MD5=E6B98644CD3B912C44C39CC0996790A9,SHA256=23BE56E1B8DBA449C0959753175BD15457EC88E93E9E8B86489266347959A6F2</Data><Data Name='Signed'>true</Data><Data Name='Signature'>Microsoft Windows</Data><Data Name='SignatureStatus'>Valid</Data></EventData></Event>
<Event xmlns='http://schemas.microsoft.com/win/2004/08/events/event'><System><Provider Name='Microsoft-Windows-Sysmon' Guid='{5770385F-C22A-43E0-BF4C-06F5698FFBD9}'/><EventID>7</EventID><Version>3</Version><Level>4</Level><Task>7</Task><Opcode>0</Opcode><Keywords>0x8000000000000000</Keywords><TimeCreated SystemTime='2021-10-14T18:51:04.221319500Z'/><EventRecordID>29741366</EventRecordID><Correlation/><Execution ProcessID='2856' ThreadID='2088'/><Channel>Microsoft-Windows-Sysmon/Operational</Channel><Computer>win-dc-469.attackrange.local</Computer><Security UserID='S-1-5-18'/></System><EventData><Data Name='RuleName'>-</Data><Data Name='UtcTime'>2021-10-14 18:51:04.217</Data><Data Name='ProcessGuid'>{8B6011A9-7C18-6168-0578-00000000F101}</Data><Data Name='ProcessId'>7040</Data><Data Name='Image'>C:\Windows\System32\setspn.exe</Data><Data Name='ImageLoaded'>C:\Windows\System32\user32.dll</Data><Data Name='FileVersion'>10.0.14393.4169 (rs1_release.210107-1130)</Data><Data Name='Description'>Multi-User Windows USER API Client DLL</Data><Data Name='Product'>Microsoft® Windows® Operating System</Data><Data Name='Company'>Microsoft Corporation</Data><Data Name='OriginalFileName'>user32</Data><Data Name='Hashes'>MD5=883B59C5557E8A9B3C1E1ED1CA48CD5A,SHA256=271800C20A96587265BF83DE2EFC11329EEB2B6C0D57E5E0BCD137FB96BFE6E3</Data><Data Name='Signed'>true</Data><Data Name='Signature'>Microsoft Windows</Data><Data Name='SignatureStatus'>Valid</Data></EventData></Event>
<Event xmlns='http://schemas.microsoft.com/win/2004/08/events/event'><System><Provider Name='Microsoft-Windows-Sysmon' Guid='{5770385F-C22A-43E0-BF4C-06F5698FFBD9}'/><EventID>7</EventID><Version>3</Version><Level>4</Level><Task>7</Task><Opcode>0</Opcode><Keywords>0x8000000000000000</Keywords><TimeCreated SystemTime='2021-10-14T18:51:04.219030300Z'/><EventRecordID>29741365</EventRecordID><Correlation/><Execution ProcessID='2856' ThreadID='2088'/><Channel>Microsoft-Windows-Sysmon/Operational</Channel><Computer>win-dc-469.attackrange.local</Computer><Security UserID='S-1-5-18'/></System><EventData><Data Name='RuleName'>-</Data><Data Name='UtcTime'>2021-10-14 18:51:04.217</Data><Data Name='ProcessGuid'>{8B6011A9-7C18-6168-0578-00000000F101}</Data><Data Name='ProcessId'>7040</Data><Data Name='Image'>C:\Windows\System32\setspn.exe</Data><Data Name='ImageLoaded'>C:\Windows\System32\ws2_32.dll</Data><Data Name='FileVersion'>10.0.14393.3241 (rs1_release_inmarket.190910-1801)</Data><Data Name='Description'>Windows Socket 2.0 32-Bit DLL</Data><Data Name='Product'>Microsoft® Windows® Operating System</Data><Data Name='Company'>Microsoft Corporation</Data><Data Name='OriginalFileName'>ws2_32.dll</Data><Data Name='Hashes'>MD5=06E82905620845A7C185BDEE85CC4140,SHA256=B75C9B080293F85568912BABE749F403144959206F9C6BAB36B628E8F77C5DA0</Data><Data Name='Signed'>true</Data><Data Name='Signature'>Microsoft Windows</Data><Data Name='SignatureStatus'>Valid</Data></EventData></Event>
<Event xmlns='http://schemas.microsoft.com/win/2004/08/events/event'><System><Provider Name='Microsoft-Windows-Sysmon' Guid='{5770385F-C22A-43E0-BF4C-06F5698FFBD9}'/><EventID>7</EventID><Version>3</Version><Level>4</Level><Task>7</Task><Opcode>0</Opcode><Keywords>0x8000000000000000</Keywords><TimeCreated SystemTime='2021-10-14T18:51:04.218644400Z'/><EventRecordID>29741364</EventRecordID><Correlation/><Execution ProcessID='2856' ThreadID='2088'/><Channel>Microsoft-Windows-Sysmon/Operational</Channel><Computer>win-dc-469.attackrange.local</Computer><Security UserID='S-1-5-18'/></System><EventData><Data Name='RuleName'>-</Data><Data Name='UtcTime'>2021-10-14 18:51:04.217</Data><Data Name='ProcessGuid'>{8B6011A9-7C18-6168-0578-00000000F101}</Data><Data Name='ProcessId'>7040</Data><Data Name='Image'>C:\Windows\System32\setspn.exe</Data><Data Name='ImageLoaded'>C:\Windows\System32\gdi32full.dll</Data><Data Name='FileVersion'>10.0.14393.4530 (rs1_release.210705-0736)</Data><Data Name='Description'>GDI Client DLL</Data><Data Name='Product'>Microsoft® Windows® Operating System</Data><Data Name='Company'>Microsoft Corporation</Data><Data Name='OriginalFileName'>gdi32</Data><Data Name='Hashes'>MD5=9D82D7DBC3D9E0D8E86D10A5B1BF736E,SHA256=270CA1A42ECB4C22E826C1C95924F0014CC99254AB55B7167DA144D45E238E6D</Data><Data Name='Signed'>true</Data><Data Name='Signature'>Microsoft Windows</Data><Data Name='SignatureStatus'>Valid</Data></EventData></Event>
<Event xmlns='http://schemas.microsoft.com/win/2004/08/events/event'><System><Provider Name='Microsoft-Windows-Sysmon' Guid='{5770385F-C22A-43E0-BF4C-06F5698FFBD9}'/><EventID>7</EventID><Version>3</Version><Level>4</Level><Task>7</Task><Opcode>0</Opcode><Keywords>0x8000000000000000</Keywords><TimeCreated SystemTime='2021-10-14T18:51:04.218388000Z'/><EventRecordID>29741363</EventRecordID><Correlation/><Execution ProcessID='2856' ThreadID='2088'/><Channel>Microsoft-Windows-Sysmon/Operational</Channel><Computer>win-dc-469.attackrange.local</Computer><Security UserID='S-1-5-18'/></System><EventData><Data Name='RuleName'>-</Data><Data Name='UtcTime'>2021-10-14 18:51:04.217</Data><Data Name='ProcessGuid'>{8B6011A9-7C18-6168-0578-00000000F101}</Data><Data Name='ProcessId'>7040</Data><Data Name='Image'>C:\Windows\System32\setspn.exe</Data><Data Name='ImageLoaded'>C:\Windows\System32\ntdsapi.dll</Data><Data Name='FileVersion'>10.0.14393.0 (rs1_release.160715-1616)</Data><Data Name='Description'>Active Directory Domain Services API</Data><Data Name='Product'>Microsoft® Windows® Operating System</Data><Data Name='Company'>Microsoft Corporation</Data><Data Name='OriginalFileName'>ntdsapi.dll</Data><Data Name='Hashes'>MD5=01AD803D409DC3C6582A9C519EB4B014,SHA256=C5A0873EC1223A67CE5980BB62F176FDF2E61BB54081CE004F479629413F27AA</Data><Data Name='Signed'>true</Data><Data Name='Signature'>Microsoft Windows</Data><Data Name='SignatureStatus'>Valid</Data></EventData></Event>
<Event xmlns='http://schemas.microsoft.com/win/2004/08/events/event'><System><Provider Name='Microsoft-Windows-Sysmon' Guid='{5770385F-C22A-43E0-BF4C-06F5698FFBD9}'/><EventID>7</EventID><Version>3</Version><Level>4</Level><Task>7</Task><Opcode>0</Opcode><Keywords>0x8000000000000000</Keywords><TimeCreated SystemTime='2021-10-14T18:51:04.218098400Z'/><EventRecordID>29741362</EventRecordID><Correlation/><Execution ProcessID='2856' ThreadID='2088'/><Channel>Microsoft-Windows-Sysmon/Operational</Channel><Computer>win-dc-469.attackrange.local</Computer><Security UserID='S-1-5-18'/></System><EventData><Data Name='RuleName'>-</Data><Data Name='UtcTime'>2021-10-14 18:51:04.215</Data><Data Name='ProcessGuid'>{8B6011A9-7C18-6168-0578-00000000F101}</Data><Data Name='ProcessId'>7040</Data><Data Name='Image'>C:\Windows\System32\setspn.exe</Data><Data Name='ImageLoaded'>C:\Windows\System32\gdi32.dll</Data><Data Name='FileVersion'>10.0.14393.4169 (rs1_release.210107-1130)</Data><Data Name='Description'>GDI Client DLL</Data><Data Name='Product'>Microsoft® Windows® Operating System</Data><Data Name='Company'>Microsoft Corporation</Data><Data Name='OriginalFileName'>gdi32</Data><Data Name='Hashes'>MD5=551D603CEC947F586DB9FADEF4D2EBA6,SHA256=143125EFF9F3BC5B3F3BE505F3C3814393807B9CACB6AA5F75D39C77EC0D4ED8</Data><Data Name='Signed'>true</Data><Data Name='Signature'>Microsoft Windows</Data><Data Name='SignatureStatus'>Valid</Data></EventData></Event>
<Event xmlns='http://schemas.microsoft.com/win/2004/08/events/event'><System><Provider Name='Microsoft-Windows-Sysmon' Guid='{5770385F-C22A-43E0-BF4C-06F5698FFBD9}'/><EventID>7</EventID><Version>3</Version><Level>4</Level><Task>7</Task><Opcode>0</Opcode><Keywords>0x8000000000000000</Keywords><TimeCreated SystemTime='2021-10-14T18:51:04.217765000Z'/><EventRecordID>29741361</EventRecordID><Correlation/><Execution ProcessID='2856' ThreadID='2088'/><Channel>Microsoft-Windows-Sysmon/Operational</Channel><Computer>win-dc-469.attackrange.local</Computer><Security UserID='S-1-5-18'/></System><EventData><Data Name='RuleName'>-</Data><Data Name='UtcTime'>2021-10-14 18:51:04.215</Data><Data Name='ProcessGuid'>{8B6011A9-7C18-6168-0578-00000000F101}</Data><Data Name='ProcessId'>7040</Data><Data Name='Image'>C:\Windows\System32\setspn.exe</Data><Data Name='ImageLoaded'>C:\Windows\System32\rpcrt4.dll</Data><Data Name='FileVersion'>10.0.14393.4467 (rs1_release.210604-1844)</Data><Data Name='Description'>Remote Procedure Call Runtime</Data><Data Name='Product'>Microsoft® Windows® Operating System</Data><Data Name='Company'>Microsoft Corporation</Data><Data Name='OriginalFileName'>rpcrt4.dll</Data><Data Name='Hashes'>MD5=B0C4BF9491FB453B77399E3C56C11DC8,SHA256=66D5D1B3D25D15EA8737C8B2EF83E770BA10931868F24DCACC50936F0A0BAC08</Data><Data Name='Signed'>true</Data><Data Name='Signature'>Microsoft Windows</Data><Data Name='SignatureStatus'>Valid</Data></EventData></Event>
<Event xmlns='http://schemas.microsoft.com/win/2004/08/events/event'><System><Provider Name='Microsoft-Windows-Sysmon' Guid='{5770385F-C22A-43E0-BF4C-06F5698FFBD9}'/><EventID>7</EventID><Version>3</Version><Level>4</Level><Task>7</Task><Opcode>0</Opcode><Keywords>0x8000000000000000</Keywords><TimeCreated SystemTime='2021-10-14T18:51:04.216315000Z'/><EventRecordID>29741360</EventRecordID><Correlation/><Execution ProcessID='2856' ThreadID='2088'/><Channel>Microsoft-Windows-Sysmon/Operational</Channel><Computer>win-dc-469.attackrange.local</Computer><Security UserID='S-1-5-18'/></System><EventData><Data Name='RuleName'>-</Data><Data Name='UtcTime'>2021-10-14 18:51:04.215</Data><Data Name='ProcessGuid'>{8B6011A9-7C18-6168-0578-00000000F101}</Data><Data Name='ProcessId'>7040</Data><Data Name='Image'>C:\Windows\System32\setspn.exe</Data><Data Name='ImageLoaded'>C:\Windows\System32\bcryptprimitives.dll</Data><Data Name='FileVersion'>10.0.14393.4583 (rs1_release.210730-1850)</Data><Data Name='Description'>Windows Cryptographic Primitives Library</Data><Data Name='Product'>Microsoft® Windows® Operating System</Data><Data Name='Company'>Microsoft Corporation</Data><Data Name='OriginalFileName'>bcryptprimitives.dll</Data><Data Name='Hashes'>MD5=8AAF6E1B14B9210052FFF90E25926D63,SHA256=F2120C8E63EA94F8618B31319A534731C16D8FDD58B0E1E70217D72A39D78353</Data><Data Name='Signed'>true</Data><Data Name='Signature'>Microsoft Windows</Data><Data Name='SignatureStatus'>Valid</Data></EventData></Event>
<Event xmlns='http://schemas.microsoft.com/win/2004/08/events/event'><System><Provider Name='Microsoft-Windows-Sysmon' Guid='{5770385F-C22A-43E0-BF4C-06F5698FFBD9}'/><EventID>7</EventID><Version>3</Version><Level>4</Level><Task>7</Task><Opcode>0</Opcode><Keywords>0x8000000000000000</Keywords><TimeCreated SystemTime='2021-10-14T18:51:04.216084800Z'/><EventRecordID>29741359</EventRecordID><Correlation/><Execution ProcessID='2856' ThreadID='2088'/><Channel>Microsoft-Windows-Sysmon/Operational</Channel><Computer>win-dc-469.attackrange.local</Computer><Security UserID='S-1-5-18'/></System><EventData><Data Name='RuleName'>-</Data><Data Name='UtcTime'>2021-10-14 18:51:04.214</Data><Data Name='ProcessGuid'>{8B6011A9-7C18-6168-0578-00000000F101}</Data><Data Name='ProcessId'>7040</Data><Data Name='Image'>C:\Windows\System32\setspn.exe</Data><Data Name='ImageLoaded'>C:\Windows\System32\combase.dll</Data><Data Name='FileVersion'>10.0.14393.4583 (rs1_release.210730-1850)</Data><Data Name='Description'>Microsoft COM for Windows</Data><Data Name='Product'>Microsoft® Windows® Operating System</Data><Data Name='Company'>Microsoft Corporation</Data><Data Name='OriginalFileName'>COMBASE.DLL</Data><Data Name='Hashes'>MD5=878EBD02A580FDF8F187100127E6D3A8,SHA256=54E4BADDFBD97CFFF871B6D7316B28872218B92F37C41199F71EB37BC5634216</Data><Data Name='Signed'>true</Data><Data Name='Signature'>Microsoft Windows</Data><Data Name='SignatureStatus'>Valid</Data></EventData></Event>
<Event xmlns='http://schemas.microsoft.com/win/2004/08/events/event'><System><Provider Name='Microsoft-Windows-Sysmon' Guid='{5770385F-C22A-43E0-BF4C-06F5698FFBD9}'/><EventID>7</EventID><Version>3</Version><Level>4</Level><Task>7</Task><Opcode>0</Opcode><Keywords>0x8000000000000000</Keywords><TimeCreated SystemTime='2021-10-14T18:51:04.215806700Z'/><EventRecordID>29741358</EventRecordID><Correlation/><Execution ProcessID='2856' ThreadID='2088'/><Channel>Microsoft-Windows-Sysmon/Operational</Channel><Computer>win-dc-469.attackrange.local</Computer><Security UserID='S-1-5-18'/></System><EventData><Data Name='RuleName'>-</Data><Data Name='UtcTime'>2021-10-14 18:51:04.214</Data><Data Name='ProcessGuid'>{8B6011A9-7C18-6168-0578-00000000F101}</Data><Data Name='ProcessId'>7040</Data><Data Name='Image'>C:\Windows\System32\setspn.exe</Data><Data Name='ImageLoaded'>C:\Windows\System32\logoncli.dll</Data><Data Name='FileVersion'>10.0.14393.3808 (rs1_release.200707-2105)</Data><Data Name='Description'>Net Logon Client DLL</Data><Data Name='Product'>Microsoft® Windows® Operating System</Data><Data Name='Company'>Microsoft Corporation</Data><Data Name='OriginalFileName'>LOGONCLI.DLL</Data><Data Name='Hashes'>MD5=B5C16F0A457DB3C7695AAC9EE7E3EE1E,SHA256=88764349C57E619C6D1253BB2F4AFB27DBD141E9EB9C12D445C20F7384A4F437</Data><Data Name='Signed'>true</Data><Data Name='Signature'>Microsoft Windows</Data><Data Name='SignatureStatus'>Valid</Data></EventData></Event>
<Event xmlns='http://schemas.microsoft.com/win/2004/08/events/event'><System><Provider Name='Microsoft-Windows-Sysmon' Guid='{5770385F-C22A-43E0-BF4C-06F5698FFBD9}'/><EventID>7</EventID><Version>3</Version><Level>4</Level><Task>7</Task><Opcode>0</Opcode><Keywords>0x8000000000000000</Keywords><TimeCreated SystemTime='2021-10-14T18:51:04.215340600Z'/><EventRecordID>29741356</EventRecordID><Correlation/><Execution ProcessID='2856' ThreadID='2088'/><Channel>Microsoft-Windows-Sysmon/Operational</Channel><Computer>win-dc-469.attackrange.local</Computer><Security UserID='S-1-5-18'/></System><EventData><Data Name='RuleName'>-</Data><Data Name='UtcTime'>2021-10-14 18:51:04.214</Data><Data Name='ProcessGuid'>{8B6011A9-7C18-6168-0578-00000000F101}</Data><Data Name='ProcessId'>7040</Data><Data Name='Image'>C:\Windows\System32\setspn.exe</Data><Data Name='ImageLoaded'>C:\Windows\System32\netutils.dll</Data><Data Name='FileVersion'>10.0.14393.0 (rs1_release.160715-1616)</Data><Data Name='Description'>Net Win32 API Helpers DLL</Data><Data Name='Product'>Microsoft® Windows® Operating System</Data><Data Name='Company'>Microsoft Corporation</Data><Data Name='OriginalFileName'>NETUTILS.DLL</Data><Data Name='Hashes'>MD5=504739A17F3A05531258784275A6F375,SHA256=A931C54C47B454407990241DB12BD209AC219C55F026ADDED427A9E84A409923</Data><Data Name='Signed'>true</Data><Data Name='Signature'>Microsoft Windows</Data><Data Name='SignatureStatus'>Valid</Data></EventData></Event>
<Event xmlns='http://schemas.microsoft.com/win/2004/08/events/event'><System><Provider Name='Microsoft-Windows-Sysmon' Guid='{5770385F-C22A-43E0-BF4C-06F5698FFBD9}'/><EventID>7</EventID><Version>3</Version><Level>4</Level><Task>7</Task><Opcode>0</Opcode><Keywords>0x8000000000000000</Keywords><TimeCreated SystemTime='2021-10-14T18:51:04.214901100Z'/><EventRecordID>29741355</EventRecordID><Correlation/><Execution ProcessID='2856' ThreadID='2088'/><Channel>Microsoft-Windows-Sysmon/Operational</Channel><Computer>win-dc-469.attackrange.local</Computer><Security UserID='S-1-5-18'/></System><EventData><Data Name='RuleName'>-</Data><Data Name='UtcTime'>2021-10-14 18:51:04.214</Data><Data Name='ProcessGuid'>{8B6011A9-7C18-6168-0578-00000000F101}</Data><Data Name='ProcessId'>7040</Data><Data Name='Image'>C:\Windows\System32\setspn.exe</Data><Data Name='ImageLoaded'>C:\Windows\System32\shlwapi.dll</Data><Data Name='FileVersion'>10.0.14393.4169 (rs1_release.210107-1130)</Data><Data Name='Description'>Shell Light-weight Utility Library</Data><Data Name='Product'>Microsoft® Windows® Operating System</Data><Data Name='Company'>Microsoft Corporation</Data><Data Name='OriginalFileName'>SHLWAPI.DLL</Data><Data Name='Hashes'>MD5=F9E249B6BB80C06BA30A61854567796C,SHA256=E5F62CD5D2FE7BE8D4E029ECA004A8773FF8D1F7AB92C115810AD54B5B8F50CA</Data><Data Name='Signed'>true</Data><Data Name='Signature'>Microsoft Windows</Data><Data Name='SignatureStatus'>Valid</Data></EventData></Event>
<Event xmlns='http://schemas.microsoft.com/win/2004/08/events/event'><System><Provider Name='Microsoft-Windows-Sysmon' Guid='{5770385F-C22A-43E0-BF4C-06F5698FFBD9}'/><EventID>7</EventID><Version>3</Version><Level>4</Level><Task>7</Task><Opcode>0</Opcode><Keywords>0x8000000000000000</Keywords><TimeCreated SystemTime='2021-10-14T18:51:04.214039300Z'/><EventRecordID>29741354</EventRecordID><Correlation/><Execution ProcessID='2856' ThreadID='2088'/><Channel>Microsoft-Windows-Sysmon/Operational</Channel><Computer>win-dc-469.attackrange.local</Computer><Security UserID='S-1-5-18'/></System><EventData><Data Name='RuleName'>-</Data><Data Name='UtcTime'>2021-10-14 18:51:04.213</Data><Data Name='ProcessGuid'>{8B6011A9-7C18-6168-0578-00000000F101}</Data><Data Name='ProcessId'>7040</Data><Data Name='Image'>C:\Windows\System32\setspn.exe</Data><Data Name='ImageLoaded'>C:\Windows\System32\ucrtbase.dll</Data><Data Name='FileVersion'>10.0.14393.3659 (rs1_release_1.200410-1813)</Data><Data Name='Description'>Microsoft® C Runtime Library</Data><Data Name='Product'>Microsoft® Windows® Operating System</Data><Data Name='Company'>Microsoft Corporation</Data><Data Name='OriginalFileName'>ucrtbase.dll</Data><Data Name='Hashes'>MD5=9804D130E8E7178738C2B9808091B427,SHA256=6053B7CC85846F15094475116A8C57BA89FE99FDD1978C54E8A7E2114E318FE3</Data><Data Name='Signed'>true</Data><Data Name='Signature'>Microsoft Windows</Data><Data Name='SignatureStatus'>Valid</Data></EventData></Event>
<Event xmlns='http://schemas.microsoft.com/win/2004/08/events/event'><System><Provider Name='Microsoft-Windows-Sysmon' Guid='{5770385F-C22A-43E0-BF4C-06F5698FFBD9}'/><EventID>7</EventID><Version>3</Version><Level>4</Level><Task>7</Task><Opcode>0</Opcode><Keywords>0x8000000000000000</Keywords><TimeCreated SystemTime='2021-10-14T18:51:04.213709100Z'/><EventRecordID>29741353</EventRecordID><Correlation/><Execution ProcessID='2856' ThreadID='2088'/><Channel>Microsoft-Windows-Sysmon/Operational</Channel><Computer>win-dc-469.attackrange.local</Computer><Security UserID='S-1-5-18'/></System><EventData><Data Name='RuleName'>-</Data><Data Name='UtcTime'>2021-10-14 18:51:04.212</Data><Data Name='ProcessGuid'>{8B6011A9-7C18-6168-0578-00000000F101}</Data><Data Name='ProcessId'>7040</Data><Data Name='Image'>C:\Windows\System32\setspn.exe</Data><Data Name='ImageLoaded'>C:\Windows\System32\Wldap32.dll</Data><Data Name='FileVersion'>10.0.14393.3269 (rs1_release.190929-1234)</Data><Data Name='Description'>Win32 LDAP API DLL</Data><Data Name='Product'>Microsoft® Windows® Operating System</Data><Data Name='Company'>Microsoft Corporation</Data><Data Name='OriginalFileName'>WLDAP32.DLL</Data><Data Name='Hashes'>MD5=12D6C3E8AC705BB42D377C05714F551C,SHA256=E67F6DB96F062A319312C365F1F55B2B38B0F90B77FFDA2522418709CBA45EB3</Data><Data Name='Signed'>true</Data><Data Name='Signature'>Microsoft Windows</Data><Data Name='SignatureStatus'>Valid</Data></EventData></Event>
<Event xmlns='http://schemas.microsoft.com/win/2004/08/events/event'><System><Provider Name='Microsoft-Windows-Sysmon' Guid='{5770385F-C22A-43E0-BF4C-06F5698FFBD9}'/><EventID>7</EventID><Version>3</Version><Level>4</Level><Task>7</Task><Opcode>0</Opcode><Keywords>0x8000000000000000</Keywords><TimeCreated SystemTime='2021-10-14T18:51:04.213177900Z'/><EventRecordID>29741352</EventRecordID><Correlation/><Execution ProcessID='2856' ThreadID='2088'/><Channel>Microsoft-Windows-Sysmon/Operational</Channel><Computer>win-dc-469.attackrange.local</Computer><Security UserID='S-1-5-18'/></System><EventData><Data Name='RuleName'>-</Data><Data Name='UtcTime'>2021-10-14 18:51:04.212</Data><Data Name='ProcessGuid'>{8B6011A9-7C18-6168-0578-00000000F101}</Data><Data Name='ProcessId'>7040</Data><Data Name='Image'>C:\Windows\System32\setspn.exe</Data><Data Name='ImageLoaded'>C:\Windows\System32\msvcrt.dll</Data><Data Name='FileVersion'>7.0.14393.2457 (rs1_release_inmarket.180822-1743)</Data><Data Name='Description'>Windows NT CRT DLL</Data><Data Name='Product'>Microsoft® Windows® Operating System</Data><Data Name='Company'>Microsoft Corporation</Data><Data Name='OriginalFileName'>msvcrt.dll</Data><Data Name='Hashes'>MD5=0AF8989DD67A135B536CF948E3EFB7EB,SHA256=C693DA0EF4DCF3BC244661B9FD280FE12C3053FDD7B977712C0CF210831B2EF4</Data><Data Name='Signed'>true</Data><Data Name='Signature'>Microsoft Windows</Data><Data Name='SignatureStatus'>Valid</Data></EventData></Event>
<Event xmlns='http://schemas.microsoft.com/win/2004/08/events/event'><System><Provider Name='Microsoft-Windows-Sysmon' Guid='{5770385F-C22A-43E0-BF4C-06F5698FFBD9}'/><EventID>10</EventID><Version>3</Version><Level>4</Level><Task>10</Task><Opcode>0</Opcode><Keywords>0x8000000000000000</Keywords><TimeCreated SystemTime='2021-10-14T18:51:04.212216200Z'/><EventRecordID>29741351</EventRecordID><Correlation/><Execution ProcessID='2856' ThreadID='2088'/><Channel>Microsoft-Windows-Sysmon/Operational</Channel><Computer>win-dc-469.attackrange.local</Computer><Security UserID='S-1-5-18'/></System><EventData><Data Name='RuleName'>-</Data><Data Name='UtcTime'>2021-10-14 18:51:04.211</Data><Data Name='SourceProcessGUID'>{8B6011A9-ACE9-6164-3205-00000000F101}</Data><Data Name='SourceProcessId'>4484</Data><Data Name='SourceThreadId'>5180</Data><Data Name='SourceImage'>C:\Windows\system32\conhost.exe</Data><Data Name='TargetProcessGUID'>{8B6011A9-7C18-6168-0578-00000000F101}</Data><Data Name='TargetProcessId'>7040</Data><Data Name='TargetImage'>C:\Windows\system32\setspn.exe</Data><Data Name='GrantedAccess'>0x1fffff</Data><Data Name='CallTrace'>C:\Windows\SYSTEM32\ntdll.dll+a6134|C:\Windows\SYSTEM32\ConhostV2.dll+5ca7|C:\Windows\SYSTEM32\ConhostV2.dll+774b|C:\Windows\SYSTEM32\ConhostV2.dll+a8ef|C:\Windows\System32\KERNEL32.DLL+84d4|C:\Windows\SYSTEM32\ntdll.dll+51781</Data></EventData></Event>
<Event xmlns='http://schemas.microsoft.com/win/2004/08/events/event'><System><Provider Name='Microsoft-Windows-Sysmon' Guid='{5770385F-C22A-43E0-BF4C-06F5698FFBD9}'/><EventID>7</EventID><Version>3</Version><Level>4</Level><Task>7</Task><Opcode>0</Opcode><Keywords>0x8000000000000000</Keywords><TimeCreated SystemTime='2021-10-14T18:51:04.211499400Z'/><EventRecordID>29741350</EventRecordID><Correlation/><Execution ProcessID='2856' ThreadID='2088'/><Channel>Microsoft-Windows-Sysmon/Operational</Channel><Computer>win-dc-469.attackrange.local</Computer><Security UserID='S-1-5-18'/></System><EventData><Data Name='RuleName'>-</Data><Data Name='UtcTime'>2021-10-14 18:51:04.210</Data><Data Name='ProcessGuid'>{8B6011A9-7C18-6168-0578-00000000F101}</Data><Data Name='ProcessId'>7040</Data><Data Name='Image'>C:\Windows\System32\setspn.exe</Data><Data Name='ImageLoaded'>C:\Windows\System32\KernelBase.dll</Data><Data Name='FileVersion'>10.0.14393.4350 (rs1_release.210407-2154)</Data><Data Name='Description'>Windows NT BASE API Client DLL</Data><Data Name='Product'>Microsoft® Windows® Operating System</Data><Data Name='Company'>Microsoft Corporation</Data><Data Name='OriginalFileName'>Kernelbase.dll</Data><Data Name='Hashes'>MD5=0F627827D9CFFA8E0BCF30F013FB7209,SHA256=EA47C3E471801ACA92EE449C66CF785EA670ADE92A5A2D5CDB81C93DD72ABEF0</Data><Data Name='Signed'>true</Data><Data Name='Signature'>Microsoft Windows</Data><Data Name='SignatureStatus'>Valid</Data></EventData></Event>
<Event xmlns='http://schemas.microsoft.com/win/2004/08/events/event'><System><Provider Name='Microsoft-Windows-Sysmon' Guid='{5770385F-C22A-43E0-BF4C-06F5698FFBD9}'/><EventID>7</EventID><Version>3</Version><Level>4</Level><Task>7</Task><Opcode>0</Opcode><Keywords>0x8000000000000000</Keywords><TimeCreated SystemTime='2021-10-14T18:51:04.211283100Z'/><EventRecordID>29741349</EventRecordID><Correlation/><Execution ProcessID='2856' ThreadID='2088'/><Channel>Microsoft-Windows-Sysmon/Operational</Channel><Computer>win-dc-469.attackrange.local</Computer><Security UserID='S-1-5-18'/></System><EventData><Data Name='RuleName'>-</Data><Data Name='UtcTime'>2021-10-14 18:51:04.210</Data><Data Name='ProcessGuid'>{8B6011A9-7C18-6168-0578-00000000F101}</Data><Data Name='ProcessId'>7040</Data><Data Name='Image'>C:\Windows\System32\setspn.exe</Data><Data Name='ImageLoaded'>C:\Windows\System32\kernel32.dll</Data><Data Name='FileVersion'>10.0.14393.4350 (rs1_release.210407-2154)</Data><Data Name='Description'>Windows NT BASE API Client DLL</Data><Data Name='Product'>Microsoft® Windows® Operating System</Data><Data Name='Company'>Microsoft Corporation</Data><Data Name='OriginalFileName'>kernel32</Data><Data Name='Hashes'>MD5=A5AD62615D2361BFAEC6C047B199184C,SHA256=B43F3DFDAF7BAA7A2B97015631F96CE429C50348D380080CFC29C36F959D7886</Data><Data Name='Signed'>true</Data><Data Name='Signature'>Microsoft Windows</Data><Data Name='SignatureStatus'>Valid</Data></EventData></Event>
<Event xmlns='http://schemas.microsoft.com/win/2004/08/events/event'><System><Provider Name='Microsoft-Windows-Sysmon' Guid='{5770385F-C22A-43E0-BF4C-06F5698FFBD9}'/><EventID>7</EventID><Version>3</Version><Level>4</Level><Task>7</Task><Opcode>0</Opcode><Keywords>0x8000000000000000</Keywords><TimeCreated SystemTime='2021-10-14T18:51:04.210532300Z'/><EventRecordID>29741346</EventRecordID><Correlation/><Execution ProcessID='2856' ThreadID='2088'/><Channel>Microsoft-Windows-Sysmon/Operational</Channel><Computer>win-dc-469.attackrange.local</Computer><Security UserID='S-1-5-18'/></System><EventData><Data Name='RuleName'>-</Data><Data Name='UtcTime'>2021-10-14 18:51:04.209</Data><Data Name='ProcessGuid'>{8B6011A9-7C18-6168-0578-00000000F101}</Data><Data Name='ProcessId'>7040</Data><Data Name='Image'>C:\Windows\System32\setspn.exe</Data><Data Name='ImageLoaded'>C:\Windows\System32\ntdll.dll</Data><Data Name='FileVersion'>10.0.14393.4530 (rs1_release.210705-0736)</Data><Data Name='Description'>NT Layer DLL</Data><Data Name='Product'>Microsoft® Windows® Operating System</Data><Data Name='Company'>Microsoft Corporation</Data><Data Name='OriginalFileName'>ntdll.dll</Data><Data Name='Hashes'>MD5=36B87C41EE39F3051D116F735EBEF866,SHA256=9C45BAE6D7E27B3AE04BBF88B96686C04ED6A43695558E82B687013BA0383F8A</Data><Data Name='Signed'>true</Data><Data Name='Signature'>Microsoft Windows</Data><Data Name='SignatureStatus'>Valid</Data></EventData></Event>
<Event xmlns='http://schemas.microsoft.com/win/2004/08/events/event'><System><Provider Name='Microsoft-Windows-Sysmon' Guid='{5770385F-C22A-43E0-BF4C-06F5698FFBD9}'/><EventID>10</EventID><Version>3</Version><Level>4</Level><Task>10</Task><Opcode>0</Opcode><Keywords>0x8000000000000000</Keywords><TimeCreated SystemTime='2021-10-14T18:51:04.208535100Z'/><EventRecordID>29741345</EventRecordID><Correlation/><Execution ProcessID='2856' ThreadID='2088'/><Channel>Microsoft-Windows-Sysmon/Operational</Channel><Computer>win-dc-469.attackrange.local</Computer><Security UserID='S-1-5-18'/></System><EventData><Data Name='RuleName'>-</Data><Data Name='UtcTime'>2021-10-14 18:51:04.207</Data><Data Name='SourceProcessGUID'>{8B6011A9-888A-6164-7000-00000000F101}</Data><Data Name='SourceProcessId'>3448</Data><Data Name='SourceThreadId'>3444</Data><Data Name='SourceImage'>C:\Windows\system32\csrss.exe</Data><Data Name='TargetProcessGUID'>{8B6011A9-7C18-6168-0578-00000000F101}</Data><Data Name='TargetProcessId'>7040</Data><Data Name='TargetImage'>C:\Windows\system32\setspn.exe</Data><Data Name='GrantedAccess'>0x1fffff</Data><Data Name='CallTrace'>C:\Windows\SYSTEM32\ntdll.dll+a6134|C:\Windows\system32\basesrv.DLL+2f47|C:\Windows\SYSTEM32\CSRSRV.dll+5645|C:\Windows\SYSTEM32\ntdll.dll+5178f</Data></EventData></Event>
<Event xmlns='http://schemas.microsoft.com/win/2004/08/events/event'><System><Provider Name='Microsoft-Windows-Sysmon' Guid='{5770385F-C22A-43E0-BF4C-06F5698FFBD9}'/><EventID>10</EventID><Version>3</Version><Level>4</Level><Task>10</Task><Opcode>0</Opcode><Keywords>0x8000000000000000</Keywords><TimeCreated SystemTime='2021-10-14T18:51:04.208279100Z'/><EventRecordID>29741344</EventRecordID><Correlation/><Execution ProcessID='2856' ThreadID='2088'/><Channel>Microsoft-Windows-Sysmon/Operational</Channel><Computer>win-dc-469.attackrange.local</Computer><Security UserID='S-1-5-18'/></System><EventData><Data Name='RuleName'>-</Data><Data Name='UtcTime'>2021-10-14 18:51:04.207</Data><Data Name='SourceProcessGUID'>{8B6011A9-ACE9-6164-3105-00000000F101}</Data><Data Name='SourceProcessId'>4416</Data><Data Name='SourceThreadId'>5780</Data><Data Name='SourceImage'>C:\Windows\System32\WindowsPowerShell\v1.0\powershell.exe</Data><Data Name='TargetProcessGUID'>{8B6011A9-7C18-6168-0578-00000000F101}</Data><Data Name='TargetProcessId'>7040</Data><Data Name='TargetImage'>C:\Windows\system32\setspn.exe</Data><Data Name='GrantedAccess'>0x1fffff</Data><Data Name='CallTrace'>C:\Windows\SYSTEM32\ntdll.dll+a7404|C:\Windows\System32\KERNELBASE.dll+2b860|C:\Windows\System32\KERNELBASE.dll+6b246|C:\Windows\System32\KERNEL32.DLL+1c213|C:\Windows\assembly\NativeImages_v4.0.30319_64\System\2a6ccbaba5690e5b3fec3bf707022bdb\System.ni.dll+384146|C:\Windows\assembly\NativeImages_v4.0.30319_64\System\2a6ccbaba5690e5b3fec3bf707022bdb\System.ni.dll+2c4809|C:\Windows\assembly\NativeImages_v4.0.30319_64\System\2a6ccbaba5690e5b3fec3bf707022bdb\System.ni.dll+2c4179|C:\Windows\assembly\NativeImages_v4.0.30319_64\System.Manaa57fc8cc#\0784610d68cd6b36e46150702bf69c35\System.Management.Automation.ni.dll+4a60023(wow64)|C:\Windows\assembly\NativeImages_v4.0.30319_64\System.Manaa57fc8cc#\0784610d68cd6b36e46150702bf69c35\System.Management.Automation.ni.dll+3ee347c(wow64)|C:\Windows\assembly\NativeImages_v4.0.30319_64\System.Manaa57fc8cc#\0784610d68cd6b36e46150702bf69c35\System.Management.Automation.ni.dll+3ee30b7(wow64)|C:\Windows\assembly\NativeImages_v4.0.30319_64\System.Manaa57fc8cc#\0784610d68cd6b36e46150702bf69c35\System.Management.Automation.ni.dll+49ab3e5(wow64)|C:\Windows\assembly\NativeImages_v4.0.30319_64\System.Manaa57fc8cc#\0784610d68cd6b36e46150702bf69c35\System.Management.Automation.ni.dll+3ea0029(wow64)|C:\Windows\assembly\NativeImages_v4.0.30319_64\System.Manaa57fc8cc#\0784610d68cd6b36e46150702bf69c35\System.Management.Automation.ni.dll+3f03a9b(wow64)|C:\Windows\assembly\NativeImages_v4.0.30319_64\System.Manaa57fc8cc#\0784610d68cd6b36e46150702bf69c35\System.Management.Automation.ni.dll+3ee5aaa(wow64)|C:\Windows\assembly\NativeImages_v4.0.30319_64\System.Manaa57fc8cc#\0784610d68cd6b36e46150702bf69c35\System.Management.Automation.ni.dll+3ee5aaa(wow64)|C:\Windows\assembly\NativeImages_v4.0.30319_64\System.Manaa57fc8cc#\0784610d68cd6b36e46150702bf69c35\System.Management.Automation.ni.dll+3ee593b(wow64)|C:\Windows\assembly\NativeImages_v4.0.30319_64\System.Manaa57fc8cc#\0784610d68cd6b36e46150702bf69c35\System.Management.Automation.ni.dll+3ed665b(wow64)|C:\Windows\assembly\NativeImages_v4.0.30319_64\System.Manaa57fc8cc#\0784610d68cd6b36e46150702bf69c35\System.Management.Automation.ni.dll+3ee3b9d(wow64)|C:\Windows\assembly\NativeImages_v4.0.30319_64\System.Manaa57fc8cc#\0784610d68cd6b36e46150702bf69c35\System.Management.Automation.ni.dll+3ee370f(wow64)|C:\Windows\assembly\NativeImages_v4.0.30319_64\System.Manaa57fc8cc#\0784610d68cd6b36e46150702bf69c35\System.Management.Automation.ni.dll+3ee347c(wow64)|C:\Windows\assembly\NativeImages_v4.0.30319_64\System.Manaa57fc8cc#\0784610d68cd6b36e46150702bf69c35\System.Management.Automation.ni.dll+3ee30b7(wow64)|C:\Windows\assembly\NativeImages_v4.0.30319_64\System.Manaa57fc8cc#\0784610d68cd6b36e46150702bf69c35\System.Management.Automation.ni.dll+49ab3e5(wow64)|C:\Windows\assembly\NativeImages_v4.0.30319_64\System.Manaa57fc8cc#\0784610d68cd6b36e46150702bf69c35\System.Management.Automation.ni.dll+3ec8362(wow64)|C:\Windows\assembly\NativeImages_v4.0.30319_64\System.Manaa57fc8cc#\0784610d68cd6b36e46150702bf69c35\System.Management.Automation.ni.dll+3ec78d4(wow64)</Data></EventData></Event>
<Event xmlns='http://schemas.microsoft.com/win/2004/08/events/event'><System><Provider Name='Microsoft-Windows-Sysmon' Guid='{5770385F-C22A-43E0-BF4C-06F5698FFBD9}'/><EventID>1</EventID><Version>5</Version><Level>4</Level><Task>1</Task><Opcode>0</Opcode><Keywords>0x8000000000000000</Keywords><TimeCreated SystemTime='2021-10-14T18:51:04.208098900Z'/><EventRecordID>29741343</EventRecordID><Correlation/><Execution ProcessID='2856' ThreadID='2088'/><Channel>Microsoft-Windows-Sysmon/Operational</Channel><Computer>win-dc-469.attackrange.local</Computer><Security UserID='S-1-5-18'/></System><EventData><Data Name='RuleName'>-</Data><Data Name='UtcTime'>2021-10-14 18:51:04.205</Data><Data Name='ProcessGuid'>{8B6011A9-7C18-6168-0578-00000000F101}</Data><Data Name='ProcessId'>7040</Data><Data Name='Image'>C:\Windows\System32\setspn.exe</Data><Data Name='FileVersion'>10.0.14393.0 (rs1_release.160715-1616)</Data><Data Name='Description'>Query or reset the computer's SPN attribute</Data><Data Name='Product'>Microsoft® Windows® Operating System</Data><Data Name='Company'>Microsoft Corporation</Data><Data Name='OriginalFileName'>setspn.exe</Data><Data Name='CommandLine'>"C:\Windows\system32\setspn.exe"</Data><Data Name='CurrentDirectory'>C:\Users\Administrator\</Data><Data Name='User'>ATTACKRANGE\Administrator</Data><Data Name='LogonGuid'>{8B6011A9-8897-6164-CBF3-050000000000}</Data><Data Name='LogonId'>0x5f3cb</Data><Data Name='TerminalSessionId'>2</Data><Data Name='IntegrityLevel'>High</Data><Data Name='Hashes'>MD5=5C184D581524245DAD7A0A02B51FD2C2,SHA256=909C2DDF06CFEB1F79004DBB5E9B9D36B693CFDFF3459E0A6A51616B2AD6D2D1</Data><Data Name='ParentProcessGuid'>{8B6011A9-ACE9-6164-3105-00000000F101}</Data><Data Name='ParentProcessId'>4416</Data><Data Name='ParentImage'>C:\Windows\System32\WindowsPowerShell\v1.0\powershell.exe</Data><Data Name='ParentCommandLine'>"C:\Windows\System32\WindowsPowerShell\v1.0\powershell.exe" </Data></EventData></Event>
<Event xmlns='http://schemas.microsoft.com/win/2004/08/events/event'><System><Provider Name='Microsoft-Windows-Sysmon' Guid='{5770385F-C22A-43E0-BF4C-06F5698FFBD9}'/><EventID>5</EventID><Version>3</Version><Level>4</Level><Task>5</Task><Opcode>0</Opcode><Keywords>0x8000000000000000</Keywords><TimeCreated SystemTime='2021-10-14T18:51:16.211363800Z'/><EventRecordID>29741694</EventRecordID><Correlation/><Execution ProcessID='2856' ThreadID='2088'/><Channel>Microsoft-Windows-Sysmon/Operational</Channel><Computer>win-dc-469.attackrange.local</Computer><Security UserID='S-1-5-18'/></System><EventData><Data Name='RuleName'>-</Data><Data Name='UtcTime'>2021-10-14 18:51:16.210</Data><Data Name='ProcessGuid'>{8B6011A9-7C24-6168-0A78-00000000F101}</Data><Data Name='ProcessId'>2696</Data><Data Name='Image'>C:\Windows\System32\setspn.exe</Data></EventData></Event>
<Event xmlns='http://schemas.microsoft.com/win/2004/08/events/event'><System><Provider Name='Microsoft-Windows-Sysmon' Guid='{5770385F-C22A-43E0-BF4C-06F5698FFBD9}'/><EventID>7</EventID><Version>3</Version><Level>4</Level><Task>7</Task><Opcode>0</Opcode><Keywords>0x8000000000000000</Keywords><TimeCreated SystemTime='2021-10-14T18:51:16.194047200Z'/><EventRecordID>29741693</EventRecordID><Correlation/><Execution ProcessID='2856' ThreadID='2088'/><Channel>Microsoft-Windows-Sysmon/Operational</Channel><Computer>win-dc-469.attackrange.local</Computer><Security UserID='S-1-5-18'/></System><EventData><Data Name='RuleName'>-</Data><Data Name='UtcTime'>2021-10-14 18:51:16.192</Data><Data Name='ProcessGuid'>{8B6011A9-7C24-6168-0A78-00000000F101}</Data><Data Name='ProcessId'>2696</Data><Data Name='Image'>C:\Windows\System32\setspn.exe</Data><Data Name='ImageLoaded'>C:\Windows\System32\imm32.dll</Data><Data Name='FileVersion'>10.0.14393.0 (rs1_release.160715-1616)</Data><Data Name='Description'>Multi-User Windows IMM32 API Client DLL</Data><Data Name='Product'>Microsoft® Windows® Operating System</Data><Data Name='Company'>Microsoft Corporation</Data><Data Name='OriginalFileName'>imm32</Data><Data Name='Hashes'>MD5=E1024CF2E35DD3467F52BC83F7FEDA3F,SHA256=59C87761AD509BD096C2F35257C2370FB94B95160CB63FB9E66DFD8210AB002A</Data><Data Name='Signed'>true</Data><Data Name='Signature'>Microsoft Windows</Data><Data Name='SignatureStatus'>Valid</Data></EventData></Event>
<Event xmlns='http://schemas.microsoft.com/win/2004/08/events/event'><System><Provider Name='Microsoft-Windows-Sysmon' Guid='{5770385F-C22A-43E0-BF4C-06F5698FFBD9}'/><EventID>7</EventID><Version>3</Version><Level>4</Level><Task>7</Task><Opcode>0</Opcode><Keywords>0x8000000000000000</Keywords><TimeCreated SystemTime='2021-10-14T18:51:16.182639200Z'/><EventRecordID>29741692</EventRecordID><Correlation/><Execution ProcessID='2856' ThreadID='2088'/><Channel>Microsoft-Windows-Sysmon/Operational</Channel><Computer>win-dc-469.attackrange.local</Computer><Security UserID='S-1-5-18'/></System><EventData><Data Name='RuleName'>-</Data><Data Name='UtcTime'>2021-10-14 18:51:16.181</Data><Data Name='ProcessGuid'>{8B6011A9-7C24-6168-0A78-00000000F101}</Data><Data Name='ProcessId'>2696</Data><Data Name='Image'>C:\Windows\System32\setspn.exe</Data><Data Name='ImageLoaded'>C:\Windows\System32\win32u.dll</Data><Data Name='FileVersion'>10.0.14393.0 (rs1_release.160715-1616)</Data><Data Name='Description'>Win32u</Data><Data Name='Product'>Microsoft® Windows® Operating System</Data><Data Name='Company'>Microsoft Corporation</Data><Data Name='OriginalFileName'>Win32u.DLL</Data><Data Name='Hashes'>MD5=6A40F9C63B52CB4E8271CF3418618033,SHA256=A2BE23DA7AADFA9118130C939CD59D86E590957172FF404511EE6C5EC5147F15</Data><Data Name='Signed'>true</Data><Data Name='Signature'>Microsoft Windows</Data><Data Name='SignatureStatus'>Valid</Data></EventData></Event>
<Event xmlns='http://schemas.microsoft.com/win/2004/08/events/event'><System><Provider Name='Microsoft-Windows-Sysmon' Guid='{5770385F-C22A-43E0-BF4C-06F5698FFBD9}'/><EventID>7</EventID><Version>3</Version><Level>4</Level><Task>7</Task><Opcode>0</Opcode><Keywords>0x8000000000000000</Keywords><TimeCreated SystemTime='2021-10-14T18:51:16.182446700Z'/><EventRecordID>29741691</EventRecordID><Correlation/><Execution ProcessID='2856' ThreadID='2088'/><Channel>Microsoft-Windows-Sysmon/Operational</Channel><Computer>win-dc-469.attackrange.local</Computer><Security UserID='S-1-5-18'/></System><EventData><Data Name='RuleName'>-</Data><Data Name='UtcTime'>2021-10-14 18:51:16.181</Data><Data Name='ProcessGuid'>{8B6011A9-7C24-6168-0A78-00000000F101}</Data><Data Name='ProcessId'>2696</Data><Data Name='Image'>C:\Windows\System32\setspn.exe</Data><Data Name='ImageLoaded'>C:\Windows\System32\user32.dll</Data><Data Name='FileVersion'>10.0.14393.4169 (rs1_release.210107-1130)</Data><Data Name='Description'>Multi-User Windows USER API Client DLL</Data><Data Name='Product'>Microsoft® Windows® Operating System</Data><Data Name='Company'>Microsoft Corporation</Data><Data Name='OriginalFileName'>user32</Data><Data Name='Hashes'>MD5=883B59C5557E8A9B3C1E1ED1CA48CD5A,SHA256=271800C20A96587265BF83DE2EFC11329EEB2B6C0D57E5E0BCD137FB96BFE6E3</Data><Data Name='Signed'>true</Data><Data Name='Signature'>Microsoft Windows</Data><Data Name='SignatureStatus'>Valid</Data></EventData></Event>
<Event xmlns='http://schemas.microsoft.com/win/2004/08/events/event'><System><Provider Name='Microsoft-Windows-Sysmon' Guid='{5770385F-C22A-43E0-BF4C-06F5698FFBD9}'/><EventID>7</EventID><Version>3</Version><Level>4</Level><Task>7</Task><Opcode>0</Opcode><Keywords>0x8000000000000000</Keywords><TimeCreated SystemTime='2021-10-14T18:51:16.182147300Z'/><EventRecordID>29741690</EventRecordID><Correlation/><Execution ProcessID='2856' ThreadID='2088'/><Channel>Microsoft-Windows-Sysmon/Operational</Channel><Computer>win-dc-469.attackrange.local</Computer><Security UserID='S-1-5-18'/></System><EventData><Data Name='RuleName'>-</Data><Data Name='UtcTime'>2021-10-14 18:51:16.181</Data><Data Name='ProcessGuid'>{8B6011A9-7C24-6168-0A78-00000000F101}</Data><Data Name='ProcessId'>2696</Data><Data Name='Image'>C:\Windows\System32\setspn.exe</Data><Data Name='ImageLoaded'>C:\Windows\System32\gdi32full.dll</Data><Data Name='FileVersion'>10.0.14393.4530 (rs1_release.210705-0736)</Data><Data Name='Description'>GDI Client DLL</Data><Data Name='Product'>Microsoft® Windows® Operating System</Data><Data Name='Company'>Microsoft Corporation</Data><Data Name='OriginalFileName'>gdi32</Data><Data Name='Hashes'>MD5=9D82D7DBC3D9E0D8E86D10A5B1BF736E,SHA256=270CA1A42ECB4C22E826C1C95924F0014CC99254AB55B7167DA144D45E238E6D</Data><Data Name='Signed'>true</Data><Data Name='Signature'>Microsoft Windows</Data><Data Name='SignatureStatus'>Valid</Data></EventData></Event>
<Event xmlns='http://schemas.microsoft.com/win/2004/08/events/event'><System><Provider Name='Microsoft-Windows-Sysmon' Guid='{5770385F-C22A-43E0-BF4C-06F5698FFBD9}'/><EventID>7</EventID><Version>3</Version><Level>4</Level><Task>7</Task><Opcode>0</Opcode><Keywords>0x8000000000000000</Keywords><TimeCreated SystemTime='2021-10-14T18:51:16.181799100Z'/><EventRecordID>29741689</EventRecordID><Correlation/><Execution ProcessID='2856' ThreadID='2088'/><Channel>Microsoft-Windows-Sysmon/Operational</Channel><Computer>win-dc-469.attackrange.local</Computer><Security UserID='S-1-5-18'/></System><EventData><Data Name='RuleName'>-</Data><Data Name='UtcTime'>2021-10-14 18:51:16.179</Data><Data Name='ProcessGuid'>{8B6011A9-7C24-6168-0A78-00000000F101}</Data><Data Name='ProcessId'>2696</Data><Data Name='Image'>C:\Windows\System32\setspn.exe</Data><Data Name='ImageLoaded'>C:\Windows\System32\gdi32.dll</Data><Data Name='FileVersion'>10.0.14393.4169 (rs1_release.210107-1130)</Data><Data Name='Description'>GDI Client DLL</Data><Data Name='Product'>Microsoft® Windows® Operating System</Data><Data Name='Company'>Microsoft Corporation</Data><Data Name='OriginalFileName'>gdi32</Data><Data Name='Hashes'>MD5=551D603CEC947F586DB9FADEF4D2EBA6,SHA256=143125EFF9F3BC5B3F3BE505F3C3814393807B9CACB6AA5F75D39C77EC0D4ED8</Data><Data Name='Signed'>true</Data><Data Name='Signature'>Microsoft Windows</Data><Data Name='SignatureStatus'>Valid</Data></EventData></Event>
