10/16/2020 09:12:38 AM
LogName=System
SourceName=Microsoft-Windows-Service Control Manager
EventCode=7036
EventType=4
Type=Information
ComputerName=win-dc-156.attackrange.local
TaskCategory=None
OpCode=The operation completed successfully.
RecordNumber=82707
Keywords=Classic
Message=The Task Scheduler service entered the stopped state.
10/16/2020 09:12:38 AM
LogName=System
SourceName=Microsoft-Windows-Service Control Manager
EventCode=7036
EventType=4
Type=Information
ComputerName=win-dc-156.attackrange.local
TaskCategory=None
OpCode=The operation completed successfully.
RecordNumber=82706
Keywords=Classic
Message=The Windows Update service entered the stopped state.
10/16/2020 09:12:38 AM
LogName=System
SourceName=Microsoft-Windows-Service Control Manager
EventCode=7036
EventType=4
Type=Information
ComputerName=win-dc-156.attackrange.local
TaskCategory=None
OpCode=The operation completed successfully.
RecordNumber=82705
Keywords=Classic
Message=The Cryptographic Services service entered the stopped state.
10/16/2020 09:12:38 AM
LogName=System
SourceName=Microsoft-Windows-Service Control Manager
EventCode=7036
EventType=4
Type=Information
ComputerName=win-dc-156.attackrange.local
TaskCategory=None
OpCode=The operation completed successfully.
RecordNumber=82704
Keywords=Classic
Message=The Windows Connection Manager service entered the stopped state.
10/16/2020 09:12:38 AM
LogName=System
SourceName=Microsoft-Windows-Service Control Manager
EventCode=7036
EventType=4
Type=Information
ComputerName=win-dc-156.attackrange.local
TaskCategory=None
OpCode=The operation completed successfully.
RecordNumber=82703
Keywords=Classic
Message=The Windows Management Instrumentation service entered the stopped state.
10/16/2020 09:12:38 AM
LogName=System
SourceName=Microsoft-Windows-Service Control Manager
EventCode=7036
EventType=4
Type=Information
ComputerName=win-dc-156.attackrange.local
TaskCategory=None
OpCode=The operation completed successfully.
RecordNumber=82702
Keywords=Classic
Message=The Distributed Transaction Coordinator service entered the stopped state.
10/16/2020 09:12:38 AM
LogName=System
SourceName=Microsoft-Windows-Service Control Manager
EventCode=7036
EventType=4
Type=Information
ComputerName=win-dc-156.attackrange.local
TaskCategory=None
OpCode=The operation completed successfully.
RecordNumber=82701
Keywords=Classic
Message=The DHCP Client service entered the stopped state.
10/16/2020 09:12:38 AM
LogName=System
SourceName=Microsoft-Windows-Dhcp-Client
EventCode=50037
EventType=4
Type=Information
ComputerName=win-dc-156.attackrange.local
User=NOT_TRANSLATED
Sid=S-1-5-19
SidType=0
TaskCategory=Service State Event
OpCode=ServiceStop
RecordNumber=82700
Keywords=None
Message=DHCPv4 client service is stopped. ShutDown Flag value is 1
10/16/2020 09:12:38 AM
LogName=System
SourceName=Microsoft-Windows-DHCPv6-Client
EventCode=51047
EventType=4
Type=Information
ComputerName=win-dc-156.attackrange.local
User=NOT_TRANSLATED
Sid=S-1-5-19
SidType=0
TaskCategory=Service State Event
OpCode=ServiceStop
RecordNumber=82699
Keywords=None
Message=DHCPv6 client service is stopped. ShutDown Flag value is 1
10/16/2020 09:12:38 AM
LogName=System
SourceName=Microsoft-Windows-Service Control Manager
EventCode=7036
EventType=4
Type=Information
ComputerName=win-dc-156.attackrange.local
TaskCategory=None
OpCode=The operation completed successfully.
RecordNumber=82698
Keywords=Classic
Message=The vds service entered the stopped state.
10/16/2020 09:12:38 AM
LogName=System
SourceName=Microsoft-Windows-Service Control Manager
EventCode=7036
EventType=4
Type=Information
ComputerName=win-dc-156.attackrange.local
TaskCategory=None
OpCode=The operation completed successfully.
RecordNumber=82697
Keywords=Classic
Message=The State Repository Service service entered the stopped state.
10/16/2020 09:12:38 AM
LogName=System
SourceName=Microsoft-Windows-Service Control Manager
EventCode=7036
EventType=4
Type=Information
ComputerName=win-dc-156.attackrange.local
TaskCategory=None
OpCode=The operation completed successfully.
RecordNumber=82696
Keywords=Classic
Message=The Diagnostic Policy Service service entered the stopped state.
10/16/2020 09:12:38 AM
LogName=System
SourceName=Microsoft-Windows-Service Control Manager
EventCode=7036
EventType=4
Type=Information
ComputerName=win-dc-156.attackrange.local
TaskCategory=None
OpCode=The operation completed successfully.
RecordNumber=82695
Keywords=Classic
Message=The Windows Font Cache Service service entered the stopped state.
10/16/2020 09:12:38 AM
LogName=System
SourceName=Microsoft-Windows-Service Control Manager
EventCode=7036
EventType=4
Type=Information
ComputerName=win-dc-156.attackrange.local
TaskCategory=None
OpCode=The operation completed successfully.
RecordNumber=82694
Keywords=Classic
Message=The User Profile Service service entered the stopped state.
10/16/2020 09:12:38 AM
LogName=System
SourceName=Microsoft-Windows-Service Control Manager
EventCode=7036
EventType=4
Type=Information
ComputerName=win-dc-156.attackrange.local
TaskCategory=None
OpCode=The operation completed successfully.
RecordNumber=82693
Keywords=Classic
Message=The Certificate Propagation service entered the stopped state.
10/16/2020 09:12:38 AM
LogName=System
SourceName=Microsoft-Windows-Service Control Manager
EventCode=7036
EventType=4
Type=Information
ComputerName=win-dc-156.attackrange.local
TaskCategory=None
OpCode=The operation completed successfully.
RecordNumber=82692
Keywords=Classic
Message=The Program Compatibility Assistant Service service entered the stopped state.
10/16/2020 09:12:38 AM
LogName=System
SourceName=Microsoft-Windows-Service Control Manager
EventCode=7036
EventType=4
Type=Information
ComputerName=win-dc-156.attackrange.local
TaskCategory=None
OpCode=The operation completed successfully.
RecordNumber=82691
Keywords=Classic
Message=The Credential Manager service entered the stopped state.
10/16/2020 09:12:38 AM
LogName=System
SourceName=Microsoft-Windows-Service Control Manager
EventCode=7036
EventType=4
Type=Information
ComputerName=win-dc-156.attackrange.local
TaskCategory=None
OpCode=The operation completed successfully.
RecordNumber=82690
Keywords=Classic
Message=The IPsec Policy Agent service entered the stopped state.
10/16/2020 09:12:38 AM
LogName=System
SourceName=Microsoft-Windows-Service Control Manager
EventCode=7036
EventType=4
Type=Information
ComputerName=win-dc-156.attackrange.local
TaskCategory=None
OpCode=The operation completed successfully.
RecordNumber=82689
Keywords=Classic
Message=The Amazon SSM Agent service entered the stopped state.
10/16/2020 09:12:38 AM
LogName=System
SourceName=Microsoft-Windows-Service Control Manager
EventCode=7036
EventType=4
Type=Information
ComputerName=win-dc-156.attackrange.local
TaskCategory=None
OpCode=The operation completed successfully.
RecordNumber=82688
Keywords=Classic
Message=The Active Directory Web Services service entered the stopped state.
10/16/2020 09:12:38 AM
LogName=System
SourceName=Microsoft-Windows-Service Control Manager
EventCode=7036
EventType=4
Type=Information
ComputerName=win-dc-156.attackrange.local
TaskCategory=None
OpCode=The operation completed successfully.
RecordNumber=82687
Keywords=Classic
Message=The Remote Desktop Services UserMode Port Redirector service entered the stopped state.
10/16/2020 09:12:38 AM
LogName=System
SourceName=Microsoft-Windows-Service Control Manager
EventCode=7036
EventType=4
Type=Information
ComputerName=win-dc-156.attackrange.local
TaskCategory=None
OpCode=The operation completed successfully.
RecordNumber=82686
Keywords=Classic
Message=The Intersite Messaging service entered the stopped state.
10/16/2020 09:12:38 AM
LogName=System
SourceName=Microsoft-Windows-Service Control Manager
EventCode=7036
EventType=4
Type=Information
ComputerName=win-dc-156.attackrange.local
TaskCategory=None
OpCode=The operation completed successfully.
RecordNumber=82685
Keywords=Classic
Message=The AWS Lite Guest Agent service entered the stopped state.
10/16/2020 09:12:38 AM
LogName=System
SourceName=Microsoft-Windows-Service Control Manager
EventCode=7036
EventType=4
Type=Information
ComputerName=win-dc-156.attackrange.local
TaskCategory=None
OpCode=The operation completed successfully.
RecordNumber=82684
Keywords=Classic
Message=The Windows Time service entered the stopped state.
10/16/2020 09:12:38 AM
LogName=System
SourceName=Microsoft-Windows-Kernel-General
EventCode=1
EventType=4
Type=Information
ComputerName=win-dc-156.attackrange.local
User=NOT_TRANSLATED
Sid=S-1-5-19
SidType=0
TaskCategory=5
OpCode=Info
RecordNumber=82683
Keywords=Time
Message=The system time has changed to ‎2020‎-‎10‎-‎16T09:12:38.619000000Z from ‎2020‎-‎10‎-‎16T09:12:38.624177200Z.

Change Reason: An application or system component changed the time.
10/16/2020 09:12:38 AM
LogName=System
SourceName=Microsoft-Windows-Service Control Manager
EventCode=7036
EventType=4
Type=Information
ComputerName=win-dc-156.attackrange.local
TaskCategory=None
OpCode=The operation completed successfully.
RecordNumber=82682
Keywords=Classic
Message=The Plug and Play service entered the stopped state.
10/16/2020 09:12:38 AM
LogName=System
SourceName=Microsoft-Windows-Service Control Manager
EventCode=7036
EventType=4
Type=Information
ComputerName=win-dc-156.attackrange.local
TaskCategory=None
OpCode=The operation completed successfully.
RecordNumber=82681
Keywords=Classic
Message=The User Access Logging Service service entered the stopped state.
10/16/2020 09:12:38 AM
LogName=System
SourceName=Microsoft-Windows-Service Control Manager
EventCode=7036
EventType=4
Type=Information
ComputerName=win-dc-156.attackrange.local
TaskCategory=None
OpCode=The operation completed successfully.
RecordNumber=82680
Keywords=Classic
Message=The Tile Data model server service entered the stopped state.
10/16/2020 09:12:38 AM
LogName=System
SourceName=Microsoft-Windows-Service Control Manager
EventCode=7036
EventType=4
Type=Information
ComputerName=win-dc-156.attackrange.local
TaskCategory=None
OpCode=The operation completed successfully.
RecordNumber=82679
Keywords=Classic
Message=The Group Policy Client service entered the stopped state.
10/16/2020 09:12:38 AM
LogName=System
SourceName=Microsoft-Windows-Winlogon
EventCode=7002
EventType=4
Type=Information
ComputerName=win-dc-156.attackrange.local
User=NOT_TRANSLATED
Sid=S-1-5-18
SidType=0
TaskCategory=1102
OpCode=Info
RecordNumber=82678
Keywords=None
Message=User Logoff Notification for Customer Experience Improvement Program
10/16/2020 09:12:38 AM
LogName=System
SourceName=EventLog
EventCode=6006
EventType=4
Type=Information
ComputerName=win-dc-156.attackrange.local
TaskCategory=None
OpCode=None
RecordNumber=82677
Keywords=Classic
Message=The Event log service was stopped.
10/16/2020 09:12:38 AM
LogName=System
SourceName=Microsoft-Windows-Windows Remote Management
EventCode=10149
EventType=3
Type=Warning
ComputerName=win-dc-156.attackrange.local
TaskCategory=None
OpCode=Info
RecordNumber=82676
Keywords=Classic
Message=The WinRM service is not listening for WS-Management requests. 

 User Action 
 If you did not intentionally stop the service, use the following command to see the WinRM configuration: 

 winrm enumerate winrm/config/listener
10/16/2020 09:12:38 AM
LogName=System
SourceName=Microsoft-Windows-Service Control Manager
EventCode=7036
EventType=4
Type=Information
ComputerName=win-dc-156.attackrange.local
TaskCategory=None
OpCode=The operation completed successfully.
RecordNumber=82675
Keywords=Classic
Message=The CDPUserSvc_5641d service entered the stopped state.
10/16/2020 09:12:38 AM
LogName=System
SourceName=Microsoft-Windows-Service Control Manager
EventCode=7036
EventType=4
Type=Information
ComputerName=win-dc-156.attackrange.local
TaskCategory=None
OpCode=The operation completed successfully.
RecordNumber=82674
Keywords=Classic
Message=The Sync Host_5641d service entered the stopped state.
10/16/2020 09:12:39 AM
LogName=System
SourceName=Microsoft-Windows-Service Control Manager
EventCode=7036
EventType=4
Type=Information
ComputerName=win-dc-156.attackrange.local
TaskCategory=None
OpCode=The operation completed successfully.
RecordNumber=82715
Keywords=Classic
Message=The SplunkForwarder Service service entered the stopped state.
10/16/2020 09:12:39 AM
LogName=System
SourceName=Microsoft-Windows-Service Control Manager
EventCode=7036
EventType=4
Type=Information
ComputerName=win-dc-156.attackrange.local
TaskCategory=None
OpCode=The operation completed successfully.
RecordNumber=82714
Keywords=Classic
Message=The SplunkForwarder Service service entered the stopped state.
10/16/2020 09:12:39 AM
LogName=System
SourceName=Microsoft-Windows-Service Control Manager
EventCode=7036
EventType=4
Type=Information
ComputerName=win-dc-156.attackrange.local
TaskCategory=None
OpCode=The operation completed successfully.
RecordNumber=82713
Keywords=Classic
Message=The nxlog service entered the stopped state.
10/16/2020 09:12:39 AM
LogName=System
SourceName=Microsoft-Windows-Service Control Manager
EventCode=7036
EventType=4
Type=Information
ComputerName=win-dc-156.attackrange.local
TaskCategory=None
OpCode=The operation completed successfully.
RecordNumber=82712
Keywords=Classic
Message=The DFS Replication service entered the stopped state.
10/16/2020 09:12:40 AM
LogName=System
SourceName=Microsoft-Windows-Service Control Manager
EventCode=7036
EventType=4
Type=Information
ComputerName=win-dc-156.attackrange.local
TaskCategory=None
OpCode=The operation completed successfully.
RecordNumber=82716
Keywords=Classic
Message=The Active Directory Domain Services service entered the stopped state.
10/16/2020 09:12:43 AM
LogName=System
SourceName=Microsoft-Windows-Kernel-Power
EventCode=109
EventType=4
Type=Information
ComputerName=win-dc-156.attackrange.local
TaskCategory=103
OpCode=Info
RecordNumber=82720
Keywords=None
Message=The kernel power manager has initiated a shutdown transition.

Shutdown Reason: Kernel API
10/16/2020 09:12:44 AM
LogName=System
SourceName=Microsoft-Windows-Kernel-General
EventCode=13
EventType=4
Type=Information
ComputerName=win-dc-156.attackrange.local
TaskCategory=2
OpCode=Info
RecordNumber=82721
Keywords=None
Message=The operating system is shutting down at system time ‎2020‎-‎10‎-‎16T09:12:44.174650200Z.
10/16/2020 09:13:03 AM
LogName=System
SourceName=Microsoft-Windows-Kernel-Boot
EventCode=32
EventType=4
Type=Information
ComputerName=win-dc-156.attackrange.local
User=NOT_TRANSLATED
Sid=S-1-5-18
SidType=0
TaskCategory=None
OpCode=Info
RecordNumber=82728
Keywords=None
Message=The bootmgr spent 0 ms waiting for user input.
10/16/2020 09:13:03 AM
LogName=System
SourceName=Microsoft-Windows-Kernel-Boot
EventCode=18
EventType=4
Type=Information
ComputerName=win-dc-156.attackrange.local
User=NOT_TRANSLATED
Sid=S-1-5-18
SidType=0
TaskCategory=None
OpCode=Info
RecordNumber=82727
Keywords=None
Message=There are 0x1 boot options on this system.
10/16/2020 09:13:03 AM
LogName=System
SourceName=Microsoft-Windows-Kernel-Boot
EventCode=25
EventType=4
Type=Information
ComputerName=win-dc-156.attackrange.local
User=NOT_TRANSLATED
Sid=S-1-5-18
SidType=0
TaskCategory=32
OpCode=Info
RecordNumber=82726
Keywords=None
Message=The boot menu policy was 0x0.
10/16/2020 09:13:03 AM
LogName=System
SourceName=Microsoft-Windows-Kernel-Boot
EventCode=27
EventType=4
Type=Information
ComputerName=win-dc-156.attackrange.local
User=NOT_TRANSLATED
Sid=S-1-5-18
SidType=0
TaskCategory=33
OpCode=Info
RecordNumber=82725
Keywords=None
Message=The boot type was 0x0.
10/16/2020 09:13:03 AM
LogName=System
SourceName=Microsoft-Windows-Kernel-Boot
EventCode=20
EventType=4
Type=Information
ComputerName=win-dc-156.attackrange.local
User=NOT_TRANSLATED
Sid=S-1-5-18
SidType=0
TaskCategory=31
OpCode=Info
RecordNumber=82724
Keywords=None
Message=The last shutdown's success status was true. The last boot's success status was true.
10/16/2020 09:13:03 AM
LogName=System
SourceName=Microsoft-Windows-Kernel-Boot
EventCode=153
EventType=4
Type=Information
ComputerName=win-dc-156.attackrange.local
User=NOT_TRANSLATED
Sid=S-1-5-18
SidType=0
TaskCategory=None
OpCode=Info
RecordNumber=82723
Keywords=None
Message=The Virtualization Based Security (policies: 0) is disabled with status STATUS_SUCCESS.
10/16/2020 09:13:03 AM
LogName=System
SourceName=Microsoft-Windows-Kernel-General
EventCode=12
EventType=4
Type=Information
ComputerName=win-dc-156.attackrange.local
User=NOT_TRANSLATED
Sid=S-1-5-18
SidType=0
TaskCategory=1
OpCode=Info
RecordNumber=82722
Keywords=None
Message=The operating system started at system time ‎2020‎-‎10‎-‎16T09:13:03.499832900Z.
10/16/2020 09:13:06 AM
LogName=System
SourceName=Microsoft-Windows-Ntfs
EventCode=98
EventType=4
Type=Information
ComputerName=win-dc-156.attackrange.local
User=NOT_TRANSLATED
Sid=S-1-5-18
SidType=0
TaskCategory=None
OpCode=Info
RecordNumber=82732
Keywords=None
Message=Volume C: (\Device\HarddiskVolume1) is healthy.  No action is needed.
10/16/2020 09:13:06 AM
LogName=System
SourceName=Microsoft-Windows-FilterManager
EventCode=6
EventType=4
Type=Information
ComputerName=win-dc-156.attackrange.local
User=NOT_TRANSLATED
Sid=S-1-5-18
SidType=0
TaskCategory=None
OpCode=Info
RecordNumber=82731
Keywords=None
Message=File System Filter 'SysmonDrv' (0.0, ‎2020‎-‎10‎-‎12T17:39:59.000000000Z) has successfully loaded and registered with Filter Manager.
10/16/2020 09:13:06 AM
LogName=System
SourceName=Microsoft-Windows-FilterManager
EventCode=6
EventType=4
Type=Information
ComputerName=win-dc-156.attackrange.local
User=NOT_TRANSLATED
Sid=S-1-5-18
SidType=0
TaskCategory=None
OpCode=Info
RecordNumber=82730
Keywords=None
Message=File System Filter 'DfsrRo' (10.0, ‎2016‎-‎07‎-‎16T02:20:37.000000000Z) has successfully loaded and registered with Filter Manager.
10/16/2020 09:13:06 AM
LogName=System
SourceName=Microsoft-Windows-FilterManager
EventCode=6
EventType=4
Type=Information
ComputerName=win-dc-156.attackrange.local
User=NOT_TRANSLATED
Sid=S-1-5-18
SidType=0
TaskCategory=None
OpCode=Info
RecordNumber=82729
Keywords=None
Message=File System Filter 'Wof' (10.0, ‎2019‎-‎09‎-‎29T22:52:46.000000000Z) has successfully loaded and registered with Filter Manager.
10/16/2020 09:13:07 AM
LogName=System
SourceName=Microsoft-Windows-Kernel-Processor-Power
EventCode=55
EventType=4
Type=Information
ComputerName=win-dc-156.attackrange.local
User=NOT_TRANSLATED
Sid=S-1-5-18
SidType=0
TaskCategory=47
OpCode=Info
RecordNumber=82744
Keywords=None
Message=Processor 7 in group 0 exposes the following power management capabilities:

Idle state type: ACPI Idle (C) States (1 state(s))

Performance state type: None
Nominal Frequency (MHz): 2300
Maximum performance percentage: 100
Minimum performance percentage: 100
Minimum throttle percentage: 100
10/16/2020 09:13:07 AM
LogName=System
SourceName=Microsoft-Windows-Kernel-Processor-Power
EventCode=55
EventType=4
Type=Information
ComputerName=win-dc-156.attackrange.local
User=NOT_TRANSLATED
Sid=S-1-5-18
SidType=0
TaskCategory=47
OpCode=Info
RecordNumber=82743
Keywords=None
Message=Processor 6 in group 0 exposes the following power management capabilities:

Idle state type: ACPI Idle (C) States (1 state(s))

Performance state type: None
Nominal Frequency (MHz): 2300
Maximum performance percentage: 100
Minimum performance percentage: 100
Minimum throttle percentage: 100
10/16/2020 09:13:07 AM
LogName=System
SourceName=Microsoft-Windows-Kernel-Processor-Power
EventCode=55
EventType=4
Type=Information
ComputerName=win-dc-156.attackrange.local
User=NOT_TRANSLATED
Sid=S-1-5-18
SidType=0
TaskCategory=47
OpCode=Info
RecordNumber=82742
Keywords=None
Message=Processor 5 in group 0 exposes the following power management capabilities:

Idle state type: ACPI Idle (C) States (1 state(s))

Performance state type: None
Nominal Frequency (MHz): 2300
Maximum performance percentage: 100
Minimum performance percentage: 100
Minimum throttle percentage: 100
10/16/2020 09:13:07 AM
LogName=System
SourceName=Microsoft-Windows-Kernel-Processor-Power
EventCode=55
EventType=4
Type=Information
ComputerName=win-dc-156.attackrange.local
User=NOT_TRANSLATED
Sid=S-1-5-18
SidType=0
TaskCategory=47
OpCode=Info
RecordNumber=82741
Keywords=None
Message=Processor 4 in group 0 exposes the following power management capabilities:

Idle state type: ACPI Idle (C) States (1 state(s))

Performance state type: None
Nominal Frequency (MHz): 2300
Maximum performance percentage: 100
Minimum performance percentage: 100
Minimum throttle percentage: 100
10/16/2020 09:13:07 AM
LogName=System
SourceName=Microsoft-Windows-Kernel-Processor-Power
EventCode=55
EventType=4
Type=Information
ComputerName=win-dc-156.attackrange.local
User=NOT_TRANSLATED
Sid=S-1-5-18
SidType=0
TaskCategory=47
OpCode=Info
RecordNumber=82740
Keywords=None
Message=Processor 3 in group 0 exposes the following power management capabilities:

Idle state type: ACPI Idle (C) States (1 state(s))

Performance state type: None
Nominal Frequency (MHz): 2300
Maximum performance percentage: 100
Minimum performance percentage: 100
Minimum throttle percentage: 100
10/16/2020 09:13:07 AM
LogName=System
SourceName=Microsoft-Windows-Kernel-Processor-Power
EventCode=55
EventType=4
Type=Information
ComputerName=win-dc-156.attackrange.local
User=NOT_TRANSLATED
Sid=S-1-5-18
SidType=0
TaskCategory=47
OpCode=Info
RecordNumber=82739
Keywords=None
Message=Processor 2 in group 0 exposes the following power management capabilities:

Idle state type: ACPI Idle (C) States (1 state(s))

Performance state type: None
Nominal Frequency (MHz): 2300
Maximum performance percentage: 100
Minimum performance percentage: 100
Minimum throttle percentage: 100
10/16/2020 09:13:07 AM
LogName=System
SourceName=Microsoft-Windows-Kernel-Processor-Power
EventCode=55
EventType=4
Type=Information
ComputerName=win-dc-156.attackrange.local
User=NOT_TRANSLATED
Sid=S-1-5-18
SidType=0
TaskCategory=47
OpCode=Info
RecordNumber=82738
Keywords=None
Message=Processor 1 in group 0 exposes the following power management capabilities:

Idle state type: ACPI Idle (C) States (1 state(s))

Performance state type: None
Nominal Frequency (MHz): 2300
Maximum performance percentage: 100
Minimum performance percentage: 100
Minimum throttle percentage: 100
10/16/2020 09:13:07 AM
LogName=System
SourceName=Microsoft-Windows-Kernel-Processor-Power
EventCode=55
EventType=4
Type=Information
ComputerName=win-dc-156.attackrange.local
User=NOT_TRANSLATED
Sid=S-1-5-18
SidType=0
TaskCategory=47
OpCode=Info
RecordNumber=82737
Keywords=None
Message=Processor 0 in group 0 exposes the following power management capabilities:

Idle state type: ACPI Idle (C) States (1 state(s))

Performance state type: None
Nominal Frequency (MHz): 2300
Maximum performance percentage: 100
Minimum performance percentage: 100
Minimum throttle percentage: 100
10/16/2020 09:13:07 AM
LogName=System
SourceName=Microsoft-Windows-Kernel-Power
EventCode=172
EventType=4
Type=Information
ComputerName=win-dc-156.attackrange.local
User=NOT_TRANSLATED
Sid=S-1-5-18
SidType=0
TaskCategory=203
OpCode=Info
RecordNumber=82736
Keywords=None
Message=Connectivity state in standby: Disconnected, Reason: NIC compliance
10/16/2020 09:13:07 AM
LogName=System
SourceName=Microsoft-Windows-FilterManager
EventCode=6
EventType=4
Type=Information
ComputerName=win-dc-156.attackrange.local
User=NOT_TRANSLATED
Sid=S-1-5-18
SidType=0
TaskCategory=None
OpCode=Info
RecordNumber=82735
Keywords=None
Message=File System Filter 'npsvctrig' (10.0, ‎2016‎-‎07‎-‎16T02:28:33.000000000Z) has successfully loaded and registered with Filter Manager.
10/16/2020 09:13:07 AM
LogName=System
SourceName=Microsoft-Windows-FilterManager
EventCode=6
EventType=4
Type=Information
ComputerName=win-dc-156.attackrange.local
User=NOT_TRANSLATED
Sid=S-1-5-18
SidType=0
TaskCategory=None
OpCode=Info
RecordNumber=82734
Keywords=None
Message=File System Filter 'DfsDriver' (10.0, ‎2016‎-‎07‎-‎16T02:21:37.000000000Z) has successfully loaded and registered with Filter Manager.
10/16/2020 09:13:07 AM
LogName=System
SourceName=Microsoft-Windows-FilterManager
EventCode=6
EventType=4
Type=Information
ComputerName=win-dc-156.attackrange.local
User=NOT_TRANSLATED
Sid=S-1-5-18
SidType=0
TaskCategory=None
OpCode=Info
RecordNumber=82733
Keywords=None
Message=File System Filter 'FileCrypt' (10.0, ‎2018‎-‎08‎-‎30T20:44:27.000000000Z) has successfully loaded and registered with Filter Manager.
10/16/2020 09:13:08 AM
LogName=System
SourceName=Microsoft-Windows-Wininit
EventCode=14
EventType=4
Type=Information
ComputerName=win-dc-156.attackrange.local
User=NOT_TRANSLATED
Sid=S-1-5-18
SidType=0
TaskCategory=None
OpCode=Info
RecordNumber=82745
Keywords=None
Message=Credential Guard (LsaIso.exe) configuration: 0x0, 0
10/16/2020 09:13:09 AM
LogName=System
SourceName=Microsoft-Windows-Directory-Services-SAM
EventCode=16962
EventType=4
Type=Information
ComputerName=win-dc-156.attackrange.local
User=NOT_TRANSLATED
Sid=S-1-5-18
SidType=0
TaskCategory=None
OpCode=Info
RecordNumber=82746
Keywords=None
Message=Remote calls to the SAM database are being restricted using the default security descriptor: .
For more information please see http://go.microsoft.com/fwlink/?LinkId=787651.
10/16/2020 09:13:10 AM
LogName=System
SourceName=Microsoft-Windows-FilterManager
EventCode=6
EventType=4
Type=Information
ComputerName=win-dc-156.attackrange.local
User=NOT_TRANSLATED
Sid=S-1-5-18
SidType=0
TaskCategory=None
OpCode=Info
RecordNumber=82762
Keywords=None
Message=File System Filter 'luafv' (10.0, ‎2019‎-‎04‎-‎02T04:23:00.000000000Z) has successfully loaded and registered with Filter Manager.
10/16/2020 09:13:10 AM
LogName=System
SourceName=Microsoft-Windows-Service Control Manager
EventCode=7036
EventType=4
Type=Information
ComputerName=win-dc-156.attackrange.local
TaskCategory=None
OpCode=The operation completed successfully.
RecordNumber=82761
Keywords=Classic
Message=The Dnscache service entered the running state.
10/16/2020 09:13:10 AM
LogName=System
SourceName=Microsoft-Windows-Service Control Manager
EventCode=7036
EventType=4
Type=Information
ComputerName=win-dc-156.attackrange.local
TaskCategory=None
OpCode=The operation completed successfully.
RecordNumber=82760
Keywords=Classic
Message=The Dhcp service entered the running state.
10/16/2020 09:13:10 AM
LogName=System
SourceName=Microsoft-Windows-DHCPv6-Client
EventCode=51046
EventType=4
Type=Information
ComputerName=win-dc-156.attackrange.local
User=NOT_TRANSLATED
Sid=S-1-5-19
SidType=0
TaskCategory=Service State Event
OpCode=ServiceStart
RecordNumber=82759
Keywords=None
Message=DHCPv6 client service is started
10/16/2020 09:13:10 AM
LogName=System
SourceName=Microsoft-Windows-Dhcp-Client
EventCode=50036
EventType=4
Type=Information
ComputerName=win-dc-156.attackrange.local
User=NOT_TRANSLATED
Sid=S-1-5-19
SidType=0
TaskCategory=Service State Event
OpCode=ServiceStart
RecordNumber=82758
Keywords=None
Message=DHCPv4 client service is started
10/16/2020 09:13:10 AM
LogName=System
SourceName=Microsoft-Windows-Service Control Manager
EventCode=7036
EventType=4
Type=Information
ComputerName=win-dc-156.attackrange.local
TaskCategory=None
OpCode=The operation completed successfully.
RecordNumber=82757
Keywords=Classic
Message=The nsi service entered the running state.
10/16/2020 09:13:10 AM
LogName=System
SourceName=Microsoft-Windows-Service Control Manager
EventCode=7036
EventType=4
Type=Information
ComputerName=win-dc-156.attackrange.local
TaskCategory=None
OpCode=The operation completed successfully.
RecordNumber=82756
Keywords=Classic
Message=The TermService service entered the running state.
10/16/2020 09:13:10 AM
LogName=System
SourceName=Microsoft-Windows-Service Control Manager
EventCode=7036
EventType=4
Type=Information
ComputerName=win-dc-156.attackrange.local
TaskCategory=None
OpCode=The operation completed successfully.
RecordNumber=82755
Keywords=Classic
Message=The lmhosts service entered the running state.
10/16/2020 09:13:10 AM
LogName=System
SourceName=Microsoft-Windows-Service Control Manager
EventCode=7036
EventType=4
Type=Information
ComputerName=win-dc-156.attackrange.local
TaskCategory=None
OpCode=The operation completed successfully.
RecordNumber=82754
Keywords=Classic
Message=The SystemEventsBroker service entered the running state.
10/16/2020 09:13:10 AM
LogName=System
SourceName=Microsoft-Windows-Service Control Manager
EventCode=7036
EventType=4
Type=Information
ComputerName=win-dc-156.attackrange.local
TaskCategory=None
OpCode=The operation completed successfully.
RecordNumber=82753
Keywords=Classic
Message=The BrokerInfrastructure service entered the running state.
10/16/2020 09:13:10 AM
LogName=System
SourceName=Microsoft-Windows-Service Control Manager
EventCode=7036
EventType=4
Type=Information
ComputerName=win-dc-156.attackrange.local
TaskCategory=None
OpCode=The operation completed successfully.
RecordNumber=82752
Keywords=Classic
Message=The LSM service entered the running state.
10/16/2020 09:13:10 AM
LogName=System
SourceName=Microsoft-Windows-Service Control Manager
EventCode=7036
EventType=4
Type=Information
ComputerName=win-dc-156.attackrange.local
TaskCategory=None
OpCode=The operation completed successfully.
RecordNumber=82751
Keywords=Classic
Message=The RpcSs service entered the running state.
10/16/2020 09:13:10 AM
LogName=System
SourceName=Microsoft-Windows-Service Control Manager
EventCode=7036
EventType=4
Type=Information
ComputerName=win-dc-156.attackrange.local
TaskCategory=None
OpCode=The operation completed successfully.
RecordNumber=82750
Keywords=Classic
Message=The RpcEptMapper service entered the running state.
10/16/2020 09:13:10 AM
LogName=System
SourceName=Microsoft-Windows-Service Control Manager
EventCode=7036
EventType=4
Type=Information
ComputerName=win-dc-156.attackrange.local
TaskCategory=None
OpCode=The operation completed successfully.
RecordNumber=82749
Keywords=Classic
Message=The DcomLaunch service entered the running state.
10/16/2020 09:13:10 AM
LogName=System
SourceName=Microsoft-Windows-Service Control Manager
EventCode=7036
EventType=4
Type=Information
ComputerName=win-dc-156.attackrange.local
TaskCategory=None
OpCode=The operation completed successfully.
RecordNumber=82748
Keywords=Classic
Message=The Power service entered the running state.
10/16/2020 09:13:10 AM
LogName=System
SourceName=Microsoft-Windows-Service Control Manager
EventCode=7036
EventType=4
Type=Information
ComputerName=win-dc-156.attackrange.local
TaskCategory=None
OpCode=The operation completed successfully.
RecordNumber=82747
Keywords=Classic
Message=The PlugPlay service entered the running state.
10/16/2020 09:13:11 AM
LogName=System
SourceName=Microsoft-Windows-DNS Client Events
EventCode=1014
EventType=3
Type=Warning
ComputerName=win-dc-156.attackrange.local
User=NOT_TRANSLATED
Sid=S-1-5-20
SidType=0
TaskCategory=1014
OpCode=Info
RecordNumber=82799
Keywords=None
Message=Name resolution for the name _ldap._tcp.dc._msdcs.attackrange.local. timed out after none of the configured DNS servers responded.
10/16/2020 09:13:11 AM
LogName=System
SourceName=Microsoft-Windows-Service Control Manager
EventCode=7036
EventType=4
Type=Information
ComputerName=win-dc-156.attackrange.local
TaskCategory=None
OpCode=The operation completed successfully.
RecordNumber=82798
Keywords=Classic
Message=The PolicyAgent service entered the running state.
10/16/2020 09:13:11 AM
LogName=System
SourceName=Microsoft-Windows-Iphlpsvc
EventCode=4200
EventType=4
Type=Information
ComputerName=win-dc-156.attackrange.local
User=NOT_TRANSLATED
Sid=S-1-5-18
SidType=0
TaskCategory=None
OpCode=Info
RecordNumber=82797
Keywords=None
Message=Isatap interface isatap.eu-central-1.compute.internal with address fe80::5efe:10.0.1.14 has been brought up.
10/16/2020 09:13:11 AM
LogName=System
SourceName=Microsoft-Windows-Service Control Manager
EventCode=7036
EventType=4
Type=Information
ComputerName=win-dc-156.attackrange.local
TaskCategory=None
OpCode=The operation completed successfully.
RecordNumber=82796
Keywords=Classic
Message=The NetSetupSvc service entered the running state.
10/16/2020 09:13:11 AM
LogName=System
SourceName=Microsoft-Windows-Service Control Manager
EventCode=7036
EventType=4
Type=Information
ComputerName=win-dc-156.attackrange.local
TaskCategory=None
OpCode=The operation completed successfully.
RecordNumber=82795
Keywords=Classic
Message=The UserManager service entered the running state.
10/16/2020 09:13:11 AM
LogName=System
SourceName=Microsoft-Windows-Service Control Manager
EventCode=7036
EventType=4
Type=Information
ComputerName=win-dc-156.attackrange.local
TaskCategory=None
OpCode=The operation completed successfully.
RecordNumber=82794
Keywords=Classic
Message=The TimeBrokerSvc service entered the running state.
10/16/2020 09:13:11 AM
LogName=System
SourceName=Microsoft-Windows-Service Control Manager
EventCode=7036
EventType=4
Type=Information
ComputerName=win-dc-156.attackrange.local
TaskCategory=None
OpCode=The operation completed successfully.
RecordNumber=82793
Keywords=Classic
Message=The MpsSvc service entered the running state.
10/16/2020 09:13:11 AM
LogName=System
SourceName=Microsoft-Windows-Service Control Manager
EventCode=7036
EventType=4
Type=Information
ComputerName=win-dc-156.attackrange.local
TaskCategory=None
OpCode=The operation completed successfully.
RecordNumber=82792
Keywords=Classic
Message=The NcaSvc service entered the stopped state.
10/16/2020 09:13:11 AM
LogName=System
SourceName=Microsoft-Windows-Service Control Manager
EventCode=7036
EventType=4
Type=Information
ComputerName=win-dc-156.attackrange.local
TaskCategory=None
OpCode=The operation completed successfully.
RecordNumber=82791
Keywords=Classic
Message=The iphlpsvc service entered the running state.
10/16/2020 09:13:11 AM
LogName=System
SourceName=Microsoft-Windows-Service Control Manager
EventCode=7036
EventType=4
Type=Information
ComputerName=win-dc-156.attackrange.local
TaskCategory=None
OpCode=The operation completed successfully.
RecordNumber=82790
Keywords=Classic
Message=The SessionEnv service entered the running state.
10/16/2020 09:13:11 AM
LogName=System
SourceName=Microsoft-Windows-Service Control Manager
EventCode=7036
EventType=4
Type=Information
ComputerName=win-dc-156.attackrange.local
TaskCategory=None
OpCode=The operation completed successfully.
RecordNumber=82789
Keywords=Classic
Message=The Schedule service entered the running state.
10/16/2020 09:13:11 AM
LogName=System
SourceName=Microsoft-Windows-Service Control Manager
EventCode=7036
EventType=4
Type=Information
ComputerName=win-dc-156.attackrange.local
TaskCategory=None
OpCode=The operation completed successfully.
RecordNumber=82788
Keywords=Classic
Message=The Kdc service entered the running state.
10/16/2020 09:13:11 AM
LogName=System
SourceName=Microsoft-Windows-DNS Client Events
EventCode=1014
EventType=3
Type=Warning
ComputerName=win-dc-156.attackrange.local
User=NOT_TRANSLATED
Sid=S-1-5-20
SidType=0
TaskCategory=1014
OpCode=Info
RecordNumber=82787
Keywords=None
Message=Name resolution for the name _ldap._tcp.dc._msdcs.attackrange.local. timed out after none of the configured DNS servers responded.
10/16/2020 09:13:11 AM
LogName=System
SourceName=Microsoft-Windows-Service Control Manager
EventCode=7036
EventType=4
Type=Information
ComputerName=win-dc-156.attackrange.local
TaskCategory=None
OpCode=The operation completed successfully.
RecordNumber=82786
Keywords=Classic
Message=The LanmanWorkstation service entered the running state.
10/16/2020 09:13:11 AM
LogName=System
SourceName=Microsoft-Windows-Service Control Manager
EventCode=7036
EventType=4
Type=Information
ComputerName=win-dc-156.attackrange.local
TaskCategory=None
OpCode=The operation completed successfully.
RecordNumber=82785
Keywords=Classic
Message=The CertPropSvc service entered the running state.
10/16/2020 09:13:11 AM
LogName=System
SourceName=Microsoft-Windows-Service Control Manager
EventCode=7036
EventType=4
Type=Information
ComputerName=win-dc-156.attackrange.local
TaskCategory=None
OpCode=The operation completed successfully.
RecordNumber=82784
Keywords=Classic
Message=The Winmgmt service entered the running state.
10/16/2020 09:13:11 AM
LogName=System
SourceName=Microsoft-Windows-Service Control Manager
EventCode=7036
EventType=4
Type=Information
ComputerName=win-dc-156.attackrange.local
TaskCategory=None
OpCode=The operation completed successfully.
RecordNumber=82783
Keywords=Classic
Message=The Wcmsvc service entered the running state.
10/16/2020 09:13:11 AM
LogName=System
SourceName=Microsoft-Windows-Service Control Manager
EventCode=7036
EventType=4
Type=Information
ComputerName=win-dc-156.attackrange.local
TaskCategory=None
OpCode=The operation completed successfully.
RecordNumber=82782
Keywords=Classic
Message=The NcbService service entered the running state.
10/16/2020 09:13:11 AM
LogName=System
SourceName=Microsoft-Windows-Service Control Manager
EventCode=7036
EventType=4
Type=Information
ComputerName=win-dc-156.attackrange.local
TaskCategory=None
OpCode=The operation completed successfully.
RecordNumber=82781
Keywords=Classic
Message=The ShellHWDetection service entered the running state.
10/16/2020 09:13:11 AM
LogName=System
SourceName=Microsoft-Windows-Service Control Manager
EventCode=7036
EventType=4
Type=Information
ComputerName=win-dc-156.attackrange.local
TaskCategory=None
OpCode=The operation completed successfully.
RecordNumber=82780
Keywords=Classic
Message=The WinHttpAutoProxySvc service entered the running state.
10/16/2020 09:13:11 AM
LogName=System
SourceName=Microsoft-Windows-Service Control Manager
EventCode=7036
EventType=4
Type=Information
ComputerName=win-dc-156.attackrange.local
TaskCategory=None
OpCode=The operation completed successfully.
RecordNumber=82779
Keywords=Classic
Message=The FontCache service entered the running state.
10/16/2020 09:13:11 AM
LogName=System
SourceName=Microsoft-Windows-Service Control Manager
EventCode=7036
EventType=4
Type=Information
ComputerName=win-dc-156.attackrange.local
TaskCategory=None
OpCode=The operation completed successfully.
RecordNumber=82778
Keywords=Classic
Message=The UmRdpService service entered the running state.
10/16/2020 09:13:11 AM
LogName=System
SourceName=Microsoft-Windows-Service Control Manager
EventCode=7036
EventType=4
Type=Information
ComputerName=win-dc-156.attackrange.local
TaskCategory=None
OpCode=The operation completed successfully.
RecordNumber=82777
Keywords=Classic
Message=The netprofm service entered the running state.
10/16/2020 09:13:11 AM
LogName=System
SourceName=Microsoft-Windows-Service Control Manager
EventCode=7036
EventType=4
Type=Information
ComputerName=win-dc-156.attackrange.local
TaskCategory=None
OpCode=The operation completed successfully.
RecordNumber=82776
Keywords=Classic
Message=The BFE service entered the running state.
10/16/2020 09:13:11 AM
LogName=System
SourceName=Microsoft-Windows-DNS Client Events
EventCode=1014
EventType=3
Type=Warning
ComputerName=win-dc-156.attackrange.local
User=NOT_TRANSLATED
Sid=S-1-5-20
SidType=0
TaskCategory=1014
OpCode=Info
RecordNumber=82775
Keywords=None
Message=Name resolution for the name _ldap._tcp.dc._msdcs.attackrange.local. timed out after none of the configured DNS servers responded.
10/16/2020 09:13:11 AM
LogName=System
SourceName=Microsoft-Windows-Service Control Manager
EventCode=7036
EventType=4
Type=Information
ComputerName=win-dc-156.attackrange.local
TaskCategory=None
OpCode=The operation completed successfully.
RecordNumber=82774
Keywords=Classic
Message=The NlaSvc service entered the running state.
10/16/2020 09:13:11 AM
LogName=System
SourceName=Microsoft-Windows-Service Control Manager
EventCode=7036
EventType=4
Type=Information
ComputerName=win-dc-156.attackrange.local
TaskCategory=None
OpCode=The operation completed successfully.
RecordNumber=82773
Keywords=Classic
Message=The ProfSvc service entered the running state.
10/16/2020 09:13:11 AM
LogName=System
SourceName=Microsoft-Windows-Service Control Manager
EventCode=7036
EventType=4
Type=Information
ComputerName=win-dc-156.attackrange.local
TaskCategory=None
OpCode=The operation completed successfully.
RecordNumber=82772
Keywords=Classic
Message=The gpsvc service entered the running state.
10/16/2020 09:13:11 AM
LogName=System
SourceName=Microsoft-Windows-Service Control Manager
EventCode=7036
EventType=4
Type=Information
ComputerName=win-dc-156.attackrange.local
TaskCategory=None
OpCode=The operation completed successfully.
RecordNumber=82771
Keywords=Classic
Message=The SENS service entered the running state.
10/16/2020 09:13:11 AM
LogName=System
SourceName=Microsoft-Windows-Service Control Manager
EventCode=7036
EventType=4
Type=Information
ComputerName=win-dc-156.attackrange.local
TaskCategory=None
OpCode=The operation completed successfully.
RecordNumber=82770
Keywords=Classic
Message=The EventSystem service entered the running state.
10/16/2020 09:13:11 AM
LogName=System
SourceName=Microsoft-Windows-Service Control Manager
EventCode=7036
EventType=4
Type=Information
ComputerName=win-dc-156.attackrange.local
TaskCategory=None
OpCode=The operation completed successfully.
RecordNumber=82769
Keywords=Classic
Message=The EventLog service entered the running state.
10/16/2020 09:13:11 AM
LogName=System
SourceName=Microsoft-Windows-Service Control Manager
EventCode=7036
EventType=4
Type=Information
ComputerName=win-dc-156.attackrange.local
TaskCategory=None
OpCode=The operation completed successfully.
RecordNumber=82768
Keywords=Classic
Message=The Themes service entered the running state.
10/16/2020 09:13:11 AM
LogName=System
SourceName=Microsoft-Windows-Service Control Manager
EventCode=7036
EventType=4
Type=Information
ComputerName=win-dc-156.attackrange.local
TaskCategory=None
OpCode=The operation completed successfully.
RecordNumber=82767
Keywords=Classic
Message=The CoreMessagingRegistrar service entered the running state.
10/16/2020 09:13:11 AM
LogName=System
SourceName=Microsoft-Windows-Service Control Manager
EventCode=7036
EventType=4
Type=Information
ComputerName=win-dc-156.attackrange.local
TaskCategory=None
OpCode=The operation completed successfully.
RecordNumber=82766
Keywords=Classic
Message=The NTDS service entered the running state.
10/16/2020 09:13:11 AM
LogName=System
SourceName=Microsoft-Windows-Service Control Manager
EventCode=7036
EventType=4
Type=Information
ComputerName=win-dc-156.attackrange.local
TaskCategory=None
OpCode=The operation completed successfully.
RecordNumber=82765
Keywords=Classic
Message=The WPDBusEnum service entered the running state.
10/16/2020 09:13:11 AM
LogName=System
SourceName=Microsoft-Windows-FilterManager
EventCode=6
EventType=4
Type=Information
ComputerName=win-dc-156.attackrange.local
User=NOT_TRANSLATED
Sid=S-1-5-18
SidType=0
TaskCategory=None
OpCode=Info
RecordNumber=82764
Keywords=None
Message=File System Filter 'storqosflt' (10.0, ‎2019‎-‎02‎-‎17T02:00:41.000000000Z) has successfully loaded and registered with Filter Manager.
10/16/2020 09:13:11 AM
LogName=System
SourceName=Microsoft-Windows-FilterManager
EventCode=6
EventType=4
Type=Information
ComputerName=win-dc-156.attackrange.local
User=NOT_TRANSLATED
Sid=S-1-5-18
SidType=0
TaskCategory=None
OpCode=Info
RecordNumber=82763
Keywords=None
Message=File System Filter 'wcifs' (10.0, ‎2020‎-‎02‎-‎19T07:59:09.000000000Z) has successfully loaded and registered with Filter Manager.
10/16/2020 09:13:11 AM
LogName=System
SourceName=EventLog
EventCode=6013
EventType=4
Type=Information
ComputerName=win-dc-156.attackrange.local
TaskCategory=None
OpCode=None
RecordNumber=82719
Keywords=Classic
Message=The system uptime is 7 seconds.
10/16/2020 09:13:11 AM
LogName=System
SourceName=EventLog
EventCode=6005
EventType=4
Type=Information
ComputerName=win-dc-156.attackrange.local
TaskCategory=None
OpCode=None
RecordNumber=82718
Keywords=Classic
Message=The Event log service was started.
10/16/2020 09:13:11 AM
LogName=System
SourceName=EventLog
EventCode=6009
EventType=4
Type=Information
ComputerName=win-dc-156.attackrange.local
TaskCategory=None
OpCode=None
RecordNumber=82717
Keywords=Classic
Message=Microsoft (R) Windows (R) 10.00. 14393  Multiprocessor Free.
10/16/2020 09:13:13 AM
LogName=System
SourceName=Microsoft-Windows-Service Control Manager
EventCode=7036
EventType=4
Type=Information
ComputerName=win-dc-156.attackrange.local
TaskCategory=None
OpCode=The operation completed successfully.
RecordNumber=82800
Keywords=Classic
Message=The CryptSvc service entered the running state.
10/16/2020 09:13:20 AM
LogName=System
SourceName=Microsoft-Windows-Service Control Manager
EventCode=7036
EventType=4
Type=Information
ComputerName=win-dc-156.attackrange.local
TaskCategory=None
OpCode=The operation completed successfully.
RecordNumber=82802
Keywords=Classic
Message=The LanmanServer service entered the running state.
10/16/2020 09:13:20 AM
LogName=System
SourceName=Microsoft-Windows-Service Control Manager
EventCode=7036
EventType=4
Type=Information
ComputerName=win-dc-156.attackrange.local
TaskCategory=None
OpCode=The operation completed successfully.
RecordNumber=82801
Keywords=Classic
Message=The SamSs service entered the running state.
10/16/2020 09:13:27 AM
LogName=System
SourceName=Microsoft-Windows-Service Control Manager
EventCode=7036
EventType=4
Type=Information
ComputerName=win-dc-156.attackrange.local
TaskCategory=None
OpCode=The operation completed successfully.
RecordNumber=82827
Keywords=Classic
Message=The nxlog service entered the running state.
10/16/2020 09:13:27 AM
LogName=System
SourceName=Microsoft-Windows-Service Control Manager
EventCode=7036
EventType=4
Type=Information
ComputerName=win-dc-156.attackrange.local
TaskCategory=None
OpCode=The operation completed successfully.
RecordNumber=82826
Keywords=Classic
Message=The AmazonSSMAgent service entered the running state.
10/16/2020 09:13:27 AM
LogName=System
SourceName=Microsoft-Windows-Service Control Manager
EventCode=7036
EventType=4
Type=Information
ComputerName=win-dc-156.attackrange.local
TaskCategory=None
OpCode=The operation completed successfully.
RecordNumber=82825
Keywords=Classic
Message=The vds service entered the running state.
10/16/2020 09:13:27 AM
LogName=System
SourceName=Microsoft-Windows-Service Control Manager
EventCode=7036
EventType=4
Type=Information
ComputerName=win-dc-156.attackrange.local
TaskCategory=None
OpCode=The operation completed successfully.
RecordNumber=82824
Keywords=Classic
Message=The ADWS service entered the running state.
10/16/2020 09:13:27 AM
LogName=System
SourceName=Microsoft-Windows-Service Control Manager
EventCode=7036
EventType=4
Type=Information
ComputerName=win-dc-156.attackrange.local
TaskCategory=None
OpCode=The operation completed successfully.
RecordNumber=82823
Keywords=Classic
Message=The sysmon64 service entered the running state.
10/16/2020 09:13:27 AM
LogName=System
SourceName=Microsoft-Windows-Service Control Manager
EventCode=7036
EventType=4
Type=Information
ComputerName=win-dc-156.attackrange.local
TaskCategory=None
OpCode=The operation completed successfully.
RecordNumber=82822
Keywords=Classic
Message=The tiledatamodelsvc service entered the running state.
10/16/2020 09:13:27 AM
LogName=System
SourceName=Microsoft-Windows-Service Control Manager
EventCode=7036
EventType=4
Type=Information
ComputerName=win-dc-156.attackrange.local
TaskCategory=None
OpCode=The operation completed successfully.
RecordNumber=82821
Keywords=Classic
Message=The StateRepository service entered the running state.
10/16/2020 09:13:27 AM
LogName=System
SourceName=Microsoft-Windows-Service Control Manager
EventCode=7036
EventType=4
Type=Information
ComputerName=win-dc-156.attackrange.local
TaskCategory=None
OpCode=The operation completed successfully.
RecordNumber=82820
Keywords=Classic
Message=The WinRM service entered the running state.
10/16/2020 09:13:27 AM
LogName=System
SourceName=Microsoft-Windows-Service Control Manager
EventCode=7036
EventType=4
Type=Information
ComputerName=win-dc-156.attackrange.local
TaskCategory=None
OpCode=The operation completed successfully.
RecordNumber=82819
Keywords=Classic
Message=The Dfs service entered the running state.
10/16/2020 09:13:27 AM
LogName=System
SourceName=Microsoft-Windows-Service Control Manager
EventCode=7036
EventType=4
Type=Information
ComputerName=win-dc-156.attackrange.local
TaskCategory=None
OpCode=The operation completed successfully.
RecordNumber=82818
Keywords=Classic
Message=The WpnService service entered the running state.
10/16/2020 09:13:27 AM
LogName=System
SourceName=Microsoft-Windows-Service Control Manager
EventCode=7036
EventType=4
Type=Information
ComputerName=win-dc-156.attackrange.local
TaskCategory=None
OpCode=The operation completed successfully.
RecordNumber=82817
Keywords=Classic
Message=The DFSR service entered the running state.
10/16/2020 09:13:27 AM
LogName=System
SourceName=Microsoft-Windows-Service Control Manager
EventCode=7036
EventType=4
Type=Information
ComputerName=win-dc-156.attackrange.local
TaskCategory=None
OpCode=The operation completed successfully.
RecordNumber=82816
Keywords=Classic
Message=The IsmServ service entered the running state.
10/16/2020 09:13:27 AM
LogName=System
SourceName=Microsoft-Windows-Service Control Manager
EventCode=7036
EventType=4
Type=Information
ComputerName=win-dc-156.attackrange.local
TaskCategory=None
OpCode=The operation completed successfully.
RecordNumber=82815
Keywords=Classic
Message=The AWSLiteAgent service entered the running state.
10/16/2020 09:13:27 AM
LogName=System
SourceName=Microsoft-Windows-Service Control Manager
EventCode=7000
EventType=2
Type=Error
ComputerName=win-dc-156.attackrange.local
TaskCategory=None
OpCode=The operation completed successfully.
RecordNumber=82814
Keywords=Classic
Message=The GENSERV service failed to start due to the following error: 
The service did not start due to a logon failure.
