10/16/2020 09:05:48 AM
LogName=System
SourceName=Microsoft-Windows-Wininit
EventCode=14
EventType=4
Type=Information
ComputerName=win-dc-156.attackrange.local
User=NOT_TRANSLATED
Sid=S-1-5-18
SidType=0
TaskCategory=None
OpCode=Info
RecordNumber=82543
Keywords=None
Message=Credential Guard (LsaIso.exe) configuration: 0x0, 0
10/16/2020 09:05:49 AM
LogName=System
SourceName=Microsoft-Windows-Service Control Manager
EventCode=7036
EventType=4
Type=Information
ComputerName=win-dc-156.attackrange.local
TaskCategory=None
OpCode=The operation completed successfully.
RecordNumber=82545
Keywords=Classic
Message=The PlugPlay service entered the running state.
10/16/2020 09:05:50 AM
LogName=System
SourceName=Microsoft-Windows-Iphlpsvc
EventCode=4200
EventType=4
Type=Information
ComputerName=win-dc-156.attackrange.local
User=NOT_TRANSLATED
Sid=S-1-5-18
SidType=0
TaskCategory=None
OpCode=Info
RecordNumber=82595
Keywords=None
Message=Isatap interface isatap.eu-central-1.compute.internal with address fe80::5efe:10.0.1.14 has been brought up.
10/16/2020 09:05:50 AM
LogName=System
SourceName=Microsoft-Windows-Service Control Manager
EventCode=7036
EventType=4
Type=Information
ComputerName=win-dc-156.attackrange.local
TaskCategory=None
OpCode=The operation completed successfully.
RecordNumber=82594
Keywords=Classic
Message=The UserManager service entered the running state.
10/16/2020 09:05:50 AM
LogName=System
SourceName=Microsoft-Windows-Service Control Manager
EventCode=7036
EventType=4
Type=Information
ComputerName=win-dc-156.attackrange.local
TaskCategory=None
OpCode=The operation completed successfully.
RecordNumber=82593
Keywords=Classic
Message=The NetSetupSvc service entered the running state.
10/16/2020 09:05:50 AM
LogName=System
SourceName=Microsoft-Windows-Service Control Manager
EventCode=7036
EventType=4
Type=Information
ComputerName=win-dc-156.attackrange.local
TaskCategory=None
OpCode=The operation completed successfully.
RecordNumber=82592
Keywords=Classic
Message=The TimeBrokerSvc service entered the running state.
10/16/2020 09:05:50 AM
LogName=System
SourceName=Microsoft-Windows-Service Control Manager
EventCode=7036
EventType=4
Type=Information
ComputerName=win-dc-156.attackrange.local
TaskCategory=None
OpCode=The operation completed successfully.
RecordNumber=82591
Keywords=Classic
Message=The NcaSvc service entered the stopped state.
10/16/2020 09:05:50 AM
LogName=System
SourceName=Microsoft-Windows-Service Control Manager
EventCode=7036
EventType=4
Type=Information
ComputerName=win-dc-156.attackrange.local
TaskCategory=None
OpCode=The operation completed successfully.
RecordNumber=82590
Keywords=Classic
Message=The MpsSvc service entered the running state.
10/16/2020 09:05:50 AM
LogName=System
SourceName=Microsoft-Windows-Service Control Manager
EventCode=7036
EventType=4
Type=Information
ComputerName=win-dc-156.attackrange.local
TaskCategory=None
OpCode=The operation completed successfully.
RecordNumber=82589
Keywords=Classic
Message=The iphlpsvc service entered the running state.
10/16/2020 09:05:50 AM
LogName=System
SourceName=Microsoft-Windows-Service Control Manager
EventCode=7036
EventType=4
Type=Information
ComputerName=win-dc-156.attackrange.local
TaskCategory=None
OpCode=The operation completed successfully.
RecordNumber=82588
Keywords=Classic
Message=The SessionEnv service entered the running state.
10/16/2020 09:05:50 AM
LogName=System
SourceName=Microsoft-Windows-Service Control Manager
EventCode=7036
EventType=4
Type=Information
ComputerName=win-dc-156.attackrange.local
TaskCategory=None
OpCode=The operation completed successfully.
RecordNumber=82587
Keywords=Classic
Message=The Schedule service entered the running state.
10/16/2020 09:05:50 AM
LogName=System
SourceName=Microsoft-Windows-Service Control Manager
EventCode=7036
EventType=4
Type=Information
ComputerName=win-dc-156.attackrange.local
TaskCategory=None
OpCode=The operation completed successfully.
RecordNumber=82586
Keywords=Classic
Message=The Winmgmt service entered the running state.
10/16/2020 09:05:50 AM
LogName=System
SourceName=Microsoft-Windows-Service Control Manager
EventCode=7036
EventType=4
Type=Information
ComputerName=win-dc-156.attackrange.local
TaskCategory=None
OpCode=The operation completed successfully.
RecordNumber=82585
Keywords=Classic
Message=The Kdc service entered the running state.
10/16/2020 09:05:50 AM
LogName=System
SourceName=Microsoft-Windows-DNS Client Events
EventCode=1014
EventType=3
Type=Warning
ComputerName=win-dc-156.attackrange.local
User=NOT_TRANSLATED
Sid=S-1-5-20
SidType=0
TaskCategory=1014
OpCode=Info
RecordNumber=82584
Keywords=None
Message=Name resolution for the name _ldap._tcp.dc._msdcs.attackrange.local. timed out after none of the configured DNS servers responded.
10/16/2020 09:05:50 AM
LogName=System
SourceName=Microsoft-Windows-Service Control Manager
EventCode=7036
EventType=4
Type=Information
ComputerName=win-dc-156.attackrange.local
TaskCategory=None
OpCode=The operation completed successfully.
RecordNumber=82583
Keywords=Classic
Message=The LanmanWorkstation service entered the running state.
10/16/2020 09:05:50 AM
LogName=System
SourceName=Microsoft-Windows-Service Control Manager
EventCode=7036
EventType=4
Type=Information
ComputerName=win-dc-156.attackrange.local
TaskCategory=None
OpCode=The operation completed successfully.
RecordNumber=82582
Keywords=Classic
Message=The CertPropSvc service entered the running state.
10/16/2020 09:05:50 AM
LogName=System
SourceName=Microsoft-Windows-Service Control Manager
EventCode=7036
EventType=4
Type=Information
ComputerName=win-dc-156.attackrange.local
TaskCategory=None
OpCode=The operation completed successfully.
RecordNumber=82581
Keywords=Classic
Message=The WinHttpAutoProxySvc service entered the running state.
10/16/2020 09:05:50 AM
LogName=System
SourceName=Microsoft-Windows-Service Control Manager
EventCode=7036
EventType=4
Type=Information
ComputerName=win-dc-156.attackrange.local
TaskCategory=None
OpCode=The operation completed successfully.
RecordNumber=82580
Keywords=Classic
Message=The NcbService service entered the running state.
10/16/2020 09:05:50 AM
LogName=System
SourceName=Microsoft-Windows-Service Control Manager
EventCode=7036
EventType=4
Type=Information
ComputerName=win-dc-156.attackrange.local
TaskCategory=None
OpCode=The operation completed successfully.
RecordNumber=82579
Keywords=Classic
Message=The BFE service entered the running state.
10/16/2020 09:05:50 AM
LogName=System
SourceName=Microsoft-Windows-Service Control Manager
EventCode=7036
EventType=4
Type=Information
ComputerName=win-dc-156.attackrange.local
TaskCategory=None
OpCode=The operation completed successfully.
RecordNumber=82578
Keywords=Classic
Message=The netprofm service entered the running state.
10/16/2020 09:05:50 AM
LogName=System
SourceName=Microsoft-Windows-Service Control Manager
EventCode=7036
EventType=4
Type=Information
ComputerName=win-dc-156.attackrange.local
TaskCategory=None
OpCode=The operation completed successfully.
RecordNumber=82577
Keywords=Classic
Message=The FontCache service entered the running state.
10/16/2020 09:05:50 AM
LogName=System
SourceName=Microsoft-Windows-Service Control Manager
EventCode=7036
EventType=4
Type=Information
ComputerName=win-dc-156.attackrange.local
TaskCategory=None
OpCode=The operation completed successfully.
RecordNumber=82576
Keywords=Classic
Message=The UmRdpService service entered the running state.
10/16/2020 09:05:50 AM
LogName=System
SourceName=Microsoft-Windows-Service Control Manager
EventCode=7036
EventType=4
Type=Information
ComputerName=win-dc-156.attackrange.local
TaskCategory=None
OpCode=The operation completed successfully.
RecordNumber=82575
Keywords=Classic
Message=The Wcmsvc service entered the running state.
10/16/2020 09:05:50 AM
LogName=System
SourceName=Microsoft-Windows-DNS Client Events
EventCode=1014
EventType=3
Type=Warning
ComputerName=win-dc-156.attackrange.local
User=NOT_TRANSLATED
Sid=S-1-5-20
SidType=0
TaskCategory=1014
OpCode=Info
RecordNumber=82574
Keywords=None
Message=Name resolution for the name _ldap._tcp.dc._msdcs.attackrange.local. timed out after none of the configured DNS servers responded.
10/16/2020 09:05:50 AM
LogName=System
SourceName=Microsoft-Windows-Service Control Manager
EventCode=7036
EventType=4
Type=Information
ComputerName=win-dc-156.attackrange.local
TaskCategory=None
OpCode=The operation completed successfully.
RecordNumber=82573
Keywords=Classic
Message=The ShellHWDetection service entered the running state.
10/16/2020 09:05:50 AM
LogName=System
SourceName=Microsoft-Windows-Service Control Manager
EventCode=7036
EventType=4
Type=Information
ComputerName=win-dc-156.attackrange.local
TaskCategory=None
OpCode=The operation completed successfully.
RecordNumber=82572
Keywords=Classic
Message=The NlaSvc service entered the running state.
10/16/2020 09:05:50 AM
LogName=System
SourceName=Microsoft-Windows-Service Control Manager
EventCode=7036
EventType=4
Type=Information
ComputerName=win-dc-156.attackrange.local
TaskCategory=None
OpCode=The operation completed successfully.
RecordNumber=82571
Keywords=Classic
Message=The gpsvc service entered the running state.
10/16/2020 09:05:50 AM
LogName=System
SourceName=Microsoft-Windows-Service Control Manager
EventCode=7036
EventType=4
Type=Information
ComputerName=win-dc-156.attackrange.local
TaskCategory=None
OpCode=The operation completed successfully.
RecordNumber=82570
Keywords=Classic
Message=The ProfSvc service entered the running state.
10/16/2020 09:05:50 AM
LogName=System
SourceName=Microsoft-Windows-Service Control Manager
EventCode=7036
EventType=4
Type=Information
ComputerName=win-dc-156.attackrange.local
TaskCategory=None
OpCode=The operation completed successfully.
RecordNumber=82569
Keywords=Classic
Message=The SENS service entered the running state.
10/16/2020 09:05:50 AM
LogName=System
SourceName=Microsoft-Windows-Service Control Manager
EventCode=7036
EventType=4
Type=Information
ComputerName=win-dc-156.attackrange.local
TaskCategory=None
OpCode=The operation completed successfully.
RecordNumber=82568
Keywords=Classic
Message=The EventLog service entered the running state.
10/16/2020 09:05:50 AM
LogName=System
SourceName=Microsoft-Windows-Service Control Manager
EventCode=7036
EventType=4
Type=Information
ComputerName=win-dc-156.attackrange.local
TaskCategory=None
OpCode=The operation completed successfully.
RecordNumber=82567
Keywords=Classic
Message=The EventSystem service entered the running state.
10/16/2020 09:05:50 AM
LogName=System
SourceName=Microsoft-Windows-Service Control Manager
EventCode=7036
EventType=4
Type=Information
ComputerName=win-dc-156.attackrange.local
TaskCategory=None
OpCode=The operation completed successfully.
RecordNumber=82566
Keywords=Classic
Message=The Themes service entered the running state.
10/16/2020 09:05:50 AM
LogName=System
SourceName=Microsoft-Windows-Service Control Manager
EventCode=7036
EventType=4
Type=Information
ComputerName=win-dc-156.attackrange.local
TaskCategory=None
OpCode=The operation completed successfully.
RecordNumber=82565
Keywords=Classic
Message=The CoreMessagingRegistrar service entered the running state.
10/16/2020 09:05:50 AM
LogName=System
SourceName=Microsoft-Windows-Service Control Manager
EventCode=7036
EventType=4
Type=Information
ComputerName=win-dc-156.attackrange.local
TaskCategory=None
OpCode=The operation completed successfully.
RecordNumber=82564
Keywords=Classic
Message=The WPDBusEnum service entered the running state.
10/16/2020 09:05:50 AM
LogName=System
SourceName=Microsoft-Windows-Service Control Manager
EventCode=7036
EventType=4
Type=Information
ComputerName=win-dc-156.attackrange.local
TaskCategory=None
OpCode=The operation completed successfully.
RecordNumber=82563
Keywords=Classic
Message=The NTDS service entered the running state.
10/16/2020 09:05:50 AM
LogName=System
SourceName=Microsoft-Windows-FilterManager
EventCode=6
EventType=4
Type=Information
ComputerName=win-dc-156.attackrange.local
User=NOT_TRANSLATED
Sid=S-1-5-18
SidType=0
TaskCategory=None
OpCode=Info
RecordNumber=82562
Keywords=None
Message=File System Filter 'storqosflt' (10.0, ‎2019‎-‎02‎-‎17T02:00:41.000000000Z) has successfully loaded and registered with Filter Manager.
10/16/2020 09:05:50 AM
LogName=System
SourceName=Microsoft-Windows-FilterManager
EventCode=6
EventType=4
Type=Information
ComputerName=win-dc-156.attackrange.local
User=NOT_TRANSLATED
Sid=S-1-5-18
SidType=0
TaskCategory=None
OpCode=Info
RecordNumber=82561
Keywords=None
Message=File System Filter 'wcifs' (10.0, ‎2020‎-‎02‎-‎19T07:59:09.000000000Z) has successfully loaded and registered with Filter Manager.
10/16/2020 09:05:50 AM
LogName=System
SourceName=Microsoft-Windows-FilterManager
EventCode=6
EventType=4
Type=Information
ComputerName=win-dc-156.attackrange.local
User=NOT_TRANSLATED
Sid=S-1-5-18
SidType=0
TaskCategory=None
OpCode=Info
RecordNumber=82560
Keywords=None
Message=File System Filter 'luafv' (10.0, ‎2019‎-‎04‎-‎02T04:23:00.000000000Z) has successfully loaded and registered with Filter Manager.
10/16/2020 09:05:50 AM
LogName=System
SourceName=Microsoft-Windows-Service Control Manager
EventCode=7036
EventType=4
Type=Information
ComputerName=win-dc-156.attackrange.local
TaskCategory=None
OpCode=The operation completed successfully.
RecordNumber=82559
Keywords=Classic
Message=The Dnscache service entered the running state.
10/16/2020 09:05:50 AM
LogName=System
SourceName=Microsoft-Windows-Service Control Manager
EventCode=7036
EventType=4
Type=Information
ComputerName=win-dc-156.attackrange.local
TaskCategory=None
OpCode=The operation completed successfully.
RecordNumber=82558
Keywords=Classic
Message=The Dhcp service entered the running state.
10/16/2020 09:05:50 AM
LogName=System
SourceName=Microsoft-Windows-DHCPv6-Client
EventCode=51046
EventType=4
Type=Information
ComputerName=win-dc-156.attackrange.local
User=NOT_TRANSLATED
Sid=S-1-5-19
SidType=0
TaskCategory=Service State Event
OpCode=ServiceStart
RecordNumber=82557
Keywords=None
Message=DHCPv6 client service is started
10/16/2020 09:05:50 AM
LogName=System
SourceName=Microsoft-Windows-Dhcp-Client
EventCode=50036
EventType=4
Type=Information
ComputerName=win-dc-156.attackrange.local
User=NOT_TRANSLATED
Sid=S-1-5-19
SidType=0
TaskCategory=Service State Event
OpCode=ServiceStart
RecordNumber=82556
Keywords=None
Message=DHCPv4 client service is started
10/16/2020 09:05:50 AM
LogName=System
SourceName=Microsoft-Windows-Service Control Manager
EventCode=7036
EventType=4
Type=Information
ComputerName=win-dc-156.attackrange.local
TaskCategory=None
OpCode=The operation completed successfully.
RecordNumber=82555
Keywords=Classic
Message=The TermService service entered the running state.
10/16/2020 09:05:50 AM
LogName=System
SourceName=Microsoft-Windows-Service Control Manager
EventCode=7036
EventType=4
Type=Information
ComputerName=win-dc-156.attackrange.local
TaskCategory=None
OpCode=The operation completed successfully.
RecordNumber=82554
Keywords=Classic
Message=The lmhosts service entered the running state.
10/16/2020 09:05:50 AM
LogName=System
SourceName=Microsoft-Windows-Service Control Manager
EventCode=7036
EventType=4
Type=Information
ComputerName=win-dc-156.attackrange.local
TaskCategory=None
OpCode=The operation completed successfully.
RecordNumber=82553
Keywords=Classic
Message=The nsi service entered the running state.
10/16/2020 09:05:50 AM
LogName=System
SourceName=Microsoft-Windows-Service Control Manager
EventCode=7036
EventType=4
Type=Information
ComputerName=win-dc-156.attackrange.local
TaskCategory=None
OpCode=The operation completed successfully.
RecordNumber=82552
Keywords=Classic
Message=The SystemEventsBroker service entered the running state.
10/16/2020 09:05:50 AM
LogName=System
SourceName=Microsoft-Windows-Service Control Manager
EventCode=7036
EventType=4
Type=Information
ComputerName=win-dc-156.attackrange.local
TaskCategory=None
OpCode=The operation completed successfully.
RecordNumber=82551
Keywords=Classic
Message=The BrokerInfrastructure service entered the running state.
10/16/2020 09:05:50 AM
LogName=System
SourceName=Microsoft-Windows-Service Control Manager
EventCode=7036
EventType=4
Type=Information
ComputerName=win-dc-156.attackrange.local
TaskCategory=None
OpCode=The operation completed successfully.
RecordNumber=82550
Keywords=Classic
Message=The LSM service entered the running state.
10/16/2020 09:05:50 AM
LogName=System
SourceName=Microsoft-Windows-Service Control Manager
EventCode=7036
EventType=4
Type=Information
ComputerName=win-dc-156.attackrange.local
TaskCategory=None
OpCode=The operation completed successfully.
RecordNumber=82549
Keywords=Classic
Message=The RpcSs service entered the running state.
10/16/2020 09:05:50 AM
LogName=System
SourceName=Microsoft-Windows-Service Control Manager
EventCode=7036
EventType=4
Type=Information
ComputerName=win-dc-156.attackrange.local
TaskCategory=None
OpCode=The operation completed successfully.
RecordNumber=82548
Keywords=Classic
Message=The RpcEptMapper service entered the running state.
10/16/2020 09:05:50 AM
LogName=System
SourceName=Microsoft-Windows-Service Control Manager
EventCode=7036
EventType=4
Type=Information
ComputerName=win-dc-156.attackrange.local
TaskCategory=None
OpCode=The operation completed successfully.
RecordNumber=82547
Keywords=Classic
Message=The DcomLaunch service entered the running state.
10/16/2020 09:05:50 AM
LogName=System
SourceName=Microsoft-Windows-Service Control Manager
EventCode=7036
EventType=4
Type=Information
ComputerName=win-dc-156.attackrange.local
TaskCategory=None
OpCode=The operation completed successfully.
RecordNumber=82546
Keywords=Classic
Message=The Power service entered the running state.
10/16/2020 09:05:50 AM
LogName=System
SourceName=EventLog
EventCode=6013
EventType=4
Type=Information
ComputerName=win-dc-156.attackrange.local
TaskCategory=None
OpCode=None
RecordNumber=82517
Keywords=Classic
Message=The system uptime is 23 seconds.
10/16/2020 09:05:50 AM
LogName=System
SourceName=EventLog
EventCode=6005
EventType=4
Type=Information
ComputerName=win-dc-156.attackrange.local
TaskCategory=None
OpCode=None
RecordNumber=82516
Keywords=Classic
Message=The Event log service was started.
10/16/2020 09:05:50 AM
LogName=System
SourceName=EventLog
EventCode=6009
EventType=4
Type=Information
ComputerName=win-dc-156.attackrange.local
TaskCategory=None
OpCode=None
RecordNumber=82515
Keywords=Classic
Message=Microsoft (R) Windows (R) 10.00. 14393  Multiprocessor Free.
10/16/2020 09:05:51 AM
LogName=System
SourceName=Microsoft-Windows-DNS Client Events
EventCode=1014
EventType=3
Type=Warning
ComputerName=win-dc-156.attackrange.local
User=NOT_TRANSLATED
Sid=S-1-5-20
SidType=0
TaskCategory=1014
OpCode=Info
RecordNumber=82597
Keywords=None
Message=Name resolution for the name _ldap._tcp.dc._msdcs.attackrange.local. timed out after none of the configured DNS servers responded.
10/16/2020 09:05:51 AM
LogName=System
SourceName=Microsoft-Windows-Service Control Manager
EventCode=7036
EventType=4
Type=Information
ComputerName=win-dc-156.attackrange.local
TaskCategory=None
OpCode=The operation completed successfully.
RecordNumber=82596
Keywords=Classic
Message=The PolicyAgent service entered the running state.
10/16/2020 09:05:52 AM
LogName=System
SourceName=Microsoft-Windows-Service Control Manager
EventCode=7036
EventType=4
Type=Information
ComputerName=win-dc-156.attackrange.local
TaskCategory=None
OpCode=The operation completed successfully.
RecordNumber=82598
Keywords=Classic
Message=The CryptSvc service entered the running state.
10/16/2020 09:05:59 AM
LogName=System
SourceName=Microsoft-Windows-Service Control Manager
EventCode=7036
EventType=4
Type=Information
ComputerName=win-dc-156.attackrange.local
TaskCategory=None
OpCode=The operation completed successfully.
RecordNumber=82599
Keywords=Classic
Message=The SamSs service entered the running state.
10/16/2020 09:06:00 AM
LogName=System
SourceName=Microsoft-Windows-Service Control Manager
EventCode=7036
EventType=4
Type=Information
ComputerName=win-dc-156.attackrange.local
TaskCategory=None
OpCode=The operation completed successfully.
RecordNumber=82600
Keywords=Classic
Message=The LanmanServer service entered the running state.
10/16/2020 09:06:06 AM
LogName=System
SourceName=Microsoft-Windows-Service Control Manager
EventCode=7036
EventType=4
Type=Information
ComputerName=win-dc-156.attackrange.local
TaskCategory=None
OpCode=The operation completed successfully.
RecordNumber=82624
Keywords=Classic
Message=The nxlog service entered the running state.
10/16/2020 09:06:06 AM
LogName=System
SourceName=Microsoft-Windows-Service Control Manager
EventCode=7036
EventType=4
Type=Information
ComputerName=win-dc-156.attackrange.local
TaskCategory=None
OpCode=The operation completed successfully.
RecordNumber=82623
Keywords=Classic
Message=The AmazonSSMAgent service entered the running state.
10/16/2020 09:06:06 AM
LogName=System
SourceName=Microsoft-Windows-Service Control Manager
EventCode=7036
EventType=4
Type=Information
ComputerName=win-dc-156.attackrange.local
TaskCategory=None
OpCode=The operation completed successfully.
RecordNumber=82622
Keywords=Classic
Message=The vds service entered the running state.
10/16/2020 09:06:06 AM
LogName=System
SourceName=Microsoft-Windows-Service Control Manager
EventCode=7036
EventType=4
Type=Information
ComputerName=win-dc-156.attackrange.local
TaskCategory=None
OpCode=The operation completed successfully.
RecordNumber=82621
Keywords=Classic
Message=The tiledatamodelsvc service entered the running state.
10/16/2020 09:06:06 AM
LogName=System
SourceName=Microsoft-Windows-Service Control Manager
EventCode=7036
EventType=4
Type=Information
ComputerName=win-dc-156.attackrange.local
TaskCategory=None
OpCode=The operation completed successfully.
RecordNumber=82620
Keywords=Classic
Message=The sysmon64 service entered the running state.
10/16/2020 09:06:06 AM
LogName=System
SourceName=Microsoft-Windows-Service Control Manager
EventCode=7036
EventType=4
Type=Information
ComputerName=win-dc-156.attackrange.local
TaskCategory=None
OpCode=The operation completed successfully.
RecordNumber=82619
Keywords=Classic
Message=The StateRepository service entered the running state.
10/16/2020 09:06:06 AM
LogName=System
SourceName=Microsoft-Windows-Service Control Manager
EventCode=7036
EventType=4
Type=Information
ComputerName=win-dc-156.attackrange.local
TaskCategory=None
OpCode=The operation completed successfully.
RecordNumber=82618
Keywords=Classic
Message=The ADWS service entered the running state.
10/16/2020 09:06:06 AM
LogName=System
SourceName=Microsoft-Windows-Service Control Manager
EventCode=7036
EventType=4
Type=Information
ComputerName=win-dc-156.attackrange.local
TaskCategory=None
OpCode=The operation completed successfully.
RecordNumber=82617
Keywords=Classic
Message=The WinRM service entered the running state.
10/16/2020 09:06:06 AM
LogName=System
SourceName=Microsoft-Windows-Service Control Manager
EventCode=7036
EventType=4
Type=Information
ComputerName=win-dc-156.attackrange.local
TaskCategory=None
OpCode=The operation completed successfully.
RecordNumber=82616
Keywords=Classic
Message=The DFSR service entered the running state.
10/16/2020 09:06:06 AM
LogName=System
SourceName=Microsoft-Windows-Service Control Manager
EventCode=7036
EventType=4
Type=Information
ComputerName=win-dc-156.attackrange.local
TaskCategory=None
OpCode=The operation completed successfully.
RecordNumber=82615
Keywords=Classic
Message=The WpnService service entered the running state.
10/16/2020 09:06:06 AM
LogName=System
SourceName=Microsoft-Windows-Service Control Manager
EventCode=7036
EventType=4
Type=Information
ComputerName=win-dc-156.attackrange.local
TaskCategory=None
OpCode=The operation completed successfully.
RecordNumber=82614
Keywords=Classic
Message=The AWSLiteAgent service entered the running state.
10/16/2020 09:06:06 AM
LogName=System
SourceName=Microsoft-Windows-Service Control Manager
EventCode=7036
EventType=4
Type=Information
ComputerName=win-dc-156.attackrange.local
TaskCategory=None
OpCode=The operation completed successfully.
RecordNumber=82613
Keywords=Classic
Message=The Dfs service entered the running state.
10/16/2020 09:06:06 AM
LogName=System
SourceName=Microsoft-Windows-Service Control Manager
EventCode=7036
EventType=4
Type=Information
ComputerName=win-dc-156.attackrange.local
TaskCategory=None
OpCode=The operation completed successfully.
RecordNumber=82612
Keywords=Classic
Message=The IsmServ service entered the running state.
10/16/2020 09:06:06 AM
LogName=System
SourceName=Microsoft-Windows-Service Control Manager
EventCode=7036
EventType=4
Type=Information
ComputerName=win-dc-156.attackrange.local
TaskCategory=None
OpCode=The operation completed successfully.
RecordNumber=82611
Keywords=Classic
Message=The PcaSvc service entered the running state.
10/16/2020 09:06:06 AM
LogName=System
SourceName=Microsoft-Windows-Service Control Manager
EventCode=7000
EventType=2
Type=Error
ComputerName=win-dc-156.attackrange.local
TaskCategory=None
OpCode=The operation completed successfully.
RecordNumber=82610
Keywords=Classic
Message=The GENSERV service failed to start due to the following error: 
The service did not start due to a logon failure.
10/16/2020 09:06:06 AM
LogName=System
SourceName=Microsoft-Windows-Service Control Manager
EventCode=7034
EventType=2
Type=Error
ComputerName=win-dc-156.attackrange.local
TaskCategory=None
OpCode=The operation completed successfully.
RecordNumber=82609
Keywords=Classic
Message=The GENSERV service terminated unexpectedly.  It has done this 1 time(s).
10/16/2020 09:06:06 AM
LogName=System
SourceName=Microsoft-Windows-Service Control Manager
EventCode=7038
EventType=2
Type=Error
ComputerName=win-dc-156.attackrange.local
TaskCategory=None
OpCode=The operation completed successfully.
RecordNumber=82608
Keywords=Classic
Message=The GENSERV service was unable to log on as ATTACKRANGE\MSA-syslab-2$ with the currently configured password due to the following error: 
The user name or password is incorrect.

To ensure that the service is configured properly, use the Services snap-in in Microsoft Management Console (MMC).
10/16/2020 09:06:06 AM
LogName=System
SourceName=Microsoft-Windows-Service Control Manager
EventCode=7036
EventType=4
Type=Information
ComputerName=win-dc-156.attackrange.local
TaskCategory=None
OpCode=The operation completed successfully.
RecordNumber=82607
Keywords=Classic
Message=The RemoteRegistry service entered the running state.
10/16/2020 09:06:06 AM
LogName=System
SourceName=Microsoft-Windows-Service Control Manager
EventCode=7036
EventType=4
Type=Information
ComputerName=win-dc-156.attackrange.local
TaskCategory=None
OpCode=The operation completed successfully.
RecordNumber=82606
Keywords=Classic
Message=The Spooler service entered the running state.
10/16/2020 09:06:06 AM
LogName=System
SourceName=Microsoft-Windows-Service Control Manager
EventCode=7036
EventType=4
Type=Information
ComputerName=win-dc-156.attackrange.local
TaskCategory=None
OpCode=The operation completed successfully.
RecordNumber=82605
Keywords=Classic
Message=The Netlogon service entered the running state.
10/16/2020 09:06:06 AM
LogName=System
SourceName=Virtual Disk Service
EventCode=3
EventType=4
Type=Information
ComputerName=win-dc-156.attackrange.local
TaskCategory=None
OpCode=None
RecordNumber=82604
Keywords=Classic
Message=Service started.
10/16/2020 09:06:06 AM
LogName=System
SourceName=Microsoft-Windows-Windows Remote Management
EventCode=10148
EventType=4
Type=Information
ComputerName=win-dc-156.attackrange.local
TaskCategory=None
OpCode=Info
RecordNumber=82603
Keywords=Classic
Message=The WinRM service is listening for WS-Management requests. 

 User Action 
 Use the following command to see the specific IPs on which WinRM is listening: 

 winrm enumerate winrm/config/listener
10/16/2020 09:06:06 AM
LogName=System
SourceName=Microsoft-Windows-DfsSvc
EventCode=14531
EventType=4
Type=Information
ComputerName=win-dc-156.attackrange.local
TaskCategory=None
OpCode=The operation completed successfully.
RecordNumber=82602
Keywords=Classic
Message=DFS server has finished initializing.
10/16/2020 09:06:06 AM
LogName=System
SourceName=Microsoft-Windows-DfsSvc
EventCode=14533
EventType=4
Type=Information
ComputerName=win-dc-156.attackrange.local
TaskCategory=None
OpCode=The operation completed successfully.
RecordNumber=82601
Keywords=Classic
Message=DFS has finished building all namespaces.
10/16/2020 09:06:07 AM
LogName=System
SourceName=Microsoft-Windows-Service Control Manager
EventCode=7026
EventType=4
Type=Information
ComputerName=win-dc-156.attackrange.local
TaskCategory=None
OpCode=The operation completed successfully.
RecordNumber=82625
Keywords=Classic
Message=The following boot-start or system-start driver(s) did not load: 
cdrom
dam
10/16/2020 09:06:09 AM
LogName=System
SourceName=Microsoft-Windows-Service Control Manager
EventCode=7036
EventType=4
Type=Information
ComputerName=win-dc-156.attackrange.local
TaskCategory=None
OpCode=The operation completed successfully.
RecordNumber=82626
Keywords=Classic
Message=The NetSetupSvc service entered the stopped state.
10/16/2020 09:06:10 AM
LogName=System
SourceName=Microsoft-Windows-Time-Service
EventCode=143
EventType=4
Type=Information
ComputerName=win-dc-156.attackrange.local
User=NOT_TRANSLATED
Sid=S-1-5-19
SidType=0
TaskCategory=None
OpCode=Info
RecordNumber=82628
Keywords=None
Message=The time service has started advertising as a good time source.
10/16/2020 09:06:10 AM
LogName=System
SourceName=Microsoft-Windows-Time-Service
EventCode=139
EventType=4
Type=Information
ComputerName=win-dc-156.attackrange.local
User=NOT_TRANSLATED
Sid=S-1-5-19
SidType=0
TaskCategory=None
OpCode=Info
RecordNumber=82627
Keywords=None
Message=The time service has started advertising as a time source.
10/16/2020 09:06:17 AM
LogName=System
SourceName=Microsoft-Windows-Service Control Manager
EventCode=7036
EventType=4
Type=Information
ComputerName=win-dc-156.attackrange.local
TaskCategory=None
OpCode=The operation completed successfully.
RecordNumber=82630
Keywords=Classic
Message=The SplunkForwarder service entered the running state.
10/16/2020 09:06:18 AM
LogName=System
SourceName=Microsoft-Windows-Time-Service
EventCode=12
EventType=3
Type=Warning
ComputerName=win-dc-156.attackrange.local
User=NOT_TRANSLATED
Sid=S-1-5-19
SidType=0
TaskCategory=None
OpCode=Info
RecordNumber=82631
Keywords=None
Message=Time Provider NtpClient: This machine is configured to use the domain hierarchy to determine its time source, but it is the AD PDC emulator for the domain at the root of the forest, so there is no machine above it in the domain hierarchy to use as a time source. It is recommended that you either configure a reliable time service in the root domain, or manually configure the AD PDC to synchronize with an external time source. Otherwise, this machine will function as the authoritative time source in the domain hierarchy. If an external time source is not configured or used for this computer, you may choose to disable the NtpClient.
10/16/2020 09:06:18 AM
LogName=System
SourceName=Microsoft-Windows-Windows Remote Management
EventCode=10154
EventType=3
Type=Warning
ComputerName=win-dc-156.attackrange.local
TaskCategory=None
OpCode=Info
RecordNumber=82629
Keywords=Classic
Message=The WinRM service failed to create the following SPNs: WSMAN/win-dc-156.attackrange.local; WSMAN/win-dc-156. 

 Additional Data 
 The error received was 1355: %%1355.

 User Action 
 The SPNs can be created by an administrator using setspn.exe utility.
10/16/2020 09:06:22 AM
LogName=System
SourceName=Microsoft-Windows-Service Control Manager
EventCode=7036
EventType=4
Type=Information
ComputerName=win-dc-156.attackrange.local
TaskCategory=None
OpCode=The operation completed successfully.
RecordNumber=82633
Keywords=Classic
Message=The W32Time service entered the running state.
10/16/2020 09:06:22 AM
LogName=System
SourceName=Microsoft-Windows-Time-Service
EventCode=134
EventType=3
Type=Warning
ComputerName=win-dc-156.attackrange.local
User=NOT_TRANSLATED
Sid=S-1-5-19
SidType=0
TaskCategory=None
OpCode=Info
RecordNumber=82632
Keywords=None
Message=NtpClient was unable to set a manual peer to use as a time source because of DNS resolution error on 'time.windows.com,0x8'. NtpClient will try again in 15 minutes and double the reattempt interval thereafter. The error was: No such host is known. (0x80072AF9)
10/16/2020 09:06:29 AM
LogName=System
SourceName=Microsoft-Windows-Service Control Manager
EventCode=7036
EventType=4
Type=Information
ComputerName=win-dc-156.attackrange.local
TaskCategory=None
OpCode=The operation completed successfully.
RecordNumber=82634
Keywords=Classic
Message=The DNS service entered the running state.
10/16/2020 09:06:30 AM
LogName=System
SourceName=Microsoft-Windows-Time-Service
EventCode=37
EventType=4
Type=Information
ComputerName=win-dc-156.attackrange.local
User=NOT_TRANSLATED
Sid=S-1-5-19
SidType=0
TaskCategory=None
OpCode=Info
RecordNumber=82635
Keywords=None
Message=The time provider NtpClient is currently receiving valid time data from time.windows.com,0x8 (ntp.m|0x8|0.0.0.0:123->51.105.208.173:123).
10/16/2020 09:06:31 AM
LogName=System
SourceName=Microsoft-Windows-Service Control Manager
EventCode=7036
EventType=4
Type=Information
ComputerName=win-dc-156.attackrange.local
TaskCategory=None
OpCode=The operation completed successfully.
RecordNumber=82640
Keywords=Classic
Message=The wuauserv service entered the running state.
10/16/2020 09:06:31 AM
LogName=System
SourceName=Microsoft-Windows-Service Control Manager
EventCode=7036
EventType=4
Type=Information
ComputerName=win-dc-156.attackrange.local
TaskCategory=None
OpCode=The operation completed successfully.
RecordNumber=82639
Keywords=Classic
Message=The NetSetupSvc service entered the running state.
10/16/2020 09:06:31 AM
LogName=System
SourceName=Microsoft-Windows-DNS Client Events
EventCode=1014
EventType=3
Type=Warning
ComputerName=win-dc-156.attackrange.local
User=NOT_TRANSLATED
Sid=S-1-5-20
SidType=0
TaskCategory=1014
OpCode=Info
RecordNumber=82638
Keywords=None
Message=Name resolution for the name 2.0.0.0.1.0.0.0.0.0.0.0.0.0.0.0.0.0.0.0.0.0.0.0.0.0.0.0.2.0.f.f.ip6.arpa. timed out after none of the configured DNS servers responded.
10/16/2020 09:06:31 AM
LogName=System
SourceName=Microsoft-Windows-Service Control Manager
EventCode=7036
EventType=4
Type=Information
ComputerName=win-dc-156.attackrange.local
TaskCategory=None
OpCode=The operation completed successfully.
RecordNumber=82637
Keywords=Classic
Message=The NcaSvc service entered the stopped state.
10/16/2020 09:06:31 AM
LogName=System
SourceName=Microsoft-Windows-GroupPolicy
EventCode=1502
EventType=4
Type=Information
ComputerName=win-dc-156.attackrange.local
User=NOT_TRANSLATED
Sid=S-1-5-18
SidType=0
TaskCategory=None
OpCode=Start
RecordNumber=82636
Keywords=None
Message=The Group Policy settings for the computer were processed successfully. New settings from 2 Group Policy objects were detected and applied.
10/16/2020 09:06:35 AM
LogName=System
SourceName=Microsoft-Windows-Time-Service
EventCode=12
EventType=3
Type=Warning
ComputerName=win-dc-156.attackrange.local
User=NOT_TRANSLATED
Sid=S-1-5-19
SidType=0
TaskCategory=None
OpCode=Info
RecordNumber=82641
Keywords=None
Message=Time Provider NtpClient: This machine is configured to use the domain hierarchy to determine its time source, but it is the AD PDC emulator for the domain at the root of the forest, so there is no machine above it in the domain hierarchy to use as a time source. It is recommended that you either configure a reliable time service in the root domain, or manually configure the AD PDC to synchronize with an external time source. Otherwise, this machine will function as the authoritative time source in the domain hierarchy. If an external time source is not configured or used for this computer, you may choose to disable the NtpClient.
10/16/2020 09:06:36 AM
LogName=System
SourceName=Microsoft-Windows-Time-Service
EventCode=37
EventType=4
Type=Information
ComputerName=win-dc-156.attackrange.local
User=NOT_TRANSLATED
Sid=S-1-5-19
SidType=0
TaskCategory=None
OpCode=Info
RecordNumber=82642
Keywords=None
Message=The time provider NtpClient is currently receiving valid time data from time.windows.com,0x8 (ntp.m|0x8|0.0.0.0:123->51.105.208.173:123).
10/16/2020 09:06:39 AM
LogName=System
SourceName=Microsoft-Windows-Time-Service
EventCode=37
EventType=4
Type=Information
ComputerName=win-dc-156.attackrange.local
User=NOT_TRANSLATED
Sid=S-1-5-19
SidType=0
TaskCategory=None
OpCode=Info
RecordNumber=82643
Keywords=None
Message=The time provider NtpClient is currently receiving valid time data from time.windows.com,0x8 (ntp.m|0x8|0.0.0.0:123->51.105.208.173:123).
10/16/2020 09:06:54 AM
LogName=System
SourceName=Microsoft-Windows-Time-Service
EventCode=35
EventType=4
Type=Information
ComputerName=win-dc-156.attackrange.local
User=NOT_TRANSLATED
Sid=S-1-5-19
SidType=0
TaskCategory=None
OpCode=Info
RecordNumber=82645
Keywords=None
Message=The time service is now synchronizing the system time with the time source time.windows.com,0x8 (ntp.m|0x8|0.0.0.0:123->51.105.208.173:123).
10/16/2020 09:06:54 AM
LogName=System
SourceName=Microsoft-Windows-Time-Service
EventCode=144
EventType=3
Type=Warning
ComputerName=win-dc-156.attackrange.local
User=NOT_TRANSLATED
Sid=S-1-5-19
SidType=0
TaskCategory=None
OpCode=Info
RecordNumber=82644
Keywords=None
Message=The time service has stopped advertising as a good time source.
10/16/2020 09:08:07 AM
LogName=System
SourceName=Microsoft-Windows-Service Control Manager
EventCode=7036
EventType=4
Type=Information
ComputerName=win-dc-156.attackrange.local
TaskCategory=None
OpCode=The operation completed successfully.
RecordNumber=82649
Keywords=Classic
Message=The Distributed Transaction Coordinator service entered the running state.
10/16/2020 09:08:07 AM
LogName=System
SourceName=Microsoft-Windows-Service Control Manager
EventCode=7036
EventType=4
Type=Information
ComputerName=win-dc-156.attackrange.local
TaskCategory=None
OpCode=The operation completed successfully.
RecordNumber=82648
Keywords=Classic
Message=The MapsBroker service entered the running state.
10/16/2020 09:08:07 AM
LogName=System
SourceName=Microsoft-Windows-Service Control Manager
EventCode=7036
EventType=4
Type=Information
ComputerName=win-dc-156.attackrange.local
TaskCategory=None
OpCode=The operation completed successfully.
RecordNumber=82647
Keywords=Classic
Message=The DPS service entered the running state.
10/16/2020 09:08:07 AM
LogName=System
SourceName=Microsoft-Windows-Service Control Manager
EventCode=7036
EventType=4
Type=Information
ComputerName=win-dc-156.attackrange.local
TaskCategory=None
OpCode=The operation completed successfully.
RecordNumber=82646
Keywords=Classic
Message=The Connected Devices Platform Service service entered the stopped state.
10/16/2020 09:08:08 AM
LogName=System
SourceName=Microsoft-Windows-Service Control Manager
EventCode=7036
EventType=4
Type=Information
ComputerName=win-dc-156.attackrange.local
TaskCategory=None
OpCode=The operation completed successfully.
RecordNumber=82650
Keywords=Classic
Message=The sppsvc service entered the running state.
10/16/2020 09:08:09 AM
LogName=System
SourceName=Microsoft-Windows-Service Control Manager
EventCode=7036
EventType=4
Type=Information
ComputerName=win-dc-156.attackrange.local
TaskCategory=None
OpCode=The operation completed successfully.
RecordNumber=82651
Keywords=Classic
Message=The UALSVC service entered the running state.
10/16/2020 09:08:17 AM
LogName=System
SourceName=Microsoft-Windows-Service Control Manager
EventCode=7036
EventType=4
Type=Information
ComputerName=win-dc-156.attackrange.local
TaskCategory=None
OpCode=The operation completed successfully.
RecordNumber=82652
Keywords=Classic
Message=The MapsBroker service entered the stopped state.
10/16/2020 09:08:31 AM
LogName=System
SourceName=Microsoft-Windows-Service Control Manager
EventCode=7036
EventType=4
Type=Information
ComputerName=win-dc-156.attackrange.local
TaskCategory=None
OpCode=The operation completed successfully.
RecordNumber=82653
Keywords=Classic
Message=The Portable Device Enumerator Service service entered the stopped state.
10/16/2020 09:08:39 AM
LogName=System
SourceName=Microsoft-Windows-Service Control Manager
EventCode=7036
EventType=4
Type=Information
ComputerName=win-dc-156.attackrange.local
TaskCategory=None
OpCode=The operation completed successfully.
RecordNumber=82654
Keywords=Classic
Message=The sppsvc service entered the stopped state.
10/16/2020 09:08:53 AM
LogName=System
SourceName=Microsoft-Windows-Service Control Manager
EventCode=7036
EventType=4
Type=Information
ComputerName=win-dc-156.attackrange.local
TaskCategory=None
OpCode=The operation completed successfully.
RecordNumber=82655
Keywords=Classic
Message=The NetSetupSvc service entered the stopped state.
10/16/2020 09:09:49 AM
LogName=System
SourceName=Microsoft-Windows-LSA
EventCode=6038
EventType=3
Type=Warning
ComputerName=win-dc-156.attackrange.local
TaskCategory=None
OpCode=Info
RecordNumber=82656
Keywords=Classic
Message=Microsoft Windows Server has detected that NTLM authentication is presently being used between clients and this server. This event occurs once per boot of the server on the first time a client uses NTLM with this server.
 
NTLM is a weaker authentication mechanism. Please check:
 
      Which applications are using NTLM authentication?
      Are there configuration issues preventing the use of stronger authentication such as Kerberos authentication?
      If NTLM must be supported, is Extended Protection configured?
 
Details on how to complete these checks can be found at http://go.microsoft.com/fwlink/?LinkId=225699.
10/16/2020 09:09:51 AM
LogName=System
SourceName=Microsoft-Windows-Winlogon
EventCode=7001
EventType=4
Type=Information
ComputerName=win-dc-156.attackrange.local
User=NOT_TRANSLATED
Sid=S-1-5-18
SidType=0
TaskCategory=1101
OpCode=Info
RecordNumber=82658
Keywords=None
Message=User Logon Notification for Customer Experience Improvement Program
10/16/2020 09:09:51 AM
LogName=System
SourceName=Microsoft-Windows-Service Control Manager
EventCode=7036
EventType=4
Type=Information
ComputerName=win-dc-156.attackrange.local
TaskCategory=None
OpCode=The operation completed successfully.
RecordNumber=82657
Keywords=Classic
Message=The ScDeviceEnum service entered the running state.
10/16/2020 09:09:52 AM
LogName=System
SourceName=Microsoft-Windows-Service Control Manager
EventCode=7036
EventType=4
Type=Information
ComputerName=win-dc-156.attackrange.local
TaskCategory=None
OpCode=The operation completed successfully.
RecordNumber=82661
Keywords=Classic
Message=The Connected Devices Platform Service service entered the running state.
10/16/2020 09:09:52 AM
LogName=System
SourceName=Microsoft-Windows-Service Control Manager
EventCode=7036
EventType=4
Type=Information
ComputerName=win-dc-156.attackrange.local
TaskCategory=None
OpCode=The operation completed successfully.
RecordNumber=82660
Keywords=Classic
Message=The KeyIso service entered the running state.
10/16/2020 09:09:52 AM
LogName=System
SourceName=Microsoft-Windows-Service Control Manager
EventCode=7036
EventType=4
Type=Information
ComputerName=win-dc-156.attackrange.local
TaskCategory=None
OpCode=The operation completed successfully.
RecordNumber=82659
Keywords=Classic
Message=The CDPUserSvc_5641d service entered the running state.
10/16/2020 09:10:00 AM
LogName=System
SourceName=Microsoft-Windows-Time-Service
EventCode=37
EventType=4
Type=Information
ComputerName=win-dc-156.attackrange.local
User=NOT_TRANSLATED
Sid=S-1-5-19
SidType=0
TaskCategory=None
OpCode=Info
RecordNumber=82662
Keywords=None
Message=The time provider NtpClient is currently receiving valid time data from 169.254.169.123,0x9 (ntp.m|0x9|0.0.0.0:123->169.254.169.123:123).
10/16/2020 09:10:04 AM
LogName=System
SourceName=Microsoft-Windows-Service Control Manager
EventCode=7036
EventType=4
Type=Information
ComputerName=win-dc-156.attackrange.local
TaskCategory=None
OpCode=The operation completed successfully.
RecordNumber=82664
Keywords=Classic
Message=The lfsvc service entered the running state.
10/16/2020 09:10:04 AM
LogName=System
SourceName=Lfsvc
EventCode=2
EventType=4
Type=Information
ComputerName=win-dc-156.attackrange.local
TaskCategory=None
OpCode=Info
RecordNumber=82663
Keywords=Classic
Message=Geolocation positioning has been disabled by the user.
10/16/2020 09:10:42 AM
LogName=System
SourceName=Microsoft-Windows-DNS Client Events
EventCode=1014
EventType=3
Type=Warning
ComputerName=win-dc-156.attackrange.local
User=NOT_TRANSLATED
Sid=S-1-5-20
SidType=0
TaskCategory=1014
OpCode=Info
RecordNumber=82665
Keywords=None
Message=Name resolution for the name 72.42.244.104.in-addr.arpa. timed out after none of the configured DNS servers responded.
10/16/2020 09:10:51 AM
LogName=System
SourceName=Microsoft-Windows-Service Control Manager
EventCode=7036
EventType=4
Type=Information
ComputerName=win-dc-156.attackrange.local
TaskCategory=None
OpCode=The operation completed successfully.
RecordNumber=82667
Keywords=Classic
Message=The wisvc service entered the running state.
10/16/2020 09:10:51 AM
LogName=System
SourceName=Microsoft-Windows-Service Control Manager
EventCode=7036
EventType=4
Type=Information
ComputerName=win-dc-156.attackrange.local
TaskCategory=None
OpCode=The operation completed successfully.
RecordNumber=82666
Keywords=Classic
Message=The UsoSvc service entered the running state.
10/16/2020 09:11:51 AM
LogName=System
SourceName=Microsoft-Windows-Service Control Manager
EventCode=7036
EventType=4
Type=Information
ComputerName=win-dc-156.attackrange.local
TaskCategory=None
OpCode=The operation completed successfully.
RecordNumber=82668
Keywords=Classic
Message=The wisvc service entered the stopped state.
10/16/2020 09:11:52 AM
LogName=System
SourceName=Microsoft-Windows-Service Control Manager
EventCode=7036
EventType=4
Type=Information
ComputerName=win-dc-156.attackrange.local
TaskCategory=None
OpCode=The operation completed successfully.
RecordNumber=82670
Keywords=Classic
Message=The VaultSvc service entered the running state.
10/16/2020 09:11:52 AM
LogName=System
SourceName=Microsoft-Windows-Service Control Manager
EventCode=7036
EventType=4
Type=Information
ComputerName=win-dc-156.attackrange.local
TaskCategory=None
OpCode=The operation completed successfully.
RecordNumber=82669
Keywords=Classic
Message=The Sync Host_5641d service entered the running state.
10/16/2020 09:11:57 AM
LogName=System
SourceName=Microsoft-Windows-Service Control Manager
EventCode=7036
EventType=4
Type=Information
ComputerName=win-dc-156.attackrange.local
TaskCategory=None
OpCode=The operation completed successfully.
RecordNumber=82671
Keywords=Classic
Message=The Update Orchestrator Service for Windows Update service entered the stopped state.
10/16/2020 09:12:37 AM
LogName=System
SourceName=Microsoft-Windows-DistributedCOM
EventCode=10016
EventType=2
Type=Error
ComputerName=win-dc-156.attackrange.local
User=NOT_TRANSLATED
Sid=S-1-5-18
SidType=0
TaskCategory=None
OpCode=Info
RecordNumber=82673
Keywords=Classic
Message=The application-specific permission settings do not grant Local Activation permission for the COM Server application with CLSID 
{D63B10C5-BB46-4990-A94F-E40B9D520160}
 and APPID 
{9CA88EE3-ACB7-47C8-AFC4-AB702511C276}
 to the user NT AUTHORITY\SYSTEM SID (S-1-5-18) from address LocalHost (Using LRPC) running in the application container Unavailable SID (Unavailable). This security permission can be modified using the Component Services administrative tool.
10/16/2020 09:12:37 AM
LogName=System
SourceName=User32
EventCode=1074
EventType=4
Type=Information
ComputerName=win-dc-156.attackrange.local
User=NOT_TRANSLATED
Sid=S-1-5-21-3159037367-2118529354-1907480666-500
SidType=0
TaskCategory=None
OpCode=The operation completed successfully.
RecordNumber=82672
Keywords=Classic
Message=The process C:\Windows\System32\RuntimeBroker.exe (WIN-DC-156) has initiated the restart of computer WIN-DC-156 on behalf of user ATTACKRANGE\Administrator for the following reason: Other (Unplanned)
 Reason Code: 0x5000000
 Shutdown Type: restart
 Comment:
10/16/2020 09:12:38 AM
LogName=System
SourceName=Microsoft-Windows-Service Control Manager
EventCode=7036
EventType=4
Type=Information
ComputerName=win-dc-156.attackrange.local
TaskCategory=None
OpCode=The operation completed successfully.
RecordNumber=82711
Keywords=Classic
Message=The DNS Server service entered the stopped state.
10/16/2020 09:12:38 AM
LogName=System
SourceName=Microsoft-Windows-Service Control Manager
EventCode=7036
EventType=4
Type=Information
ComputerName=win-dc-156.attackrange.local
TaskCategory=None
OpCode=The operation completed successfully.
RecordNumber=82710
Keywords=Classic
Message=The Windows Event Log service entered the stopped state.
10/16/2020 09:12:38 AM
LogName=System
SourceName=Microsoft-Windows-Service Control Manager
EventCode=7036
EventType=4
Type=Information
ComputerName=win-dc-156.attackrange.local
TaskCategory=None
OpCode=The operation completed successfully.
RecordNumber=82709
Keywords=Classic
Message=The Windows Remote Management (WS-Management) service entered the stopped state.
10/16/2020 09:12:38 AM
LogName=System
SourceName=Microsoft-Windows-Service Control Manager
EventCode=7036
EventType=4
Type=Information
ComputerName=win-dc-156.attackrange.local
TaskCategory=None
OpCode=The operation completed successfully.
RecordNumber=82708
Keywords=Classic
Message=The Remote Desktop Services service entered the stopped state.
