10/16/2020 07:27:55 AM
LogName=System
SourceName=Microsoft-Windows-Service Control Manager
EventCode=7036
EventType=4
Type=Information
ComputerName=EC2AMAZ-GK5BS01
TaskCategory=None
OpCode=The operation completed successfully.
RecordNumber=81581
Keywords=Classic
Message=The AWS Lite Guest Agent service entered the stopped state.
10/16/2020 07:27:55 AM
LogName=System
SourceName=Microsoft-Windows-Service Control Manager
EventCode=7036
EventType=4
Type=Information
ComputerName=EC2AMAZ-GK5BS01
TaskCategory=None
OpCode=The operation completed successfully.
RecordNumber=81580
Keywords=Classic
Message=The Plug and Play service entered the stopped state.
10/16/2020 07:27:55 AM
LogName=System
SourceName=Microsoft-Windows-Service Control Manager
EventCode=7036
EventType=4
Type=Information
ComputerName=EC2AMAZ-GK5BS01
TaskCategory=None
OpCode=The operation completed successfully.
RecordNumber=81579
Keywords=Classic
Message=The Amazon SSM Agent service entered the stopped state.
10/16/2020 07:27:55 AM
LogName=System
SourceName=Microsoft-Windows-Service Control Manager
EventCode=7036
EventType=4
Type=Information
ComputerName=EC2AMAZ-GK5BS01
TaskCategory=None
OpCode=The operation completed successfully.
RecordNumber=81578
Keywords=Classic
Message=The Tile Data model server service entered the stopped state.
10/16/2020 07:27:55 AM
LogName=System
SourceName=Microsoft-Windows-Service Control Manager
EventCode=7036
EventType=4
Type=Information
ComputerName=EC2AMAZ-GK5BS01
TaskCategory=None
OpCode=The operation completed successfully.
RecordNumber=81577
Keywords=Classic
Message=The Windows Modules Installer service entered the stopped state.
10/16/2020 07:27:55 AM
LogName=System
SourceName=EventLog
EventCode=6006
EventType=4
Type=Information
ComputerName=EC2AMAZ-GK5BS01
TaskCategory=None
OpCode=None
RecordNumber=81576
Keywords=Classic
Message=The Event log service was stopped.
10/16/2020 07:27:55 AM
LogName=System
SourceName=Microsoft-Windows-Windows Remote Management
EventCode=10149
EventType=3
Type=Warning
ComputerName=EC2AMAZ-GK5BS01
TaskCategory=None
OpCode=Info
RecordNumber=81575
Keywords=Classic
Message=The WinRM service is not listening for WS-Management requests. 

 User Action 
 If you did not intentionally stop the service, use the following command to see the WinRM configuration: 

 winrm enumerate winrm/config/listener
10/16/2020 07:27:56 AM
LogName=System
SourceName=Microsoft-Windows-Service Control Manager
EventCode=7036
EventType=4
Type=Information
ComputerName=win-host-374
TaskCategory=None
OpCode=The operation completed successfully.
RecordNumber=81610
Keywords=Classic
Message=The Windows Update service entered the stopped state.
10/16/2020 07:27:56 AM
LogName=System
SourceName=Microsoft-Windows-Service Control Manager
EventCode=7036
EventType=4
Type=Information
ComputerName=win-host-374
TaskCategory=None
OpCode=The operation completed successfully.
RecordNumber=81609
Keywords=Classic
Message=The Device Setup Manager service entered the stopped state.
10/16/2020 07:27:57 AM
LogName=System
SourceName=Microsoft-Windows-Kernel-General
EventCode=13
EventType=4
Type=Information
ComputerName=win-host-374
TaskCategory=2
OpCode=Info
RecordNumber=81612
Keywords=None
Message=The operating system is shutting down at system time ‎2020‎-‎10‎-‎16T07:27:57.714519100Z.
10/16/2020 07:27:57 AM
LogName=System
SourceName=Microsoft-Windows-Kernel-Power
EventCode=109
EventType=4
Type=Information
ComputerName=win-host-374
TaskCategory=103
OpCode=Info
RecordNumber=81611
Keywords=None
Message=The kernel power manager has initiated a shutdown transition.

Shutdown Reason: Kernel API
10/16/2020 07:28:17 AM
LogName=System
SourceName=Microsoft-Windows-Kernel-Boot
EventCode=32
EventType=4
Type=Information
ComputerName=win-host-374
User=NOT_TRANSLATED
Sid=S-1-5-18
SidType=0
TaskCategory=None
OpCode=Info
RecordNumber=81619
Keywords=None
Message=The bootmgr spent 0 ms waiting for user input.
10/16/2020 07:28:17 AM
LogName=System
SourceName=Microsoft-Windows-Kernel-Boot
EventCode=18
EventType=4
Type=Information
ComputerName=win-host-374
User=NOT_TRANSLATED
Sid=S-1-5-18
SidType=0
TaskCategory=None
OpCode=Info
RecordNumber=81618
Keywords=None
Message=There are 0x1 boot options on this system.
10/16/2020 07:28:17 AM
LogName=System
SourceName=Microsoft-Windows-Kernel-Boot
EventCode=25
EventType=4
Type=Information
ComputerName=win-host-374
User=NOT_TRANSLATED
Sid=S-1-5-18
SidType=0
TaskCategory=32
OpCode=Info
RecordNumber=81617
Keywords=None
Message=The boot menu policy was 0x0.
10/16/2020 07:28:17 AM
LogName=System
SourceName=Microsoft-Windows-Kernel-Boot
EventCode=27
EventType=4
Type=Information
ComputerName=win-host-374
User=NOT_TRANSLATED
Sid=S-1-5-18
SidType=0
TaskCategory=33
OpCode=Info
RecordNumber=81616
Keywords=None
Message=The boot type was 0x0.
10/16/2020 07:28:17 AM
LogName=System
SourceName=Microsoft-Windows-Kernel-Boot
EventCode=20
EventType=4
Type=Information
ComputerName=win-host-374
User=NOT_TRANSLATED
Sid=S-1-5-18
SidType=0
TaskCategory=31
OpCode=Info
RecordNumber=81615
Keywords=None
Message=The last shutdown's success status was true. The last boot's success status was true.
10/16/2020 07:28:17 AM
LogName=System
SourceName=Microsoft-Windows-Kernel-Boot
EventCode=153
EventType=4
Type=Information
ComputerName=win-host-374
User=NOT_TRANSLATED
Sid=S-1-5-18
SidType=0
TaskCategory=None
OpCode=Info
RecordNumber=81614
Keywords=None
Message=The Virtualization Based Security (policies: 0) is disabled with status STATUS_SUCCESS.
10/16/2020 07:28:17 AM
LogName=System
SourceName=Microsoft-Windows-Kernel-General
EventCode=12
EventType=4
Type=Information
ComputerName=win-host-374
User=NOT_TRANSLATED
Sid=S-1-5-18
SidType=0
TaskCategory=1
OpCode=Info
RecordNumber=81613
Keywords=None
Message=The operating system started at system time ‎2020‎-‎10‎-‎16T07:28:17.489278700Z.
10/16/2020 07:28:21 AM
LogName=System
SourceName=Microsoft-Windows-Kernel-Processor-Power
EventCode=55
EventType=4
Type=Information
ComputerName=win-host-374
User=NOT_TRANSLATED
Sid=S-1-5-18
SidType=0
TaskCategory=47
OpCode=Info
RecordNumber=81632
Keywords=None
Message=Processor 7 in group 0 exposes the following power management capabilities:

Idle state type: ACPI Idle (C) States (1 state(s))

Performance state type: None
Nominal Frequency (MHz): 2300
Maximum performance percentage: 100
Minimum performance percentage: 100
Minimum throttle percentage: 100
10/16/2020 07:28:21 AM
LogName=System
SourceName=Microsoft-Windows-Kernel-Processor-Power
EventCode=55
EventType=4
Type=Information
ComputerName=win-host-374
User=NOT_TRANSLATED
Sid=S-1-5-18
SidType=0
TaskCategory=47
OpCode=Info
RecordNumber=81631
Keywords=None
Message=Processor 6 in group 0 exposes the following power management capabilities:

Idle state type: ACPI Idle (C) States (1 state(s))

Performance state type: None
Nominal Frequency (MHz): 2300
Maximum performance percentage: 100
Minimum performance percentage: 100
Minimum throttle percentage: 100
10/16/2020 07:28:21 AM
LogName=System
SourceName=Microsoft-Windows-Kernel-Processor-Power
EventCode=55
EventType=4
Type=Information
ComputerName=win-host-374
User=NOT_TRANSLATED
Sid=S-1-5-18
SidType=0
TaskCategory=47
OpCode=Info
RecordNumber=81630
Keywords=None
Message=Processor 5 in group 0 exposes the following power management capabilities:

Idle state type: ACPI Idle (C) States (1 state(s))

Performance state type: None
Nominal Frequency (MHz): 2300
Maximum performance percentage: 100
Minimum performance percentage: 100
Minimum throttle percentage: 100
10/16/2020 07:28:21 AM
LogName=System
SourceName=Microsoft-Windows-Kernel-Processor-Power
EventCode=55
EventType=4
Type=Information
ComputerName=win-host-374
User=NOT_TRANSLATED
Sid=S-1-5-18
SidType=0
TaskCategory=47
OpCode=Info
RecordNumber=81629
Keywords=None
Message=Processor 4 in group 0 exposes the following power management capabilities:

Idle state type: ACPI Idle (C) States (1 state(s))

Performance state type: None
Nominal Frequency (MHz): 2300
Maximum performance percentage: 100
Minimum performance percentage: 100
Minimum throttle percentage: 100
10/16/2020 07:28:21 AM
LogName=System
SourceName=Microsoft-Windows-Kernel-Processor-Power
EventCode=55
EventType=4
Type=Information
ComputerName=win-host-374
User=NOT_TRANSLATED
Sid=S-1-5-18
SidType=0
TaskCategory=47
OpCode=Info
RecordNumber=81628
Keywords=None
Message=Processor 3 in group 0 exposes the following power management capabilities:

Idle state type: ACPI Idle (C) States (1 state(s))

Performance state type: None
Nominal Frequency (MHz): 2300
Maximum performance percentage: 100
Minimum performance percentage: 100
Minimum throttle percentage: 100
10/16/2020 07:28:21 AM
LogName=System
SourceName=Microsoft-Windows-Kernel-Processor-Power
EventCode=55
EventType=4
Type=Information
ComputerName=win-host-374
User=NOT_TRANSLATED
Sid=S-1-5-18
SidType=0
TaskCategory=47
OpCode=Info
RecordNumber=81627
Keywords=None
Message=Processor 2 in group 0 exposes the following power management capabilities:

Idle state type: ACPI Idle (C) States (1 state(s))

Performance state type: None
Nominal Frequency (MHz): 2300
Maximum performance percentage: 100
Minimum performance percentage: 100
Minimum throttle percentage: 100
10/16/2020 07:28:21 AM
LogName=System
SourceName=Microsoft-Windows-Kernel-Processor-Power
EventCode=55
EventType=4
Type=Information
ComputerName=win-host-374
User=NOT_TRANSLATED
Sid=S-1-5-18
SidType=0
TaskCategory=47
OpCode=Info
RecordNumber=81626
Keywords=None
Message=Processor 1 in group 0 exposes the following power management capabilities:

Idle state type: ACPI Idle (C) States (1 state(s))

Performance state type: None
Nominal Frequency (MHz): 2300
Maximum performance percentage: 100
Minimum performance percentage: 100
Minimum throttle percentage: 100
10/16/2020 07:28:21 AM
LogName=System
SourceName=Microsoft-Windows-Kernel-Processor-Power
EventCode=55
EventType=4
Type=Information
ComputerName=win-host-374
User=NOT_TRANSLATED
Sid=S-1-5-18
SidType=0
TaskCategory=47
OpCode=Info
RecordNumber=81625
Keywords=None
Message=Processor 0 in group 0 exposes the following power management capabilities:

Idle state type: ACPI Idle (C) States (1 state(s))

Performance state type: None
Nominal Frequency (MHz): 2300
Maximum performance percentage: 100
Minimum performance percentage: 100
Minimum throttle percentage: 100
10/16/2020 07:28:21 AM
LogName=System
SourceName=Microsoft-Windows-Kernel-Power
EventCode=172
EventType=4
Type=Information
ComputerName=win-host-374
User=NOT_TRANSLATED
Sid=S-1-5-18
SidType=0
TaskCategory=203
OpCode=Info
RecordNumber=81624
Keywords=None
Message=Connectivity state in standby: Disconnected, Reason: NIC compliance
10/16/2020 07:28:21 AM
LogName=System
SourceName=Microsoft-Windows-FilterManager
EventCode=6
EventType=4
Type=Information
ComputerName=win-host-374
User=NOT_TRANSLATED
Sid=S-1-5-18
SidType=0
TaskCategory=None
OpCode=Info
RecordNumber=81623
Keywords=None
Message=File System Filter 'npsvctrig' (10.0, ‎2016‎-‎07‎-‎16T02:28:33.000000000Z) has successfully loaded and registered with Filter Manager.
10/16/2020 07:28:21 AM
LogName=System
SourceName=Microsoft-Windows-FilterManager
EventCode=6
EventType=4
Type=Information
ComputerName=win-host-374
User=NOT_TRANSLATED
Sid=S-1-5-18
SidType=0
TaskCategory=None
OpCode=Info
RecordNumber=81622
Keywords=None
Message=File System Filter 'FileCrypt' (10.0, ‎2018‎-‎08‎-‎30T20:44:27.000000000Z) has successfully loaded and registered with Filter Manager.
10/16/2020 07:28:21 AM
LogName=System
SourceName=Microsoft-Windows-Ntfs
EventCode=98
EventType=4
Type=Information
ComputerName=win-host-374
User=NOT_TRANSLATED
Sid=S-1-5-18
SidType=0
TaskCategory=None
OpCode=Info
RecordNumber=81621
Keywords=None
Message=Volume C: (\Device\HarddiskVolume1) is healthy.  No action is needed.
10/16/2020 07:28:21 AM
LogName=System
SourceName=Microsoft-Windows-FilterManager
EventCode=6
EventType=4
Type=Information
ComputerName=win-host-374
User=NOT_TRANSLATED
Sid=S-1-5-18
SidType=0
TaskCategory=None
OpCode=Info
RecordNumber=81620
Keywords=None
Message=File System Filter 'Wof' (10.0, ‎2019‎-‎09‎-‎29T22:52:46.000000000Z) has successfully loaded and registered with Filter Manager.
10/16/2020 07:28:22 AM
LogName=System
SourceName=Microsoft-Windows-Service Control Manager
EventCode=7036
EventType=4
Type=Information
ComputerName=win-host-374
TaskCategory=None
OpCode=The operation completed successfully.
RecordNumber=81659
Keywords=Classic
Message=The SENS service entered the running state.
10/16/2020 07:28:22 AM
LogName=System
SourceName=Microsoft-Windows-Service Control Manager
EventCode=7036
EventType=4
Type=Information
ComputerName=win-host-374
TaskCategory=None
OpCode=The operation completed successfully.
RecordNumber=81658
Keywords=Classic
Message=The ProfSvc service entered the running state.
10/16/2020 07:28:22 AM
LogName=System
SourceName=Microsoft-Windows-Service Control Manager
EventCode=7036
EventType=4
Type=Information
ComputerName=win-host-374
TaskCategory=None
OpCode=The operation completed successfully.
RecordNumber=81657
Keywords=Classic
Message=The Dhcp service entered the running state.
10/16/2020 07:28:22 AM
LogName=System
SourceName=Microsoft-Windows-Service Control Manager
EventCode=7036
EventType=4
Type=Information
ComputerName=win-host-374
TaskCategory=None
OpCode=The operation completed successfully.
RecordNumber=81656
Keywords=Classic
Message=The EventSystem service entered the running state.
10/16/2020 07:28:22 AM
LogName=System
SourceName=Microsoft-Windows-DHCPv6-Client
EventCode=51046
EventType=4
Type=Information
ComputerName=win-host-374
User=NOT_TRANSLATED
Sid=S-1-5-19
SidType=0
TaskCategory=Service State Event
OpCode=ServiceStart
RecordNumber=81655
Keywords=None
Message=DHCPv6 client service is started
10/16/2020 07:28:22 AM
LogName=System
SourceName=Microsoft-Windows-Service Control Manager
EventCode=7036
EventType=4
Type=Information
ComputerName=win-host-374
TaskCategory=None
OpCode=The operation completed successfully.
RecordNumber=81654
Keywords=Classic
Message=The CoreMessagingRegistrar service entered the running state.
10/16/2020 07:28:22 AM
LogName=System
SourceName=Microsoft-Windows-Service Control Manager
EventCode=7036
EventType=4
Type=Information
ComputerName=win-host-374
TaskCategory=None
OpCode=The operation completed successfully.
RecordNumber=81653
Keywords=Classic
Message=The Themes service entered the running state.
10/16/2020 07:28:22 AM
LogName=System
SourceName=Microsoft-Windows-Dhcp-Client
EventCode=50036
EventType=4
Type=Information
ComputerName=win-host-374
User=NOT_TRANSLATED
Sid=S-1-5-19
SidType=0
TaskCategory=Service State Event
OpCode=ServiceStart
RecordNumber=81652
Keywords=None
Message=DHCPv4 client service is started
10/16/2020 07:28:22 AM
LogName=System
SourceName=Microsoft-Windows-FilterManager
EventCode=6
EventType=4
Type=Information
ComputerName=win-host-374
User=NOT_TRANSLATED
Sid=S-1-5-18
SidType=0
TaskCategory=None
OpCode=Info
RecordNumber=81651
Keywords=None
Message=File System Filter 'storqosflt' (10.0, ‎2019‎-‎02‎-‎17T02:00:41.000000000Z) has successfully loaded and registered with Filter Manager.
10/16/2020 07:28:22 AM
LogName=System
SourceName=Microsoft-Windows-FilterManager
EventCode=6
EventType=4
Type=Information
ComputerName=win-host-374
User=NOT_TRANSLATED
Sid=S-1-5-18
SidType=0
TaskCategory=None
OpCode=Info
RecordNumber=81650
Keywords=None
Message=File System Filter 'wcifs' (10.0, ‎2020‎-‎02‎-‎19T07:59:09.000000000Z) has successfully loaded and registered with Filter Manager.
10/16/2020 07:28:22 AM
LogName=System
SourceName=Microsoft-Windows-FilterManager
EventCode=6
EventType=4
Type=Information
ComputerName=win-host-374
User=NOT_TRANSLATED
Sid=S-1-5-18
SidType=0
TaskCategory=None
OpCode=Info
RecordNumber=81649
Keywords=None
Message=File System Filter 'luafv' (10.0, ‎2019‎-‎04‎-‎02T04:23:00.000000000Z) has successfully loaded and registered with Filter Manager.
10/16/2020 07:28:22 AM
LogName=System
SourceName=Microsoft-Windows-Service Control Manager
EventCode=7036
EventType=4
Type=Information
ComputerName=win-host-374
TaskCategory=None
OpCode=The operation completed successfully.
RecordNumber=81648
Keywords=Classic
Message=The WPDBusEnum service entered the running state.
10/16/2020 07:28:22 AM
LogName=System
SourceName=Microsoft-Windows-Service Control Manager
EventCode=7036
EventType=4
Type=Information
ComputerName=win-host-374
TaskCategory=None
OpCode=The operation completed successfully.
RecordNumber=81647
Keywords=Classic
Message=The nsi service entered the running state.
10/16/2020 07:28:22 AM
LogName=System
SourceName=Microsoft-Windows-Service Control Manager
EventCode=7036
EventType=4
Type=Information
ComputerName=win-host-374
TaskCategory=None
OpCode=The operation completed successfully.
RecordNumber=81646
Keywords=Classic
Message=The EventLog service entered the running state.
10/16/2020 07:28:22 AM
LogName=System
SourceName=Microsoft-Windows-Service Control Manager
EventCode=7036
EventType=4
Type=Information
ComputerName=win-host-374
TaskCategory=None
OpCode=The operation completed successfully.
RecordNumber=81645
Keywords=Classic
Message=The lmhosts service entered the running state.
10/16/2020 07:28:22 AM
LogName=System
SourceName=Microsoft-Windows-Service Control Manager
EventCode=7036
EventType=4
Type=Information
ComputerName=win-host-374
TaskCategory=None
OpCode=The operation completed successfully.
RecordNumber=81644
Keywords=Classic
Message=The TermService service entered the running state.
10/16/2020 07:28:22 AM
LogName=System
SourceName=Microsoft-Windows-Service Control Manager
EventCode=7036
EventType=4
Type=Information
ComputerName=win-host-374
TaskCategory=None
OpCode=The operation completed successfully.
RecordNumber=81643
Keywords=Classic
Message=The SystemEventsBroker service entered the running state.
10/16/2020 07:28:22 AM
LogName=System
SourceName=Microsoft-Windows-Service Control Manager
EventCode=7036
EventType=4
Type=Information
ComputerName=win-host-374
TaskCategory=None
OpCode=The operation completed successfully.
RecordNumber=81642
Keywords=Classic
Message=The BrokerInfrastructure service entered the running state.
10/16/2020 07:28:22 AM
LogName=System
SourceName=Microsoft-Windows-Service Control Manager
EventCode=7036
EventType=4
Type=Information
ComputerName=win-host-374
TaskCategory=None
OpCode=The operation completed successfully.
RecordNumber=81641
Keywords=Classic
Message=The LSM service entered the running state.
10/16/2020 07:28:22 AM
LogName=System
SourceName=Microsoft-Windows-Service Control Manager
EventCode=7036
EventType=4
Type=Information
ComputerName=win-host-374
TaskCategory=None
OpCode=The operation completed successfully.
RecordNumber=81640
Keywords=Classic
Message=The RpcSs service entered the running state.
10/16/2020 07:28:22 AM
LogName=System
SourceName=Microsoft-Windows-Service Control Manager
EventCode=7036
EventType=4
Type=Information
ComputerName=win-host-374
TaskCategory=None
OpCode=The operation completed successfully.
RecordNumber=81639
Keywords=Classic
Message=The RpcEptMapper service entered the running state.
10/16/2020 07:28:22 AM
LogName=System
SourceName=Microsoft-Windows-Service Control Manager
EventCode=7036
EventType=4
Type=Information
ComputerName=win-host-374
TaskCategory=None
OpCode=The operation completed successfully.
RecordNumber=81638
Keywords=Classic
Message=The DcomLaunch service entered the running state.
10/16/2020 07:28:22 AM
LogName=System
SourceName=Microsoft-Windows-Service Control Manager
EventCode=7036
EventType=4
Type=Information
ComputerName=win-host-374
TaskCategory=None
OpCode=The operation completed successfully.
RecordNumber=81637
Keywords=Classic
Message=The Power service entered the running state.
10/16/2020 07:28:22 AM
LogName=System
SourceName=Microsoft-Windows-Service Control Manager
EventCode=7036
EventType=4
Type=Information
ComputerName=win-host-374
TaskCategory=None
OpCode=The operation completed successfully.
RecordNumber=81636
Keywords=Classic
Message=The PlugPlay service entered the running state.
10/16/2020 07:28:22 AM
LogName=System
SourceName=Microsoft-Windows-Directory-Services-SAM
EventCode=16962
EventType=4
Type=Information
ComputerName=win-host-374
User=NOT_TRANSLATED
Sid=S-1-5-18
SidType=0
TaskCategory=None
OpCode=Info
RecordNumber=81635
Keywords=None
Message=Remote calls to the SAM database are being restricted using the default security descriptor: O:SYG:SYD:(A;;RC;;;BA).
For more information please see http://go.microsoft.com/fwlink/?LinkId=787651.
10/16/2020 07:28:22 AM
LogName=System
SourceName=Microsoft-Windows-Wininit
EventCode=14
EventType=4
Type=Information
ComputerName=win-host-374
User=NOT_TRANSLATED
Sid=S-1-5-18
SidType=0
TaskCategory=None
OpCode=Info
RecordNumber=81634
Keywords=None
Message=Credential Guard (LsaIso.exe) configuration: 0x0, 0
10/16/2020 07:28:22 AM
LogName=System
SourceName=EventLog
EventCode=6013
EventType=4
Type=Information
ComputerName=win-host-374
TaskCategory=None
OpCode=None
RecordNumber=81600
Keywords=Classic
Message=The system uptime is 5 seconds.
10/16/2020 07:28:22 AM
LogName=System
SourceName=EventLog
EventCode=6005
EventType=4
Type=Information
ComputerName=win-host-374
TaskCategory=None
OpCode=None
RecordNumber=81599
Keywords=Classic
Message=The Event log service was started.
10/16/2020 07:28:22 AM
LogName=System
SourceName=EventLog
EventCode=6009
EventType=4
Type=Information
ComputerName=win-host-374
TaskCategory=None
OpCode=None
RecordNumber=81598
Keywords=Classic
Message=Microsoft (R) Windows (R) 10.00. 14393  Multiprocessor Free.
10/16/2020 07:28:22 AM
LogName=System
SourceName=EventLog
EventCode=6011
EventType=4
Type=Information
ComputerName=win-host-374
TaskCategory=None
OpCode=None
RecordNumber=81597
Keywords=Classic
Message=The NetBIOS name and DNS host name of this machine have been changed from EC2AMAZ-GK5BS01 to WIN-HOST-374.
10/16/2020 07:28:23 AM
LogName=System
SourceName=Microsoft-Windows-Service Control Manager
EventCode=7026
EventType=4
Type=Information
ComputerName=win-host-374
TaskCategory=None
OpCode=The operation completed successfully.
RecordNumber=81701
Keywords=Classic
Message=The following boot-start or system-start driver(s) did not load: 
cdrom
dam
10/16/2020 07:28:23 AM
LogName=System
SourceName=Microsoft-Windows-Service Control Manager
EventCode=7036
EventType=4
Type=Information
ComputerName=win-host-374
TaskCategory=None
OpCode=The operation completed successfully.
RecordNumber=81700
Keywords=Classic
Message=The AmazonSSMAgent service entered the running state.
10/16/2020 07:28:23 AM
LogName=System
SourceName=Microsoft-Windows-Service Control Manager
EventCode=7036
EventType=4
Type=Information
ComputerName=win-host-374
TaskCategory=None
OpCode=The operation completed successfully.
RecordNumber=81699
Keywords=Classic
Message=The PolicyAgent service entered the running state.
10/16/2020 07:28:23 AM
LogName=System
SourceName=Microsoft-Windows-Iphlpsvc
EventCode=4200
EventType=4
Type=Information
ComputerName=win-host-374
User=NOT_TRANSLATED
Sid=S-1-5-18
SidType=0
TaskCategory=None
OpCode=Info
RecordNumber=81698
Keywords=None
Message=Isatap interface isatap.eu-central-1.compute.internal with address fe80::5efe:10.0.1.15 has been brought up.
10/16/2020 07:28:23 AM
LogName=System
SourceName=Microsoft-Windows-Service Control Manager
EventCode=7036
EventType=4
Type=Information
ComputerName=win-host-374
TaskCategory=None
OpCode=The operation completed successfully.
RecordNumber=81697
Keywords=Classic
Message=The NetSetupSvc service entered the running state.
10/16/2020 07:28:23 AM
LogName=System
SourceName=Microsoft-Windows-Service Control Manager
EventCode=7036
EventType=4
Type=Information
ComputerName=win-host-374
TaskCategory=None
OpCode=The operation completed successfully.
RecordNumber=81696
Keywords=Classic
Message=The KeyIso service entered the running state.
10/16/2020 07:28:23 AM
LogName=System
SourceName=Microsoft-Windows-TerminalServices-RemoteConnectionManager
EventCode=1056
EventType=4
Type=Information
ComputerName=win-host-374
TaskCategory=None
OpCode=The operation completed successfully.
RecordNumber=81695
Keywords=Classic
Message=A new self signed certificate to be used for RD Session Host Server authentication on SSL connections was generated. The name on this certificate is win-host-374. The SHA1 hash of the certificate is in the event data.
10/16/2020 07:28:23 AM
LogName=System
SourceName=Microsoft-Windows-Service Control Manager
EventCode=7036
EventType=4
Type=Information
ComputerName=win-host-374
TaskCategory=None
OpCode=The operation completed successfully.
RecordNumber=81694
Keywords=Classic
Message=The tiledatamodelsvc service entered the running state.
10/16/2020 07:28:23 AM
LogName=System
SourceName=Microsoft-Windows-Service Control Manager
EventCode=7036
EventType=4
Type=Information
ComputerName=win-host-374
TaskCategory=None
OpCode=The operation completed successfully.
RecordNumber=81693
Keywords=Classic
Message=The iphlpsvc service entered the running state.
10/16/2020 07:28:23 AM
LogName=System
SourceName=Microsoft-Windows-Service Control Manager
EventCode=7036
EventType=4
Type=Information
ComputerName=win-host-374
TaskCategory=None
OpCode=The operation completed successfully.
RecordNumber=81692
Keywords=Classic
Message=The WinRM service entered the running state.
10/16/2020 07:28:23 AM
LogName=System
SourceName=Microsoft-Windows-Service Control Manager
EventCode=7036
EventType=4
Type=Information
ComputerName=win-host-374
TaskCategory=None
OpCode=The operation completed successfully.
RecordNumber=81691
Keywords=Classic
Message=The StateRepository service entered the running state.
10/16/2020 07:28:23 AM
LogName=System
SourceName=Microsoft-Windows-Service Control Manager
EventCode=7036
EventType=4
Type=Information
ComputerName=win-host-374
TaskCategory=None
OpCode=The operation completed successfully.
RecordNumber=81690
Keywords=Classic
Message=The LanmanServer service entered the running state.
10/16/2020 07:28:23 AM
LogName=System
SourceName=Microsoft-Windows-Service Control Manager
EventCode=7036
EventType=4
Type=Information
ComputerName=win-host-374
TaskCategory=None
OpCode=The operation completed successfully.
RecordNumber=81689
Keywords=Classic
Message=The WpnService service entered the running state.
10/16/2020 07:28:23 AM
LogName=System
SourceName=Microsoft-Windows-Service Control Manager
EventCode=7036
EventType=4
Type=Information
ComputerName=win-host-374
TaskCategory=None
OpCode=The operation completed successfully.
RecordNumber=81688
Keywords=Classic
Message=The AWSLiteAgent service entered the running state.
10/16/2020 07:28:23 AM
LogName=System
SourceName=Microsoft-Windows-Service Control Manager
EventCode=7036
EventType=4
Type=Information
ComputerName=win-host-374
TaskCategory=None
OpCode=The operation completed successfully.
RecordNumber=81687
Keywords=Classic
Message=The MpsSvc service entered the running state.
10/16/2020 07:28:23 AM
LogName=System
SourceName=Microsoft-Windows-Service Control Manager
EventCode=7036
EventType=4
Type=Information
ComputerName=win-host-374
TaskCategory=None
OpCode=The operation completed successfully.
RecordNumber=81686
Keywords=Classic
Message=The CryptSvc service entered the running state.
10/16/2020 07:28:23 AM
LogName=System
SourceName=Microsoft-Windows-Service Control Manager
EventCode=7036
EventType=4
Type=Information
ComputerName=win-host-374
TaskCategory=None
OpCode=The operation completed successfully.
RecordNumber=81685
Keywords=Classic
Message=The Spooler service entered the running state.
10/16/2020 07:28:23 AM
LogName=System
SourceName=Microsoft-Windows-Service Control Manager
EventCode=7036
EventType=4
Type=Information
ComputerName=win-host-374
TaskCategory=None
OpCode=The operation completed successfully.
RecordNumber=81684
Keywords=Classic
Message=The W32Time service entered the running state.
10/16/2020 07:28:23 AM
LogName=System
SourceName=Microsoft-Windows-Service Control Manager
EventCode=7036
EventType=4
Type=Information
ComputerName=win-host-374
TaskCategory=None
OpCode=The operation completed successfully.
RecordNumber=81683
Keywords=Classic
Message=The PcaSvc service entered the running state.
10/16/2020 07:28:23 AM
LogName=System
SourceName=Microsoft-Windows-Service Control Manager
EventCode=7036
EventType=4
Type=Information
ComputerName=win-host-374
TaskCategory=None
OpCode=The operation completed successfully.
RecordNumber=81682
Keywords=Classic
Message=The RemoteRegistry service entered the running state.
10/16/2020 07:28:23 AM
LogName=System
SourceName=Microsoft-Windows-Service Control Manager
EventCode=7036
EventType=4
Type=Information
ComputerName=win-host-374
TaskCategory=None
OpCode=The operation completed successfully.
RecordNumber=81681
Keywords=Classic
Message=The TrkWks service entered the running state.
10/16/2020 07:28:23 AM
LogName=System
SourceName=Microsoft-Windows-Service Control Manager
EventCode=7036
EventType=4
Type=Information
ComputerName=win-host-374
TaskCategory=None
OpCode=The operation completed successfully.
RecordNumber=81680
Keywords=Classic
Message=The Winmgmt service entered the running state.
10/16/2020 07:28:23 AM
LogName=System
SourceName=Microsoft-Windows-Service Control Manager
EventCode=7036
EventType=4
Type=Information
ComputerName=win-host-374
TaskCategory=None
OpCode=The operation completed successfully.
RecordNumber=81679
Keywords=Classic
Message=The UserManager service entered the running state.
10/16/2020 07:28:23 AM
LogName=System
SourceName=Microsoft-Windows-Service Control Manager
EventCode=7036
EventType=4
Type=Information
ComputerName=win-host-374
TaskCategory=None
OpCode=The operation completed successfully.
RecordNumber=81678
Keywords=Classic
Message=The SamSs service entered the running state.
10/16/2020 07:28:23 AM
LogName=System
SourceName=Microsoft-Windows-Service Control Manager
EventCode=7036
EventType=4
Type=Information
ComputerName=win-host-374
TaskCategory=None
OpCode=The operation completed successfully.
RecordNumber=81677
Keywords=Classic
Message=The TimeBrokerSvc service entered the running state.
10/16/2020 07:28:23 AM
LogName=System
SourceName=Microsoft-Windows-Service Control Manager
EventCode=7036
EventType=4
Type=Information
ComputerName=win-host-374
TaskCategory=None
OpCode=The operation completed successfully.
RecordNumber=81676
Keywords=Classic
Message=The BFE service entered the running state.
10/16/2020 07:28:23 AM
LogName=System
SourceName=Microsoft-Windows-Service Control Manager
EventCode=7036
EventType=4
Type=Information
ComputerName=win-host-374
TaskCategory=None
OpCode=The operation completed successfully.
RecordNumber=81675
Keywords=Classic
Message=The SessionEnv service entered the running state.
10/16/2020 07:28:23 AM
LogName=System
SourceName=Microsoft-Windows-Service Control Manager
EventCode=7036
EventType=4
Type=Information
ComputerName=win-host-374
TaskCategory=None
OpCode=The operation completed successfully.
RecordNumber=81674
Keywords=Classic
Message=The Schedule service entered the running state.
10/16/2020 07:28:23 AM
LogName=System
SourceName=Microsoft-Windows-Service Control Manager
EventCode=7036
EventType=4
Type=Information
ComputerName=win-host-374
TaskCategory=None
OpCode=The operation completed successfully.
RecordNumber=81673
Keywords=Classic
Message=The WinHttpAutoProxySvc service entered the running state.
10/16/2020 07:28:23 AM
LogName=System
SourceName=Microsoft-Windows-Service Control Manager
EventCode=7036
EventType=4
Type=Information
ComputerName=win-host-374
TaskCategory=None
OpCode=The operation completed successfully.
RecordNumber=81672
Keywords=Classic
Message=The LanmanWorkstation service entered the running state.
10/16/2020 07:28:23 AM
LogName=System
SourceName=Microsoft-Windows-Service Control Manager
EventCode=7036
EventType=4
Type=Information
ComputerName=win-host-374
TaskCategory=None
OpCode=The operation completed successfully.
RecordNumber=81671
Keywords=Classic
Message=The NcbService service entered the running state.
10/16/2020 07:28:23 AM
LogName=System
SourceName=Microsoft-Windows-Service Control Manager
EventCode=7036
EventType=4
Type=Information
ComputerName=win-host-374
TaskCategory=None
OpCode=The operation completed successfully.
RecordNumber=81670
Keywords=Classic
Message=The DsmSvc service entered the running state.
10/16/2020 07:28:23 AM
LogName=System
SourceName=Microsoft-Windows-Service Control Manager
EventCode=7036
EventType=4
Type=Information
ComputerName=win-host-374
TaskCategory=None
OpCode=The operation completed successfully.
RecordNumber=81669
Keywords=Classic
Message=The netprofm service entered the running state.
10/16/2020 07:28:23 AM
LogName=System
SourceName=Microsoft-Windows-Service Control Manager
EventCode=7036
EventType=4
Type=Information
ComputerName=win-host-374
TaskCategory=None
OpCode=The operation completed successfully.
RecordNumber=81668
Keywords=Classic
Message=The CertPropSvc service entered the running state.
10/16/2020 07:28:23 AM
LogName=System
SourceName=Microsoft-Windows-Service Control Manager
EventCode=7036
EventType=4
Type=Information
ComputerName=win-host-374
TaskCategory=None
OpCode=The operation completed successfully.
RecordNumber=81667
Keywords=Classic
Message=The Dnscache service entered the running state.
10/16/2020 07:28:23 AM
LogName=System
SourceName=Microsoft-Windows-Service Control Manager
EventCode=7036
EventType=4
Type=Information
ComputerName=win-host-374
TaskCategory=None
OpCode=The operation completed successfully.
RecordNumber=81666
Keywords=Classic
Message=The FontCache service entered the running state.
10/16/2020 07:28:23 AM
LogName=System
SourceName=Microsoft-Windows-Service Control Manager
EventCode=7036
EventType=4
Type=Information
ComputerName=win-host-374
TaskCategory=None
OpCode=The operation completed successfully.
RecordNumber=81665
Keywords=Classic
Message=The UmRdpService service entered the running state.
10/16/2020 07:28:23 AM
LogName=System
SourceName=Microsoft-Windows-Service Control Manager
EventCode=7036
EventType=4
Type=Information
ComputerName=win-host-374
TaskCategory=None
OpCode=The operation completed successfully.
RecordNumber=81664
Keywords=Classic
Message=The NlaSvc service entered the running state.
10/16/2020 07:28:23 AM
LogName=System
SourceName=Microsoft-Windows-Service Control Manager
EventCode=7036
EventType=4
Type=Information
ComputerName=win-host-374
TaskCategory=None
OpCode=The operation completed successfully.
RecordNumber=81663
Keywords=Classic
Message=The Wcmsvc service entered the running state.
10/16/2020 07:28:23 AM
LogName=System
SourceName=Microsoft-Windows-Service Control Manager
EventCode=7036
EventType=4
Type=Information
ComputerName=win-host-374
TaskCategory=None
OpCode=The operation completed successfully.
RecordNumber=81662
Keywords=Classic
Message=The ShellHWDetection service entered the running state.
10/16/2020 07:28:23 AM
LogName=System
SourceName=Microsoft-Windows-Service Control Manager
EventCode=7036
EventType=4
Type=Information
ComputerName=win-host-374
TaskCategory=None
OpCode=The operation completed successfully.
RecordNumber=81661
Keywords=Classic
Message=The TrustedInstaller service entered the running state.
10/16/2020 07:28:23 AM
LogName=System
SourceName=Microsoft-Windows-Service Control Manager
EventCode=7036
EventType=4
Type=Information
ComputerName=win-host-374
TaskCategory=None
OpCode=The operation completed successfully.
RecordNumber=81660
Keywords=Classic
Message=The gpsvc service entered the running state.
10/16/2020 07:28:23 AM
LogName=System
SourceName=Microsoft-Windows-Windows Remote Management
EventCode=10148
EventType=4
Type=Information
ComputerName=win-host-374
TaskCategory=None
OpCode=Info
RecordNumber=81633
Keywords=Classic
Message=The WinRM service is listening for WS-Management requests. 

 User Action 
 Use the following command to see the specific IPs on which WinRM is listening: 

 winrm enumerate winrm/config/listener
10/16/2020 07:28:24 AM
LogName=System
SourceName=Microsoft-Windows-DistributedCOM
EventCode=10016
EventType=2
Type=Error
ComputerName=win-host-374
User=NOT_TRANSLATED
Sid=S-1-5-21-4284141139-3213569923-3907246136-500
SidType=0
TaskCategory=None
OpCode=Info
RecordNumber=81702
Keywords=Classic
Message=The application-specific permission settings do not grant Local Activation permission for the COM Server application with CLSID 
{D63B10C5-BB46-4990-A94F-E40B9D520160}
 and APPID 
{9CA88EE3-ACB7-47C8-AFC4-AB702511C276}
 to the user WIN-HOST-374\Administrator SID (S-1-5-21-4284141139-3213569923-3907246136-500) from address LocalHost (Using LRPC) running in the application container Unavailable SID (Unavailable). This security permission can be modified using the Component Services administrative tool.
10/16/2020 07:28:27 AM
LogName=System
SourceName=Microsoft-Windows-Service Control Manager
EventCode=7036
EventType=4
Type=Information
ComputerName=win-host-374
TaskCategory=None
OpCode=The operation completed successfully.
RecordNumber=81703
Keywords=Classic
Message=The wuauserv service entered the running state.
10/16/2020 07:28:30 AM
LogName=System
SourceName=Microsoft-Windows-Service Control Manager
EventCode=7036
EventType=4
Type=Information
ComputerName=win-host-374
TaskCategory=None
OpCode=The operation completed successfully.
RecordNumber=81704
Keywords=Classic
Message=The NetSetupSvc service entered the stopped state.
10/16/2020 07:28:39 AM
LogName=System
SourceName=Microsoft-Windows-Service Control Manager
EventCode=7036
EventType=4
Type=Information
ComputerName=win-dc-156.attackrange.local
TaskCategory=None
OpCode=The operation completed successfully.
RecordNumber=82202
Keywords=Classic
Message=The Windows Insider Service service entered the stopped state.
10/16/2020 07:28:42 AM
LogName=System
SourceName=User32
EventCode=1074
EventType=4
Type=Information
ComputerName=win-host-374
User=NOT_TRANSLATED
Sid=S-1-5-21-4284141139-3213569923-3907246136-500
SidType=0
TaskCategory=None
OpCode=The operation completed successfully.
RecordNumber=81705
Keywords=Classic
Message=The process C:\Windows\system32\shutdown.exe (WIN-HOST-374) has initiated the restart of computer WIN-HOST-374 on behalf of user WIN-HOST-374\Administrator for the following reason: No title for this reason could be found
 Reason Code: 0x800000ff
 Shutdown Type: restart
 Comment: Reboot initiated by Ansible
10/16/2020 07:28:44 AM
LogName=System
SourceName=Microsoft-Windows-Service Control Manager
EventCode=7036
EventType=4
Type=Information
ComputerName=win-dc-156.attackrange.local
TaskCategory=None
OpCode=The operation completed successfully.
RecordNumber=82203
Keywords=Classic
Message=The Update Orchestrator Service for Windows Update service entered the stopped state.
10/16/2020 07:28:46 AM
LogName=System
SourceName=Microsoft-Windows-Service Control Manager
EventCode=7036
EventType=4
Type=Information
ComputerName=win-host-374
TaskCategory=None
OpCode=The operation completed successfully.
RecordNumber=81737
Keywords=Classic
Message=The Windows Remote Management (WS-Management) service entered the stopped state.
10/16/2020 07:28:46 AM
LogName=System
SourceName=Microsoft-Windows-Service Control Manager
EventCode=7036
EventType=4
Type=Information
ComputerName=win-host-374
TaskCategory=None
OpCode=The operation completed successfully.
RecordNumber=81736
Keywords=Classic
Message=The Remote Desktop Services service entered the stopped state.
10/16/2020 07:28:46 AM
LogName=System
SourceName=Microsoft-Windows-Service Control Manager
EventCode=7036
EventType=4
Type=Information
ComputerName=win-host-374
TaskCategory=None
OpCode=The operation completed successfully.
RecordNumber=81735
Keywords=Classic
Message=The Windows Update service entered the stopped state.
10/16/2020 07:28:46 AM
LogName=System
SourceName=Microsoft-Windows-Service Control Manager
EventCode=7036
EventType=4
Type=Information
ComputerName=win-host-374
TaskCategory=None
OpCode=The operation completed successfully.
RecordNumber=81734
Keywords=Classic
Message=The Windows Event Log service entered the stopped state.
10/16/2020 07:28:46 AM
LogName=System
SourceName=Microsoft-Windows-Service Control Manager
EventCode=7036
EventType=4
Type=Information
ComputerName=win-host-374
TaskCategory=None
OpCode=The operation completed successfully.
RecordNumber=81733
Keywords=Classic
Message=The Device Setup Manager service entered the stopped state.
10/16/2020 07:28:46 AM
LogName=System
SourceName=Microsoft-Windows-Service Control Manager
EventCode=7036
EventType=4
Type=Information
ComputerName=win-host-374
TaskCategory=None
OpCode=The operation completed successfully.
RecordNumber=81729
Keywords=Classic
Message=The Cryptographic Services service entered the stopped state.
10/16/2020 07:28:46 AM
LogName=System
SourceName=Microsoft-Windows-Service Control Manager
EventCode=7036
EventType=4
Type=Information
ComputerName=win-host-374
TaskCategory=None
OpCode=The operation completed successfully.
RecordNumber=81728
Keywords=Classic
Message=The State Repository Service service entered the stopped state.
10/16/2020 07:28:46 AM
LogName=System
SourceName=Microsoft-Windows-Service Control Manager
EventCode=7036
EventType=4
Type=Information
ComputerName=win-host-374
TaskCategory=None
OpCode=The operation completed successfully.
RecordNumber=81727
Keywords=Classic
Message=The Windows Font Cache Service service entered the stopped state.
10/16/2020 07:28:46 AM
LogName=System
SourceName=Microsoft-Windows-Service Control Manager
EventCode=7036
EventType=4
Type=Information
ComputerName=win-host-374
TaskCategory=None
OpCode=The operation completed successfully.
RecordNumber=81726
Keywords=Classic
Message=The Windows Connection Manager service entered the stopped state.
10/16/2020 07:28:46 AM
LogName=System
SourceName=Microsoft-Windows-Service Control Manager
EventCode=7036
EventType=4
Type=Information
ComputerName=win-host-374
TaskCategory=None
OpCode=The operation completed successfully.
RecordNumber=81725
Keywords=Classic
Message=The Windows Management Instrumentation service entered the stopped state.
10/16/2020 07:28:46 AM
LogName=System
SourceName=Microsoft-Windows-Service Control Manager
EventCode=7036
EventType=4
Type=Information
ComputerName=win-host-374
TaskCategory=None
OpCode=The operation completed successfully.
RecordNumber=81724
Keywords=Classic
Message=The Program Compatibility Assistant Service service entered the stopped state.
10/16/2020 07:28:46 AM
LogName=System
SourceName=Microsoft-Windows-Service Control Manager
EventCode=7036
EventType=4
Type=Information
ComputerName=win-host-374
TaskCategory=None
OpCode=The operation completed successfully.
RecordNumber=81723
Keywords=Classic
Message=The DHCP Client service entered the stopped state.
10/16/2020 07:28:46 AM
LogName=System
SourceName=Microsoft-Windows-Service Control Manager
EventCode=7036
EventType=4
Type=Information
ComputerName=win-host-374
TaskCategory=None
OpCode=The operation completed successfully.
RecordNumber=81722
Keywords=Classic
Message=The User Profile Service service entered the stopped state.
10/16/2020 07:28:46 AM
LogName=System
SourceName=Microsoft-Windows-Service Control Manager
EventCode=7036
EventType=4
Type=Information
ComputerName=win-host-374
TaskCategory=None
OpCode=The operation completed successfully.
RecordNumber=81721
Keywords=Classic
Message=The Windows Time service entered the stopped state.
10/16/2020 07:28:46 AM
LogName=System
SourceName=Microsoft-Windows-Service Control Manager
EventCode=7036
EventType=4
Type=Information
ComputerName=win-host-374
TaskCategory=None
OpCode=The operation completed successfully.
RecordNumber=81720
Keywords=Classic
Message=The Certificate Propagation service entered the stopped state.
10/16/2020 07:28:46 AM
LogName=System
SourceName=Microsoft-Windows-Dhcp-Client
EventCode=50037
EventType=4
Type=Information
ComputerName=win-host-374
User=NOT_TRANSLATED
Sid=S-1-5-19
SidType=0
TaskCategory=Service State Event
OpCode=ServiceStop
RecordNumber=81719
Keywords=None
Message=DHCPv4 client service is stopped. ShutDown Flag value is 1
10/16/2020 07:28:46 AM
LogName=System
SourceName=Microsoft-Windows-Service Control Manager
EventCode=7036
EventType=4
Type=Information
ComputerName=win-host-374
TaskCategory=None
OpCode=The operation completed successfully.
RecordNumber=81718
Keywords=Classic
Message=The Distributed Link Tracking Client service entered the stopped state.
10/16/2020 07:28:46 AM
LogName=System
SourceName=Microsoft-Windows-Service Control Manager
EventCode=7036
EventType=4
Type=Information
ComputerName=win-host-374
TaskCategory=None
OpCode=The operation completed successfully.
RecordNumber=81717
Keywords=Classic
Message=The Remote Desktop Services UserMode Port Redirector service entered the stopped state.
10/16/2020 07:28:46 AM
LogName=System
SourceName=Microsoft-Windows-DHCPv6-Client
EventCode=51047
EventType=4
Type=Information
ComputerName=win-host-374
User=NOT_TRANSLATED
Sid=S-1-5-19
SidType=0
TaskCategory=Service State Event
OpCode=ServiceStop
RecordNumber=81716
Keywords=None
Message=DHCPv6 client service is stopped. ShutDown Flag value is 1
10/16/2020 07:28:46 AM
LogName=System
SourceName=Microsoft-Windows-Service Control Manager
EventCode=7036
EventType=4
Type=Information
ComputerName=win-host-374
TaskCategory=None
OpCode=The operation completed successfully.
RecordNumber=81715
Keywords=Classic
Message=The AWS Lite Guest Agent service entered the stopped state.
10/16/2020 07:28:46 AM
LogName=System
SourceName=Microsoft-Windows-Service Control Manager
EventCode=7036
EventType=4
Type=Information
ComputerName=win-host-374
TaskCategory=None
OpCode=The operation completed successfully.
RecordNumber=81714
Keywords=Classic
Message=The IPsec Policy Agent service entered the stopped state.
10/16/2020 07:28:46 AM
LogName=System
SourceName=Microsoft-Windows-Service Control Manager
EventCode=7036
EventType=4
Type=Information
ComputerName=win-host-374
TaskCategory=None
OpCode=The operation completed successfully.
RecordNumber=81713
Keywords=Classic
Message=The Amazon SSM Agent service entered the stopped state.
10/16/2020 07:28:46 AM
LogName=System
SourceName=Microsoft-Windows-Service Control Manager
EventCode=7036
EventType=4
Type=Information
ComputerName=win-host-374
TaskCategory=None
OpCode=The operation completed successfully.
RecordNumber=81712
Keywords=Classic
Message=The Plug and Play service entered the stopped state.
10/16/2020 07:28:46 AM
LogName=System
SourceName=Microsoft-Windows-Service Control Manager
EventCode=7036
EventType=4
Type=Information
ComputerName=win-host-374
TaskCategory=None
OpCode=The operation completed successfully.
RecordNumber=81711
Keywords=Classic
Message=The Tile Data model server service entered the stopped state.
10/16/2020 07:28:46 AM
LogName=System
SourceName=Microsoft-Windows-Service Control Manager
EventCode=7036
EventType=4
Type=Information
ComputerName=win-host-374
TaskCategory=None
OpCode=The operation completed successfully.
RecordNumber=81710
Keywords=Classic
Message=The Windows Modules Installer service entered the stopped state.
10/16/2020 07:28:46 AM
LogName=System
SourceName=Microsoft-Windows-Service Control Manager
EventCode=7036
EventType=4
Type=Information
ComputerName=win-host-374
TaskCategory=None
OpCode=The operation completed successfully.
RecordNumber=81709
Keywords=Classic
Message=The Group Policy Client service entered the stopped state.
10/16/2020 07:28:46 AM
LogName=System
SourceName=Microsoft-Windows-Service Control Manager
EventCode=7036
EventType=4
Type=Information
ComputerName=win-host-374
TaskCategory=None
OpCode=The operation completed successfully.
RecordNumber=81708
Keywords=Classic
Message=The NetSetupSvc service entered the running state.
10/16/2020 07:28:46 AM
LogName=System
SourceName=Microsoft-Windows-Service Control Manager
EventCode=7040
EventType=4
Type=Information
ComputerName=win-host-374
User=NOT_TRANSLATED
Sid=S-1-5-18
SidType=0
TaskCategory=None
OpCode=The operation completed successfully.
RecordNumber=81707
Keywords=Classic
Message=The start type of the Windows Modules Installer service was changed from auto start to demand start.
10/16/2020 07:28:46 AM
LogName=System
SourceName=EventLog
EventCode=6006
EventType=4
Type=Information
ComputerName=win-host-374
TaskCategory=None
OpCode=None
RecordNumber=81706
Keywords=Classic
Message=The Event log service was stopped.
10/16/2020 07:28:51 AM
LogName=System
SourceName=Microsoft-Windows-Kernel-General
EventCode=13
EventType=4
Type=Information
ComputerName=win-host-374
TaskCategory=2
OpCode=Info
RecordNumber=81739
Keywords=None
Message=The operating system is shutting down at system time ‎2020‎-‎10‎-‎16T07:28:51.895104600Z.
10/16/2020 07:28:51 AM
LogName=System
SourceName=Microsoft-Windows-Kernel-Power
EventCode=109
EventType=4
Type=Information
ComputerName=win-host-374
TaskCategory=103
OpCode=Info
RecordNumber=81738
Keywords=None
Message=The kernel power manager has initiated a shutdown transition.

Shutdown Reason: Kernel API
10/16/2020 07:29:11 AM
LogName=System
SourceName=Microsoft-Windows-Kernel-Boot
EventCode=32
EventType=4
Type=Information
ComputerName=win-host-374
User=NOT_TRANSLATED
Sid=S-1-5-18
SidType=0
TaskCategory=None
OpCode=Info
RecordNumber=81746
Keywords=None
Message=The bootmgr spent 0 ms waiting for user input.
10/16/2020 07:29:11 AM
LogName=System
SourceName=Microsoft-Windows-Kernel-Boot
EventCode=18
EventType=4
Type=Information
ComputerName=win-host-374
User=NOT_TRANSLATED
Sid=S-1-5-18
SidType=0
TaskCategory=None
OpCode=Info
RecordNumber=81745
Keywords=None
Message=There are 0x1 boot options on this system.
10/16/2020 07:29:11 AM
LogName=System
SourceName=Microsoft-Windows-Kernel-Boot
EventCode=25
EventType=4
Type=Information
ComputerName=win-host-374
User=NOT_TRANSLATED
Sid=S-1-5-18
SidType=0
TaskCategory=32
OpCode=Info
RecordNumber=81744
Keywords=None
Message=The boot menu policy was 0x0.
