<Event xmlns='http://schemas.microsoft.com/win/2004/08/events/event'><System><Provider Name='Microsoft-Windows-Sysmon' Guid='{5770385F-C22A-43E0-BF4C-06F5698FFBD9}'/><EventID>10</EventID><Version>3</Version><Level>4</Level><Task>10</Task><Opcode>0</Opcode><Keywords>0x8000000000000000</Keywords><TimeCreated SystemTime='2021-10-14T21:32:48.838977200Z'/><EventRecordID>8017348</EventRecordID><Correlation/><Execution ProcessID='1140' ThreadID='2720'/><Channel>Microsoft-Windows-Sysmon/Operational</Channel><Computer>win-host-874.attackrange.local</Computer><Security UserID='S-1-5-18'/></System><EventData><Data Name='RuleName'>-</Data><Data Name='UtcTime'>2021-10-14 21:32:48.826</Data><Data Name='SourceProcessGUID'>{AD5E2759-A1BE-6168-4461-04000000F101}</Data><Data Name='SourceProcessId'>5700</Data><Data Name='SourceThreadId'>5728</Data><Data Name='SourceImage'>C:\Windows\system32\conhost.exe</Data><Data Name='TargetProcessGUID'>{AD5E2759-A200-6168-5761-04000000F101}</Data><Data Name='TargetProcessId'>6008</Data><Data Name='TargetImage'>C:\Windows\system32\setspn.exe</Data><Data Name='GrantedAccess'>0x1fffff</Data><Data Name='CallTrace'>C:\Windows\SYSTEM32\ntdll.dll+a6134|C:\Windows\SYSTEM32\ConhostV2.dll+5ca7|C:\Windows\SYSTEM32\ConhostV2.dll+774b|C:\Windows\SYSTEM32\ConhostV2.dll+a8ef|C:\Windows\System32\KERNEL32.DLL+84d4|C:\Windows\SYSTEM32\ntdll.dll+51781</Data></EventData></Event>
<Event xmlns='http://schemas.microsoft.com/win/2004/08/events/event'><System><Provider Name='Microsoft-Windows-Sysmon' Guid='{5770385F-C22A-43E0-BF4C-06F5698FFBD9}'/><EventID>10</EventID><Version>3</Version><Level>4</Level><Task>10</Task><Opcode>0</Opcode><Keywords>0x8000000000000000</Keywords><TimeCreated SystemTime='2021-10-14T21:32:48.837660400Z'/><EventRecordID>8017343</EventRecordID><Correlation/><Execution ProcessID='1140' ThreadID='2720'/><Channel>Microsoft-Windows-Sysmon/Operational</Channel><Computer>win-host-874.attackrange.local</Computer><Security UserID='S-1-5-18'/></System><EventData><Data Name='RuleName'>-</Data><Data Name='UtcTime'>2021-10-14 21:32:48.826</Data><Data Name='SourceProcessGUID'>{AD5E2759-A1AF-6168-1D61-04000000F101}</Data><Data Name='SourceProcessId'>2172</Data><Data Name='SourceThreadId'>928</Data><Data Name='SourceImage'>C:\Windows\system32\csrss.exe</Data><Data Name='TargetProcessGUID'>{AD5E2759-A200-6168-5761-04000000F101}</Data><Data Name='TargetProcessId'>6008</Data><Data Name='TargetImage'>C:\Windows\system32\setspn.exe</Data><Data Name='GrantedAccess'>0x1fffff</Data><Data Name='CallTrace'>C:\Windows\SYSTEM32\ntdll.dll+a6134|C:\Windows\system32\basesrv.DLL+2f47|C:\Windows\SYSTEM32\CSRSRV.dll+5645|C:\Windows\SYSTEM32\ntdll.dll+5178f</Data></EventData></Event>
<Event xmlns='http://schemas.microsoft.com/win/2004/08/events/event'><System><Provider Name='Microsoft-Windows-Sysmon' Guid='{5770385F-C22A-43E0-BF4C-06F5698FFBD9}'/><EventID>10</EventID><Version>3</Version><Level>4</Level><Task>10</Task><Opcode>0</Opcode><Keywords>0x8000000000000000</Keywords><TimeCreated SystemTime='2021-10-14T21:32:48.837520700Z'/><EventRecordID>8017342</EventRecordID><Correlation/><Execution ProcessID='1140' ThreadID='2720'/><Channel>Microsoft-Windows-Sysmon/Operational</Channel><Computer>win-host-874.attackrange.local</Computer><Security UserID='S-1-5-18'/></System><EventData><Data Name='RuleName'>-</Data><Data Name='UtcTime'>2021-10-14 21:32:48.826</Data><Data Name='SourceProcessGUID'>{AD5E2759-A1BE-6168-4361-04000000F101}</Data><Data Name='SourceProcessId'>5688</Data><Data Name='SourceThreadId'>5856</Data><Data Name='SourceImage'>C:\Windows\System32\WindowsPowerShell\v1.0\powershell.exe</Data><Data Name='TargetProcessGUID'>{AD5E2759-A200-6168-5761-04000000F101}</Data><Data Name='TargetProcessId'>6008</Data><Data Name='TargetImage'>C:\Windows\system32\setspn.exe</Data><Data Name='GrantedAccess'>0x1fffff</Data><Data Name='CallTrace'>C:\Windows\SYSTEM32\ntdll.dll+a7404|C:\Windows\System32\KERNELBASE.dll+2b860|C:\Windows\System32\KERNELBASE.dll+6b246|C:\Windows\System32\KERNEL32.DLL+1c213|C:\Windows\assembly\NativeImages_v4.0.30319_64\System\2a6ccbaba5690e5b3fec3bf707022bdb\System.ni.dll+384146|C:\Windows\assembly\NativeImages_v4.0.30319_64\System\2a6ccbaba5690e5b3fec3bf707022bdb\System.ni.dll+2c4809|C:\Windows\assembly\NativeImages_v4.0.30319_64\System\2a6ccbaba5690e5b3fec3bf707022bdb\System.ni.dll+2c4179|C:\Windows\assembly\NativeImages_v4.0.30319_64\System.Manaa57fc8cc#\0784610d68cd6b36e46150702bf69c35\System.Management.Automation.ni.dll+de4d0027(wow64)|C:\Windows\assembly\NativeImages_v4.0.30319_64\System.Manaa57fc8cc#\0784610d68cd6b36e46150702bf69c35\System.Management.Automation.ni.dll+dd953480(wow64)|C:\Windows\assembly\NativeImages_v4.0.30319_64\System.Manaa57fc8cc#\0784610d68cd6b36e46150702bf69c35\System.Management.Automation.ni.dll+dd9530bb(wow64)|C:\Windows\assembly\NativeImages_v4.0.30319_64\System.Manaa57fc8cc#\0784610d68cd6b36e46150702bf69c35\System.Management.Automation.ni.dll+de41b3e9(wow64)|C:\Windows\assembly\NativeImages_v4.0.30319_64\System.Manaa57fc8cc#\0784610d68cd6b36e46150702bf69c35\System.Management.Automation.ni.dll+dd91002d(wow64)|C:\Windows\assembly\NativeImages_v4.0.30319_64\System.Manaa57fc8cc#\0784610d68cd6b36e46150702bf69c35\System.Management.Automation.ni.dll+dd973a9f(wow64)|C:\Windows\assembly\NativeImages_v4.0.30319_64\System.Manaa57fc8cc#\0784610d68cd6b36e46150702bf69c35\System.Management.Automation.ni.dll+dd955aae(wow64)|C:\Windows\assembly\NativeImages_v4.0.30319_64\System.Manaa57fc8cc#\0784610d68cd6b36e46150702bf69c35\System.Management.Automation.ni.dll+dd955aae(wow64)|C:\Windows\assembly\NativeImages_v4.0.30319_64\System.Manaa57fc8cc#\0784610d68cd6b36e46150702bf69c35\System.Management.Automation.ni.dll+dd95593f(wow64)|C:\Windows\assembly\NativeImages_v4.0.30319_64\System.Manaa57fc8cc#\0784610d68cd6b36e46150702bf69c35\System.Management.Automation.ni.dll+dd94665f(wow64)|C:\Windows\assembly\NativeImages_v4.0.30319_64\System.Manaa57fc8cc#\0784610d68cd6b36e46150702bf69c35\System.Management.Automation.ni.dll+dd953ba1(wow64)|C:\Windows\assembly\NativeImages_v4.0.30319_64\System.Manaa57fc8cc#\0784610d68cd6b36e46150702bf69c35\System.Management.Automation.ni.dll+dd953713(wow64)|C:\Windows\assembly\NativeImages_v4.0.30319_64\System.Manaa57fc8cc#\0784610d68cd6b36e46150702bf69c35\System.Management.Automation.ni.dll+dd953480(wow64)|C:\Windows\assembly\NativeImages_v4.0.30319_64\System.Manaa57fc8cc#\0784610d68cd6b36e46150702bf69c35\System.Management.Automation.ni.dll+dd9530bb(wow64)|C:\Windows\assembly\NativeImages_v4.0.30319_64\System.Manaa57fc8cc#\0784610d68cd6b36e46150702bf69c35\System.Management.Automation.ni.dll+de41b3e9(wow64)|C:\Windows\assembly\NativeImages_v4.0.30319_64\System.Manaa57fc8cc#\0784610d68cd6b36e46150702bf69c35\System.Management.Automation.ni.dll+dd938366(wow64)|C:\Windows\assembly\NativeImages_v4.0.30319_64\System.Manaa57fc8cc#\0784610d68cd6b36e46150702bf69c35\System.Management.Automation.ni.dll+dd9378d8(wow64)</Data></EventData></Event>
<Event xmlns='http://schemas.microsoft.com/win/2004/08/events/event'><System><Provider Name='Microsoft-Windows-Sysmon' Guid='{5770385F-C22A-43E0-BF4C-06F5698FFBD9}'/><EventID>1</EventID><Version>5</Version><Level>4</Level><Task>1</Task><Opcode>0</Opcode><Keywords>0x8000000000000000</Keywords><TimeCreated SystemTime='2021-10-14T21:32:48.837272100Z'/><EventRecordID>8017341</EventRecordID><Correlation/><Execution ProcessID='1140' ThreadID='2720'/><Channel>Microsoft-Windows-Sysmon/Operational</Channel><Computer>win-host-874.attackrange.local</Computer><Security UserID='S-1-5-18'/></System><EventData><Data Name='RuleName'>-</Data><Data Name='UtcTime'>2021-10-14 21:32:48.835</Data><Data Name='ProcessGuid'>{AD5E2759-A200-6168-5761-04000000F101}</Data><Data Name='ProcessId'>6008</Data><Data Name='Image'>C:\Windows\System32\setspn.exe</Data><Data Name='FileVersion'>10.0.14393.0 (rs1_release.160715-1616)</Data><Data Name='Description'>Query or reset the computer's SPN attribute</Data><Data Name='Product'>Microsoft® Windows® Operating System</Data><Data Name='Company'>Microsoft Corporation</Data><Data Name='OriginalFileName'>setspn.exe</Data><Data Name='CommandLine'>"C:\Windows\system32\setspn.exe" -T attackrange.local -Q */*</Data><Data Name='CurrentDirectory'>C:\Users\Administrator\</Data><Data Name='User'>WIN-HOST-874\Administrator</Data><Data Name='LogonGuid'>{AD5E2759-A1B1-6168-DD52-B32300000000}</Data><Data Name='LogonId'>0x23b352dd</Data><Data Name='TerminalSessionId'>2</Data><Data Name='IntegrityLevel'>High</Data><Data Name='Hashes'>MD5=5C184D581524245DAD7A0A02B51FD2C2,SHA256=909C2DDF06CFEB1F79004DBB5E9B9D36B693CFDFF3459E0A6A51616B2AD6D2D1,IMPHASH=EE2A1EFE656353E15839359CEC611C50</Data><Data Name='ParentProcessGuid'>{AD5E2759-A1BE-6168-4361-04000000F101}</Data><Data Name='ParentProcessId'>5688</Data><Data Name='ParentImage'>C:\Windows\System32\WindowsPowerShell\v1.0\powershell.exe</Data><Data Name='ParentCommandLine'>"C:\Windows\System32\WindowsPowerShell\v1.0\powershell.exe" </Data></EventData></Event>
