<Event xmlns='http://schemas.microsoft.com/win/2004/08/events/event'><System><Provider Name='Microsoft-Windows-Sysmon' Guid='{5770385F-C22A-43E0-BF4C-06F5698FFBD9}'/><EventID>7</EventID><Version>3</Version><Level>4</Level><Task>7</Task><Opcode>0</Opcode><Keywords>0x8000000000000000</Keywords><TimeCreated SystemTime='2021-10-14T19:11:28.457614500Z'/><EventRecordID>29769250</EventRecordID><Correlation/><Execution ProcessID='2856' ThreadID='2088'/><Channel>Microsoft-Windows-Sysmon/Operational</Channel><Computer>win-dc-469.attackrange.local</Computer><Security UserID='S-1-5-18'/></System><EventData><Data Name='RuleName'>-</Data><Data Name='UtcTime'>2021-10-14 19:11:28.456</Data><Data Name='ProcessGuid'>{8B6011A9-80DE-6168-E978-00000000F101}</Data><Data Name='ProcessId'>5260</Data><Data Name='Image'>C:\Windows\System32\setspn.exe</Data><Data Name='ImageLoaded'>C:\Windows\System32\msv1_0.dll</Data><Data Name='FileVersion'>10.0.14393.3866 (rs1_release.200805-1327)</Data><Data Name='Description'>Microsoft Authentication Package v1.0</Data><Data Name='Product'>Microsoft® Windows® Operating System</Data><Data Name='Company'>Microsoft Corporation</Data><Data Name='OriginalFileName'>MSV1_0.DLL</Data><Data Name='Hashes'>MD5=2A725546D9B1F9DB4974A2EA4225D0A8,SHA256=46AD1AC8C7DB7D21E8F41EFC734B855CEE566CB58F8FB825775490DC5DE89C94</Data><Data Name='Signed'>true</Data><Data Name='Signature'>Microsoft Windows</Data><Data Name='SignatureStatus'>Valid</Data></EventData></Event>
<Event xmlns='http://schemas.microsoft.com/win/2004/08/events/event'><System><Provider Name='Microsoft-Windows-Sysmon' Guid='{5770385F-C22A-43E0-BF4C-06F5698FFBD9}'/><EventID>7</EventID><Version>3</Version><Level>4</Level><Task>7</Task><Opcode>0</Opcode><Keywords>0x8000000000000000</Keywords><TimeCreated SystemTime='2021-10-14T19:11:28.455913400Z'/><EventRecordID>29769249</EventRecordID><Correlation/><Execution ProcessID='2856' ThreadID='2088'/><Channel>Microsoft-Windows-Sysmon/Operational</Channel><Computer>win-dc-469.attackrange.local</Computer><Security UserID='S-1-5-18'/></System><EventData><Data Name='RuleName'>-</Data><Data Name='UtcTime'>2021-10-14 19:11:28.454</Data><Data Name='ProcessGuid'>{8B6011A9-80DE-6168-E978-00000000F101}</Data><Data Name='ProcessId'>5260</Data><Data Name='Image'>C:\Windows\System32\setspn.exe</Data><Data Name='ImageLoaded'>C:\Windows\System32\dsparse.dll</Data><Data Name='FileVersion'>10.0.14393.0 (rs1_release.160715-1616)</Data><Data Name='Description'>Active Directory Domain Services API</Data><Data Name='Product'>Microsoft® Windows® Operating System</Data><Data Name='Company'>Microsoft Corporation</Data><Data Name='OriginalFileName'>dsparse.dll</Data><Data Name='Hashes'>MD5=E9B5EFC173FDD55C00B2F28B8BAC144B,SHA256=0CA602484CD0E2C67091FCD60091608BF746B1D05B353DB9805D1CAE0ED09D70</Data><Data Name='Signed'>true</Data><Data Name='Signature'>Microsoft Windows</Data><Data Name='SignatureStatus'>Valid</Data></EventData></Event>
<Event xmlns='http://schemas.microsoft.com/win/2004/08/events/event'><System><Provider Name='Microsoft-Windows-Sysmon' Guid='{5770385F-C22A-43E0-BF4C-06F5698FFBD9}'/><EventID>7</EventID><Version>3</Version><Level>4</Level><Task>7</Task><Opcode>0</Opcode><Keywords>0x8000000000000000</Keywords><TimeCreated SystemTime='2021-10-14T19:11:28.453832300Z'/><EventRecordID>29769248</EventRecordID><Correlation/><Execution ProcessID='2856' ThreadID='2088'/><Channel>Microsoft-Windows-Sysmon/Operational</Channel><Computer>win-dc-469.attackrange.local</Computer><Security UserID='S-1-5-18'/></System><EventData><Data Name='RuleName'>-</Data><Data Name='UtcTime'>2021-10-14 19:11:28.452</Data><Data Name='ProcessGuid'>{8B6011A9-80DE-6168-E978-00000000F101}</Data><Data Name='ProcessId'>5260</Data><Data Name='Image'>C:\Windows\System32\setspn.exe</Data><Data Name='ImageLoaded'>C:\Windows\System32\bcrypt.dll</Data><Data Name='FileVersion'>10.0.14393.4583 (rs1_release.210730-1850)</Data><Data Name='Description'>Windows Cryptographic Primitives Library</Data><Data Name='Product'>Microsoft® Windows® Operating System</Data><Data Name='Company'>Microsoft Corporation</Data><Data Name='OriginalFileName'>bcrypt.dll</Data><Data Name='Hashes'>MD5=63231EA984BC614584102A96D4F35CB4,SHA256=13C5BD283C01B0D50D8D0D99E88FC67F9234FA14A6860AB2B6EE552199FF6A74</Data><Data Name='Signed'>true</Data><Data Name='Signature'>Microsoft Windows</Data><Data Name='SignatureStatus'>Valid</Data></EventData></Event>
<Event xmlns='http://schemas.microsoft.com/win/2004/08/events/event'><System><Provider Name='Microsoft-Windows-Sysmon' Guid='{5770385F-C22A-43E0-BF4C-06F5698FFBD9}'/><EventID>7</EventID><Version>3</Version><Level>4</Level><Task>7</Task><Opcode>0</Opcode><Keywords>0x8000000000000000</Keywords><TimeCreated SystemTime='2021-10-14T19:11:28.453315400Z'/><EventRecordID>29769247</EventRecordID><Correlation/><Execution ProcessID='2856' ThreadID='2088'/><Channel>Microsoft-Windows-Sysmon/Operational</Channel><Computer>win-dc-469.attackrange.local</Computer><Security UserID='S-1-5-18'/></System><EventData><Data Name='RuleName'>-</Data><Data Name='UtcTime'>2021-10-14 19:11:28.452</Data><Data Name='ProcessGuid'>{8B6011A9-80DE-6168-E978-00000000F101}</Data><Data Name='ProcessId'>5260</Data><Data Name='Image'>C:\Windows\System32\setspn.exe</Data><Data Name='ImageLoaded'>C:\Windows\System32\FWPUCLNT.DLL</Data><Data Name='FileVersion'>10.0.14393.0 (rs1_release.160715-1616)</Data><Data Name='Description'>FWP/IPsec User-Mode API</Data><Data Name='Product'>Microsoft® Windows® Operating System</Data><Data Name='Company'>Microsoft Corporation</Data><Data Name='OriginalFileName'>fwpuclnt.dll</Data><Data Name='Hashes'>MD5=A65FA613342B08E0F760D8B13B9C135A,SHA256=C64A1EC862188D2EE1202DB02BFBF4E2DD56780905E509012799EB57FC9A88ED</Data><Data Name='Signed'>true</Data><Data Name='Signature'>Microsoft Windows</Data><Data Name='SignatureStatus'>Valid</Data></EventData></Event>
<Event xmlns='http://schemas.microsoft.com/win/2004/08/events/event'><System><Provider Name='Microsoft-Windows-Sysmon' Guid='{5770385F-C22A-43E0-BF4C-06F5698FFBD9}'/><EventID>22</EventID><Version>5</Version><Level>4</Level><Task>22</Task><Opcode>0</Opcode><Keywords>0x8000000000000000</Keywords><TimeCreated SystemTime='2021-10-14T19:11:28.114125800Z'/><EventRecordID>29769241</EventRecordID><Correlation/><Execution ProcessID='2856' ThreadID='2000'/><Channel>Microsoft-Windows-Sysmon/Operational</Channel><Computer>win-dc-469.attackrange.local</Computer><Security UserID='S-1-5-18'/></System><EventData><Data Name='RuleName'>-</Data><Data Name='UtcTime'>2021-10-14 19:11:29.153</Data><Data Name='ProcessGuid'>{8B6011A9-80DE-6168-E978-00000000F101}</Data><Data Name='ProcessId'>5260</Data><Data Name='QueryName'>_ldap._tcp.medin.local.</Data><Data Name='QueryStatus'>9003</Data><Data Name='QueryResults'>-</Data><Data Name='Image'>C:\Windows\System32\setspn.exe</Data></EventData></Event>
<Event xmlns='http://schemas.microsoft.com/win/2004/08/events/event'><System><Provider Name='Microsoft-Windows-Sysmon' Guid='{5770385F-C22A-43E0-BF4C-06F5698FFBD9}'/><EventID>22</EventID><Version>5</Version><Level>4</Level><Task>22</Task><Opcode>0</Opcode><Keywords>0x8000000000000000</Keywords><TimeCreated SystemTime='2021-10-14T19:11:28.114116400Z'/><EventRecordID>29769240</EventRecordID><Correlation/><Execution ProcessID='2856' ThreadID='2000'/><Channel>Microsoft-Windows-Sysmon/Operational</Channel><Computer>win-dc-469.attackrange.local</Computer><Security UserID='S-1-5-18'/></System><EventData><Data Name='RuleName'>-</Data><Data Name='UtcTime'>2021-10-14 19:11:29.153</Data><Data Name='ProcessGuid'>{8B6011A9-80DE-6168-E978-00000000F101}</Data><Data Name='ProcessId'>5260</Data><Data Name='QueryName'>_ldap._tcp.Default-First-Site-Name._sites.medin.local.</Data><Data Name='QueryStatus'>9003</Data><Data Name='QueryResults'>-</Data><Data Name='Image'>C:\Windows\System32\setspn.exe</Data></EventData></Event>
<Event xmlns='http://schemas.microsoft.com/win/2004/08/events/event'><System><Provider Name='Microsoft-Windows-Sysmon' Guid='{5770385F-C22A-43E0-BF4C-06F5698FFBD9}'/><EventID>3</EventID><Version>5</Version><Level>4</Level><Task>3</Task><Opcode>0</Opcode><Keywords>0x8000000000000000</Keywords><TimeCreated SystemTime='2021-10-14T19:11:29.515325800Z'/><EventRecordID>29769266</EventRecordID><Correlation/><Execution ProcessID='2856' ThreadID='2224'/><Channel>Microsoft-Windows-Sysmon/Operational</Channel><Computer>win-dc-469.attackrange.local</Computer><Security UserID='S-1-5-18'/></System><EventData><Data Name='RuleName'>-</Data><Data Name='UtcTime'>2021-10-14 19:11:31.467</Data><Data Name='ProcessGuid'>{8B6011A9-80DE-6168-E978-00000000F101}</Data><Data Name='ProcessId'>5260</Data><Data Name='Image'>C:\Windows\System32\setspn.exe</Data><Data Name='User'>ATTACKRANGE\Administrator</Data><Data Name='Protocol'>tcp</Data><Data Name='Initiated'>true</Data><Data Name='SourceIsIpv6'>false</Data><Data Name='SourceIp'>10.0.1.14</Data><Data Name='SourceHostname'>win-dc-469.attackrange.local</Data><Data Name='SourcePort'>61281</Data><Data Name='SourcePortName'>-</Data><Data Name='DestinationIsIpv6'>false</Data><Data Name='DestinationIp'>10.0.1.14</Data><Data Name='DestinationHostname'>win-dc-469.attackrange.local</Data><Data Name='DestinationPort'>389</Data><Data Name='DestinationPortName'>ldap</Data></EventData></Event>
<Event xmlns='http://schemas.microsoft.com/win/2004/08/events/event'><System><Provider Name='Microsoft-Windows-Sysmon' Guid='{5770385F-C22A-43E0-BF4C-06F5698FFBD9}'/><EventID>22</EventID><Version>5</Version><Level>4</Level><Task>22</Task><Opcode>0</Opcode><Keywords>0x8000000000000000</Keywords><TimeCreated SystemTime='2021-10-14T19:11:30.454233700Z'/><EventRecordID>29769271</EventRecordID><Correlation/><Execution ProcessID='2856' ThreadID='2000'/><Channel>Microsoft-Windows-Sysmon/Operational</Channel><Computer>win-dc-469.attackrange.local</Computer><Security UserID='S-1-5-18'/></System><EventData><Data Name='RuleName'>-</Data><Data Name='UtcTime'>2021-10-14 19:11:31.471</Data><Data Name='ProcessGuid'>{8B6011A9-80DE-6168-E978-00000000F101}</Data><Data Name='ProcessId'>5260</Data><Data Name='QueryName'>win-dc-469.attackrange.local</Data><Data Name='QueryStatus'>0</Data><Data Name='QueryResults'>fe80::2117:fdb0:db44:3240;::ffff:10.0.1.14;</Data><Data Name='Image'>C:\Windows\System32\setspn.exe</Data></EventData></Event>
<Event xmlns='http://schemas.microsoft.com/win/2004/08/events/event'><System><Provider Name='Microsoft-Windows-Sysmon' Guid='{5770385F-C22A-43E0-BF4C-06F5698FFBD9}'/><EventID>22</EventID><Version>5</Version><Level>4</Level><Task>22</Task><Opcode>0</Opcode><Keywords>0x8000000000000000</Keywords><TimeCreated SystemTime='2021-10-14T19:11:30.454200900Z'/><EventRecordID>29769270</EventRecordID><Correlation/><Execution ProcessID='2856' ThreadID='2000'/><Channel>Microsoft-Windows-Sysmon/Operational</Channel><Computer>win-dc-469.attackrange.local</Computer><Security UserID='S-1-5-18'/></System><EventData><Data Name='RuleName'>-</Data><Data Name='UtcTime'>2021-10-14 19:11:31.468</Data><Data Name='ProcessGuid'>{8B6011A9-80DE-6168-E978-00000000F101}</Data><Data Name='ProcessId'>5260</Data><Data Name='QueryName'>medin.local</Data><Data Name='QueryStatus'>9003</Data><Data Name='QueryResults'>-</Data><Data Name='Image'>C:\Windows\System32\setspn.exe</Data></EventData></Event>
<Event xmlns='http://schemas.microsoft.com/win/2004/08/events/event'><System><Provider Name='Microsoft-Windows-Sysmon' Guid='{5770385F-C22A-43E0-BF4C-06F5698FFBD9}'/><EventID>5</EventID><Version>3</Version><Level>4</Level><Task>5</Task><Opcode>0</Opcode><Keywords>0x8000000000000000</Keywords><TimeCreated SystemTime='2021-10-14T19:18:13.148887100Z'/><EventRecordID>29774155</EventRecordID><Correlation/><Execution ProcessID='2856' ThreadID='2088'/><Channel>Microsoft-Windows-Sysmon/Operational</Channel><Computer>win-dc-469.attackrange.local</Computer><Security UserID='S-1-5-18'/></System><EventData><Data Name='RuleName'>-</Data><Data Name='UtcTime'>2021-10-14 19:18:13.147</Data><Data Name='ProcessGuid'>{8B6011A9-8275-6168-1C79-00000000F101}</Data><Data Name='ProcessId'>5548</Data><Data Name='Image'>C:\Windows\System32\setspn.exe</Data></EventData></Event>
<Event xmlns='http://schemas.microsoft.com/win/2004/08/events/event'><System><Provider Name='Microsoft-Windows-Sysmon' Guid='{5770385F-C22A-43E0-BF4C-06F5698FFBD9}'/><EventID>7</EventID><Version>3</Version><Level>4</Level><Task>7</Task><Opcode>0</Opcode><Keywords>0x8000000000000000</Keywords><TimeCreated SystemTime='2021-10-14T19:18:13.090921800Z'/><EventRecordID>29774153</EventRecordID><Correlation/><Execution ProcessID='2856' ThreadID='2088'/><Channel>Microsoft-Windows-Sysmon/Operational</Channel><Computer>win-dc-469.attackrange.local</Computer><Security UserID='S-1-5-18'/></System><EventData><Data Name='RuleName'>-</Data><Data Name='UtcTime'>2021-10-14 19:18:13.089</Data><Data Name='ProcessGuid'>{8B6011A9-8275-6168-1C79-00000000F101}</Data><Data Name='ProcessId'>5548</Data><Data Name='Image'>C:\Windows\System32\setspn.exe</Data><Data Name='ImageLoaded'>C:\Windows\System32\cryptdll.dll</Data><Data Name='FileVersion'>10.0.14393.2969 (rs1_release.190503-1820)</Data><Data Name='Description'>Cryptography Manager</Data><Data Name='Product'>Microsoft® Windows® Operating System</Data><Data Name='Company'>Microsoft Corporation</Data><Data Name='OriginalFileName'>cryptdll.dll</Data><Data Name='Hashes'>MD5=4B31902F1E0B79CE7E46D9877647C1CC,SHA256=8925892119315293C49D09A26191149660934BF1E5D3D023722E90339ADA38AA</Data><Data Name='Signed'>true</Data><Data Name='Signature'>Microsoft Windows</Data><Data Name='SignatureStatus'>Valid</Data></EventData></Event>
<Event xmlns='http://schemas.microsoft.com/win/2004/08/events/event'><System><Provider Name='Microsoft-Windows-Sysmon' Guid='{5770385F-C22A-43E0-BF4C-06F5698FFBD9}'/><EventID>7</EventID><Version>3</Version><Level>4</Level><Task>7</Task><Opcode>0</Opcode><Keywords>0x8000000000000000</Keywords><TimeCreated SystemTime='2021-10-14T19:18:13.090359800Z'/><EventRecordID>29774152</EventRecordID><Correlation/><Execution ProcessID='2856' ThreadID='2088'/><Channel>Microsoft-Windows-Sysmon/Operational</Channel><Computer>win-dc-469.attackrange.local</Computer><Security UserID='S-1-5-18'/></System><EventData><Data Name='RuleName'>-</Data><Data Name='UtcTime'>2021-10-14 19:18:13.089</Data><Data Name='ProcessGuid'>{8B6011A9-8275-6168-1C79-00000000F101}</Data><Data Name='ProcessId'>5548</Data><Data Name='Image'>C:\Windows\System32\setspn.exe</Data><Data Name='ImageLoaded'>C:\Windows\System32\NtlmShared.dll</Data><Data Name='FileVersion'>10.0.14393.3269 (rs1_release.190929-1234)</Data><Data Name='Description'>NTLM Shared Functionality</Data><Data Name='Product'>Microsoft® Windows® Operating System</Data><Data Name='Company'>Microsoft Corporation</Data><Data Name='OriginalFileName'>NtlmShared.dll</Data><Data Name='Hashes'>MD5=99F4D90B3ED53855C06F856006E770D1,SHA256=A95E5823B68182C4E32CB783AD23BC4FF60690001C70E6B5E920C12740C4C37C</Data><Data Name='Signed'>true</Data><Data Name='Signature'>Microsoft Windows</Data><Data Name='SignatureStatus'>Valid</Data></EventData></Event>
<Event xmlns='http://schemas.microsoft.com/win/2004/08/events/event'><System><Provider Name='Microsoft-Windows-Sysmon' Guid='{5770385F-C22A-43E0-BF4C-06F5698FFBD9}'/><EventID>7</EventID><Version>3</Version><Level>4</Level><Task>7</Task><Opcode>0</Opcode><Keywords>0x8000000000000000</Keywords><TimeCreated SystemTime='2021-10-14T19:18:13.089249400Z'/><EventRecordID>29774151</EventRecordID><Correlation/><Execution ProcessID='2856' ThreadID='2088'/><Channel>Microsoft-Windows-Sysmon/Operational</Channel><Computer>win-dc-469.attackrange.local</Computer><Security UserID='S-1-5-18'/></System><EventData><Data Name='RuleName'>-</Data><Data Name='UtcTime'>2021-10-14 19:18:13.088</Data><Data Name='ProcessGuid'>{8B6011A9-8275-6168-1C79-00000000F101}</Data><Data Name='ProcessId'>5548</Data><Data Name='Image'>C:\Windows\System32\setspn.exe</Data><Data Name='ImageLoaded'>C:\Windows\System32\msv1_0.dll</Data><Data Name='FileVersion'>10.0.14393.3866 (rs1_release.200805-1327)</Data><Data Name='Description'>Microsoft Authentication Package v1.0</Data><Data Name='Product'>Microsoft® Windows® Operating System</Data><Data Name='Company'>Microsoft Corporation</Data><Data Name='OriginalFileName'>MSV1_0.DLL</Data><Data Name='Hashes'>MD5=2A725546D9B1F9DB4974A2EA4225D0A8,SHA256=46AD1AC8C7DB7D21E8F41EFC734B855CEE566CB58F8FB825775490DC5DE89C94</Data><Data Name='Signed'>true</Data><Data Name='Signature'>Microsoft Windows</Data><Data Name='SignatureStatus'>Valid</Data></EventData></Event>
<Event xmlns='http://schemas.microsoft.com/win/2004/08/events/event'><System><Provider Name='Microsoft-Windows-Sysmon' Guid='{5770385F-C22A-43E0-BF4C-06F5698FFBD9}'/><EventID>7</EventID><Version>3</Version><Level>4</Level><Task>7</Task><Opcode>0</Opcode><Keywords>0x8000000000000000</Keywords><TimeCreated SystemTime='2021-10-14T19:18:13.086722100Z'/><EventRecordID>29774150</EventRecordID><Correlation/><Execution ProcessID='2856' ThreadID='2088'/><Channel>Microsoft-Windows-Sysmon/Operational</Channel><Computer>win-dc-469.attackrange.local</Computer><Security UserID='S-1-5-18'/></System><EventData><Data Name='RuleName'>-</Data><Data Name='UtcTime'>2021-10-14 19:18:13.085</Data><Data Name='ProcessGuid'>{8B6011A9-8275-6168-1C79-00000000F101}</Data><Data Name='ProcessId'>5548</Data><Data Name='Image'>C:\Windows\System32\setspn.exe</Data><Data Name='ImageLoaded'>C:\Windows\System32\dsparse.dll</Data><Data Name='FileVersion'>10.0.14393.0 (rs1_release.160715-1616)</Data><Data Name='Description'>Active Directory Domain Services API</Data><Data Name='Product'>Microsoft® Windows® Operating System</Data><Data Name='Company'>Microsoft Corporation</Data><Data Name='OriginalFileName'>dsparse.dll</Data><Data Name='Hashes'>MD5=E9B5EFC173FDD55C00B2F28B8BAC144B,SHA256=0CA602484CD0E2C67091FCD60091608BF746B1D05B353DB9805D1CAE0ED09D70</Data><Data Name='Signed'>true</Data><Data Name='Signature'>Microsoft Windows</Data><Data Name='SignatureStatus'>Valid</Data></EventData></Event>
<Event xmlns='http://schemas.microsoft.com/win/2004/08/events/event'><System><Provider Name='Microsoft-Windows-Sysmon' Guid='{5770385F-C22A-43E0-BF4C-06F5698FFBD9}'/><EventID>7</EventID><Version>3</Version><Level>4</Level><Task>7</Task><Opcode>0</Opcode><Keywords>0x8000000000000000</Keywords><TimeCreated SystemTime='2021-10-14T19:18:13.081740200Z'/><EventRecordID>29774149</EventRecordID><Correlation/><Execution ProcessID='2856' ThreadID='2088'/><Channel>Microsoft-Windows-Sysmon/Operational</Channel><Computer>win-dc-469.attackrange.local</Computer><Security UserID='S-1-5-18'/></System><EventData><Data Name='RuleName'>-</Data><Data Name='UtcTime'>2021-10-14 19:18:13.079</Data><Data Name='ProcessGuid'>{8B6011A9-8275-6168-1C79-00000000F101}</Data><Data Name='ProcessId'>5548</Data><Data Name='Image'>C:\Windows\System32\setspn.exe</Data><Data Name='ImageLoaded'>C:\Windows\System32\bcrypt.dll</Data><Data Name='FileVersion'>10.0.14393.4583 (rs1_release.210730-1850)</Data><Data Name='Description'>Windows Cryptographic Primitives Library</Data><Data Name='Product'>Microsoft® Windows® Operating System</Data><Data Name='Company'>Microsoft Corporation</Data><Data Name='OriginalFileName'>bcrypt.dll</Data><Data Name='Hashes'>MD5=63231EA984BC614584102A96D4F35CB4,SHA256=13C5BD283C01B0D50D8D0D99E88FC67F9234FA14A6860AB2B6EE552199FF6A74</Data><Data Name='Signed'>true</Data><Data Name='Signature'>Microsoft Windows</Data><Data Name='SignatureStatus'>Valid</Data></EventData></Event>
<Event xmlns='http://schemas.microsoft.com/win/2004/08/events/event'><System><Provider Name='Microsoft-Windows-Sysmon' Guid='{5770385F-C22A-43E0-BF4C-06F5698FFBD9}'/><EventID>7</EventID><Version>3</Version><Level>4</Level><Task>7</Task><Opcode>0</Opcode><Keywords>0x8000000000000000</Keywords><TimeCreated SystemTime='2021-10-14T19:18:13.081502300Z'/><EventRecordID>29774148</EventRecordID><Correlation/><Execution ProcessID='2856' ThreadID='2088'/><Channel>Microsoft-Windows-Sysmon/Operational</Channel><Computer>win-dc-469.attackrange.local</Computer><Security UserID='S-1-5-18'/></System><EventData><Data Name='RuleName'>-</Data><Data Name='UtcTime'>2021-10-14 19:18:13.075</Data><Data Name='ProcessGuid'>{8B6011A9-8275-6168-1C79-00000000F101}</Data><Data Name='ProcessId'>5548</Data><Data Name='Image'>C:\Windows\System32\setspn.exe</Data><Data Name='ImageLoaded'>C:\Windows\System32\FWPUCLNT.DLL</Data><Data Name='FileVersion'>10.0.14393.0 (rs1_release.160715-1616)</Data><Data Name='Description'>FWP/IPsec User-Mode API</Data><Data Name='Product'>Microsoft® Windows® Operating System</Data><Data Name='Company'>Microsoft Corporation</Data><Data Name='OriginalFileName'>fwpuclnt.dll</Data><Data Name='Hashes'>MD5=A65FA613342B08E0F760D8B13B9C135A,SHA256=C64A1EC862188D2EE1202DB02BFBF4E2DD56780905E509012799EB57FC9A88ED</Data><Data Name='Signed'>true</Data><Data Name='Signature'>Microsoft Windows</Data><Data Name='SignatureStatus'>Valid</Data></EventData></Event>
<Event xmlns='http://schemas.microsoft.com/win/2004/08/events/event'><System><Provider Name='Microsoft-Windows-Sysmon' Guid='{5770385F-C22A-43E0-BF4C-06F5698FFBD9}'/><EventID>12</EventID><Version>2</Version><Level>4</Level><Task>12</Task><Opcode>0</Opcode><Keywords>0x8000000000000000</Keywords><TimeCreated SystemTime='2021-10-14T19:18:13.081154500Z'/><EventRecordID>29774147</EventRecordID><Correlation/><Execution ProcessID='2856' ThreadID='2088'/><Channel>Microsoft-Windows-Sysmon/Operational</Channel><Computer>win-dc-469.attackrange.local</Computer><Security UserID='S-1-5-18'/></System><EventData><Data Name='RuleName'>-</Data><Data Name='EventType'>CreateKey</Data><Data Name='UtcTime'>2021-10-14 19:18:13.074</Data><Data Name='ProcessGuid'>{8B6011A9-8275-6168-1C79-00000000F101}</Data><Data Name='ProcessId'>5548</Data><Data Name='Image'>C:\Windows\system32\setspn.exe</Data><Data Name='TargetObject'>HKLM\System\CurrentControlSet\Services\Tcpip\Parameters</Data></EventData></Event>
<Event xmlns='http://schemas.microsoft.com/win/2004/08/events/event'><System><Provider Name='Microsoft-Windows-Sysmon' Guid='{5770385F-C22A-43E0-BF4C-06F5698FFBD9}'/><EventID>12</EventID><Version>2</Version><Level>4</Level><Task>12</Task><Opcode>0</Opcode><Keywords>0x8000000000000000</Keywords><TimeCreated SystemTime='2021-10-14T19:18:13.081049700Z'/><EventRecordID>29774146</EventRecordID><Correlation/><Execution ProcessID='2856' ThreadID='2088'/><Channel>Microsoft-Windows-Sysmon/Operational</Channel><Computer>win-dc-469.attackrange.local</Computer><Security UserID='S-1-5-18'/></System><EventData><Data Name='RuleName'>-</Data><Data Name='EventType'>CreateKey</Data><Data Name='UtcTime'>2021-10-14 19:18:13.074</Data><Data Name='ProcessGuid'>{8B6011A9-8275-6168-1C79-00000000F101}</Data><Data Name='ProcessId'>5548</Data><Data Name='Image'>C:\Windows\system32\setspn.exe</Data><Data Name='TargetObject'>HKLM\System\CurrentControlSet\Services\Tcpip\Parameters</Data></EventData></Event>
<Event xmlns='http://schemas.microsoft.com/win/2004/08/events/event'><System><Provider Name='Microsoft-Windows-Sysmon' Guid='{5770385F-C22A-43E0-BF4C-06F5698FFBD9}'/><EventID>12</EventID><Version>2</Version><Level>4</Level><Task>12</Task><Opcode>0</Opcode><Keywords>0x8000000000000000</Keywords><TimeCreated SystemTime='2021-10-14T19:18:13.080943600Z'/><EventRecordID>29774145</EventRecordID><Correlation/><Execution ProcessID='2856' ThreadID='2088'/><Channel>Microsoft-Windows-Sysmon/Operational</Channel><Computer>win-dc-469.attackrange.local</Computer><Security UserID='S-1-5-18'/></System><EventData><Data Name='RuleName'>-</Data><Data Name='EventType'>CreateKey</Data><Data Name='UtcTime'>2021-10-14 19:18:13.074</Data><Data Name='ProcessGuid'>{8B6011A9-8275-6168-1C79-00000000F101}</Data><Data Name='ProcessId'>5548</Data><Data Name='Image'>C:\Windows\system32\setspn.exe</Data><Data Name='TargetObject'>HKLM\System\CurrentControlSet\Services\Tcpip\Parameters</Data></EventData></Event>
<Event xmlns='http://schemas.microsoft.com/win/2004/08/events/event'><System><Provider Name='Microsoft-Windows-Sysmon' Guid='{5770385F-C22A-43E0-BF4C-06F5698FFBD9}'/><EventID>7</EventID><Version>3</Version><Level>4</Level><Task>7</Task><Opcode>0</Opcode><Keywords>0x8000000000000000</Keywords><TimeCreated SystemTime='2021-10-14T19:18:13.080519600Z'/><EventRecordID>29774144</EventRecordID><Correlation/><Execution ProcessID='2856' ThreadID='2088'/><Channel>Microsoft-Windows-Sysmon/Operational</Channel><Computer>win-dc-469.attackrange.local</Computer><Security UserID='S-1-5-18'/></System><EventData><Data Name='RuleName'>-</Data><Data Name='UtcTime'>2021-10-14 19:18:13.074</Data><Data Name='ProcessGuid'>{8B6011A9-8275-6168-1C79-00000000F101}</Data><Data Name='ProcessId'>5548</Data><Data Name='Image'>C:\Windows\System32\setspn.exe</Data><Data Name='ImageLoaded'>C:\Windows\System32\rasadhlp.dll</Data><Data Name='FileVersion'>10.0.14393.0 (rs1_release.160715-1616)</Data><Data Name='Description'>Remote Access AutoDial Helper</Data><Data Name='Product'>Microsoft® Windows® Operating System</Data><Data Name='Company'>Microsoft Corporation</Data><Data Name='OriginalFileName'>rasadhlp.dll</Data><Data Name='Hashes'>MD5=FAE8D0480BDD905EEA453D3A57C8D5C6,SHA256=C1531223B8201B344A6A6474CB2D9B8A8C632250A3A6F472EC5E2D7D28ADD94C</Data><Data Name='Signed'>true</Data><Data Name='Signature'>Microsoft Windows</Data><Data Name='SignatureStatus'>Valid</Data></EventData></Event>
<Event xmlns='http://schemas.microsoft.com/win/2004/08/events/event'><System><Provider Name='Microsoft-Windows-Sysmon' Guid='{5770385F-C22A-43E0-BF4C-06F5698FFBD9}'/><EventID>12</EventID><Version>2</Version><Level>4</Level><Task>12</Task><Opcode>0</Opcode><Keywords>0x8000000000000000</Keywords><TimeCreated SystemTime='2021-10-14T19:18:13.076297900Z'/><EventRecordID>29774143</EventRecordID><Correlation/><Execution ProcessID='2856' ThreadID='2088'/><Channel>Microsoft-Windows-Sysmon/Operational</Channel><Computer>win-dc-469.attackrange.local</Computer><Security UserID='S-1-5-18'/></System><EventData><Data Name='RuleName'>-</Data><Data Name='EventType'>CreateKey</Data><Data Name='UtcTime'>2021-10-14 19:18:13.073</Data><Data Name='ProcessGuid'>{8B6011A9-8275-6168-1C79-00000000F101}</Data><Data Name='ProcessId'>5548</Data><Data Name='Image'>C:\Windows\system32\setspn.exe</Data><Data Name='TargetObject'>HKLM\System\CurrentControlSet\Services\Tcpip\Parameters</Data></EventData></Event>
<Event xmlns='http://schemas.microsoft.com/win/2004/08/events/event'><System><Provider Name='Microsoft-Windows-Sysmon' Guid='{5770385F-C22A-43E0-BF4C-06F5698FFBD9}'/><EventID>12</EventID><Version>2</Version><Level>4</Level><Task>12</Task><Opcode>0</Opcode><Keywords>0x8000000000000000</Keywords><TimeCreated SystemTime='2021-10-14T19:18:13.075973400Z'/><EventRecordID>29774142</EventRecordID><Correlation/><Execution ProcessID='2856' ThreadID='2088'/><Channel>Microsoft-Windows-Sysmon/Operational</Channel><Computer>win-dc-469.attackrange.local</Computer><Security UserID='S-1-5-18'/></System><EventData><Data Name='RuleName'>-</Data><Data Name='EventType'>CreateKey</Data><Data Name='UtcTime'>2021-10-14 19:18:13.073</Data><Data Name='ProcessGuid'>{8B6011A9-8275-6168-1C79-00000000F101}</Data><Data Name='ProcessId'>5548</Data><Data Name='Image'>C:\Windows\system32\setspn.exe</Data><Data Name='TargetObject'>HKLM\System\CurrentControlSet\Services\Tcpip\Parameters</Data></EventData></Event>
<Event xmlns='http://schemas.microsoft.com/win/2004/08/events/event'><System><Provider Name='Microsoft-Windows-Sysmon' Guid='{5770385F-C22A-43E0-BF4C-06F5698FFBD9}'/><EventID>12</EventID><Version>2</Version><Level>4</Level><Task>12</Task><Opcode>0</Opcode><Keywords>0x8000000000000000</Keywords><TimeCreated SystemTime='2021-10-14T19:18:13.075885000Z'/><EventRecordID>29774141</EventRecordID><Correlation/><Execution ProcessID='2856' ThreadID='2088'/><Channel>Microsoft-Windows-Sysmon/Operational</Channel><Computer>win-dc-469.attackrange.local</Computer><Security UserID='S-1-5-18'/></System><EventData><Data Name='RuleName'>-</Data><Data Name='EventType'>CreateKey</Data><Data Name='UtcTime'>2021-10-14 19:18:13.073</Data><Data Name='ProcessGuid'>{8B6011A9-8275-6168-1C79-00000000F101}</Data><Data Name='ProcessId'>5548</Data><Data Name='Image'>C:\Windows\system32\setspn.exe</Data><Data Name='TargetObject'>HKLM\System\CurrentControlSet\Services\Tcpip\Parameters</Data></EventData></Event>
<Event xmlns='http://schemas.microsoft.com/win/2004/08/events/event'><System><Provider Name='Microsoft-Windows-Sysmon' Guid='{5770385F-C22A-43E0-BF4C-06F5698FFBD9}'/><EventID>7</EventID><Version>3</Version><Level>4</Level><Task>7</Task><Opcode>0</Opcode><Keywords>0x8000000000000000</Keywords><TimeCreated SystemTime='2021-10-14T19:18:13.075718700Z'/><EventRecordID>29774140</EventRecordID><Correlation/><Execution ProcessID='2856' ThreadID='2088'/><Channel>Microsoft-Windows-Sysmon/Operational</Channel><Computer>win-dc-469.attackrange.local</Computer><Security UserID='S-1-5-18'/></System><EventData><Data Name='RuleName'>-</Data><Data Name='UtcTime'>2021-10-14 19:18:13.072</Data><Data Name='ProcessGuid'>{8B6011A9-8275-6168-1C79-00000000F101}</Data><Data Name='ProcessId'>5548</Data><Data Name='Image'>C:\Windows\System32\setspn.exe</Data><Data Name='ImageLoaded'>C:\Windows\System32\IPHLPAPI.DLL</Data><Data Name='FileVersion'>10.0.14393.2339 (rs1_release_inmarket.180611-1502)</Data><Data Name='Description'>IP Helper API</Data><Data Name='Product'>Microsoft® Windows® Operating System</Data><Data Name='Company'>Microsoft Corporation</Data><Data Name='OriginalFileName'>iphlpapi.dll</Data><Data Name='Hashes'>MD5=3CD38EDF9CA12F91131EDEE32D1C9DF5,SHA256=AF2440640BF8BDEAAF0DECDD7C354158E415ED0AA340ABA7A6CCCDC09C1E728B</Data><Data Name='Signed'>true</Data><Data Name='Signature'>Microsoft Windows</Data><Data Name='SignatureStatus'>Valid</Data></EventData></Event>
<Event xmlns='http://schemas.microsoft.com/win/2004/08/events/event'><System><Provider Name='Microsoft-Windows-Sysmon' Guid='{5770385F-C22A-43E0-BF4C-06F5698FFBD9}'/><EventID>7</EventID><Version>3</Version><Level>4</Level><Task>7</Task><Opcode>0</Opcode><Keywords>0x8000000000000000</Keywords><TimeCreated SystemTime='2021-10-14T19:18:13.075424600Z'/><EventRecordID>29774139</EventRecordID><Correlation/><Execution ProcessID='2856' ThreadID='2088'/><Channel>Microsoft-Windows-Sysmon/Operational</Channel><Computer>win-dc-469.attackrange.local</Computer><Security UserID='S-1-5-18'/></System><EventData><Data Name='RuleName'>-</Data><Data Name='UtcTime'>2021-10-14 19:18:13.071</Data><Data Name='ProcessGuid'>{8B6011A9-8275-6168-1C79-00000000F101}</Data><Data Name='ProcessId'>5548</Data><Data Name='Image'>C:\Windows\System32\setspn.exe</Data><Data Name='ImageLoaded'>C:\Windows\System32\nsi.dll</Data><Data Name='FileVersion'>10.0.14393.3297 (rs1_release_1.191001-1045)</Data><Data Name='Description'>NSI User-mode interface DLL</Data><Data Name='Product'>Microsoft® Windows® Operating System</Data><Data Name='Company'>Microsoft Corporation</Data><Data Name='OriginalFileName'>nsi.dll</Data><Data Name='Hashes'>MD5=994E2A6D2A0B38E0968B3998E42033AC,SHA256=491F2D1DE09C39B324BCF5800198AC7CCE755F4023F1FEB3854D33716461BC27</Data><Data Name='Signed'>true</Data><Data Name='Signature'>Microsoft Windows</Data><Data Name='SignatureStatus'>Valid</Data></EventData></Event>
<Event xmlns='http://schemas.microsoft.com/win/2004/08/events/event'><System><Provider Name='Microsoft-Windows-Sysmon' Guid='{5770385F-C22A-43E0-BF4C-06F5698FFBD9}'/><EventID>7</EventID><Version>3</Version><Level>4</Level><Task>7</Task><Opcode>0</Opcode><Keywords>0x8000000000000000</Keywords><TimeCreated SystemTime='2021-10-14T19:18:13.073395900Z'/><EventRecordID>29774138</EventRecordID><Correlation/><Execution ProcessID='2856' ThreadID='2088'/><Channel>Microsoft-Windows-Sysmon/Operational</Channel><Computer>win-dc-469.attackrange.local</Computer><Security UserID='S-1-5-18'/></System><EventData><Data Name='RuleName'>-</Data><Data Name='UtcTime'>2021-10-14 19:18:13.071</Data><Data Name='ProcessGuid'>{8B6011A9-8275-6168-1C79-00000000F101}</Data><Data Name='ProcessId'>5548</Data><Data Name='Image'>C:\Windows\System32\setspn.exe</Data><Data Name='ImageLoaded'>C:\Windows\System32\dnsapi.dll</Data><Data Name='FileVersion'>10.0.14393.4350 (rs1_release.210407-2154)</Data><Data Name='Description'>DNS Client API DLL</Data><Data Name='Product'>Microsoft® Windows® Operating System</Data><Data Name='Company'>Microsoft Corporation</Data><Data Name='OriginalFileName'>dnsapi</Data><Data Name='Hashes'>MD5=D7651F99299B13D576A72643BFC44944,SHA256=589302E630C473DBDF4CE92C59F00B029FCA0C228E7111A764166E16025FA1A9</Data><Data Name='Signed'>true</Data><Data Name='Signature'>Microsoft Windows</Data><Data Name='SignatureStatus'>Valid</Data></EventData></Event>
<Event xmlns='http://schemas.microsoft.com/win/2004/08/events/event'><System><Provider Name='Microsoft-Windows-Sysmon' Guid='{5770385F-C22A-43E0-BF4C-06F5698FFBD9}'/><EventID>10</EventID><Version>3</Version><Level>4</Level><Task>10</Task><Opcode>0</Opcode><Keywords>0x8000000000000000</Keywords><TimeCreated SystemTime='2021-10-14T19:18:13.072835900Z'/><EventRecordID>29774136</EventRecordID><Correlation/><Execution ProcessID='2856' ThreadID='2088'/><Channel>Microsoft-Windows-Sysmon/Operational</Channel><Computer>win-dc-469.attackrange.local</Computer><Security UserID='S-1-5-18'/></System><EventData><Data Name='RuleName'>-</Data><Data Name='UtcTime'>2021-10-14 19:18:13.067</Data><Data Name='SourceProcessGUID'>{8B6011A9-886B-6164-0B00-00000000F101}</Data><Data Name='SourceProcessId'>648</Data><Data Name='SourceThreadId'>1984</Data><Data Name='SourceImage'>C:\Windows\system32\lsass.exe</Data><Data Name='TargetProcessGUID'>{8B6011A9-8275-6168-1C79-00000000F101}</Data><Data Name='TargetProcessId'>5548</Data><Data Name='TargetImage'>C:\Windows\system32\setspn.exe</Data><Data Name='GrantedAccess'>0x1478</Data><Data Name='CallTrace'>C:\Windows\SYSTEM32\ntdll.dll+a6134|C:\Windows\system32\lsasrv.dll+24be7|C:\Windows\system32\lsasrv.dll+25d2d|C:\Windows\system32\lsasrv.dll+24a65|C:\Windows\SYSTEM32\SspiSrv.dll+11a2|C:\Windows\System32\RPCRT4.dll+7a593|C:\Windows\System32\RPCRT4.dll+d9f41|C:\Windows\System32\RPCRT4.dll+62d4c|C:\Windows\System32\RPCRT4.dll+4a274|C:\Windows\System32\RPCRT4.dll+4918d|C:\Windows\System32\RPCRT4.dll+49a3b|C:\Windows\System32\RPCRT4.dll+310ac|C:\Windows\System32\RPCRT4.dll+3152c|C:\Windows\System32\RPCRT4.dll+1ae1c|C:\Windows\System32\RPCRT4.dll+1c67b|C:\Windows\System32\RPCRT4.dll+43a2a|C:\Windows\SYSTEM32\ntdll.dll+1d34e|C:\Windows\SYSTEM32\ntdll.dll+1ecb9|C:\Windows\System32\KERNEL32.DLL+84d4|C:\Windows\SYSTEM32\ntdll.dll+51781</Data></EventData></Event>
<Event xmlns='http://schemas.microsoft.com/win/2004/08/events/event'><System><Provider Name='Microsoft-Windows-Sysmon' Guid='{5770385F-C22A-43E0-BF4C-06F5698FFBD9}'/><EventID>10</EventID><Version>3</Version><Level>4</Level><Task>10</Task><Opcode>0</Opcode><Keywords>0x8000000000000000</Keywords><TimeCreated SystemTime='2021-10-14T19:18:13.072722500Z'/><EventRecordID>29774135</EventRecordID><Correlation/><Execution ProcessID='2856' ThreadID='2088'/><Channel>Microsoft-Windows-Sysmon/Operational</Channel><Computer>win-dc-469.attackrange.local</Computer><Security UserID='S-1-5-18'/></System><EventData><Data Name='RuleName'>-</Data><Data Name='UtcTime'>2021-10-14 19:18:13.067</Data><Data Name='SourceProcessGUID'>{8B6011A9-886B-6164-0B00-00000000F101}</Data><Data Name='SourceProcessId'>648</Data><Data Name='SourceThreadId'>1984</Data><Data Name='SourceImage'>C:\Windows\system32\lsass.exe</Data><Data Name='TargetProcessGUID'>{8B6011A9-8275-6168-1C79-00000000F101}</Data><Data Name='TargetProcessId'>5548</Data><Data Name='TargetImage'>C:\Windows\system32\setspn.exe</Data><Data Name='GrantedAccess'>0x1000</Data><Data Name='CallTrace'>C:\Windows\SYSTEM32\ntdll.dll+a6cc4|C:\Windows\System32\RPCRT4.dll+67d2f|C:\Windows\system32\lsasrv.dll+249ad|C:\Windows\SYSTEM32\SspiSrv.dll+11a2|C:\Windows\System32\RPCRT4.dll+7a593|C:\Windows\System32\RPCRT4.dll+d9f41|C:\Windows\System32\RPCRT4.dll+62d4c|C:\Windows\System32\RPCRT4.dll+4a274|C:\Windows\System32\RPCRT4.dll+4918d|C:\Windows\System32\RPCRT4.dll+49a3b|C:\Windows\System32\RPCRT4.dll+310ac|C:\Windows\System32\RPCRT4.dll+3152c|C:\Windows\System32\RPCRT4.dll+1ae1c|C:\Windows\System32\RPCRT4.dll+1c67b|C:\Windows\System32\RPCRT4.dll+43a2a|C:\Windows\SYSTEM32\ntdll.dll+1d34e|C:\Windows\SYSTEM32\ntdll.dll+1ecb9|C:\Windows\System32\KERNEL32.DLL+84d4|C:\Windows\SYSTEM32\ntdll.dll+51781</Data></EventData></Event>
<Event xmlns='http://schemas.microsoft.com/win/2004/08/events/event'><System><Provider Name='Microsoft-Windows-Sysmon' Guid='{5770385F-C22A-43E0-BF4C-06F5698FFBD9}'/><EventID>7</EventID><Version>3</Version><Level>4</Level><Task>7</Task><Opcode>0</Opcode><Keywords>0x8000000000000000</Keywords><TimeCreated SystemTime='2021-10-14T19:18:13.072523000Z'/><EventRecordID>29774134</EventRecordID><Correlation/><Execution ProcessID='2856' ThreadID='2088'/><Channel>Microsoft-Windows-Sysmon/Operational</Channel><Computer>win-dc-469.attackrange.local</Computer><Security UserID='S-1-5-18'/></System><EventData><Data Name='RuleName'>-</Data><Data Name='UtcTime'>2021-10-14 19:18:13.067</Data><Data Name='ProcessGuid'>{8B6011A9-8275-6168-1C79-00000000F101}</Data><Data Name='ProcessId'>5548</Data><Data Name='Image'>C:\Windows\System32\setspn.exe</Data><Data Name='ImageLoaded'>C:\Windows\System32\sspicli.dll</Data><Data Name='FileVersion'>10.0.14393.2580 (rs1_release_inmarket.181009-1745)</Data><Data Name='Description'>Security Support Provider Interface</Data><Data Name='Product'>Microsoft® Windows® Operating System</Data><Data Name='Company'>Microsoft Corporation</Data><Data Name='OriginalFileName'>sspicli.dll</Data><Data Name='Hashes'>MD5=5061339CE61C0B32DB8F51A95E3B2422,SHA256=60558CA374334D4C6BBAD475921538C14A9FF3422893348A0503C1F33015FD25</Data><Data Name='Signed'>true</Data><Data Name='Signature'>Microsoft Windows</Data><Data Name='SignatureStatus'>Valid</Data></EventData></Event>
<Event xmlns='http://schemas.microsoft.com/win/2004/08/events/event'><System><Provider Name='Microsoft-Windows-Sysmon' Guid='{5770385F-C22A-43E0-BF4C-06F5698FFBD9}'/><EventID>7</EventID><Version>3</Version><Level>4</Level><Task>7</Task><Opcode>0</Opcode><Keywords>0x8000000000000000</Keywords><TimeCreated SystemTime='2021-10-14T19:18:13.071972100Z'/><EventRecordID>29774133</EventRecordID><Correlation/><Execution ProcessID='2856' ThreadID='2088'/><Channel>Microsoft-Windows-Sysmon/Operational</Channel><Computer>win-dc-469.attackrange.local</Computer><Security UserID='S-1-5-18'/></System><EventData><Data Name='RuleName'>-</Data><Data Name='UtcTime'>2021-10-14 19:18:13.066</Data><Data Name='ProcessGuid'>{8B6011A9-8275-6168-1C79-00000000F101}</Data><Data Name='ProcessId'>5548</Data><Data Name='Image'>C:\Windows\System32\setspn.exe</Data><Data Name='ImageLoaded'>C:\Windows\System32\mswsock.dll</Data><Data Name='FileVersion'>10.0.14393.3659 (rs1_release_1.200410-1813)</Data><Data Name='Description'>Microsoft Windows Sockets 2.0 Service Provider</Data><Data Name='Product'>Microsoft® Windows® Operating System</Data><Data Name='Company'>Microsoft Corporation</Data><Data Name='OriginalFileName'>mswsock.dll</Data><Data Name='Hashes'>MD5=B52ACA309FD6F72105951FFBA022327B,SHA256=02AB6CCE4BF0D3F075D5E982F5A4CBDB514CE7C245EA474D7846A86CD3F13202</Data><Data Name='Signed'>true</Data><Data Name='Signature'>Microsoft Windows</Data><Data Name='SignatureStatus'>Valid</Data></EventData></Event>
<Event xmlns='http://schemas.microsoft.com/win/2004/08/events/event'><System><Provider Name='Microsoft-Windows-Sysmon' Guid='{5770385F-C22A-43E0-BF4C-06F5698FFBD9}'/><EventID>7</EventID><Version>3</Version><Level>4</Level><Task>7</Task><Opcode>0</Opcode><Keywords>0x8000000000000000</Keywords><TimeCreated SystemTime='2021-10-14T19:18:13.071731600Z'/><EventRecordID>29774132</EventRecordID><Correlation/><Execution ProcessID='2856' ThreadID='2088'/><Channel>Microsoft-Windows-Sysmon/Operational</Channel><Computer>win-dc-469.attackrange.local</Computer><Security UserID='S-1-5-18'/></System><EventData><Data Name='RuleName'>-</Data><Data Name='UtcTime'>2021-10-14 19:18:13.062</Data><Data Name='ProcessGuid'>{8B6011A9-8275-6168-1C79-00000000F101}</Data><Data Name='ProcessId'>5548</Data><Data Name='Image'>C:\Windows\System32\setspn.exe</Data><Data Name='ImageLoaded'>C:\Windows\System32\imm32.dll</Data><Data Name='FileVersion'>10.0.14393.0 (rs1_release.160715-1616)</Data><Data Name='Description'>Multi-User Windows IMM32 API Client DLL</Data><Data Name='Product'>Microsoft® Windows® Operating System</Data><Data Name='Company'>Microsoft Corporation</Data><Data Name='OriginalFileName'>imm32</Data><Data Name='Hashes'>MD5=E1024CF2E35DD3467F52BC83F7FEDA3F,SHA256=59C87761AD509BD096C2F35257C2370FB94B95160CB63FB9E66DFD8210AB002A</Data><Data Name='Signed'>true</Data><Data Name='Signature'>Microsoft Windows</Data><Data Name='SignatureStatus'>Valid</Data></EventData></Event>
<Event xmlns='http://schemas.microsoft.com/win/2004/08/events/event'><System><Provider Name='Microsoft-Windows-Sysmon' Guid='{5770385F-C22A-43E0-BF4C-06F5698FFBD9}'/><EventID>7</EventID><Version>3</Version><Level>4</Level><Task>7</Task><Opcode>0</Opcode><Keywords>0x8000000000000000</Keywords><TimeCreated SystemTime='2021-10-14T19:18:13.071388400Z'/><EventRecordID>29774131</EventRecordID><Correlation/><Execution ProcessID='2856' ThreadID='2088'/><Channel>Microsoft-Windows-Sysmon/Operational</Channel><Computer>win-dc-469.attackrange.local</Computer><Security UserID='S-1-5-18'/></System><EventData><Data Name='RuleName'>-</Data><Data Name='UtcTime'>2021-10-14 19:18:13.058</Data><Data Name='ProcessGuid'>{8B6011A9-8275-6168-1C79-00000000F101}</Data><Data Name='ProcessId'>5548</Data><Data Name='Image'>C:\Windows\System32\setspn.exe</Data><Data Name='ImageLoaded'>C:\Windows\System32\win32u.dll</Data><Data Name='FileVersion'>10.0.14393.0 (rs1_release.160715-1616)</Data><Data Name='Description'>Win32u</Data><Data Name='Product'>Microsoft® Windows® Operating System</Data><Data Name='Company'>Microsoft Corporation</Data><Data Name='OriginalFileName'>Win32u.DLL</Data><Data Name='Hashes'>MD5=6A40F9C63B52CB4E8271CF3418618033,SHA256=A2BE23DA7AADFA9118130C939CD59D86E590957172FF404511EE6C5EC5147F15</Data><Data Name='Signed'>true</Data><Data Name='Signature'>Microsoft Windows</Data><Data Name='SignatureStatus'>Valid</Data></EventData></Event>
<Event xmlns='http://schemas.microsoft.com/win/2004/08/events/event'><System><Provider Name='Microsoft-Windows-Sysmon' Guid='{5770385F-C22A-43E0-BF4C-06F5698FFBD9}'/><EventID>7</EventID><Version>3</Version><Level>4</Level><Task>7</Task><Opcode>0</Opcode><Keywords>0x8000000000000000</Keywords><TimeCreated SystemTime='2021-10-14T19:18:13.069393300Z'/><EventRecordID>29774130</EventRecordID><Correlation/><Execution ProcessID='2856' ThreadID='2088'/><Channel>Microsoft-Windows-Sysmon/Operational</Channel><Computer>win-dc-469.attackrange.local</Computer><Security UserID='S-1-5-18'/></System><EventData><Data Name='RuleName'>-</Data><Data Name='UtcTime'>2021-10-14 19:18:13.058</Data><Data Name='ProcessGuid'>{8B6011A9-8275-6168-1C79-00000000F101}</Data><Data Name='ProcessId'>5548</Data><Data Name='Image'>C:\Windows\System32\setspn.exe</Data><Data Name='ImageLoaded'>C:\Windows\System32\user32.dll</Data><Data Name='FileVersion'>10.0.14393.4169 (rs1_release.210107-1130)</Data><Data Name='Description'>Multi-User Windows USER API Client DLL</Data><Data Name='Product'>Microsoft® Windows® Operating System</Data><Data Name='Company'>Microsoft Corporation</Data><Data Name='OriginalFileName'>user32</Data><Data Name='Hashes'>MD5=883B59C5557E8A9B3C1E1ED1CA48CD5A,SHA256=271800C20A96587265BF83DE2EFC11329EEB2B6C0D57E5E0BCD137FB96BFE6E3</Data><Data Name='Signed'>true</Data><Data Name='Signature'>Microsoft Windows</Data><Data Name='SignatureStatus'>Valid</Data></EventData></Event>
<Event xmlns='http://schemas.microsoft.com/win/2004/08/events/event'><System><Provider Name='Microsoft-Windows-Sysmon' Guid='{5770385F-C22A-43E0-BF4C-06F5698FFBD9}'/><EventID>7</EventID><Version>3</Version><Level>4</Level><Task>7</Task><Opcode>0</Opcode><Keywords>0x8000000000000000</Keywords><TimeCreated SystemTime='2021-10-14T19:18:13.063677700Z'/><EventRecordID>29774129</EventRecordID><Correlation/><Execution ProcessID='2856' ThreadID='2088'/><Channel>Microsoft-Windows-Sysmon/Operational</Channel><Computer>win-dc-469.attackrange.local</Computer><Security UserID='S-1-5-18'/></System><EventData><Data Name='RuleName'>-</Data><Data Name='UtcTime'>2021-10-14 19:18:13.056</Data><Data Name='ProcessGuid'>{8B6011A9-8275-6168-1C79-00000000F101}</Data><Data Name='ProcessId'>5548</Data><Data Name='Image'>C:\Windows\System32\setspn.exe</Data><Data Name='ImageLoaded'>C:\Windows\System32\gdi32full.dll</Data><Data Name='FileVersion'>10.0.14393.4530 (rs1_release.210705-0736)</Data><Data Name='Description'>GDI Client DLL</Data><Data Name='Product'>Microsoft® Windows® Operating System</Data><Data Name='Company'>Microsoft Corporation</Data><Data Name='OriginalFileName'>gdi32</Data><Data Name='Hashes'>MD5=9D82D7DBC3D9E0D8E86D10A5B1BF736E,SHA256=270CA1A42ECB4C22E826C1C95924F0014CC99254AB55B7167DA144D45E238E6D</Data><Data Name='Signed'>true</Data><Data Name='Signature'>Microsoft Windows</Data><Data Name='SignatureStatus'>Valid</Data></EventData></Event>
<Event xmlns='http://schemas.microsoft.com/win/2004/08/events/event'><System><Provider Name='Microsoft-Windows-Sysmon' Guid='{5770385F-C22A-43E0-BF4C-06F5698FFBD9}'/><EventID>7</EventID><Version>3</Version><Level>4</Level><Task>7</Task><Opcode>0</Opcode><Keywords>0x8000000000000000</Keywords><TimeCreated SystemTime='2021-10-14T19:18:13.063289800Z'/><EventRecordID>29774128</EventRecordID><Correlation/><Execution ProcessID='2856' ThreadID='2088'/><Channel>Microsoft-Windows-Sysmon/Operational</Channel><Computer>win-dc-469.attackrange.local</Computer><Security UserID='S-1-5-18'/></System><EventData><Data Name='RuleName'>-</Data><Data Name='UtcTime'>2021-10-14 19:18:13.056</Data><Data Name='ProcessGuid'>{8B6011A9-8275-6168-1C79-00000000F101}</Data><Data Name='ProcessId'>5548</Data><Data Name='Image'>C:\Windows\System32\setspn.exe</Data><Data Name='ImageLoaded'>C:\Windows\System32\sechost.dll</Data><Data Name='FileVersion'>10.0.14393.3808 (rs1_release.200707-2105)</Data><Data Name='Description'>Host for SCM/SDDL/LSA Lookup APIs</Data><Data Name='Product'>Microsoft® Windows® Operating System</Data><Data Name='Company'>Microsoft Corporation</Data><Data Name='OriginalFileName'>sechost.dll</Data><Data Name='Hashes'>MD5=E6B98644CD3B912C44C39CC0996790A9,SHA256=23BE56E1B8DBA449C0959753175BD15457EC88E93E9E8B86489266347959A6F2</Data><Data Name='Signed'>true</Data><Data Name='Signature'>Microsoft Windows</Data><Data Name='SignatureStatus'>Valid</Data></EventData></Event>
<Event xmlns='http://schemas.microsoft.com/win/2004/08/events/event'><System><Provider Name='Microsoft-Windows-Sysmon' Guid='{5770385F-C22A-43E0-BF4C-06F5698FFBD9}'/><EventID>7</EventID><Version>3</Version><Level>4</Level><Task>7</Task><Opcode>0</Opcode><Keywords>0x8000000000000000</Keywords><TimeCreated SystemTime='2021-10-14T19:18:13.059812700Z'/><EventRecordID>29774127</EventRecordID><Correlation/><Execution ProcessID='2856' ThreadID='2088'/><Channel>Microsoft-Windows-Sysmon/Operational</Channel><Computer>win-dc-469.attackrange.local</Computer><Security UserID='S-1-5-18'/></System><EventData><Data Name='RuleName'>-</Data><Data Name='UtcTime'>2021-10-14 19:18:13.054</Data><Data Name='ProcessGuid'>{8B6011A9-8275-6168-1C79-00000000F101}</Data><Data Name='ProcessId'>5548</Data><Data Name='Image'>C:\Windows\System32\setspn.exe</Data><Data Name='ImageLoaded'>C:\Windows\System32\gdi32.dll</Data><Data Name='FileVersion'>10.0.14393.4169 (rs1_release.210107-1130)</Data><Data Name='Description'>GDI Client DLL</Data><Data Name='Product'>Microsoft® Windows® Operating System</Data><Data Name='Company'>Microsoft Corporation</Data><Data Name='OriginalFileName'>gdi32</Data><Data Name='Hashes'>MD5=551D603CEC947F586DB9FADEF4D2EBA6,SHA256=143125EFF9F3BC5B3F3BE505F3C3814393807B9CACB6AA5F75D39C77EC0D4ED8</Data><Data Name='Signed'>true</Data><Data Name='Signature'>Microsoft Windows</Data><Data Name='SignatureStatus'>Valid</Data></EventData></Event>
<Event xmlns='http://schemas.microsoft.com/win/2004/08/events/event'><System><Provider Name='Microsoft-Windows-Sysmon' Guid='{5770385F-C22A-43E0-BF4C-06F5698FFBD9}'/><EventID>7</EventID><Version>3</Version><Level>4</Level><Task>7</Task><Opcode>0</Opcode><Keywords>0x8000000000000000</Keywords><TimeCreated SystemTime='2021-10-14T19:18:13.058845200Z'/><EventRecordID>29774126</EventRecordID><Correlation/><Execution ProcessID='2856' ThreadID='2088'/><Channel>Microsoft-Windows-Sysmon/Operational</Channel><Computer>win-dc-469.attackrange.local</Computer><Security UserID='S-1-5-18'/></System><EventData><Data Name='RuleName'>-</Data><Data Name='UtcTime'>2021-10-14 19:18:13.054</Data><Data Name='ProcessGuid'>{8B6011A9-8275-6168-1C79-00000000F101}</Data><Data Name='ProcessId'>5548</Data><Data Name='Image'>C:\Windows\System32\setspn.exe</Data><Data Name='ImageLoaded'>C:\Windows\System32\ws2_32.dll</Data><Data Name='FileVersion'>10.0.14393.3241 (rs1_release_inmarket.190910-1801)</Data><Data Name='Description'>Windows Socket 2.0 32-Bit DLL</Data><Data Name='Product'>Microsoft® Windows® Operating System</Data><Data Name='Company'>Microsoft Corporation</Data><Data Name='OriginalFileName'>ws2_32.dll</Data><Data Name='Hashes'>MD5=06E82905620845A7C185BDEE85CC4140,SHA256=B75C9B080293F85568912BABE749F403144959206F9C6BAB36B628E8F77C5DA0</Data><Data Name='Signed'>true</Data><Data Name='Signature'>Microsoft Windows</Data><Data Name='SignatureStatus'>Valid</Data></EventData></Event>
