10/16/2020 07:29:11 AM
LogName=System
SourceName=Microsoft-Windows-Kernel-Boot
EventCode=27
EventType=4
Type=Information
ComputerName=win-host-374
User=NOT_TRANSLATED
Sid=S-1-5-18
SidType=0
TaskCategory=33
OpCode=Info
RecordNumber=81743
Keywords=None
Message=The boot type was 0x0.
10/16/2020 07:29:11 AM
LogName=System
SourceName=Microsoft-Windows-Kernel-Boot
EventCode=20
EventType=4
Type=Information
ComputerName=win-host-374
User=NOT_TRANSLATED
Sid=S-1-5-18
SidType=0
TaskCategory=31
OpCode=Info
RecordNumber=81742
Keywords=None
Message=The last shutdown's success status was true. The last boot's success status was true.
10/16/2020 07:29:11 AM
LogName=System
SourceName=Microsoft-Windows-Kernel-Boot
EventCode=153
EventType=4
Type=Information
ComputerName=win-host-374
User=NOT_TRANSLATED
Sid=S-1-5-18
SidType=0
TaskCategory=None
OpCode=Info
RecordNumber=81741
Keywords=None
Message=The Virtualization Based Security (policies: 0) is disabled with status STATUS_SUCCESS.
10/16/2020 07:29:11 AM
LogName=System
SourceName=Microsoft-Windows-Kernel-General
EventCode=12
EventType=4
Type=Information
ComputerName=win-host-374
User=NOT_TRANSLATED
Sid=S-1-5-18
SidType=0
TaskCategory=1
OpCode=Info
RecordNumber=81740
Keywords=None
Message=The operating system started at system time ‎2020‎-‎10‎-‎16T07:29:11.497086700Z.
10/16/2020 07:29:15 AM
LogName=System
SourceName=Microsoft-Windows-Kernel-Processor-Power
EventCode=55
EventType=4
Type=Information
ComputerName=win-host-374
User=NOT_TRANSLATED
Sid=S-1-5-18
SidType=0
TaskCategory=47
OpCode=Info
RecordNumber=81759
Keywords=None
Message=Processor 7 in group 0 exposes the following power management capabilities:

Idle state type: ACPI Idle (C) States (1 state(s))

Performance state type: None
Nominal Frequency (MHz): 2300
Maximum performance percentage: 100
Minimum performance percentage: 100
Minimum throttle percentage: 100
10/16/2020 07:29:15 AM
LogName=System
SourceName=Microsoft-Windows-Kernel-Processor-Power
EventCode=55
EventType=4
Type=Information
ComputerName=win-host-374
User=NOT_TRANSLATED
Sid=S-1-5-18
SidType=0
TaskCategory=47
OpCode=Info
RecordNumber=81758
Keywords=None
Message=Processor 6 in group 0 exposes the following power management capabilities:

Idle state type: ACPI Idle (C) States (1 state(s))

Performance state type: None
Nominal Frequency (MHz): 2300
Maximum performance percentage: 100
Minimum performance percentage: 100
Minimum throttle percentage: 100
10/16/2020 07:29:15 AM
LogName=System
SourceName=Microsoft-Windows-Kernel-Processor-Power
EventCode=55
EventType=4
Type=Information
ComputerName=win-host-374
User=NOT_TRANSLATED
Sid=S-1-5-18
SidType=0
TaskCategory=47
OpCode=Info
RecordNumber=81757
Keywords=None
Message=Processor 5 in group 0 exposes the following power management capabilities:

Idle state type: ACPI Idle (C) States (1 state(s))

Performance state type: None
Nominal Frequency (MHz): 2300
Maximum performance percentage: 100
Minimum performance percentage: 100
Minimum throttle percentage: 100
10/16/2020 07:29:15 AM
LogName=System
SourceName=Microsoft-Windows-Kernel-Processor-Power
EventCode=55
EventType=4
Type=Information
ComputerName=win-host-374
User=NOT_TRANSLATED
Sid=S-1-5-18
SidType=0
TaskCategory=47
OpCode=Info
RecordNumber=81756
Keywords=None
Message=Processor 4 in group 0 exposes the following power management capabilities:

Idle state type: ACPI Idle (C) States (1 state(s))

Performance state type: None
Nominal Frequency (MHz): 2300
Maximum performance percentage: 100
Minimum performance percentage: 100
Minimum throttle percentage: 100
10/16/2020 07:29:15 AM
LogName=System
SourceName=Microsoft-Windows-Kernel-Processor-Power
EventCode=55
EventType=4
Type=Information
ComputerName=win-host-374
User=NOT_TRANSLATED
Sid=S-1-5-18
SidType=0
TaskCategory=47
OpCode=Info
RecordNumber=81755
Keywords=None
Message=Processor 3 in group 0 exposes the following power management capabilities:

Idle state type: ACPI Idle (C) States (1 state(s))

Performance state type: None
Nominal Frequency (MHz): 2300
Maximum performance percentage: 100
Minimum performance percentage: 100
Minimum throttle percentage: 100
10/16/2020 07:29:15 AM
LogName=System
SourceName=Microsoft-Windows-Kernel-Processor-Power
EventCode=55
EventType=4
Type=Information
ComputerName=win-host-374
User=NOT_TRANSLATED
Sid=S-1-5-18
SidType=0
TaskCategory=47
OpCode=Info
RecordNumber=81754
Keywords=None
Message=Processor 2 in group 0 exposes the following power management capabilities:

Idle state type: ACPI Idle (C) States (1 state(s))

Performance state type: None
Nominal Frequency (MHz): 2300
Maximum performance percentage: 100
Minimum performance percentage: 100
Minimum throttle percentage: 100
10/16/2020 07:29:15 AM
LogName=System
SourceName=Microsoft-Windows-Kernel-Processor-Power
EventCode=55
EventType=4
Type=Information
ComputerName=win-host-374
User=NOT_TRANSLATED
Sid=S-1-5-18
SidType=0
TaskCategory=47
OpCode=Info
RecordNumber=81753
Keywords=None
Message=Processor 1 in group 0 exposes the following power management capabilities:

Idle state type: ACPI Idle (C) States (1 state(s))

Performance state type: None
Nominal Frequency (MHz): 2300
Maximum performance percentage: 100
Minimum performance percentage: 100
Minimum throttle percentage: 100
10/16/2020 07:29:15 AM
LogName=System
SourceName=Microsoft-Windows-Kernel-Processor-Power
EventCode=55
EventType=4
Type=Information
ComputerName=win-host-374
User=NOT_TRANSLATED
Sid=S-1-5-18
SidType=0
TaskCategory=47
OpCode=Info
RecordNumber=81752
Keywords=None
Message=Processor 0 in group 0 exposes the following power management capabilities:

Idle state type: ACPI Idle (C) States (1 state(s))

Performance state type: None
Nominal Frequency (MHz): 2300
Maximum performance percentage: 100
Minimum performance percentage: 100
Minimum throttle percentage: 100
10/16/2020 07:29:15 AM
LogName=System
SourceName=Microsoft-Windows-Kernel-Power
EventCode=172
EventType=4
Type=Information
ComputerName=win-host-374
User=NOT_TRANSLATED
Sid=S-1-5-18
SidType=0
TaskCategory=203
OpCode=Info
RecordNumber=81751
Keywords=None
Message=Connectivity state in standby: Disconnected, Reason: NIC compliance
10/16/2020 07:29:15 AM
LogName=System
SourceName=Microsoft-Windows-FilterManager
EventCode=6
EventType=4
Type=Information
ComputerName=win-host-374
User=NOT_TRANSLATED
Sid=S-1-5-18
SidType=0
TaskCategory=None
OpCode=Info
RecordNumber=81750
Keywords=None
Message=File System Filter 'npsvctrig' (10.0, ‎2016‎-‎07‎-‎16T02:28:33.000000000Z) has successfully loaded and registered with Filter Manager.
10/16/2020 07:29:15 AM
LogName=System
SourceName=Microsoft-Windows-FilterManager
EventCode=6
EventType=4
Type=Information
ComputerName=win-host-374
User=NOT_TRANSLATED
Sid=S-1-5-18
SidType=0
TaskCategory=None
OpCode=Info
RecordNumber=81749
Keywords=None
Message=File System Filter 'FileCrypt' (10.0, ‎2018‎-‎08‎-‎30T20:44:27.000000000Z) has successfully loaded and registered with Filter Manager.
10/16/2020 07:29:15 AM
LogName=System
SourceName=Microsoft-Windows-Ntfs
EventCode=98
EventType=4
Type=Information
ComputerName=win-host-374
User=NOT_TRANSLATED
Sid=S-1-5-18
SidType=0
TaskCategory=None
OpCode=Info
RecordNumber=81748
Keywords=None
Message=Volume C: (\Device\HarddiskVolume1) is healthy.  No action is needed.
10/16/2020 07:29:15 AM
LogName=System
SourceName=Microsoft-Windows-FilterManager
EventCode=6
EventType=4
Type=Information
ComputerName=win-host-374
User=NOT_TRANSLATED
Sid=S-1-5-18
SidType=0
TaskCategory=None
OpCode=Info
RecordNumber=81747
Keywords=None
Message=File System Filter 'Wof' (10.0, ‎2019‎-‎09‎-‎29T22:52:46.000000000Z) has successfully loaded and registered with Filter Manager.
10/16/2020 07:29:16 AM
LogName=System
SourceName=Microsoft-Windows-Service Control Manager
EventCode=7036
EventType=4
Type=Information
ComputerName=win-host-374
TaskCategory=None
OpCode=The operation completed successfully.
RecordNumber=81770
Keywords=Classic
Message=The SystemEventsBroker service entered the running state.
10/16/2020 07:29:16 AM
LogName=System
SourceName=Microsoft-Windows-Service Control Manager
EventCode=7036
EventType=4
Type=Information
ComputerName=win-host-374
TaskCategory=None
OpCode=The operation completed successfully.
RecordNumber=81769
Keywords=Classic
Message=The BrokerInfrastructure service entered the running state.
10/16/2020 07:29:16 AM
LogName=System
SourceName=Microsoft-Windows-Service Control Manager
EventCode=7036
EventType=4
Type=Information
ComputerName=win-host-374
TaskCategory=None
OpCode=The operation completed successfully.
RecordNumber=81768
Keywords=Classic
Message=The LSM service entered the running state.
10/16/2020 07:29:16 AM
LogName=System
SourceName=Microsoft-Windows-Service Control Manager
EventCode=7036
EventType=4
Type=Information
ComputerName=win-host-374
TaskCategory=None
OpCode=The operation completed successfully.
RecordNumber=81767
Keywords=Classic
Message=The RpcSs service entered the running state.
10/16/2020 07:29:16 AM
LogName=System
SourceName=Microsoft-Windows-Service Control Manager
EventCode=7036
EventType=4
Type=Information
ComputerName=win-host-374
TaskCategory=None
OpCode=The operation completed successfully.
RecordNumber=81766
Keywords=Classic
Message=The RpcEptMapper service entered the running state.
10/16/2020 07:29:16 AM
LogName=System
SourceName=Microsoft-Windows-Service Control Manager
EventCode=7036
EventType=4
Type=Information
ComputerName=win-host-374
TaskCategory=None
OpCode=The operation completed successfully.
RecordNumber=81765
Keywords=Classic
Message=The DcomLaunch service entered the running state.
10/16/2020 07:29:16 AM
LogName=System
SourceName=Microsoft-Windows-Service Control Manager
EventCode=7036
EventType=4
Type=Information
ComputerName=win-host-374
TaskCategory=None
OpCode=The operation completed successfully.
RecordNumber=81764
Keywords=Classic
Message=The Power service entered the running state.
10/16/2020 07:29:16 AM
LogName=System
SourceName=Microsoft-Windows-Service Control Manager
EventCode=7036
EventType=4
Type=Information
ComputerName=win-host-374
TaskCategory=None
OpCode=The operation completed successfully.
RecordNumber=81763
Keywords=Classic
Message=The PlugPlay service entered the running state.
10/16/2020 07:29:16 AM
LogName=System
SourceName=Microsoft-Windows-Directory-Services-SAM
EventCode=16962
EventType=4
Type=Information
ComputerName=win-host-374
User=NOT_TRANSLATED
Sid=S-1-5-18
SidType=0
TaskCategory=None
OpCode=Info
RecordNumber=81762
Keywords=None
Message=Remote calls to the SAM database are being restricted using the default security descriptor: O:SYG:SYD:(A;;RC;;;BA).
For more information please see http://go.microsoft.com/fwlink/?LinkId=787651.
10/16/2020 07:29:16 AM
LogName=System
SourceName=Microsoft-Windows-Wininit
EventCode=14
EventType=4
Type=Information
ComputerName=win-host-374
User=NOT_TRANSLATED
Sid=S-1-5-18
SidType=0
TaskCategory=None
OpCode=Info
RecordNumber=81761
Keywords=None
Message=Credential Guard (LsaIso.exe) configuration: 0x0, 0
10/16/2020 07:29:17 AM
LogName=System
SourceName=Microsoft-Windows-Service Control Manager
EventCode=7026
EventType=4
Type=Information
ComputerName=win-host-374
TaskCategory=None
OpCode=The operation completed successfully.
RecordNumber=81824
Keywords=Classic
Message=The following boot-start or system-start driver(s) did not load: 
cdrom
dam
10/16/2020 07:29:17 AM
LogName=System
SourceName=Microsoft-Windows-Service Control Manager
EventCode=7036
EventType=4
Type=Information
ComputerName=win-host-374
TaskCategory=None
OpCode=The operation completed successfully.
RecordNumber=81823
Keywords=Classic
Message=The PolicyAgent service entered the running state.
10/16/2020 07:29:17 AM
LogName=System
SourceName=Microsoft-Windows-Iphlpsvc
EventCode=4200
EventType=4
Type=Information
ComputerName=win-host-374
User=NOT_TRANSLATED
Sid=S-1-5-18
SidType=0
TaskCategory=None
OpCode=Info
RecordNumber=81822
Keywords=None
Message=Isatap interface isatap.eu-central-1.compute.internal with address fe80::5efe:10.0.1.15 has been brought up.
10/16/2020 07:29:17 AM
LogName=System
SourceName=Microsoft-Windows-Service Control Manager
EventCode=7036
EventType=4
Type=Information
ComputerName=win-host-374
TaskCategory=None
OpCode=The operation completed successfully.
RecordNumber=81821
Keywords=Classic
Message=The NetSetupSvc service entered the running state.
10/16/2020 07:29:17 AM
LogName=System
SourceName=Microsoft-Windows-Service Control Manager
EventCode=7036
EventType=4
Type=Information
ComputerName=win-host-374
TaskCategory=None
OpCode=The operation completed successfully.
RecordNumber=81820
Keywords=Classic
Message=The tiledatamodelsvc service entered the running state.
10/16/2020 07:29:17 AM
LogName=System
SourceName=Microsoft-Windows-Service Control Manager
EventCode=7036
EventType=4
Type=Information
ComputerName=win-host-374
TaskCategory=None
OpCode=The operation completed successfully.
RecordNumber=81819
Keywords=Classic
Message=The iphlpsvc service entered the running state.
10/16/2020 07:29:17 AM
LogName=System
SourceName=Microsoft-Windows-Service Control Manager
EventCode=7036
EventType=4
Type=Information
ComputerName=win-host-374
TaskCategory=None
OpCode=The operation completed successfully.
RecordNumber=81818
Keywords=Classic
Message=The StateRepository service entered the running state.
10/16/2020 07:29:17 AM
LogName=System
SourceName=Microsoft-Windows-Service Control Manager
EventCode=7036
EventType=4
Type=Information
ComputerName=win-host-374
TaskCategory=None
OpCode=The operation completed successfully.
RecordNumber=81817
Keywords=Classic
Message=The WinRM service entered the running state.
10/16/2020 07:29:17 AM
LogName=System
SourceName=Microsoft-Windows-Service Control Manager
EventCode=7036
EventType=4
Type=Information
ComputerName=win-host-374
TaskCategory=None
OpCode=The operation completed successfully.
RecordNumber=81816
Keywords=Classic
Message=The LanmanServer service entered the running state.
10/16/2020 07:29:17 AM
LogName=System
SourceName=Microsoft-Windows-Service Control Manager
EventCode=7036
EventType=4
Type=Information
ComputerName=win-host-374
TaskCategory=None
OpCode=The operation completed successfully.
RecordNumber=81815
Keywords=Classic
Message=The WpnService service entered the running state.
10/16/2020 07:29:17 AM
LogName=System
SourceName=Microsoft-Windows-Service Control Manager
EventCode=7036
EventType=4
Type=Information
ComputerName=win-host-374
TaskCategory=None
OpCode=The operation completed successfully.
RecordNumber=81814
Keywords=Classic
Message=The AWSLiteAgent service entered the running state.
10/16/2020 07:29:17 AM
LogName=System
SourceName=Microsoft-Windows-Service Control Manager
EventCode=7036
EventType=4
Type=Information
ComputerName=win-host-374
TaskCategory=None
OpCode=The operation completed successfully.
RecordNumber=81813
Keywords=Classic
Message=The MpsSvc service entered the running state.
10/16/2020 07:29:17 AM
LogName=System
SourceName=Microsoft-Windows-Service Control Manager
EventCode=7036
EventType=4
Type=Information
ComputerName=win-host-374
TaskCategory=None
OpCode=The operation completed successfully.
RecordNumber=81812
Keywords=Classic
Message=The W32Time service entered the running state.
10/16/2020 07:29:17 AM
LogName=System
SourceName=Microsoft-Windows-Service Control Manager
EventCode=7036
EventType=4
Type=Information
ComputerName=win-host-374
TaskCategory=None
OpCode=The operation completed successfully.
RecordNumber=81811
Keywords=Classic
Message=The Spooler service entered the running state.
10/16/2020 07:29:17 AM
LogName=System
SourceName=Microsoft-Windows-Service Control Manager
EventCode=7036
EventType=4
Type=Information
ComputerName=win-host-374
TaskCategory=None
OpCode=The operation completed successfully.
RecordNumber=81810
Keywords=Classic
Message=The RemoteRegistry service entered the running state.
10/16/2020 07:29:17 AM
LogName=System
SourceName=Microsoft-Windows-Service Control Manager
EventCode=7036
EventType=4
Type=Information
ComputerName=win-host-374
TaskCategory=None
OpCode=The operation completed successfully.
RecordNumber=81809
Keywords=Classic
Message=The TrkWks service entered the running state.
10/16/2020 07:29:17 AM
LogName=System
SourceName=Microsoft-Windows-Service Control Manager
EventCode=7036
EventType=4
Type=Information
ComputerName=win-host-374
TaskCategory=None
OpCode=The operation completed successfully.
RecordNumber=81808
Keywords=Classic
Message=The Winmgmt service entered the running state.
10/16/2020 07:29:17 AM
LogName=System
SourceName=Microsoft-Windows-Service Control Manager
EventCode=7036
EventType=4
Type=Information
ComputerName=win-host-374
TaskCategory=None
OpCode=The operation completed successfully.
RecordNumber=81807
Keywords=Classic
Message=The PcaSvc service entered the running state.
10/16/2020 07:29:17 AM
LogName=System
SourceName=Microsoft-Windows-Service Control Manager
EventCode=7036
EventType=4
Type=Information
ComputerName=win-host-374
TaskCategory=None
OpCode=The operation completed successfully.
RecordNumber=81806
Keywords=Classic
Message=The CryptSvc service entered the running state.
10/16/2020 07:29:17 AM
LogName=System
SourceName=Microsoft-Windows-Service Control Manager
EventCode=7036
EventType=4
Type=Information
ComputerName=win-host-374
TaskCategory=None
OpCode=The operation completed successfully.
RecordNumber=81805
Keywords=Classic
Message=The UserManager service entered the running state.
10/16/2020 07:29:17 AM
LogName=System
SourceName=Microsoft-Windows-Service Control Manager
EventCode=7036
EventType=4
Type=Information
ComputerName=win-host-374
TaskCategory=None
OpCode=The operation completed successfully.
RecordNumber=81804
Keywords=Classic
Message=The SamSs service entered the running state.
10/16/2020 07:29:17 AM
LogName=System
SourceName=Microsoft-Windows-Service Control Manager
EventCode=7036
EventType=4
Type=Information
ComputerName=win-host-374
TaskCategory=None
OpCode=The operation completed successfully.
RecordNumber=81803
Keywords=Classic
Message=The TimeBrokerSvc service entered the running state.
10/16/2020 07:29:17 AM
LogName=System
SourceName=Microsoft-Windows-Service Control Manager
EventCode=7036
EventType=4
Type=Information
ComputerName=win-host-374
TaskCategory=None
OpCode=The operation completed successfully.
RecordNumber=81802
Keywords=Classic
Message=The BFE service entered the running state.
10/16/2020 07:29:17 AM
LogName=System
SourceName=Microsoft-Windows-Service Control Manager
EventCode=7036
EventType=4
Type=Information
ComputerName=win-host-374
TaskCategory=None
OpCode=The operation completed successfully.
RecordNumber=81801
Keywords=Classic
Message=The SessionEnv service entered the running state.
10/16/2020 07:29:17 AM
LogName=System
SourceName=Microsoft-Windows-Service Control Manager
EventCode=7036
EventType=4
Type=Information
ComputerName=win-host-374
TaskCategory=None
OpCode=The operation completed successfully.
RecordNumber=81800
Keywords=Classic
Message=The Schedule service entered the running state.
10/16/2020 07:29:17 AM
LogName=System
SourceName=Microsoft-Windows-Service Control Manager
EventCode=7036
EventType=4
Type=Information
ComputerName=win-host-374
TaskCategory=None
OpCode=The operation completed successfully.
RecordNumber=81799
Keywords=Classic
Message=The WinHttpAutoProxySvc service entered the running state.
10/16/2020 07:29:17 AM
LogName=System
SourceName=Microsoft-Windows-Service Control Manager
EventCode=7036
EventType=4
Type=Information
ComputerName=win-host-374
TaskCategory=None
OpCode=The operation completed successfully.
RecordNumber=81798
Keywords=Classic
Message=The NcbService service entered the running state.
10/16/2020 07:29:17 AM
LogName=System
SourceName=Microsoft-Windows-Service Control Manager
EventCode=7036
EventType=4
Type=Information
ComputerName=win-host-374
TaskCategory=None
OpCode=The operation completed successfully.
RecordNumber=81797
Keywords=Classic
Message=The DsmSvc service entered the running state.
10/16/2020 07:29:17 AM
LogName=System
SourceName=Microsoft-Windows-Service Control Manager
EventCode=7036
EventType=4
Type=Information
ComputerName=win-host-374
TaskCategory=None
OpCode=The operation completed successfully.
RecordNumber=81796
Keywords=Classic
Message=The LanmanWorkstation service entered the running state.
10/16/2020 07:29:17 AM
LogName=System
SourceName=Microsoft-Windows-Service Control Manager
EventCode=7036
EventType=4
Type=Information
ComputerName=win-host-374
TaskCategory=None
OpCode=The operation completed successfully.
RecordNumber=81795
Keywords=Classic
Message=The netprofm service entered the running state.
10/16/2020 07:29:17 AM
LogName=System
SourceName=Microsoft-Windows-Service Control Manager
EventCode=7036
EventType=4
Type=Information
ComputerName=win-host-374
TaskCategory=None
OpCode=The operation completed successfully.
RecordNumber=81794
Keywords=Classic
Message=The CertPropSvc service entered the running state.
10/16/2020 07:29:17 AM
LogName=System
SourceName=Microsoft-Windows-Service Control Manager
EventCode=7036
EventType=4
Type=Information
ComputerName=win-host-374
TaskCategory=None
OpCode=The operation completed successfully.
RecordNumber=81793
Keywords=Classic
Message=The FontCache service entered the running state.
10/16/2020 07:29:17 AM
LogName=System
SourceName=Microsoft-Windows-Service Control Manager
EventCode=7036
EventType=4
Type=Information
ComputerName=win-host-374
TaskCategory=None
OpCode=The operation completed successfully.
RecordNumber=81792
Keywords=Classic
Message=The Dnscache service entered the running state.
10/16/2020 07:29:17 AM
LogName=System
SourceName=Microsoft-Windows-Service Control Manager
EventCode=7036
EventType=4
Type=Information
ComputerName=win-host-374
TaskCategory=None
OpCode=The operation completed successfully.
RecordNumber=81791
Keywords=Classic
Message=The Wcmsvc service entered the running state.
10/16/2020 07:29:17 AM
LogName=System
SourceName=Microsoft-Windows-Service Control Manager
EventCode=7036
EventType=4
Type=Information
ComputerName=win-host-374
TaskCategory=None
OpCode=The operation completed successfully.
RecordNumber=81790
Keywords=Classic
Message=The ShellHWDetection service entered the running state.
10/16/2020 07:29:17 AM
LogName=System
SourceName=Microsoft-Windows-Service Control Manager
EventCode=7036
EventType=4
Type=Information
ComputerName=win-host-374
TaskCategory=None
OpCode=The operation completed successfully.
RecordNumber=81789
Keywords=Classic
Message=The NlaSvc service entered the running state.
10/16/2020 07:29:17 AM
LogName=System
SourceName=Microsoft-Windows-Service Control Manager
EventCode=7036
EventType=4
Type=Information
ComputerName=win-host-374
TaskCategory=None
OpCode=The operation completed successfully.
RecordNumber=81788
Keywords=Classic
Message=The UmRdpService service entered the running state.
10/16/2020 07:29:17 AM
LogName=System
SourceName=Microsoft-Windows-Service Control Manager
EventCode=7036
EventType=4
Type=Information
ComputerName=win-host-374
TaskCategory=None
OpCode=The operation completed successfully.
RecordNumber=81787
Keywords=Classic
Message=The SENS service entered the running state.
10/16/2020 07:29:17 AM
LogName=System
SourceName=Microsoft-Windows-Service Control Manager
EventCode=7036
EventType=4
Type=Information
ComputerName=win-host-374
TaskCategory=None
OpCode=The operation completed successfully.
RecordNumber=81786
Keywords=Classic
Message=The ProfSvc service entered the running state.
10/16/2020 07:29:17 AM
LogName=System
SourceName=Microsoft-Windows-Service Control Manager
EventCode=7036
EventType=4
Type=Information
ComputerName=win-host-374
TaskCategory=None
OpCode=The operation completed successfully.
RecordNumber=81785
Keywords=Classic
Message=The gpsvc service entered the running state.
10/16/2020 07:29:17 AM
LogName=System
SourceName=Microsoft-Windows-Service Control Manager
EventCode=7036
EventType=4
Type=Information
ComputerName=win-host-374
TaskCategory=None
OpCode=The operation completed successfully.
RecordNumber=81784
Keywords=Classic
Message=The Dhcp service entered the running state.
10/16/2020 07:29:17 AM
LogName=System
SourceName=Microsoft-Windows-DHCPv6-Client
EventCode=51046
EventType=4
Type=Information
ComputerName=win-host-374
User=NOT_TRANSLATED
Sid=S-1-5-19
SidType=0
TaskCategory=Service State Event
OpCode=ServiceStart
RecordNumber=81783
Keywords=None
Message=DHCPv6 client service is started
10/16/2020 07:29:17 AM
LogName=System
SourceName=Microsoft-Windows-Service Control Manager
EventCode=7036
EventType=4
Type=Information
ComputerName=win-host-374
TaskCategory=None
OpCode=The operation completed successfully.
RecordNumber=81782
Keywords=Classic
Message=The EventSystem service entered the running state.
10/16/2020 07:29:17 AM
LogName=System
SourceName=Microsoft-Windows-Service Control Manager
EventCode=7036
EventType=4
Type=Information
ComputerName=win-host-374
TaskCategory=None
OpCode=The operation completed successfully.
RecordNumber=81781
Keywords=Classic
Message=The CoreMessagingRegistrar service entered the running state.
10/16/2020 07:29:17 AM
LogName=System
SourceName=Microsoft-Windows-Service Control Manager
EventCode=7036
EventType=4
Type=Information
ComputerName=win-host-374
TaskCategory=None
OpCode=The operation completed successfully.
RecordNumber=81780
Keywords=Classic
Message=The WPDBusEnum service entered the running state.
10/16/2020 07:29:17 AM
LogName=System
SourceName=Microsoft-Windows-Dhcp-Client
EventCode=50036
EventType=4
Type=Information
ComputerName=win-host-374
User=NOT_TRANSLATED
Sid=S-1-5-19
SidType=0
TaskCategory=Service State Event
OpCode=ServiceStart
RecordNumber=81779
Keywords=None
Message=DHCPv4 client service is started
10/16/2020 07:29:17 AM
LogName=System
SourceName=Microsoft-Windows-Service Control Manager
EventCode=7036
EventType=4
Type=Information
ComputerName=win-host-374
TaskCategory=None
OpCode=The operation completed successfully.
RecordNumber=81778
Keywords=Classic
Message=The Themes service entered the running state.
10/16/2020 07:29:17 AM
LogName=System
SourceName=Microsoft-Windows-Service Control Manager
EventCode=7036
EventType=4
Type=Information
ComputerName=win-host-374
TaskCategory=None
OpCode=The operation completed successfully.
RecordNumber=81777
Keywords=Classic
Message=The nsi service entered the running state.
10/16/2020 07:29:17 AM
LogName=System
SourceName=Microsoft-Windows-FilterManager
EventCode=6
EventType=4
Type=Information
ComputerName=win-host-374
User=NOT_TRANSLATED
Sid=S-1-5-18
SidType=0
TaskCategory=None
OpCode=Info
RecordNumber=81776
Keywords=None
Message=File System Filter 'storqosflt' (10.0, ‎2019‎-‎02‎-‎17T02:00:41.000000000Z) has successfully loaded and registered with Filter Manager.
10/16/2020 07:29:17 AM
LogName=System
SourceName=Microsoft-Windows-FilterManager
EventCode=6
EventType=4
Type=Information
ComputerName=win-host-374
User=NOT_TRANSLATED
Sid=S-1-5-18
SidType=0
TaskCategory=None
OpCode=Info
RecordNumber=81775
Keywords=None
Message=File System Filter 'wcifs' (10.0, ‎2020‎-‎02‎-‎19T07:59:09.000000000Z) has successfully loaded and registered with Filter Manager.
10/16/2020 07:29:17 AM
LogName=System
SourceName=Microsoft-Windows-FilterManager
EventCode=6
EventType=4
Type=Information
ComputerName=win-host-374
User=NOT_TRANSLATED
Sid=S-1-5-18
SidType=0
TaskCategory=None
OpCode=Info
RecordNumber=81774
Keywords=None
Message=File System Filter 'luafv' (10.0, ‎2019‎-‎04‎-‎02T04:23:00.000000000Z) has successfully loaded and registered with Filter Manager.
10/16/2020 07:29:17 AM
LogName=System
SourceName=Microsoft-Windows-Service Control Manager
EventCode=7036
EventType=4
Type=Information
ComputerName=win-host-374
TaskCategory=None
OpCode=The operation completed successfully.
RecordNumber=81773
Keywords=Classic
Message=The EventLog service entered the running state.
10/16/2020 07:29:17 AM
LogName=System
SourceName=Microsoft-Windows-Service Control Manager
EventCode=7036
EventType=4
Type=Information
ComputerName=win-host-374
TaskCategory=None
OpCode=The operation completed successfully.
RecordNumber=81772
Keywords=Classic
Message=The lmhosts service entered the running state.
10/16/2020 07:29:17 AM
LogName=System
SourceName=Microsoft-Windows-Service Control Manager
EventCode=7036
EventType=4
Type=Information
ComputerName=win-host-374
TaskCategory=None
OpCode=The operation completed successfully.
RecordNumber=81771
Keywords=Classic
Message=The TermService service entered the running state.
10/16/2020 07:29:17 AM
LogName=System
SourceName=Microsoft-Windows-Windows Remote Management
EventCode=10148
EventType=4
Type=Information
ComputerName=win-host-374
TaskCategory=None
OpCode=Info
RecordNumber=81760
Keywords=Classic
Message=The WinRM service is listening for WS-Management requests. 

 User Action 
 Use the following command to see the specific IPs on which WinRM is listening: 

 winrm enumerate winrm/config/listener
10/16/2020 07:29:17 AM
LogName=System
SourceName=EventLog
EventCode=6013
EventType=4
Type=Information
ComputerName=win-host-374
TaskCategory=None
OpCode=None
RecordNumber=81732
Keywords=Classic
Message=The system uptime is 5 seconds.
10/16/2020 07:29:17 AM
LogName=System
SourceName=EventLog
EventCode=6005
EventType=4
Type=Information
ComputerName=win-host-374
TaskCategory=None
OpCode=None
RecordNumber=81731
Keywords=Classic
Message=The Event log service was started.
10/16/2020 07:29:17 AM
LogName=System
SourceName=EventLog
EventCode=6009
EventType=4
Type=Information
ComputerName=win-host-374
TaskCategory=None
OpCode=None
RecordNumber=81730
Keywords=Classic
Message=Microsoft (R) Windows (R) 10.00. 14393  Multiprocessor Free.
10/16/2020 07:29:23 AM
LogName=System
SourceName=Microsoft-Windows-Service Control Manager
EventCode=7036
EventType=4
Type=Information
ComputerName=win-host-374
TaskCategory=None
OpCode=The operation completed successfully.
RecordNumber=81825
Keywords=Classic
Message=The AmazonSSMAgent service entered the running state.
10/16/2020 07:29:26 AM
LogName=System
SourceName=Microsoft-Windows-DistributedCOM
EventCode=10016
EventType=2
Type=Error
ComputerName=win-host-374
User=NOT_TRANSLATED
Sid=S-1-5-21-4284141139-3213569923-3907246136-500
SidType=0
TaskCategory=None
OpCode=Info
RecordNumber=81826
Keywords=Classic
Message=The application-specific permission settings do not grant Local Activation permission for the COM Server application with CLSID 
{D63B10C5-BB46-4990-A94F-E40B9D520160}
 and APPID 
{9CA88EE3-ACB7-47C8-AFC4-AB702511C276}
 to the user WIN-HOST-374\Administrator SID (S-1-5-21-4284141139-3213569923-3907246136-500) from address LocalHost (Using LRPC) running in the application container Unavailable SID (Unavailable). This security permission can be modified using the Component Services administrative tool.
10/16/2020 07:29:33 AM
LogName=System
SourceName=Microsoft-Windows-Service Control Manager
EventCode=7036
EventType=4
Type=Information
ComputerName=win-host-374
TaskCategory=None
OpCode=The operation completed successfully.
RecordNumber=81828
Keywords=Classic
Message=The NcaSvc service entered the stopped state.
10/16/2020 07:29:33 AM
LogName=System
SourceName=Workstation
EventCode=3260
EventType=4
Type=Information
ComputerName=win-host-374
TaskCategory=None
OpCode=Info
RecordNumber=81827
Keywords=Classic
Message=This computer has been successfully joined to domain 'attackrange.local'.
10/16/2020 07:29:34 AM
LogName=System
SourceName=Microsoft-Windows-Service Control Manager
EventCode=7036
EventType=4
Type=Information
ComputerName=win-host-374
TaskCategory=None
OpCode=The operation completed successfully.
RecordNumber=81830
Keywords=Classic
Message=The Netlogon service entered the running state.
10/16/2020 07:29:34 AM
LogName=System
SourceName=NetJoin
EventCode=4096
EventType=4
Type=Information
ComputerName=win-host-374
User=NOT_TRANSLATED
Sid=S-1-5-21-4284141139-3213569923-3907246136-500
SidType=0
TaskCategory=None
OpCode=Info
RecordNumber=81829
Keywords=None
Message=The machine win-host-374 successfully joined the domain attackrange.local.
10/16/2020 07:29:35 AM
LogName=System
SourceName=User32
EventCode=1074
EventType=4
Type=Information
ComputerName=win-host-374
User=NOT_TRANSLATED
Sid=S-1-5-21-4284141139-3213569923-3907246136-500
SidType=0
TaskCategory=None
OpCode=The operation completed successfully.
RecordNumber=81831
Keywords=Classic
Message=The process C:\Windows\system32\shutdown.exe (WIN-HOST-374) has initiated the restart of computer WIN-HOST-374 on behalf of user WIN-HOST-374\Administrator for the following reason: No title for this reason could be found
 Reason Code: 0x800000ff
 Shutdown Type: restart
 Comment: Reboot initiated by Ansible
10/16/2020 07:29:37 AM
LogName=System
SourceName=Microsoft-Windows-Kernel-General
EventCode=13
EventType=4
Type=Information
ComputerName=win-host-374.attackrange.local
TaskCategory=2
OpCode=Info
RecordNumber=81863
Keywords=None
Message=The operating system is shutting down at system time ‎2020‎-‎10‎-‎16T07:29:37.970664200Z.
10/16/2020 07:29:37 AM
LogName=System
SourceName=Microsoft-Windows-Kernel-Power
EventCode=109
EventType=4
Type=Information
ComputerName=win-host-374.attackrange.local
TaskCategory=103
OpCode=Info
RecordNumber=81862
Keywords=None
Message=The kernel power manager has initiated a shutdown transition.

Shutdown Reason: Kernel API
10/16/2020 07:29:37 AM
LogName=System
SourceName=Microsoft-Windows-Service Control Manager
EventCode=7036
EventType=4
Type=Information
ComputerName=win-host-374.attackrange.local
TaskCategory=None
OpCode=The operation completed successfully.
RecordNumber=81858
Keywords=Classic
Message=The Windows Remote Management (WS-Management) service entered the stopped state.
10/16/2020 07:29:37 AM
LogName=System
SourceName=Microsoft-Windows-Service Control Manager
EventCode=7036
EventType=4
Type=Information
ComputerName=win-host-374.attackrange.local
TaskCategory=None
OpCode=The operation completed successfully.
RecordNumber=81857
Keywords=Classic
Message=The Remote Desktop Services service entered the stopped state.
10/16/2020 07:29:37 AM
LogName=System
SourceName=Microsoft-Windows-Service Control Manager
EventCode=7036
EventType=4
Type=Information
ComputerName=win-host-374.attackrange.local
TaskCategory=None
OpCode=The operation completed successfully.
RecordNumber=81856
Keywords=Classic
Message=The Task Scheduler service entered the stopped state.
10/16/2020 07:29:37 AM
LogName=System
SourceName=Microsoft-Windows-Service Control Manager
EventCode=7036
EventType=4
Type=Information
ComputerName=win-host-374.attackrange.local
TaskCategory=None
OpCode=The operation completed successfully.
RecordNumber=81855
Keywords=Classic
Message=The Windows Event Log service entered the stopped state.
10/16/2020 07:29:37 AM
LogName=System
SourceName=Microsoft-Windows-Service Control Manager
EventCode=7036
EventType=4
Type=Information
ComputerName=win-host-374.attackrange.local
TaskCategory=None
OpCode=The operation completed successfully.
RecordNumber=81854
Keywords=Classic
Message=The Cryptographic Services service entered the stopped state.
10/16/2020 07:29:37 AM
LogName=System
SourceName=Microsoft-Windows-Service Control Manager
EventCode=7036
EventType=4
Type=Information
ComputerName=win-host-374
TaskCategory=None
OpCode=The operation completed successfully.
RecordNumber=81853
Keywords=Classic
Message=The Device Setup Manager service entered the stopped state.
10/16/2020 07:29:37 AM
LogName=System
SourceName=Microsoft-Windows-Service Control Manager
EventCode=7036
EventType=4
Type=Information
ComputerName=win-host-374
TaskCategory=None
OpCode=The operation completed successfully.
RecordNumber=81852
Keywords=Classic
Message=The State Repository Service service entered the stopped state.
10/16/2020 07:29:37 AM
LogName=System
SourceName=Microsoft-Windows-Service Control Manager
EventCode=7036
EventType=4
Type=Information
ComputerName=win-host-374
TaskCategory=None
OpCode=The operation completed successfully.
RecordNumber=81851
Keywords=Classic
Message=The Windows Connection Manager service entered the stopped state.
10/16/2020 07:29:37 AM
LogName=System
SourceName=Microsoft-Windows-Service Control Manager
EventCode=7036
EventType=4
Type=Information
ComputerName=win-host-374
TaskCategory=None
OpCode=The operation completed successfully.
RecordNumber=81850
Keywords=Classic
Message=The Windows Font Cache Service service entered the stopped state.
10/16/2020 07:29:37 AM
LogName=System
SourceName=Microsoft-Windows-Service Control Manager
EventCode=7036
EventType=4
Type=Information
ComputerName=win-host-374
TaskCategory=None
OpCode=The operation completed successfully.
RecordNumber=81849
Keywords=Classic
Message=The Windows Management Instrumentation service entered the stopped state.
10/16/2020 07:29:37 AM
LogName=System
SourceName=Microsoft-Windows-Service Control Manager
EventCode=7036
EventType=4
Type=Information
ComputerName=win-host-374
TaskCategory=None
OpCode=The operation completed successfully.
RecordNumber=81848
Keywords=Classic
Message=The DHCP Client service entered the stopped state.
10/16/2020 07:29:37 AM
LogName=System
SourceName=Microsoft-Windows-Dhcp-Client
EventCode=50037
EventType=4
Type=Information
ComputerName=win-host-374
User=NOT_TRANSLATED
Sid=S-1-5-19
SidType=0
TaskCategory=Service State Event
OpCode=ServiceStop
RecordNumber=81847
Keywords=None
Message=DHCPv4 client service is stopped. ShutDown Flag value is 1
10/16/2020 07:29:37 AM
LogName=System
SourceName=Microsoft-Windows-DHCPv6-Client
EventCode=51047
EventType=4
Type=Information
ComputerName=win-host-374
User=NOT_TRANSLATED
Sid=S-1-5-19
SidType=0
TaskCategory=Service State Event
OpCode=ServiceStop
RecordNumber=81846
Keywords=None
Message=DHCPv6 client service is stopped. ShutDown Flag value is 1
10/16/2020 07:29:37 AM
LogName=System
SourceName=Microsoft-Windows-Service Control Manager
EventCode=7036
EventType=4
Type=Information
ComputerName=win-host-374
TaskCategory=None
OpCode=The operation completed successfully.
RecordNumber=81845
Keywords=Classic
Message=The Program Compatibility Assistant Service service entered the stopped state.
10/16/2020 07:29:37 AM
LogName=System
SourceName=Microsoft-Windows-Service Control Manager
EventCode=7036
EventType=4
Type=Information
ComputerName=win-host-374
TaskCategory=None
OpCode=The operation completed successfully.
RecordNumber=81844
Keywords=Classic
Message=The Certificate Propagation service entered the stopped state.
10/16/2020 07:29:37 AM
LogName=System
SourceName=Microsoft-Windows-Service Control Manager
EventCode=7036
EventType=4
Type=Information
ComputerName=win-host-374
TaskCategory=None
OpCode=The operation completed successfully.
RecordNumber=81843
Keywords=Classic
Message=The User Profile Service service entered the stopped state.
10/16/2020 07:29:37 AM
LogName=System
SourceName=Microsoft-Windows-Service Control Manager
EventCode=7036
EventType=4
Type=Information
ComputerName=win-host-374
TaskCategory=None
OpCode=The operation completed successfully.
RecordNumber=81842
Keywords=Classic
Message=The IPsec Policy Agent service entered the stopped state.
10/16/2020 07:29:37 AM
LogName=System
SourceName=Microsoft-Windows-Service Control Manager
EventCode=7036
EventType=4
Type=Information
ComputerName=win-host-374
TaskCategory=None
OpCode=The operation completed successfully.
RecordNumber=81841
Keywords=Classic
Message=The AWS Lite Guest Agent service entered the stopped state.
10/16/2020 07:29:37 AM
LogName=System
SourceName=Microsoft-Windows-Service Control Manager
EventCode=7036
EventType=4
Type=Information
ComputerName=win-host-374
TaskCategory=None
OpCode=The operation completed successfully.
RecordNumber=81840
Keywords=Classic
Message=The Remote Desktop Services UserMode Port Redirector service entered the stopped state.
10/16/2020 07:29:37 AM
LogName=System
SourceName=Microsoft-Windows-Service Control Manager
EventCode=7036
EventType=4
Type=Information
ComputerName=win-host-374
TaskCategory=None
OpCode=The operation completed successfully.
RecordNumber=81839
Keywords=Classic
Message=The Distributed Link Tracking Client service entered the stopped state.
10/16/2020 07:29:37 AM
LogName=System
SourceName=Microsoft-Windows-Service Control Manager
EventCode=7036
EventType=4
Type=Information
ComputerName=win-host-374
TaskCategory=None
OpCode=The operation completed successfully.
RecordNumber=81838
Keywords=Classic
Message=The Amazon SSM Agent service entered the stopped state.
10/16/2020 07:29:37 AM
LogName=System
SourceName=Microsoft-Windows-Service Control Manager
EventCode=7036
EventType=4
Type=Information
ComputerName=win-host-374
TaskCategory=None
OpCode=The operation completed successfully.
RecordNumber=81837
Keywords=Classic
Message=The Plug and Play service entered the stopped state.
10/16/2020 07:29:37 AM
LogName=System
SourceName=Microsoft-Windows-Service Control Manager
EventCode=7036
EventType=4
Type=Information
ComputerName=win-host-374
TaskCategory=None
OpCode=The operation completed successfully.
RecordNumber=81836
Keywords=Classic
Message=The Windows Time service entered the stopped state.
10/16/2020 07:29:37 AM
LogName=System
SourceName=Microsoft-Windows-Service Control Manager
EventCode=7036
EventType=4
Type=Information
ComputerName=win-host-374
TaskCategory=None
OpCode=The operation completed successfully.
RecordNumber=81835
Keywords=Classic
Message=The Tile Data model server service entered the stopped state.
10/16/2020 07:29:37 AM
LogName=System
SourceName=Microsoft-Windows-Service Control Manager
EventCode=7036
EventType=4
Type=Information
ComputerName=win-host-374
TaskCategory=None
OpCode=The operation completed successfully.
RecordNumber=81834
Keywords=Classic
Message=The Group Policy Client service entered the stopped state.
10/16/2020 07:29:37 AM
LogName=System
SourceName=EventLog
EventCode=6006
EventType=4
Type=Information
ComputerName=win-host-374
TaskCategory=None
OpCode=None
RecordNumber=81833
Keywords=Classic
Message=The Event log service was stopped.
10/16/2020 07:29:37 AM
LogName=System
SourceName=Microsoft-Windows-Windows Remote Management
EventCode=10149
EventType=3
Type=Warning
ComputerName=win-host-374
TaskCategory=None
OpCode=Info
RecordNumber=81832
Keywords=Classic
Message=The WinRM service is not listening for WS-Management requests. 

 User Action 
 If you did not intentionally stop the service, use the following command to see the WinRM configuration: 

 winrm enumerate winrm/config/listener
10/16/2020 07:29:56 AM
LogName=System
SourceName=Microsoft-Windows-Kernel-Boot
EventCode=32
EventType=4
Type=Information
ComputerName=win-host-374.attackrange.local
User=NOT_TRANSLATED
Sid=S-1-5-18
SidType=0
TaskCategory=None
OpCode=Info
RecordNumber=81870
Keywords=None
Message=The bootmgr spent 0 ms waiting for user input.
10/16/2020 07:29:56 AM
LogName=System
SourceName=Microsoft-Windows-Kernel-Boot
EventCode=18
EventType=4
Type=Information
ComputerName=win-host-374.attackrange.local
User=NOT_TRANSLATED
Sid=S-1-5-18
SidType=0
TaskCategory=None
OpCode=Info
RecordNumber=81869
Keywords=None
Message=There are 0x1 boot options on this system.
10/16/2020 07:29:56 AM
LogName=System
SourceName=Microsoft-Windows-Kernel-Boot
EventCode=25
EventType=4
Type=Information
ComputerName=win-host-374.attackrange.local
User=NOT_TRANSLATED
Sid=S-1-5-18
SidType=0
TaskCategory=32
OpCode=Info
RecordNumber=81868
Keywords=None
Message=The boot menu policy was 0x0.
10/16/2020 07:29:56 AM
LogName=System
SourceName=Microsoft-Windows-Kernel-Boot
EventCode=27
EventType=4
Type=Information
ComputerName=win-host-374.attackrange.local
User=NOT_TRANSLATED
Sid=S-1-5-18
SidType=0
TaskCategory=33
OpCode=Info
RecordNumber=81867
Keywords=None
Message=The boot type was 0x0.
10/16/2020 07:29:56 AM
LogName=System
SourceName=Microsoft-Windows-Kernel-Boot
EventCode=20
EventType=4
Type=Information
ComputerName=win-host-374.attackrange.local
User=NOT_TRANSLATED
Sid=S-1-5-18
SidType=0
TaskCategory=31
OpCode=Info
RecordNumber=81866
Keywords=None
Message=The last shutdown's success status was true. The last boot's success status was true.
10/16/2020 07:29:56 AM
LogName=System
SourceName=Microsoft-Windows-Kernel-Boot
EventCode=153
EventType=4
Type=Information
ComputerName=win-host-374.attackrange.local
User=NOT_TRANSLATED
Sid=S-1-5-18
SidType=0
TaskCategory=None
OpCode=Info
RecordNumber=81865
Keywords=None
Message=The Virtualization Based Security (policies: 0) is disabled with status STATUS_SUCCESS.
10/16/2020 07:29:56 AM
LogName=System
SourceName=Microsoft-Windows-Kernel-General
EventCode=12
EventType=4
Type=Information
ComputerName=win-host-374.attackrange.local
User=NOT_TRANSLATED
Sid=S-1-5-18
SidType=0
TaskCategory=1
OpCode=Info
RecordNumber=81864
Keywords=None
Message=The operating system started at system time ‎2020‎-‎10‎-‎16T07:29:56.494141300Z.
10/16/2020 07:29:59 AM
LogName=System
SourceName=Microsoft-Windows-FilterManager
EventCode=6
EventType=4
Type=Information
ComputerName=win-host-374.attackrange.local
User=NOT_TRANSLATED
Sid=S-1-5-18
SidType=0
TaskCategory=None
OpCode=Info
RecordNumber=81873
Keywords=None
Message=File System Filter 'FileCrypt' (10.0, ‎2018‎-‎08‎-‎30T20:44:27.000000000Z) has successfully loaded and registered with Filter Manager.
10/16/2020 07:29:59 AM
LogName=System
SourceName=Microsoft-Windows-Ntfs
EventCode=98
EventType=4
Type=Information
ComputerName=win-host-374.attackrange.local
User=NOT_TRANSLATED
Sid=S-1-5-18
SidType=0
TaskCategory=None
OpCode=Info
RecordNumber=81872
Keywords=None
Message=Volume C: (\Device\HarddiskVolume1) is healthy.  No action is needed.
10/16/2020 07:29:59 AM
LogName=System
SourceName=Microsoft-Windows-FilterManager
EventCode=6
EventType=4
Type=Information
ComputerName=win-host-374.attackrange.local
User=NOT_TRANSLATED
Sid=S-1-5-18
SidType=0
TaskCategory=None
OpCode=Info
RecordNumber=81871
Keywords=None
Message=File System Filter 'Wof' (10.0, ‎2019‎-‎09‎-‎29T22:52:46.000000000Z) has successfully loaded and registered with Filter Manager.
10/16/2020 07:30:00 AM
LogName=System
SourceName=Microsoft-Windows-Kernel-Processor-Power
EventCode=55
EventType=4
Type=Information
ComputerName=win-host-374.attackrange.local
User=NOT_TRANSLATED
Sid=S-1-5-18
SidType=0
TaskCategory=47
OpCode=Info
RecordNumber=81883
Keywords=None
Message=Processor 7 in group 0 exposes the following power management capabilities:

Idle state type: ACPI Idle (C) States (1 state(s))

Performance state type: None
Nominal Frequency (MHz): 2300
Maximum performance percentage: 100
Minimum performance percentage: 100
Minimum throttle percentage: 100
10/16/2020 07:30:00 AM
LogName=System
SourceName=Microsoft-Windows-Kernel-Processor-Power
EventCode=55
EventType=4
Type=Information
ComputerName=win-host-374.attackrange.local
User=NOT_TRANSLATED
Sid=S-1-5-18
SidType=0
TaskCategory=47
OpCode=Info
RecordNumber=81882
Keywords=None
Message=Processor 6 in group 0 exposes the following power management capabilities:

Idle state type: ACPI Idle (C) States (1 state(s))

Performance state type: None
Nominal Frequency (MHz): 2300
Maximum performance percentage: 100
Minimum performance percentage: 100
Minimum throttle percentage: 100
10/16/2020 07:30:00 AM
LogName=System
SourceName=Microsoft-Windows-Kernel-Processor-Power
EventCode=55
EventType=4
Type=Information
ComputerName=win-host-374.attackrange.local
User=NOT_TRANSLATED
Sid=S-1-5-18
SidType=0
TaskCategory=47
OpCode=Info
RecordNumber=81881
Keywords=None
Message=Processor 5 in group 0 exposes the following power management capabilities:

Idle state type: ACPI Idle (C) States (1 state(s))

Performance state type: None
Nominal Frequency (MHz): 2300
Maximum performance percentage: 100
Minimum performance percentage: 100
Minimum throttle percentage: 100
10/16/2020 07:30:00 AM
LogName=System
SourceName=Microsoft-Windows-Kernel-Processor-Power
EventCode=55
EventType=4
Type=Information
ComputerName=win-host-374.attackrange.local
User=NOT_TRANSLATED
Sid=S-1-5-18
SidType=0
TaskCategory=47
OpCode=Info
RecordNumber=81880
Keywords=None
Message=Processor 4 in group 0 exposes the following power management capabilities:

Idle state type: ACPI Idle (C) States (1 state(s))

Performance state type: None
Nominal Frequency (MHz): 2300
Maximum performance percentage: 100
Minimum performance percentage: 100
Minimum throttle percentage: 100
10/16/2020 07:30:00 AM
LogName=System
SourceName=Microsoft-Windows-Kernel-Processor-Power
EventCode=55
EventType=4
Type=Information
ComputerName=win-host-374.attackrange.local
User=NOT_TRANSLATED
Sid=S-1-5-18
SidType=0
TaskCategory=47
OpCode=Info
RecordNumber=81879
Keywords=None
Message=Processor 3 in group 0 exposes the following power management capabilities:

Idle state type: ACPI Idle (C) States (1 state(s))

Performance state type: None
Nominal Frequency (MHz): 2300
Maximum performance percentage: 100
Minimum performance percentage: 100
Minimum throttle percentage: 100
10/16/2020 07:30:00 AM
LogName=System
SourceName=Microsoft-Windows-Kernel-Processor-Power
EventCode=55
EventType=4
Type=Information
ComputerName=win-host-374.attackrange.local
User=NOT_TRANSLATED
Sid=S-1-5-18
SidType=0
TaskCategory=47
OpCode=Info
RecordNumber=81878
Keywords=None
Message=Processor 2 in group 0 exposes the following power management capabilities:

Idle state type: ACPI Idle (C) States (1 state(s))

Performance state type: None
Nominal Frequency (MHz): 2300
Maximum performance percentage: 100
Minimum performance percentage: 100
Minimum throttle percentage: 100
