10/16/2020 07:26:00 AM
LogName=System
SourceName=Microsoft-Windows-Service Control Manager
EventCode=7036
EventType=4
Type=Information
ComputerName=EC2AMAZ-GK5BS01
TaskCategory=None
OpCode=The operation completed successfully.
RecordNumber=81488
Keywords=Classic
Message=The WPDBusEnum service entered the running state.
10/16/2020 07:26:00 AM
LogName=System
SourceName=Microsoft-Windows-FilterManager
EventCode=6
EventType=4
Type=Information
ComputerName=EC2AMAZ-GK5BS01
User=NOT_TRANSLATED
Sid=S-1-5-18
SidType=0
TaskCategory=None
OpCode=Info
RecordNumber=81487
Keywords=None
Message=File System Filter 'storqosflt' (10.0, ‎2019‎-‎02‎-‎17T02:00:41.000000000Z) has successfully loaded and registered with Filter Manager.
10/16/2020 07:26:00 AM
LogName=System
SourceName=Microsoft-Windows-FilterManager
EventCode=6
EventType=4
Type=Information
ComputerName=EC2AMAZ-GK5BS01
User=NOT_TRANSLATED
Sid=S-1-5-18
SidType=0
TaskCategory=None
OpCode=Info
RecordNumber=81486
Keywords=None
Message=File System Filter 'wcifs' (10.0, ‎2020‎-‎02‎-‎19T07:59:09.000000000Z) has successfully loaded and registered with Filter Manager.
10/16/2020 07:26:00 AM
LogName=System
SourceName=Microsoft-Windows-FilterManager
EventCode=6
EventType=4
Type=Information
ComputerName=EC2AMAZ-GK5BS01
User=NOT_TRANSLATED
Sid=S-1-5-18
SidType=0
TaskCategory=None
OpCode=Info
RecordNumber=81485
Keywords=None
Message=File System Filter 'luafv' (10.0, ‎2019‎-‎04‎-‎02T04:23:00.000000000Z) has successfully loaded and registered with Filter Manager.
10/16/2020 07:26:00 AM
LogName=System
SourceName=Microsoft-Windows-Service Control Manager
EventCode=7036
EventType=4
Type=Information
ComputerName=EC2AMAZ-GK5BS01
TaskCategory=None
OpCode=The operation completed successfully.
RecordNumber=81484
Keywords=Classic
Message=The TermService service entered the running state.
10/16/2020 07:26:00 AM
LogName=System
SourceName=Microsoft-Windows-Service Control Manager
EventCode=7036
EventType=4
Type=Information
ComputerName=EC2AMAZ-GK5BS01
TaskCategory=None
OpCode=The operation completed successfully.
RecordNumber=81483
Keywords=Classic
Message=The SystemEventsBroker service entered the running state.
10/16/2020 07:26:00 AM
LogName=System
SourceName=Microsoft-Windows-Service Control Manager
EventCode=7036
EventType=4
Type=Information
ComputerName=EC2AMAZ-GK5BS01
TaskCategory=None
OpCode=The operation completed successfully.
RecordNumber=81482
Keywords=Classic
Message=The BrokerInfrastructure service entered the running state.
10/16/2020 07:26:00 AM
LogName=System
SourceName=Microsoft-Windows-Service Control Manager
EventCode=7036
EventType=4
Type=Information
ComputerName=EC2AMAZ-GK5BS01
TaskCategory=None
OpCode=The operation completed successfully.
RecordNumber=81481
Keywords=Classic
Message=The LSM service entered the running state.
10/16/2020 07:26:00 AM
LogName=System
SourceName=Microsoft-Windows-Service Control Manager
EventCode=7036
EventType=4
Type=Information
ComputerName=EC2AMAZ-GK5BS01
TaskCategory=None
OpCode=The operation completed successfully.
RecordNumber=81480
Keywords=Classic
Message=The RpcSs service entered the running state.
10/16/2020 07:26:00 AM
LogName=System
SourceName=Microsoft-Windows-Service Control Manager
EventCode=7036
EventType=4
Type=Information
ComputerName=EC2AMAZ-GK5BS01
TaskCategory=None
OpCode=The operation completed successfully.
RecordNumber=81479
Keywords=Classic
Message=The RpcEptMapper service entered the running state.
10/16/2020 07:26:00 AM
LogName=System
SourceName=EventLog
EventCode=6013
EventType=4
Type=Information
ComputerName=EC2AMAZ-GK5BS01
TaskCategory=None
OpCode=None
RecordNumber=81443
Keywords=Classic
Message=The system uptime is 14 seconds.
10/16/2020 07:26:00 AM
LogName=System
SourceName=EventLog
EventCode=6005
EventType=4
Type=Information
ComputerName=EC2AMAZ-GK5BS01
TaskCategory=None
OpCode=None
RecordNumber=81442
Keywords=Classic
Message=The Event log service was started.
10/16/2020 07:26:00 AM
LogName=System
SourceName=EventLog
EventCode=6009
EventType=4
Type=Information
ComputerName=EC2AMAZ-GK5BS01
TaskCategory=None
OpCode=None
RecordNumber=81441
Keywords=Classic
Message=Microsoft (R) Windows (R) 10.00. 14393  Multiprocessor Free.
10/16/2020 07:26:01 AM
LogName=System
SourceName=Microsoft-Windows-Service Control Manager
EventCode=7036
EventType=4
Type=Information
ComputerName=EC2AMAZ-GK5BS01
TaskCategory=None
OpCode=The operation completed successfully.
RecordNumber=81530
Keywords=Classic
Message=The WinRM service entered the running state.
10/16/2020 07:26:01 AM
LogName=System
SourceName=Microsoft-Windows-Service Control Manager
EventCode=7036
EventType=4
Type=Information
ComputerName=EC2AMAZ-GK5BS01
TaskCategory=None
OpCode=The operation completed successfully.
RecordNumber=81529
Keywords=Classic
Message=The LanmanServer service entered the running state.
10/16/2020 07:26:01 AM
LogName=System
SourceName=Microsoft-Windows-Service Control Manager
EventCode=7036
EventType=4
Type=Information
ComputerName=EC2AMAZ-GK5BS01
TaskCategory=None
OpCode=The operation completed successfully.
RecordNumber=81528
Keywords=Classic
Message=The Winmgmt service entered the running state.
10/16/2020 07:26:01 AM
LogName=System
SourceName=Microsoft-Windows-Service Control Manager
EventCode=7036
EventType=4
Type=Information
ComputerName=EC2AMAZ-GK5BS01
TaskCategory=None
OpCode=The operation completed successfully.
RecordNumber=81527
Keywords=Classic
Message=The AWSLiteAgent service entered the running state.
10/16/2020 07:26:01 AM
LogName=System
SourceName=Microsoft-Windows-Service Control Manager
EventCode=7036
EventType=4
Type=Information
ComputerName=EC2AMAZ-GK5BS01
TaskCategory=None
OpCode=The operation completed successfully.
RecordNumber=81526
Keywords=Classic
Message=The W32Time service entered the running state.
10/16/2020 07:26:01 AM
LogName=System
SourceName=Microsoft-Windows-Time-Service
EventCode=37
EventType=4
Type=Information
ComputerName=EC2AMAZ-GK5BS01
User=NOT_TRANSLATED
Sid=S-1-5-19
SidType=0
TaskCategory=None
OpCode=Info
RecordNumber=81525
Keywords=None
Message=The time provider NtpClient is currently receiving valid time data from 169.254.169.123,0x9 (ntp.m|0x9|0.0.0.0:123->169.254.169.123:123).
10/16/2020 07:26:01 AM
LogName=System
SourceName=Microsoft-Windows-Service Control Manager
EventCode=7036
EventType=4
Type=Information
ComputerName=EC2AMAZ-GK5BS01
TaskCategory=None
OpCode=The operation completed successfully.
RecordNumber=81524
Keywords=Classic
Message=The TrkWks service entered the running state.
10/16/2020 07:26:01 AM
LogName=System
SourceName=Microsoft-Windows-Service Control Manager
EventCode=7036
EventType=4
Type=Information
ComputerName=EC2AMAZ-GK5BS01
TaskCategory=None
OpCode=The operation completed successfully.
RecordNumber=81523
Keywords=Classic
Message=The CryptSvc service entered the running state.
10/16/2020 07:26:01 AM
LogName=System
SourceName=Microsoft-Windows-Service Control Manager
EventCode=7036
EventType=4
Type=Information
ComputerName=EC2AMAZ-GK5BS01
TaskCategory=None
OpCode=The operation completed successfully.
RecordNumber=81522
Keywords=Classic
Message=The PcaSvc service entered the running state.
10/16/2020 07:26:01 AM
LogName=System
SourceName=Microsoft-Windows-Service Control Manager
EventCode=7036
EventType=4
Type=Information
ComputerName=EC2AMAZ-GK5BS01
TaskCategory=None
OpCode=The operation completed successfully.
RecordNumber=81521
Keywords=Classic
Message=The RemoteRegistry service entered the running state.
10/16/2020 07:26:01 AM
LogName=System
SourceName=Microsoft-Windows-Service Control Manager
EventCode=7036
EventType=4
Type=Information
ComputerName=EC2AMAZ-GK5BS01
TaskCategory=None
OpCode=The operation completed successfully.
RecordNumber=81520
Keywords=Classic
Message=The Spooler service entered the running state.
10/16/2020 07:26:01 AM
LogName=System
SourceName=Microsoft-Windows-Service Control Manager
EventCode=7036
EventType=4
Type=Information
ComputerName=EC2AMAZ-GK5BS01
TaskCategory=None
OpCode=The operation completed successfully.
RecordNumber=81519
Keywords=Classic
Message=The WinHttpAutoProxySvc service entered the running state.
10/16/2020 07:26:01 AM
LogName=System
SourceName=Microsoft-Windows-Service Control Manager
EventCode=7036
EventType=4
Type=Information
ComputerName=EC2AMAZ-GK5BS01
TaskCategory=None
OpCode=The operation completed successfully.
RecordNumber=81518
Keywords=Classic
Message=The SamSs service entered the running state.
10/16/2020 07:26:01 AM
LogName=System
SourceName=Microsoft-Windows-Service Control Manager
EventCode=7036
EventType=4
Type=Information
ComputerName=EC2AMAZ-GK5BS01
TaskCategory=None
OpCode=The operation completed successfully.
RecordNumber=81517
Keywords=Classic
Message=The MpsSvc service entered the running state.
10/16/2020 07:26:01 AM
LogName=System
SourceName=Microsoft-Windows-Service Control Manager
EventCode=7036
EventType=4
Type=Information
ComputerName=EC2AMAZ-GK5BS01
TaskCategory=None
OpCode=The operation completed successfully.
RecordNumber=81516
Keywords=Classic
Message=The BFE service entered the running state.
10/16/2020 07:26:01 AM
LogName=System
SourceName=Microsoft-Windows-Service Control Manager
EventCode=7036
EventType=4
Type=Information
ComputerName=EC2AMAZ-GK5BS01
TaskCategory=None
OpCode=The operation completed successfully.
RecordNumber=81515
Keywords=Classic
Message=The UserManager service entered the running state.
10/16/2020 07:26:01 AM
LogName=System
SourceName=Microsoft-Windows-Service Control Manager
EventCode=7036
EventType=4
Type=Information
ComputerName=EC2AMAZ-GK5BS01
TaskCategory=None
OpCode=The operation completed successfully.
RecordNumber=81514
Keywords=Classic
Message=The SessionEnv service entered the running state.
10/16/2020 07:26:01 AM
LogName=System
SourceName=Microsoft-Windows-Service Control Manager
EventCode=7036
EventType=4
Type=Information
ComputerName=EC2AMAZ-GK5BS01
TaskCategory=None
OpCode=The operation completed successfully.
RecordNumber=81513
Keywords=Classic
Message=The TimeBrokerSvc service entered the running state.
10/16/2020 07:26:01 AM
LogName=System
SourceName=Microsoft-Windows-Service Control Manager
EventCode=7036
EventType=4
Type=Information
ComputerName=EC2AMAZ-GK5BS01
TaskCategory=None
OpCode=The operation completed successfully.
RecordNumber=81512
Keywords=Classic
Message=The CertPropSvc service entered the running state.
10/16/2020 07:26:01 AM
LogName=System
SourceName=Microsoft-Windows-Service Control Manager
EventCode=7036
EventType=4
Type=Information
ComputerName=EC2AMAZ-GK5BS01
TaskCategory=None
OpCode=The operation completed successfully.
RecordNumber=81511
Keywords=Classic
Message=The NcbService service entered the running state.
10/16/2020 07:26:01 AM
LogName=System
SourceName=Microsoft-Windows-Service Control Manager
EventCode=7036
EventType=4
Type=Information
ComputerName=EC2AMAZ-GK5BS01
TaskCategory=None
OpCode=The operation completed successfully.
RecordNumber=81510
Keywords=Classic
Message=The UmRdpService service entered the running state.
10/16/2020 07:26:01 AM
LogName=System
SourceName=Microsoft-Windows-Service Control Manager
EventCode=7036
EventType=4
Type=Information
ComputerName=EC2AMAZ-GK5BS01
TaskCategory=None
OpCode=The operation completed successfully.
RecordNumber=81509
Keywords=Classic
Message=The DsmSvc service entered the running state.
10/16/2020 07:26:01 AM
LogName=System
SourceName=Microsoft-Windows-Service Control Manager
EventCode=7036
EventType=4
Type=Information
ComputerName=EC2AMAZ-GK5BS01
TaskCategory=None
OpCode=The operation completed successfully.
RecordNumber=81508
Keywords=Classic
Message=The Schedule service entered the running state.
10/16/2020 07:26:01 AM
LogName=System
SourceName=Microsoft-Windows-Service Control Manager
EventCode=7036
EventType=4
Type=Information
ComputerName=EC2AMAZ-GK5BS01
TaskCategory=None
OpCode=The operation completed successfully.
RecordNumber=81507
Keywords=Classic
Message=The netprofm service entered the running state.
10/16/2020 07:26:01 AM
LogName=System
SourceName=Microsoft-Windows-Service Control Manager
EventCode=7036
EventType=4
Type=Information
ComputerName=EC2AMAZ-GK5BS01
TaskCategory=None
OpCode=The operation completed successfully.
RecordNumber=81506
Keywords=Classic
Message=The LanmanWorkstation service entered the running state.
10/16/2020 07:26:01 AM
LogName=System
SourceName=Microsoft-Windows-Windows Remote Management
EventCode=10148
EventType=4
Type=Information
ComputerName=EC2AMAZ-GK5BS01
TaskCategory=None
OpCode=Info
RecordNumber=81459
Keywords=Classic
Message=The WinRM service is listening for WS-Management requests. 

 User Action 
 Use the following command to see the specific IPs on which WinRM is listening: 

 winrm enumerate winrm/config/listener
10/16/2020 07:26:02 AM
LogName=System
SourceName=Microsoft-Windows-Iphlpsvc
EventCode=4200
EventType=4
Type=Information
ComputerName=EC2AMAZ-GK5BS01
User=NOT_TRANSLATED
Sid=S-1-5-18
SidType=0
TaskCategory=None
OpCode=Info
RecordNumber=81538
Keywords=None
Message=Isatap interface isatap.eu-central-1.compute.internal with address fe80::5efe:10.0.1.15 has been brought up.
10/16/2020 07:26:02 AM
LogName=System
SourceName=Microsoft-Windows-Service Control Manager
EventCode=7036
EventType=4
Type=Information
ComputerName=EC2AMAZ-GK5BS01
TaskCategory=None
OpCode=The operation completed successfully.
RecordNumber=81537
Keywords=Classic
Message=The NetSetupSvc service entered the running state.
10/16/2020 07:26:02 AM
LogName=System
SourceName=Microsoft-Windows-Service Control Manager
EventCode=7036
EventType=4
Type=Information
ComputerName=EC2AMAZ-GK5BS01
TaskCategory=None
OpCode=The operation completed successfully.
RecordNumber=81536
Keywords=Classic
Message=The WinDefend service entered the running state.
10/16/2020 07:26:02 AM
LogName=System
SourceName=Microsoft-Windows-Service Control Manager
EventCode=7026
EventType=4
Type=Information
ComputerName=EC2AMAZ-GK5BS01
TaskCategory=None
OpCode=The operation completed successfully.
RecordNumber=81535
Keywords=Classic
Message=The following boot-start or system-start driver(s) did not load: 
cdrom
dam
10/16/2020 07:26:02 AM
LogName=System
SourceName=Microsoft-Windows-Service Control Manager
EventCode=7036
EventType=4
Type=Information
ComputerName=EC2AMAZ-GK5BS01
TaskCategory=None
OpCode=The operation completed successfully.
RecordNumber=81534
Keywords=Classic
Message=The tiledatamodelsvc service entered the running state.
10/16/2020 07:26:02 AM
LogName=System
SourceName=Microsoft-Windows-Service Control Manager
EventCode=7036
EventType=4
Type=Information
ComputerName=EC2AMAZ-GK5BS01
TaskCategory=None
OpCode=The operation completed successfully.
RecordNumber=81533
Keywords=Classic
Message=The StateRepository service entered the running state.
10/16/2020 07:26:02 AM
LogName=System
SourceName=Microsoft-Windows-Service Control Manager
EventCode=7036
EventType=4
Type=Information
ComputerName=EC2AMAZ-GK5BS01
TaskCategory=None
OpCode=The operation completed successfully.
RecordNumber=81532
Keywords=Classic
Message=The iphlpsvc service entered the running state.
10/16/2020 07:26:02 AM
LogName=System
SourceName=Microsoft-Windows-Service Control Manager
EventCode=7036
EventType=4
Type=Information
ComputerName=EC2AMAZ-GK5BS01
TaskCategory=None
OpCode=The operation completed successfully.
RecordNumber=81531
Keywords=Classic
Message=The WpnService service entered the running state.
10/16/2020 07:26:05 AM
LogName=System
SourceName=Microsoft-Windows-Service Control Manager
EventCode=7036
EventType=4
Type=Information
ComputerName=EC2AMAZ-GK5BS01
TaskCategory=None
OpCode=The operation completed successfully.
RecordNumber=81540
Keywords=Classic
Message=The wuauserv service entered the running state.
10/16/2020 07:26:05 AM
LogName=System
SourceName=Microsoft-Windows-Service Control Manager
EventCode=7036
EventType=4
Type=Information
ComputerName=EC2AMAZ-GK5BS01
TaskCategory=None
OpCode=The operation completed successfully.
RecordNumber=81539
Keywords=Classic
Message=The DeviceInstall service entered the running state.
10/16/2020 07:26:07 AM
LogName=System
SourceName=Microsoft-Windows-Service Control Manager
EventCode=7036
EventType=4
Type=Information
ComputerName=EC2AMAZ-GK5BS01
TaskCategory=None
OpCode=The operation completed successfully.
RecordNumber=81541
Keywords=Classic
Message=The WdNisSvc service entered the running state.
10/16/2020 07:26:08 AM
LogName=System
SourceName=Microsoft-Windows-Service Control Manager
EventCode=7036
EventType=4
Type=Information
ComputerName=win-dc-156.attackrange.local
TaskCategory=None
OpCode=The operation completed successfully.
RecordNumber=82184
Keywords=Classic
Message=The DsmSvc service entered the stopped state.
10/16/2020 07:26:12 AM
LogName=System
SourceName=Microsoft-Windows-Service Control Manager
EventCode=7036
EventType=4
Type=Information
ComputerName=EC2AMAZ-GK5BS01
TaskCategory=None
OpCode=The operation completed successfully.
RecordNumber=81542
Keywords=Classic
Message=The TrustedInstaller service entered the running state.
10/16/2020 07:26:34 AM
LogName=System
SourceName=Microsoft-Windows-Service Control Manager
EventCode=7036
EventType=4
Type=Information
ComputerName=EC2AMAZ-GK5BS01
TaskCategory=None
OpCode=The operation completed successfully.
RecordNumber=81544
Keywords=Classic
Message=The vds service entered the running state.
10/16/2020 07:26:34 AM
LogName=System
SourceName=Virtual Disk Service
EventCode=3
EventType=4
Type=Information
ComputerName=EC2AMAZ-GK5BS01
TaskCategory=None
OpCode=None
RecordNumber=81543
Keywords=Classic
Message=Service started.
10/16/2020 07:26:37 AM
LogName=System
SourceName=Microsoft-Windows-UserModePowerService
EventCode=12
EventType=4
Type=Information
ComputerName=EC2AMAZ-GK5BS01
User=NOT_TRANSLATED
Sid=S-1-5-18
SidType=0
TaskCategory=10
OpCode=Info
RecordNumber=81545
Keywords=None
Message=Process C:\Windows\System32\powercfg.exe (process ID:3968) reset policy scheme from {8C5E7FDA-E8BF-4A96-9A85-A6E23A8C635C} to {8C5E7FDA-E8BF-4A96-9A85-A6E23A8C635C}
10/16/2020 07:26:38 AM
LogName=System
SourceName=Microsoft-Windows-Service Control Manager
EventCode=7040
EventType=4
Type=Information
ComputerName=EC2AMAZ-GK5BS01
User=NOT_TRANSLATED
Sid=S-1-5-18
SidType=0
TaskCategory=None
OpCode=The operation completed successfully.
RecordNumber=81546
Keywords=Classic
Message=The start type of the Amazon SSM Agent service was changed from disabled to auto start.
10/16/2020 07:26:38 AM
LogName=System
SourceName=Microsoft-Windows-Service Control Manager
EventCode=7036
EventType=4
Type=Information
ComputerName=win-dc-156.attackrange.local
TaskCategory=None
OpCode=The operation completed successfully.
RecordNumber=82186
Keywords=Classic
Message=The SplunkForwarder Service service entered the stopped state.
10/16/2020 07:26:38 AM
LogName=System
SourceName=Microsoft-Windows-Service Control Manager
EventCode=7036
EventType=4
Type=Information
ComputerName=win-dc-156.attackrange.local
TaskCategory=None
OpCode=The operation completed successfully.
RecordNumber=82185
Keywords=Classic
Message=The SplunkForwarder Service service entered the stopped state.
10/16/2020 07:26:42 AM
LogName=System
SourceName=Microsoft-Windows-DistributedCOM
EventCode=10016
EventType=2
Type=Error
ComputerName=EC2AMAZ-GK5BS01
User=NOT_TRANSLATED
Sid=S-1-5-21-4284141139-3213569923-3907246136-500
SidType=0
TaskCategory=None
OpCode=Info
RecordNumber=81547
Keywords=Classic
Message=The application-specific permission settings do not grant Local Activation permission for the COM Server application with CLSID 
{D63B10C5-BB46-4990-A94F-E40B9D520160}
 and APPID 
{9CA88EE3-ACB7-47C8-AFC4-AB702511C276}
 to the user EC2AMAZ-GK5BS01\Administrator SID (S-1-5-21-4284141139-3213569923-3907246136-500) from address LocalHost (Using LRPC) running in the application container Unavailable SID (Unavailable). This security permission can be modified using the Component Services administrative tool.
10/16/2020 07:26:45 AM
LogName=System
SourceName=Microsoft-Windows-Service Control Manager
EventCode=7036
EventType=4
Type=Information
ComputerName=EC2AMAZ-GK5BS01
TaskCategory=None
OpCode=The operation completed successfully.
RecordNumber=81548
Keywords=Classic
Message=The CNG Key Isolation service entered the running state.
10/16/2020 07:26:46 AM
LogName=System
SourceName=Microsoft-Windows-HttpEvent
EventCode=15301
EventType=3
Type=Warning
ComputerName=EC2AMAZ-GK5BS01
TaskCategory=None
OpCode=The operation completed successfully.
RecordNumber=81552
Keywords=Classic
Message=SSL Certificate Settings created by an admin process for endpoint : 0.0.0.0:5986 .
10/16/2020 07:26:46 AM
LogName=System
SourceName=Microsoft-Windows-HttpEvent
EventCode=15007
EventType=4
Type=Information
ComputerName=EC2AMAZ-GK5BS01
TaskCategory=None
OpCode=The operation completed successfully.
RecordNumber=81551
Keywords=Classic
Message=Reservation for namespace identified by URL prefix https://+:5986/wsman/ was successfully added.
10/16/2020 07:26:46 AM
LogName=System
SourceName=Microsoft-Windows-HttpEvent
EventCode=15008
EventType=4
Type=Information
ComputerName=EC2AMAZ-GK5BS01
TaskCategory=None
OpCode=The operation completed successfully.
RecordNumber=81550
Keywords=Classic
Message=Reservation for namespace identified by URL prefix https://+:5986/wsman/ was successfully deleted.
10/16/2020 07:26:46 AM
LogName=System
SourceName=Microsoft-Windows-Service Control Manager
EventCode=7036
EventType=4
Type=Information
ComputerName=EC2AMAZ-GK5BS01
TaskCategory=None
OpCode=The operation completed successfully.
RecordNumber=81549
Keywords=Classic
Message=The Microsoft Passport service entered the running state.
10/16/2020 07:26:46 AM
LogName=System
SourceName=Microsoft-Windows-Service Control Manager
EventCode=7036
EventType=4
Type=Information
ComputerName=win-dc-156.attackrange.local
TaskCategory=None
OpCode=The operation completed successfully.
RecordNumber=82188
Keywords=Classic
Message=The TrustedInstaller service entered the stopped state.
10/16/2020 07:26:46 AM
LogName=System
SourceName=Microsoft-Windows-Service Control Manager
EventCode=7036
EventType=4
Type=Information
ComputerName=win-dc-156.attackrange.local
TaskCategory=None
OpCode=The operation completed successfully.
RecordNumber=82187
Keywords=Classic
Message=The SplunkForwarder Service service entered the running state.
10/16/2020 07:26:47 AM
LogName=System
SourceName=Microsoft-Windows-DistributedCOM
EventCode=10016
EventType=2
Type=Error
ComputerName=EC2AMAZ-GK5BS01
User=NOT_TRANSLATED
Sid=S-1-5-21-4284141139-3213569923-3907246136-500
SidType=0
TaskCategory=None
OpCode=Info
RecordNumber=81554
Keywords=Classic
Message=The application-specific permission settings do not grant Local Activation permission for the COM Server application with CLSID 
{D63B10C5-BB46-4990-A94F-E40B9D520160}
 and APPID 
{9CA88EE3-ACB7-47C8-AFC4-AB702511C276}
 to the user EC2AMAZ-GK5BS01\Administrator SID (S-1-5-21-4284141139-3213569923-3907246136-500) from address LocalHost (Using LRPC) running in the application container Unavailable SID (Unavailable). This security permission can be modified using the Component Services administrative tool.
10/16/2020 07:26:47 AM
LogName=System
SourceName=Microsoft-Windows-Service Control Manager
EventCode=7036
EventType=4
Type=Information
ComputerName=EC2AMAZ-GK5BS01
TaskCategory=None
OpCode=The operation completed successfully.
RecordNumber=81553
Keywords=Classic
Message=The IPsec Policy Agent service entered the running state.
10/16/2020 07:26:48 AM
LogName=System
SourceName=Microsoft-Windows-DistributedCOM
EventCode=10016
EventType=2
Type=Error
ComputerName=EC2AMAZ-GK5BS01
User=NOT_TRANSLATED
Sid=S-1-5-21-4284141139-3213569923-3907246136-500
SidType=0
TaskCategory=None
OpCode=Info
RecordNumber=81557
Keywords=Classic
Message=The application-specific permission settings do not grant Local Activation permission for the COM Server application with CLSID 
{D63B10C5-BB46-4990-A94F-E40B9D520160}
 and APPID 
{9CA88EE3-ACB7-47C8-AFC4-AB702511C276}
 to the user EC2AMAZ-GK5BS01\Administrator SID (S-1-5-21-4284141139-3213569923-3907246136-500) from address LocalHost (Using LRPC) running in the application container Unavailable SID (Unavailable). This security permission can be modified using the Component Services administrative tool.
10/16/2020 07:26:48 AM
LogName=System
SourceName=Microsoft-Windows-DistributedCOM
EventCode=10016
EventType=2
Type=Error
ComputerName=EC2AMAZ-GK5BS01
User=NOT_TRANSLATED
Sid=S-1-5-21-4284141139-3213569923-3907246136-500
SidType=0
TaskCategory=None
OpCode=Info
RecordNumber=81556
Keywords=Classic
Message=The application-specific permission settings do not grant Local Activation permission for the COM Server application with CLSID 
{D63B10C5-BB46-4990-A94F-E40B9D520160}
 and APPID 
{9CA88EE3-ACB7-47C8-AFC4-AB702511C276}
 to the user EC2AMAZ-GK5BS01\Administrator SID (S-1-5-21-4284141139-3213569923-3907246136-500) from address LocalHost (Using LRPC) running in the application container Unavailable SID (Unavailable). This security permission can be modified using the Component Services administrative tool.
10/16/2020 07:26:48 AM
LogName=System
SourceName=Microsoft-Windows-DistributedCOM
EventCode=10016
EventType=2
Type=Error
ComputerName=EC2AMAZ-GK5BS01
User=NOT_TRANSLATED
Sid=S-1-5-21-4284141139-3213569923-3907246136-500
SidType=0
TaskCategory=None
OpCode=Info
RecordNumber=81555
Keywords=Classic
Message=The application-specific permission settings do not grant Local Activation permission for the COM Server application with CLSID 
{D63B10C5-BB46-4990-A94F-E40B9D520160}
 and APPID 
{9CA88EE3-ACB7-47C8-AFC4-AB702511C276}
 to the user EC2AMAZ-GK5BS01\Administrator SID (S-1-5-21-4284141139-3213569923-3907246136-500) from address LocalHost (Using LRPC) running in the application container Unavailable SID (Unavailable). This security permission can be modified using the Component Services administrative tool.
10/16/2020 07:26:48 AM
LogName=System
SourceName=Microsoft-Windows-Service Control Manager
EventCode=7045
EventType=4
Type=Information
ComputerName=win-dc-156.attackrange.local
User=NOT_TRANSLATED
Sid=S-1-5-18
SidType=0
TaskCategory=None
OpCode=The operation completed successfully.
RecordNumber=82189
Keywords=Classic
Message=A service was installed in the system.

Service Name:  npf
Service File Name:  C:/Program Files\SplunkUniversalForwarder\etc\apps\Splunk_TA_stream\windows_x86_64\bin\npf.sys
Service Type:  kernel mode driver
Service Start Type:  demand start
Service Account:
10/16/2020 07:26:49 AM
LogName=System
SourceName=Microsoft-Windows-DistributedCOM
EventCode=10016
EventType=2
Type=Error
ComputerName=EC2AMAZ-GK5BS01
User=NOT_TRANSLATED
Sid=S-1-5-21-4284141139-3213569923-3907246136-500
SidType=0
TaskCategory=None
OpCode=Info
RecordNumber=81558
Keywords=Classic
Message=The application-specific permission settings do not grant Local Activation permission for the COM Server application with CLSID 
{D63B10C5-BB46-4990-A94F-E40B9D520160}
 and APPID 
{9CA88EE3-ACB7-47C8-AFC4-AB702511C276}
 to the user EC2AMAZ-GK5BS01\Administrator SID (S-1-5-21-4284141139-3213569923-3907246136-500) from address LocalHost (Using LRPC) running in the application container Unavailable SID (Unavailable). This security permission can be modified using the Component Services administrative tool.
10/16/2020 07:26:50 AM
LogName=System
SourceName=Microsoft-Windows-DistributedCOM
EventCode=10016
EventType=2
Type=Error
ComputerName=EC2AMAZ-GK5BS01
User=NOT_TRANSLATED
Sid=S-1-5-21-4284141139-3213569923-3907246136-500
SidType=0
TaskCategory=None
OpCode=Info
RecordNumber=81562
Keywords=Classic
Message=The application-specific permission settings do not grant Local Activation permission for the COM Server application with CLSID 
{D63B10C5-BB46-4990-A94F-E40B9D520160}
 and APPID 
{9CA88EE3-ACB7-47C8-AFC4-AB702511C276}
 to the user EC2AMAZ-GK5BS01\Administrator SID (S-1-5-21-4284141139-3213569923-3907246136-500) from address LocalHost (Using LRPC) running in the application container Unavailable SID (Unavailable). This security permission can be modified using the Component Services administrative tool.
10/16/2020 07:26:50 AM
LogName=System
SourceName=Microsoft-Windows-Service Control Manager
EventCode=7036
EventType=4
Type=Information
ComputerName=EC2AMAZ-GK5BS01
TaskCategory=None
OpCode=The operation completed successfully.
RecordNumber=81561
Keywords=Classic
Message=The Amazon SSM Agent service entered the running state.
10/16/2020 07:26:50 AM
LogName=System
SourceName=Microsoft-Windows-DistributedCOM
EventCode=10016
EventType=2
Type=Error
ComputerName=EC2AMAZ-GK5BS01
User=NOT_TRANSLATED
Sid=S-1-5-21-4284141139-3213569923-3907246136-500
SidType=0
TaskCategory=None
OpCode=Info
RecordNumber=81560
Keywords=Classic
Message=The application-specific permission settings do not grant Local Activation permission for the COM Server application with CLSID 
{D63B10C5-BB46-4990-A94F-E40B9D520160}
 and APPID 
{9CA88EE3-ACB7-47C8-AFC4-AB702511C276}
 to the user EC2AMAZ-GK5BS01\Administrator SID (S-1-5-21-4284141139-3213569923-3907246136-500) from address LocalHost (Using LRPC) running in the application container Unavailable SID (Unavailable). This security permission can be modified using the Component Services administrative tool.
10/16/2020 07:26:50 AM
LogName=System
SourceName=Microsoft-Windows-DistributedCOM
EventCode=10016
EventType=2
Type=Error
ComputerName=EC2AMAZ-GK5BS01
User=NOT_TRANSLATED
Sid=S-1-5-21-4284141139-3213569923-3907246136-500
SidType=0
TaskCategory=None
OpCode=Info
RecordNumber=81559
Keywords=Classic
Message=The application-specific permission settings do not grant Local Activation permission for the COM Server application with CLSID 
{D63B10C5-BB46-4990-A94F-E40B9D520160}
 and APPID 
{9CA88EE3-ACB7-47C8-AFC4-AB702511C276}
 to the user EC2AMAZ-GK5BS01\Administrator SID (S-1-5-21-4284141139-3213569923-3907246136-500) from address LocalHost (Using LRPC) running in the application container Unavailable SID (Unavailable). This security permission can be modified using the Component Services administrative tool.
10/16/2020 07:26:51 AM
LogName=System
SourceName=Microsoft-Windows-DistributedCOM
EventCode=10016
EventType=2
Type=Error
ComputerName=EC2AMAZ-GK5BS01
User=NOT_TRANSLATED
Sid=S-1-5-21-4284141139-3213569923-3907246136-500
SidType=0
TaskCategory=None
OpCode=Info
RecordNumber=81563
Keywords=Classic
Message=The application-specific permission settings do not grant Local Activation permission for the COM Server application with CLSID 
{D63B10C5-BB46-4990-A94F-E40B9D520160}
 and APPID 
{9CA88EE3-ACB7-47C8-AFC4-AB702511C276}
 to the user EC2AMAZ-GK5BS01\Administrator SID (S-1-5-21-4284141139-3213569923-3907246136-500) from address LocalHost (Using LRPC) running in the application container Unavailable SID (Unavailable). This security permission can be modified using the Component Services administrative tool.
10/16/2020 07:26:53 AM
LogName=System
SourceName=Microsoft-Windows-DistributedCOM
EventCode=10016
EventType=2
Type=Error
ComputerName=EC2AMAZ-GK5BS01
User=NOT_TRANSLATED
Sid=S-1-5-21-4284141139-3213569923-3907246136-500
SidType=0
TaskCategory=None
OpCode=Info
RecordNumber=81564
Keywords=Classic
Message=The application-specific permission settings do not grant Local Activation permission for the COM Server application with CLSID 
{D63B10C5-BB46-4990-A94F-E40B9D520160}
 and APPID 
{9CA88EE3-ACB7-47C8-AFC4-AB702511C276}
 to the user EC2AMAZ-GK5BS01\Administrator SID (S-1-5-21-4284141139-3213569923-3907246136-500) from address LocalHost (Using LRPC) running in the application container Unavailable SID (Unavailable). This security permission can be modified using the Component Services administrative tool.
10/16/2020 07:26:56 AM
LogName=System
SourceName=Microsoft-Windows-Service Control Manager
EventCode=7036
EventType=4
Type=Information
ComputerName=win-dc-156.attackrange.local
TaskCategory=None
OpCode=The operation completed successfully.
RecordNumber=82194
Keywords=Classic
Message=The Software Protection service entered the running state.
10/16/2020 07:26:56 AM
LogName=System
SourceName=Microsoft-Windows-Service Control Manager
EventCode=7036
EventType=4
Type=Information
ComputerName=win-dc-156.attackrange.local
TaskCategory=None
OpCode=The operation completed successfully.
RecordNumber=82193
Keywords=Classic
Message=The Distributed Transaction Coordinator service entered the running state.
10/16/2020 07:26:56 AM
LogName=System
SourceName=Microsoft-Windows-Service Control Manager
EventCode=7036
EventType=4
Type=Information
ComputerName=win-dc-156.attackrange.local
TaskCategory=None
OpCode=The operation completed successfully.
RecordNumber=82192
Keywords=Classic
Message=The Downloaded Maps Manager service entered the running state.
10/16/2020 07:26:56 AM
LogName=System
SourceName=Microsoft-Windows-Service Control Manager
EventCode=7036
EventType=4
Type=Information
ComputerName=win-dc-156.attackrange.local
TaskCategory=None
OpCode=The operation completed successfully.
RecordNumber=82191
Keywords=Classic
Message=The Diagnostic Policy Service service entered the running state.
10/16/2020 07:26:56 AM
LogName=System
SourceName=Microsoft-Windows-Service Control Manager
EventCode=7036
EventType=4
Type=Information
ComputerName=win-dc-156.attackrange.local
TaskCategory=None
OpCode=The operation completed successfully.
RecordNumber=82190
Keywords=Classic
Message=The Connected Devices Platform Service service entered the stopped state.
10/16/2020 07:26:58 AM
LogName=System
SourceName=Microsoft-Windows-Service Control Manager
EventCode=7036
EventType=4
Type=Information
ComputerName=win-dc-156.attackrange.local
TaskCategory=None
OpCode=The operation completed successfully.
RecordNumber=82195
Keywords=Classic
Message=The User Access Logging Service service entered the running state.
10/16/2020 07:27:06 AM
LogName=System
SourceName=Microsoft-Windows-Service Control Manager
EventCode=7036
EventType=4
Type=Information
ComputerName=win-dc-156.attackrange.local
TaskCategory=None
OpCode=The operation completed successfully.
RecordNumber=82196
Keywords=Classic
Message=The Downloaded Maps Manager service entered the stopped state.
10/16/2020 07:27:10 AM
LogName=System
SourceName=Microsoft-Windows-DistributedCOM
EventCode=10016
EventType=2
Type=Error
ComputerName=EC2AMAZ-GK5BS01
User=NOT_TRANSLATED
Sid=S-1-5-21-4284141139-3213569923-3907246136-500
SidType=0
TaskCategory=None
OpCode=Info
RecordNumber=81565
Keywords=Classic
Message=The application-specific permission settings do not grant Local Activation permission for the COM Server application with CLSID 
{D63B10C5-BB46-4990-A94F-E40B9D520160}
 and APPID 
{9CA88EE3-ACB7-47C8-AFC4-AB702511C276}
 to the user EC2AMAZ-GK5BS01\Administrator SID (S-1-5-21-4284141139-3213569923-3907246136-500) from address LocalHost (Using LRPC) running in the application container Unavailable SID (Unavailable). This security permission can be modified using the Component Services administrative tool.
10/16/2020 07:27:12 AM
LogName=System
SourceName=Microsoft-Windows-DistributedCOM
EventCode=10016
EventType=2
Type=Error
ComputerName=EC2AMAZ-GK5BS01
User=NOT_TRANSLATED
Sid=S-1-5-21-4284141139-3213569923-3907246136-500
SidType=0
TaskCategory=None
OpCode=Info
RecordNumber=81566
Keywords=Classic
Message=The application-specific permission settings do not grant Local Activation permission for the COM Server application with CLSID 
{D63B10C5-BB46-4990-A94F-E40B9D520160}
 and APPID 
{9CA88EE3-ACB7-47C8-AFC4-AB702511C276}
 to the user EC2AMAZ-GK5BS01\Administrator SID (S-1-5-21-4284141139-3213569923-3907246136-500) from address LocalHost (Using LRPC) running in the application container Unavailable SID (Unavailable). This security permission can be modified using the Component Services administrative tool.
10/16/2020 07:27:19 AM
LogName=System
SourceName=Microsoft-Windows-Service Control Manager
EventCode=7036
EventType=4
Type=Information
ComputerName=win-dc-156.attackrange.local
TaskCategory=None
OpCode=The operation completed successfully.
RecordNumber=82197
Keywords=Classic
Message=The Portable Device Enumerator Service service entered the stopped state.
10/16/2020 07:27:28 AM
LogName=System
SourceName=Microsoft-Windows-Service Control Manager
EventCode=7036
EventType=4
Type=Information
ComputerName=win-dc-156.attackrange.local
TaskCategory=None
OpCode=The operation completed successfully.
RecordNumber=82198
Keywords=Classic
Message=The Software Protection service entered the stopped state.
10/16/2020 07:27:38 AM
LogName=System
SourceName=Microsoft-Windows-Service Control Manager
EventCode=7040
EventType=4
Type=Information
ComputerName=EC2AMAZ-GK5BS01
User=NOT_TRANSLATED
Sid=S-1-5-18
SidType=0
TaskCategory=None
OpCode=The operation completed successfully.
RecordNumber=81567
Keywords=Classic
Message=The start type of the Windows Modules Installer service was changed from demand start to auto start.
10/16/2020 07:27:39 AM
LogName=System
SourceName=Microsoft-Windows-Service Control Manager
EventCode=7036
EventType=4
Type=Information
ComputerName=win-dc-156.attackrange.local
TaskCategory=None
OpCode=The operation completed successfully.
RecordNumber=82200
Keywords=Classic
Message=The Windows Insider Service service entered the running state.
10/16/2020 07:27:39 AM
LogName=System
SourceName=Microsoft-Windows-Service Control Manager
EventCode=7036
EventType=4
Type=Information
ComputerName=win-dc-156.attackrange.local
TaskCategory=None
OpCode=The operation completed successfully.
RecordNumber=82199
Keywords=Classic
Message=The Update Orchestrator Service for Windows Update service entered the running state.
10/16/2020 07:27:41 AM
LogName=System
SourceName=Microsoft-Windows-Service Control Manager
EventCode=7036
EventType=4
Type=Information
ComputerName=EC2AMAZ-GK5BS01
TaskCategory=None
OpCode=The operation completed successfully.
RecordNumber=81569
Keywords=Classic
Message=The Microsoft Software Shadow Copy Provider service entered the running state.
10/16/2020 07:27:41 AM
LogName=System
SourceName=Microsoft-Windows-Service Control Manager
EventCode=7036
EventType=4
Type=Information
ComputerName=EC2AMAZ-GK5BS01
TaskCategory=None
OpCode=The operation completed successfully.
RecordNumber=81568
Keywords=Classic
Message=The Volume Shadow Copy service entered the running state.
10/16/2020 07:27:41 AM
LogName=System
SourceName=Microsoft-Windows-Service Control Manager
EventCode=7036
EventType=4
Type=Information
ComputerName=win-dc-156.attackrange.local
TaskCategory=None
OpCode=The operation completed successfully.
RecordNumber=82201
Keywords=Classic
Message=The Network Setup Service service entered the stopped state.
10/16/2020 07:27:45 AM
LogName=System
SourceName=Microsoft-Windows-DistributedCOM
EventCode=10016
EventType=2
Type=Error
ComputerName=EC2AMAZ-GK5BS01
User=NOT_TRANSLATED
Sid=S-1-5-21-4284141139-3213569923-3907246136-500
SidType=0
TaskCategory=None
OpCode=Info
RecordNumber=81570
Keywords=Classic
Message=The application-specific permission settings do not grant Local Activation permission for the COM Server application with CLSID 
{D63B10C5-BB46-4990-A94F-E40B9D520160}
 and APPID 
{9CA88EE3-ACB7-47C8-AFC4-AB702511C276}
 to the user EC2AMAZ-GK5BS01\Administrator SID (S-1-5-21-4284141139-3213569923-3907246136-500) from address LocalHost (Using LRPC) running in the application container Unavailable SID (Unavailable). This security permission can be modified using the Component Services administrative tool.
10/16/2020 07:27:48 AM
LogName=System
SourceName=Microsoft-Windows-DistributedCOM
EventCode=10016
EventType=2
Type=Error
ComputerName=EC2AMAZ-GK5BS01
User=NOT_TRANSLATED
Sid=S-1-5-21-4284141139-3213569923-3907246136-500
SidType=0
TaskCategory=None
OpCode=Info
RecordNumber=81571
Keywords=Classic
Message=The application-specific permission settings do not grant Local Activation permission for the COM Server application with CLSID 
{D63B10C5-BB46-4990-A94F-E40B9D520160}
 and APPID 
{9CA88EE3-ACB7-47C8-AFC4-AB702511C276}
 to the user EC2AMAZ-GK5BS01\Administrator SID (S-1-5-21-4284141139-3213569923-3907246136-500) from address LocalHost (Using LRPC) running in the application container Unavailable SID (Unavailable). This security permission can be modified using the Component Services administrative tool.
10/16/2020 07:27:50 AM
LogName=System
SourceName=Microsoft-Windows-DistributedCOM
EventCode=10016
EventType=2
Type=Error
ComputerName=EC2AMAZ-GK5BS01
User=NOT_TRANSLATED
Sid=S-1-5-21-4284141139-3213569923-3907246136-500
SidType=0
TaskCategory=None
OpCode=Info
RecordNumber=81572
Keywords=Classic
Message=The application-specific permission settings do not grant Local Activation permission for the COM Server application with CLSID 
{D63B10C5-BB46-4990-A94F-E40B9D520160}
 and APPID 
{9CA88EE3-ACB7-47C8-AFC4-AB702511C276}
 to the user EC2AMAZ-GK5BS01\Administrator SID (S-1-5-21-4284141139-3213569923-3907246136-500) from address LocalHost (Using LRPC) running in the application container Unavailable SID (Unavailable). This security permission can be modified using the Component Services administrative tool.
10/16/2020 07:27:51 AM
LogName=System
SourceName=User32
EventCode=1074
EventType=4
Type=Information
ComputerName=EC2AMAZ-GK5BS01
User=NOT_TRANSLATED
Sid=S-1-5-21-4284141139-3213569923-3907246136-500
SidType=0
TaskCategory=None
OpCode=The operation completed successfully.
RecordNumber=81573
Keywords=Classic
Message=The process C:\Windows\system32\shutdown.exe (EC2AMAZ-GK5BS01) has initiated the restart of computer EC2AMAZ-GK5BS01 on behalf of user EC2AMAZ-GK5BS01\Administrator for the following reason: No title for this reason could be found
 Reason Code: 0x800000ff
 Shutdown Type: restart
 Comment: Reboot initiated by Ansible
10/16/2020 07:27:53 AM
LogName=System
SourceName=Microsoft-Windows-Service Control Manager
EventCode=7036
EventType=4
Type=Information
ComputerName=EC2AMAZ-GK5BS01
TaskCategory=None
OpCode=The operation completed successfully.
RecordNumber=81574
Keywords=Classic
Message=The Group Policy Client service entered the stopped state.
10/16/2020 07:27:55 AM
LogName=System
SourceName=Microsoft-Windows-Service Control Manager
EventCode=7036
EventType=4
Type=Information
ComputerName=win-host-374
TaskCategory=None
OpCode=The operation completed successfully.
RecordNumber=81608
Keywords=Classic
Message=The Windows Defender Service service entered the stopped state.
10/16/2020 07:27:55 AM
LogName=System
SourceName=Microsoft-Windows-Service Control Manager
EventCode=7036
EventType=4
Type=Information
ComputerName=win-host-374
TaskCategory=None
OpCode=The operation completed successfully.
RecordNumber=81607
Keywords=Classic
Message=The Remote Desktop Services service entered the stopped state.
10/16/2020 07:27:55 AM
LogName=System
SourceName=Microsoft-Windows-Service Control Manager
EventCode=7036
EventType=4
Type=Information
ComputerName=win-host-374
TaskCategory=None
OpCode=The operation completed successfully.
RecordNumber=81606
Keywords=Classic
Message=The User Profile Service service entered the stopped state.
10/16/2020 07:27:55 AM
LogName=System
SourceName=Microsoft-Windows-Service Control Manager
EventCode=7036
EventType=4
Type=Information
ComputerName=win-host-374
TaskCategory=None
OpCode=The operation completed successfully.
RecordNumber=81605
Keywords=Classic
Message=The Task Scheduler service entered the stopped state.
10/16/2020 07:27:55 AM
LogName=System
SourceName=Microsoft-Windows-Service Control Manager
EventCode=7036
EventType=4
Type=Information
ComputerName=win-host-374
TaskCategory=None
OpCode=The operation completed successfully.
RecordNumber=81604
Keywords=Classic
Message=The Cryptographic Services service entered the stopped state.
10/16/2020 07:27:55 AM
LogName=System
SourceName=Microsoft-Windows-Service Control Manager
EventCode=7036
EventType=4
Type=Information
ComputerName=win-host-374
TaskCategory=None
OpCode=The operation completed successfully.
RecordNumber=81603
Keywords=Classic
Message=The Windows Event Log service entered the stopped state.
10/16/2020 07:27:55 AM
LogName=System
SourceName=Microsoft-Windows-Service Control Manager
EventCode=7036
EventType=4
Type=Information
ComputerName=win-host-374
TaskCategory=None
OpCode=The operation completed successfully.
RecordNumber=81602
Keywords=Classic
Message=The Volume Shadow Copy service entered the stopped state.
10/16/2020 07:27:55 AM
LogName=System
SourceName=Microsoft-Windows-Service Control Manager
EventCode=7036
EventType=4
Type=Information
ComputerName=win-host-374
TaskCategory=None
OpCode=The operation completed successfully.
RecordNumber=81601
Keywords=Classic
Message=The Windows Remote Management (WS-Management) service entered the stopped state.
10/16/2020 07:27:55 AM
LogName=System
SourceName=Microsoft-Windows-Service Control Manager
EventCode=7036
EventType=4
Type=Information
ComputerName=EC2AMAZ-GK5BS01
TaskCategory=None
OpCode=The operation completed successfully.
RecordNumber=81596
Keywords=Classic
Message=The State Repository Service service entered the stopped state.
10/16/2020 07:27:55 AM
LogName=System
SourceName=Microsoft-Windows-Service Control Manager
EventCode=7036
EventType=4
Type=Information
ComputerName=EC2AMAZ-GK5BS01
TaskCategory=None
OpCode=The operation completed successfully.
RecordNumber=81595
Keywords=Classic
Message=The Certificate Propagation service entered the stopped state.
10/16/2020 07:27:55 AM
LogName=System
SourceName=Microsoft-Windows-Service Control Manager
EventCode=7036
EventType=4
Type=Information
ComputerName=EC2AMAZ-GK5BS01
TaskCategory=None
OpCode=The operation completed successfully.
RecordNumber=81594
Keywords=Classic
Message=The DHCP Client service entered the stopped state.
10/16/2020 07:27:55 AM
LogName=System
SourceName=Microsoft-Windows-Dhcp-Client
EventCode=50037
EventType=4
Type=Information
ComputerName=EC2AMAZ-GK5BS01
User=NOT_TRANSLATED
Sid=S-1-5-19
SidType=0
TaskCategory=Service State Event
OpCode=ServiceStop
RecordNumber=81593
Keywords=None
Message=DHCPv4 client service is stopped. ShutDown Flag value is 1
10/16/2020 07:27:55 AM
LogName=System
SourceName=Microsoft-Windows-DHCPv6-Client
EventCode=51047
EventType=4
Type=Information
ComputerName=EC2AMAZ-GK5BS01
User=NOT_TRANSLATED
Sid=S-1-5-19
SidType=0
TaskCategory=Service State Event
OpCode=ServiceStop
RecordNumber=81592
Keywords=None
Message=DHCPv6 client service is stopped. ShutDown Flag value is 1
10/16/2020 07:27:55 AM
LogName=System
SourceName=Microsoft-Windows-Service Control Manager
EventCode=7036
EventType=4
Type=Information
ComputerName=EC2AMAZ-GK5BS01
TaskCategory=None
OpCode=The operation completed successfully.
RecordNumber=81591
Keywords=Classic
Message=The Windows Connection Manager service entered the stopped state.
10/16/2020 07:27:55 AM
LogName=System
SourceName=Microsoft-Windows-Service Control Manager
EventCode=7036
EventType=4
Type=Information
ComputerName=EC2AMAZ-GK5BS01
TaskCategory=None
OpCode=The operation completed successfully.
RecordNumber=81590
Keywords=Classic
Message=The Program Compatibility Assistant Service service entered the stopped state.
10/16/2020 07:27:55 AM
LogName=System
SourceName=Microsoft-Windows-Service Control Manager
EventCode=7036
EventType=4
Type=Information
ComputerName=EC2AMAZ-GK5BS01
TaskCategory=None
OpCode=The operation completed successfully.
RecordNumber=81589
Keywords=Classic
Message=The Microsoft Software Shadow Copy Provider service entered the stopped state.
10/16/2020 07:27:55 AM
LogName=System
SourceName=Microsoft-Windows-Service Control Manager
EventCode=7036
EventType=4
Type=Information
ComputerName=EC2AMAZ-GK5BS01
TaskCategory=None
OpCode=The operation completed successfully.
RecordNumber=81588
Keywords=Classic
Message=The Windows Management Instrumentation service entered the stopped state.
10/16/2020 07:27:55 AM
LogName=System
SourceName=Microsoft-Windows-Service Control Manager
EventCode=7036
EventType=4
Type=Information
ComputerName=EC2AMAZ-GK5BS01
TaskCategory=None
OpCode=The operation completed successfully.
RecordNumber=81587
Keywords=Classic
Message=The Windows Font Cache Service service entered the stopped state.
10/16/2020 07:27:55 AM
LogName=System
SourceName=Microsoft-Windows-Service Control Manager
EventCode=7036
EventType=4
Type=Information
ComputerName=EC2AMAZ-GK5BS01
TaskCategory=None
OpCode=The operation completed successfully.
RecordNumber=81586
Keywords=Classic
Message=The Distributed Link Tracking Client service entered the stopped state.
10/16/2020 07:27:55 AM
LogName=System
SourceName=Microsoft-Windows-Service Control Manager
EventCode=7036
EventType=4
Type=Information
ComputerName=EC2AMAZ-GK5BS01
TaskCategory=None
OpCode=The operation completed successfully.
RecordNumber=81585
Keywords=Classic
Message=The Device Install Service service entered the stopped state.
10/16/2020 07:27:55 AM
LogName=System
SourceName=Microsoft-Windows-Service Control Manager
EventCode=7036
EventType=4
Type=Information
ComputerName=EC2AMAZ-GK5BS01
TaskCategory=None
OpCode=The operation completed successfully.
RecordNumber=81584
Keywords=Classic
Message=The Remote Desktop Services UserMode Port Redirector service entered the stopped state.
10/16/2020 07:27:55 AM
LogName=System
SourceName=Microsoft-Windows-Service Control Manager
EventCode=7036
EventType=4
Type=Information
ComputerName=EC2AMAZ-GK5BS01
TaskCategory=None
OpCode=The operation completed successfully.
RecordNumber=81583
Keywords=Classic
Message=The IPsec Policy Agent service entered the stopped state.
10/16/2020 07:27:55 AM
LogName=System
SourceName=Microsoft-Windows-Service Control Manager
EventCode=7036
EventType=4
Type=Information
ComputerName=EC2AMAZ-GK5BS01
TaskCategory=None
OpCode=The operation completed successfully.
RecordNumber=81582
Keywords=Classic
Message=The Windows Time service entered the stopped state.
