10/16/2020 07:32:16 AM
LogName=System
SourceName=Microsoft-Windows-Service Control Manager
EventCode=7036
EventType=4
Type=Information
ComputerName=win-host-374.attackrange.local
TaskCategory=None
OpCode=The operation completed successfully.
RecordNumber=82005
Keywords=Classic
Message=The Diagnostic Policy Service service entered the stopped state.
10/16/2020 07:32:16 AM
LogName=System
SourceName=Microsoft-Windows-Service Control Manager
EventCode=7036
EventType=4
Type=Information
ComputerName=win-host-374.attackrange.local
TaskCategory=None
OpCode=The operation completed successfully.
RecordNumber=82004
Keywords=Classic
Message=The AWS Lite Guest Agent service entered the stopped state.
10/16/2020 07:32:16 AM
LogName=System
SourceName=Microsoft-Windows-Service Control Manager
EventCode=7036
EventType=4
Type=Information
ComputerName=win-host-374.attackrange.local
TaskCategory=None
OpCode=The operation completed successfully.
RecordNumber=82003
Keywords=Classic
Message=The IPsec Policy Agent service entered the stopped state.
10/16/2020 07:32:16 AM
LogName=System
SourceName=Microsoft-Windows-Service Control Manager
EventCode=7036
EventType=4
Type=Information
ComputerName=win-host-374.attackrange.local
TaskCategory=None
OpCode=The operation completed successfully.
RecordNumber=82002
Keywords=Classic
Message=The Windows Time service entered the stopped state.
10/16/2020 07:32:16 AM
LogName=System
SourceName=Microsoft-Windows-Service Control Manager
EventCode=7036
EventType=4
Type=Information
ComputerName=win-host-374.attackrange.local
TaskCategory=None
OpCode=The operation completed successfully.
RecordNumber=82001
Keywords=Classic
Message=The Remote Desktop Services UserMode Port Redirector service entered the stopped state.
10/16/2020 07:32:16 AM
LogName=System
SourceName=Microsoft-Windows-Service Control Manager
EventCode=7036
EventType=4
Type=Information
ComputerName=win-host-374.attackrange.local
TaskCategory=None
OpCode=The operation completed successfully.
RecordNumber=82000
Keywords=Classic
Message=The Amazon SSM Agent service entered the stopped state.
10/16/2020 07:32:16 AM
LogName=System
SourceName=Microsoft-Windows-Kernel-General
EventCode=1
EventType=4
Type=Information
ComputerName=win-host-374.attackrange.local
User=NOT_TRANSLATED
Sid=S-1-5-19
SidType=0
TaskCategory=5
OpCode=Info
RecordNumber=81999
Keywords=Time
Message=The system time has changed to ‎2020‎-‎10‎-‎16T07:32:16.847000000Z from ‎2020‎-‎10‎-‎16T07:32:16.847663300Z.

Change Reason: An application or system component changed the time.
10/16/2020 07:32:16 AM
LogName=System
SourceName=Microsoft-Windows-Service Control Manager
EventCode=7036
EventType=4
Type=Information
ComputerName=win-host-374.attackrange.local
TaskCategory=None
OpCode=The operation completed successfully.
RecordNumber=81998
Keywords=Classic
Message=The Plug and Play service entered the stopped state.
10/16/2020 07:32:16 AM
LogName=System
SourceName=Microsoft-Windows-Service Control Manager
EventCode=7036
EventType=4
Type=Information
ComputerName=win-host-374.attackrange.local
TaskCategory=None
OpCode=The operation completed successfully.
RecordNumber=81997
Keywords=Classic
Message=The User Access Logging Service service entered the stopped state.
10/16/2020 07:32:16 AM
LogName=System
SourceName=Microsoft-Windows-Service Control Manager
EventCode=7036
EventType=4
Type=Information
ComputerName=win-host-374.attackrange.local
TaskCategory=None
OpCode=The operation completed successfully.
RecordNumber=81996
Keywords=Classic
Message=The Tile Data model server service entered the stopped state.
10/16/2020 07:32:16 AM
LogName=System
SourceName=Microsoft-Windows-Service Control Manager
EventCode=7036
EventType=4
Type=Information
ComputerName=win-host-374.attackrange.local
TaskCategory=None
OpCode=The operation completed successfully.
RecordNumber=81995
Keywords=Classic
Message=The Group Policy Client service entered the stopped state.
10/16/2020 07:32:16 AM
LogName=System
SourceName=EventLog
EventCode=6006
EventType=4
Type=Information
ComputerName=win-host-374.attackrange.local
TaskCategory=None
OpCode=None
RecordNumber=81994
Keywords=Classic
Message=The Event log service was stopped.
10/16/2020 07:32:16 AM
LogName=System
SourceName=Microsoft-Windows-Windows Remote Management
EventCode=10149
EventType=3
Type=Warning
ComputerName=win-host-374.attackrange.local
TaskCategory=None
OpCode=Info
RecordNumber=81993
Keywords=Classic
Message=The WinRM service is not listening for WS-Management requests. 

 User Action 
 If you did not intentionally stop the service, use the following command to see the WinRM configuration: 

 winrm enumerate winrm/config/listener
10/16/2020 07:32:17 AM
LogName=System
SourceName=Microsoft-Windows-Service Control Manager
EventCode=7036
EventType=4
Type=Information
ComputerName=win-host-374.attackrange.local
TaskCategory=None
OpCode=The operation completed successfully.
RecordNumber=82032
Keywords=Classic
Message=The nxlog service entered the stopped state.
10/16/2020 07:32:17 AM
LogName=System
SourceName=Microsoft-Windows-Service Control Manager
EventCode=7036
EventType=4
Type=Information
ComputerName=win-host-374.attackrange.local
TaskCategory=None
OpCode=The operation completed successfully.
RecordNumber=82031
Keywords=Classic
Message=The Windows Update service entered the stopped state.
10/16/2020 07:32:17 AM
LogName=System
SourceName=Microsoft-Windows-Service Control Manager
EventCode=7036
EventType=4
Type=Information
ComputerName=win-host-374.attackrange.local
TaskCategory=None
OpCode=The operation completed successfully.
RecordNumber=82030
Keywords=Classic
Message=The Device Setup Manager service entered the stopped state.
10/16/2020 07:32:17 AM
LogName=System
SourceName=Microsoft-Windows-Service Control Manager
EventCode=7036
EventType=4
Type=Information
ComputerName=win-host-374.attackrange.local
TaskCategory=None
OpCode=The operation completed successfully.
RecordNumber=82026
Keywords=Classic
Message=The Task Scheduler service entered the stopped state.
10/16/2020 07:32:17 AM
LogName=System
SourceName=Microsoft-Windows-Service Control Manager
EventCode=7036
EventType=4
Type=Information
ComputerName=win-host-374.attackrange.local
TaskCategory=None
OpCode=The operation completed successfully.
RecordNumber=82025
Keywords=Classic
Message=The Cryptographic Services service entered the stopped state.
10/16/2020 07:32:18 AM
LogName=System
SourceName=Microsoft-Windows-Service Control Manager
EventCode=7036
EventType=4
Type=Information
ComputerName=win-host-374.attackrange.local
TaskCategory=None
OpCode=The operation completed successfully.
RecordNumber=82034
Keywords=Classic
Message=The SplunkForwarder Service service entered the stopped state.
10/16/2020 07:32:18 AM
LogName=System
SourceName=Microsoft-Windows-Service Control Manager
EventCode=7036
EventType=4
Type=Information
ComputerName=win-host-374.attackrange.local
TaskCategory=None
OpCode=The operation completed successfully.
RecordNumber=82033
Keywords=Classic
Message=The SplunkForwarder Service service entered the stopped state.
10/16/2020 07:32:19 AM
LogName=System
SourceName=Microsoft-Windows-Kernel-General
EventCode=13
EventType=4
Type=Information
ComputerName=win-host-374.attackrange.local
TaskCategory=2
OpCode=Info
RecordNumber=82036
Keywords=None
Message=The operating system is shutting down at system time ‎2020‎-‎10‎-‎16T07:32:19.457114300Z.
10/16/2020 07:32:19 AM
LogName=System
SourceName=Microsoft-Windows-Kernel-Power
EventCode=109
EventType=4
Type=Information
ComputerName=win-host-374.attackrange.local
TaskCategory=103
OpCode=Info
RecordNumber=82035
Keywords=None
Message=The kernel power manager has initiated a shutdown transition.

Shutdown Reason: Kernel API
10/16/2020 07:32:39 AM
LogName=System
SourceName=Microsoft-Windows-Kernel-Boot
EventCode=32
EventType=4
Type=Information
ComputerName=win-host-374.attackrange.local
User=NOT_TRANSLATED
Sid=S-1-5-18
SidType=0
TaskCategory=None
OpCode=Info
RecordNumber=82043
Keywords=None
Message=The bootmgr spent 0 ms waiting for user input.
10/16/2020 07:32:39 AM
LogName=System
SourceName=Microsoft-Windows-Kernel-Boot
EventCode=18
EventType=4
Type=Information
ComputerName=win-host-374.attackrange.local
User=NOT_TRANSLATED
Sid=S-1-5-18
SidType=0
TaskCategory=None
OpCode=Info
RecordNumber=82042
Keywords=None
Message=There are 0x1 boot options on this system.
10/16/2020 07:32:39 AM
LogName=System
SourceName=Microsoft-Windows-Kernel-Boot
EventCode=25
EventType=4
Type=Information
ComputerName=win-host-374.attackrange.local
User=NOT_TRANSLATED
Sid=S-1-5-18
SidType=0
TaskCategory=32
OpCode=Info
RecordNumber=82041
Keywords=None
Message=The boot menu policy was 0x0.
10/16/2020 07:32:39 AM
LogName=System
SourceName=Microsoft-Windows-Kernel-Boot
EventCode=27
EventType=4
Type=Information
ComputerName=win-host-374.attackrange.local
User=NOT_TRANSLATED
Sid=S-1-5-18
SidType=0
TaskCategory=33
OpCode=Info
RecordNumber=82040
Keywords=None
Message=The boot type was 0x0.
10/16/2020 07:32:39 AM
LogName=System
SourceName=Microsoft-Windows-Kernel-Boot
EventCode=20
EventType=4
Type=Information
ComputerName=win-host-374.attackrange.local
User=NOT_TRANSLATED
Sid=S-1-5-18
SidType=0
TaskCategory=31
OpCode=Info
RecordNumber=82039
Keywords=None
Message=The last shutdown's success status was true. The last boot's success status was true.
10/16/2020 07:32:39 AM
LogName=System
SourceName=Microsoft-Windows-Kernel-Boot
EventCode=153
EventType=4
Type=Information
ComputerName=win-host-374.attackrange.local
User=NOT_TRANSLATED
Sid=S-1-5-18
SidType=0
TaskCategory=None
OpCode=Info
RecordNumber=82038
Keywords=None
Message=The Virtualization Based Security (policies: 0) is disabled with status STATUS_SUCCESS.
10/16/2020 07:32:39 AM
LogName=System
SourceName=Microsoft-Windows-Kernel-General
EventCode=12
EventType=4
Type=Information
ComputerName=win-host-374.attackrange.local
User=NOT_TRANSLATED
Sid=S-1-5-18
SidType=0
TaskCategory=1
OpCode=Info
RecordNumber=82037
Keywords=None
Message=The operating system started at system time ‎2020‎-‎10‎-‎16T07:32:39.486852400Z.
10/16/2020 07:32:43 AM
LogName=System
SourceName=Microsoft-Windows-Kernel-Processor-Power
EventCode=55
EventType=4
Type=Information
ComputerName=win-host-374.attackrange.local
User=NOT_TRANSLATED
Sid=S-1-5-18
SidType=0
TaskCategory=47
OpCode=Info
RecordNumber=82057
Keywords=None
Message=Processor 7 in group 0 exposes the following power management capabilities:

Idle state type: ACPI Idle (C) States (1 state(s))

Performance state type: None
Nominal Frequency (MHz): 2300
Maximum performance percentage: 100
Minimum performance percentage: 100
Minimum throttle percentage: 100
10/16/2020 07:32:43 AM
LogName=System
SourceName=Microsoft-Windows-Kernel-Processor-Power
EventCode=55
EventType=4
Type=Information
ComputerName=win-host-374.attackrange.local
User=NOT_TRANSLATED
Sid=S-1-5-18
SidType=0
TaskCategory=47
OpCode=Info
RecordNumber=82056
Keywords=None
Message=Processor 6 in group 0 exposes the following power management capabilities:

Idle state type: ACPI Idle (C) States (1 state(s))

Performance state type: None
Nominal Frequency (MHz): 2300
Maximum performance percentage: 100
Minimum performance percentage: 100
Minimum throttle percentage: 100
10/16/2020 07:32:43 AM
LogName=System
SourceName=Microsoft-Windows-Kernel-Processor-Power
EventCode=55
EventType=4
Type=Information
ComputerName=win-host-374.attackrange.local
User=NOT_TRANSLATED
Sid=S-1-5-18
SidType=0
TaskCategory=47
OpCode=Info
RecordNumber=82055
Keywords=None
Message=Processor 5 in group 0 exposes the following power management capabilities:

Idle state type: ACPI Idle (C) States (1 state(s))

Performance state type: None
Nominal Frequency (MHz): 2300
Maximum performance percentage: 100
Minimum performance percentage: 100
Minimum throttle percentage: 100
10/16/2020 07:32:43 AM
LogName=System
SourceName=Microsoft-Windows-Kernel-Processor-Power
EventCode=55
EventType=4
Type=Information
ComputerName=win-host-374.attackrange.local
User=NOT_TRANSLATED
Sid=S-1-5-18
SidType=0
TaskCategory=47
OpCode=Info
RecordNumber=82054
Keywords=None
Message=Processor 4 in group 0 exposes the following power management capabilities:

Idle state type: ACPI Idle (C) States (1 state(s))

Performance state type: None
Nominal Frequency (MHz): 2300
Maximum performance percentage: 100
Minimum performance percentage: 100
Minimum throttle percentage: 100
10/16/2020 07:32:43 AM
LogName=System
SourceName=Microsoft-Windows-Kernel-Processor-Power
EventCode=55
EventType=4
Type=Information
ComputerName=win-host-374.attackrange.local
User=NOT_TRANSLATED
Sid=S-1-5-18
SidType=0
TaskCategory=47
OpCode=Info
RecordNumber=82053
Keywords=None
Message=Processor 3 in group 0 exposes the following power management capabilities:

Idle state type: ACPI Idle (C) States (1 state(s))

Performance state type: None
Nominal Frequency (MHz): 2300
Maximum performance percentage: 100
Minimum performance percentage: 100
Minimum throttle percentage: 100
10/16/2020 07:32:43 AM
LogName=System
SourceName=Microsoft-Windows-Kernel-Processor-Power
EventCode=55
EventType=4
Type=Information
ComputerName=win-host-374.attackrange.local
User=NOT_TRANSLATED
Sid=S-1-5-18
SidType=0
TaskCategory=47
OpCode=Info
RecordNumber=82052
Keywords=None
Message=Processor 2 in group 0 exposes the following power management capabilities:

Idle state type: ACPI Idle (C) States (1 state(s))

Performance state type: None
Nominal Frequency (MHz): 2300
Maximum performance percentage: 100
Minimum performance percentage: 100
Minimum throttle percentage: 100
10/16/2020 07:32:43 AM
LogName=System
SourceName=Microsoft-Windows-Kernel-Processor-Power
EventCode=55
EventType=4
Type=Information
ComputerName=win-host-374.attackrange.local
User=NOT_TRANSLATED
Sid=S-1-5-18
SidType=0
TaskCategory=47
OpCode=Info
RecordNumber=82051
Keywords=None
Message=Processor 1 in group 0 exposes the following power management capabilities:

Idle state type: ACPI Idle (C) States (1 state(s))

Performance state type: None
Nominal Frequency (MHz): 2300
Maximum performance percentage: 100
Minimum performance percentage: 100
Minimum throttle percentage: 100
10/16/2020 07:32:43 AM
LogName=System
SourceName=Microsoft-Windows-Kernel-Processor-Power
EventCode=55
EventType=4
Type=Information
ComputerName=win-host-374.attackrange.local
User=NOT_TRANSLATED
Sid=S-1-5-18
SidType=0
TaskCategory=47
OpCode=Info
RecordNumber=82050
Keywords=None
Message=Processor 0 in group 0 exposes the following power management capabilities:

Idle state type: ACPI Idle (C) States (1 state(s))

Performance state type: None
Nominal Frequency (MHz): 2300
Maximum performance percentage: 100
Minimum performance percentage: 100
Minimum throttle percentage: 100
10/16/2020 07:32:43 AM
LogName=System
SourceName=Microsoft-Windows-Kernel-Power
EventCode=172
EventType=4
Type=Information
ComputerName=win-host-374.attackrange.local
User=NOT_TRANSLATED
Sid=S-1-5-18
SidType=0
TaskCategory=203
OpCode=Info
RecordNumber=82049
Keywords=None
Message=Connectivity state in standby: Disconnected, Reason: NIC compliance
10/16/2020 07:32:43 AM
LogName=System
SourceName=Microsoft-Windows-FilterManager
EventCode=6
EventType=4
Type=Information
ComputerName=win-host-374.attackrange.local
User=NOT_TRANSLATED
Sid=S-1-5-18
SidType=0
TaskCategory=None
OpCode=Info
RecordNumber=82048
Keywords=None
Message=File System Filter 'npsvctrig' (10.0, ‎2016‎-‎07‎-‎16T02:28:33.000000000Z) has successfully loaded and registered with Filter Manager.
10/16/2020 07:32:43 AM
LogName=System
SourceName=Microsoft-Windows-FilterManager
EventCode=6
EventType=4
Type=Information
ComputerName=win-host-374.attackrange.local
User=NOT_TRANSLATED
Sid=S-1-5-18
SidType=0
TaskCategory=None
OpCode=Info
RecordNumber=82047
Keywords=None
Message=File System Filter 'FileCrypt' (10.0, ‎2018‎-‎08‎-‎30T20:44:27.000000000Z) has successfully loaded and registered with Filter Manager.
10/16/2020 07:32:43 AM
LogName=System
SourceName=Microsoft-Windows-Ntfs
EventCode=98
EventType=4
Type=Information
ComputerName=win-host-374.attackrange.local
User=NOT_TRANSLATED
Sid=S-1-5-18
SidType=0
TaskCategory=None
OpCode=Info
RecordNumber=82046
Keywords=None
Message=Volume C: (\Device\HarddiskVolume1) is healthy.  No action is needed.
10/16/2020 07:32:43 AM
LogName=System
SourceName=Microsoft-Windows-FilterManager
EventCode=6
EventType=4
Type=Information
ComputerName=win-host-374.attackrange.local
User=NOT_TRANSLATED
Sid=S-1-5-18
SidType=0
TaskCategory=None
OpCode=Info
RecordNumber=82045
Keywords=None
Message=File System Filter 'SysmonDrv' (0.0, ‎2020‎-‎10‎-‎12T17:39:59.000000000Z) has successfully loaded and registered with Filter Manager.
10/16/2020 07:32:43 AM
LogName=System
SourceName=Microsoft-Windows-FilterManager
EventCode=6
EventType=4
Type=Information
ComputerName=win-host-374.attackrange.local
User=NOT_TRANSLATED
Sid=S-1-5-18
SidType=0
TaskCategory=None
OpCode=Info
RecordNumber=82044
Keywords=None
Message=File System Filter 'Wof' (10.0, ‎2019‎-‎09‎-‎29T22:52:46.000000000Z) has successfully loaded and registered with Filter Manager.
10/16/2020 07:32:44 AM
LogName=System
SourceName=Microsoft-Windows-Service Control Manager
EventCode=7036
EventType=4
Type=Information
ComputerName=win-host-374.attackrange.local
TaskCategory=None
OpCode=The operation completed successfully.
RecordNumber=82060
Keywords=Classic
Message=The PlugPlay service entered the running state.
10/16/2020 07:32:44 AM
LogName=System
SourceName=Microsoft-Windows-Directory-Services-SAM
EventCode=16962
EventType=4
Type=Information
ComputerName=win-host-374.attackrange.local
User=NOT_TRANSLATED
Sid=S-1-5-18
SidType=0
TaskCategory=None
OpCode=Info
RecordNumber=82059
Keywords=None
Message=Remote calls to the SAM database are being restricted using the default security descriptor: O:SYG:SYD:(A;;RC;;;BA).
For more information please see http://go.microsoft.com/fwlink/?LinkId=787651.
10/16/2020 07:32:44 AM
LogName=System
SourceName=Microsoft-Windows-Wininit
EventCode=14
EventType=4
Type=Information
ComputerName=win-host-374.attackrange.local
User=NOT_TRANSLATED
Sid=S-1-5-18
SidType=0
TaskCategory=None
OpCode=Info
RecordNumber=82058
Keywords=None
Message=Credential Guard (LsaIso.exe) configuration: 0x0, 0
10/16/2020 07:32:45 AM
LogName=System
SourceName=Microsoft-Windows-Iphlpsvc
EventCode=4202
EventType=2
Type=Error
ComputerName=win-host-374.attackrange.local
User=NOT_TRANSLATED
Sid=S-1-5-18
SidType=0
TaskCategory=None
OpCode=Info
RecordNumber=82121
Keywords=None
Message=Unable to update the IP address on Isatap interface isatap.eu-central-1.compute.internal. Update Type: 1. Error Code: 0x490.
10/16/2020 07:32:45 AM
LogName=System
SourceName=Microsoft-Windows-Service Control Manager
EventCode=7036
EventType=4
Type=Information
ComputerName=win-host-374.attackrange.local
TaskCategory=None
OpCode=The operation completed successfully.
RecordNumber=82120
Keywords=Classic
Message=The tiledatamodelsvc service entered the running state.
10/16/2020 07:32:45 AM
LogName=System
SourceName=Microsoft-Windows-Service Control Manager
EventCode=7036
EventType=4
Type=Information
ComputerName=win-host-374.attackrange.local
TaskCategory=None
OpCode=The operation completed successfully.
RecordNumber=82119
Keywords=Classic
Message=The StateRepository service entered the running state.
10/16/2020 07:32:45 AM
LogName=System
SourceName=Microsoft-Windows-Service Control Manager
EventCode=7036
EventType=4
Type=Information
ComputerName=win-host-374.attackrange.local
TaskCategory=None
OpCode=The operation completed successfully.
RecordNumber=82118
Keywords=Classic
Message=The WinRM service entered the running state.
10/16/2020 07:32:45 AM
LogName=System
SourceName=Microsoft-Windows-Service Control Manager
EventCode=7036
EventType=4
Type=Information
ComputerName=win-host-374.attackrange.local
TaskCategory=None
OpCode=The operation completed successfully.
RecordNumber=82117
Keywords=Classic
Message=The LanmanServer service entered the running state.
10/16/2020 07:32:45 AM
LogName=System
SourceName=Microsoft-Windows-Service Control Manager
EventCode=7036
EventType=4
Type=Information
ComputerName=win-host-374.attackrange.local
TaskCategory=None
OpCode=The operation completed successfully.
RecordNumber=82116
Keywords=Classic
Message=The NetSetupSvc service entered the running state.
10/16/2020 07:32:45 AM
LogName=System
SourceName=Microsoft-Windows-Service Control Manager
EventCode=7036
EventType=4
Type=Information
ComputerName=win-host-374.attackrange.local
TaskCategory=None
OpCode=The operation completed successfully.
RecordNumber=82115
Keywords=Classic
Message=The WpnService service entered the running state.
10/16/2020 07:32:45 AM
LogName=System
SourceName=Microsoft-Windows-Service Control Manager
EventCode=7036
EventType=4
Type=Information
ComputerName=win-host-374.attackrange.local
TaskCategory=None
OpCode=The operation completed successfully.
RecordNumber=82114
Keywords=Classic
Message=The TimeBrokerSvc service entered the running state.
10/16/2020 07:32:45 AM
LogName=System
SourceName=Microsoft-Windows-Service Control Manager
EventCode=7036
EventType=4
Type=Information
ComputerName=win-host-374.attackrange.local
TaskCategory=None
OpCode=The operation completed successfully.
RecordNumber=82113
Keywords=Classic
Message=The AWSLiteAgent service entered the running state.
10/16/2020 07:32:45 AM
LogName=System
SourceName=Microsoft-Windows-Service Control Manager
EventCode=7036
EventType=4
Type=Information
ComputerName=win-host-374.attackrange.local
TaskCategory=None
OpCode=The operation completed successfully.
RecordNumber=82112
Keywords=Classic
Message=The PcaSvc service entered the running state.
10/16/2020 07:32:45 AM
LogName=System
SourceName=Microsoft-Windows-Service Control Manager
EventCode=7036
EventType=4
Type=Information
ComputerName=win-host-374.attackrange.local
TaskCategory=None
OpCode=The operation completed successfully.
RecordNumber=82111
Keywords=Classic
Message=The Spooler service entered the running state.
10/16/2020 07:32:45 AM
LogName=System
SourceName=Microsoft-Windows-Service Control Manager
EventCode=7036
EventType=4
Type=Information
ComputerName=win-host-374.attackrange.local
TaskCategory=None
OpCode=The operation completed successfully.
RecordNumber=82110
Keywords=Classic
Message=The RemoteRegistry service entered the running state.
10/16/2020 07:32:45 AM
LogName=System
SourceName=Microsoft-Windows-Service Control Manager
EventCode=7036
EventType=4
Type=Information
ComputerName=win-host-374.attackrange.local
TaskCategory=None
OpCode=The operation completed successfully.
RecordNumber=82109
Keywords=Classic
Message=The TrkWks service entered the running state.
10/16/2020 07:32:45 AM
LogName=System
SourceName=Microsoft-Windows-Service Control Manager
EventCode=7036
EventType=4
Type=Information
ComputerName=win-host-374.attackrange.local
TaskCategory=None
OpCode=The operation completed successfully.
RecordNumber=82108
Keywords=Classic
Message=The MpsSvc service entered the running state.
10/16/2020 07:32:45 AM
LogName=System
SourceName=Microsoft-Windows-Service Control Manager
EventCode=7036
EventType=4
Type=Information
ComputerName=win-host-374.attackrange.local
TaskCategory=None
OpCode=The operation completed successfully.
RecordNumber=82107
Keywords=Classic
Message=The UserManager service entered the running state.
10/16/2020 07:32:45 AM
LogName=System
SourceName=Microsoft-Windows-Service Control Manager
EventCode=7036
EventType=4
Type=Information
ComputerName=win-host-374.attackrange.local
TaskCategory=None
OpCode=The operation completed successfully.
RecordNumber=82106
Keywords=Classic
Message=The CryptSvc service entered the running state.
10/16/2020 07:32:45 AM
LogName=System
SourceName=Microsoft-Windows-Windows Remote Management
EventCode=10148
EventType=4
Type=Information
ComputerName=win-host-374.attackrange.local
TaskCategory=None
OpCode=Info
RecordNumber=82105
Keywords=Classic
Message=The WinRM service is listening for WS-Management requests. 

 User Action 
 Use the following command to see the specific IPs on which WinRM is listening: 

 winrm enumerate winrm/config/listener
10/16/2020 07:32:45 AM
LogName=System
SourceName=Microsoft-Windows-Service Control Manager
EventCode=7036
EventType=4
Type=Information
ComputerName=win-host-374.attackrange.local
TaskCategory=None
OpCode=The operation completed successfully.
RecordNumber=82104
Keywords=Classic
Message=The NcaSvc service entered the stopped state.
10/16/2020 07:32:45 AM
LogName=System
SourceName=Microsoft-Windows-Service Control Manager
EventCode=7036
EventType=4
Type=Information
ComputerName=win-host-374.attackrange.local
TaskCategory=None
OpCode=The operation completed successfully.
RecordNumber=82103
Keywords=Classic
Message=The SessionEnv service entered the running state.
10/16/2020 07:32:45 AM
LogName=System
SourceName=Microsoft-Windows-Service Control Manager
EventCode=7036
EventType=4
Type=Information
ComputerName=win-host-374.attackrange.local
TaskCategory=None
OpCode=The operation completed successfully.
RecordNumber=82102
Keywords=Classic
Message=The iphlpsvc service entered the running state.
10/16/2020 07:32:45 AM
LogName=System
SourceName=Microsoft-Windows-Service Control Manager
EventCode=7036
EventType=4
Type=Information
ComputerName=win-host-374.attackrange.local
TaskCategory=None
OpCode=The operation completed successfully.
RecordNumber=82101
Keywords=Classic
Message=The Schedule service entered the running state.
10/16/2020 07:32:45 AM
LogName=System
SourceName=Microsoft-Windows-Service Control Manager
EventCode=7036
EventType=4
Type=Information
ComputerName=win-host-374.attackrange.local
TaskCategory=None
OpCode=The operation completed successfully.
RecordNumber=82100
Keywords=Classic
Message=The SamSs service entered the running state.
10/16/2020 07:32:45 AM
LogName=System
SourceName=Microsoft-Windows-Service Control Manager
EventCode=7036
EventType=4
Type=Information
ComputerName=win-host-374.attackrange.local
TaskCategory=None
OpCode=The operation completed successfully.
RecordNumber=82099
Keywords=Classic
Message=The Netlogon service entered the running state.
10/16/2020 07:32:45 AM
LogName=System
SourceName=Microsoft-Windows-Service Control Manager
EventCode=7036
EventType=4
Type=Information
ComputerName=win-host-374.attackrange.local
TaskCategory=None
OpCode=The operation completed successfully.
RecordNumber=82098
Keywords=Classic
Message=The LanmanWorkstation service entered the running state.
10/16/2020 07:32:45 AM
LogName=System
SourceName=Microsoft-Windows-Service Control Manager
EventCode=7036
EventType=4
Type=Information
ComputerName=win-host-374.attackrange.local
TaskCategory=None
OpCode=The operation completed successfully.
RecordNumber=82097
Keywords=Classic
Message=The Winmgmt service entered the running state.
10/16/2020 07:32:45 AM
LogName=System
SourceName=Microsoft-Windows-Service Control Manager
EventCode=7036
EventType=4
Type=Information
ComputerName=win-host-374.attackrange.local
TaskCategory=None
OpCode=The operation completed successfully.
RecordNumber=82096
Keywords=Classic
Message=The CertPropSvc service entered the running state.
10/16/2020 07:32:45 AM
LogName=System
SourceName=Microsoft-Windows-Service Control Manager
EventCode=7036
EventType=4
Type=Information
ComputerName=win-host-374.attackrange.local
TaskCategory=None
OpCode=The operation completed successfully.
RecordNumber=82095
Keywords=Classic
Message=The Wcmsvc service entered the running state.
10/16/2020 07:32:45 AM
LogName=System
SourceName=Microsoft-Windows-Service Control Manager
EventCode=7036
EventType=4
Type=Information
ComputerName=win-host-374.attackrange.local
TaskCategory=None
OpCode=The operation completed successfully.
RecordNumber=82094
Keywords=Classic
Message=The FontCache service entered the running state.
10/16/2020 07:32:45 AM
LogName=System
SourceName=Microsoft-Windows-Service Control Manager
EventCode=7036
EventType=4
Type=Information
ComputerName=win-host-374.attackrange.local
TaskCategory=None
OpCode=The operation completed successfully.
RecordNumber=82093
Keywords=Classic
Message=The BFE service entered the running state.
10/16/2020 07:32:45 AM
LogName=System
SourceName=Microsoft-Windows-Service Control Manager
EventCode=7036
EventType=4
Type=Information
ComputerName=win-host-374.attackrange.local
TaskCategory=None
OpCode=The operation completed successfully.
RecordNumber=82092
Keywords=Classic
Message=The ShellHWDetection service entered the running state.
10/16/2020 07:32:45 AM
LogName=System
SourceName=Microsoft-Windows-Service Control Manager
EventCode=7036
EventType=4
Type=Information
ComputerName=win-host-374.attackrange.local
TaskCategory=None
OpCode=The operation completed successfully.
RecordNumber=82091
Keywords=Classic
Message=The WinHttpAutoProxySvc service entered the running state.
10/16/2020 07:32:45 AM
LogName=System
SourceName=Microsoft-Windows-Service Control Manager
EventCode=7036
EventType=4
Type=Information
ComputerName=win-host-374.attackrange.local
TaskCategory=None
OpCode=The operation completed successfully.
RecordNumber=82090
Keywords=Classic
Message=The UmRdpService service entered the running state.
10/16/2020 07:32:45 AM
LogName=System
SourceName=Microsoft-Windows-Service Control Manager
EventCode=7036
EventType=4
Type=Information
ComputerName=win-host-374.attackrange.local
TaskCategory=None
OpCode=The operation completed successfully.
RecordNumber=82089
Keywords=Classic
Message=The NcbService service entered the running state.
10/16/2020 07:32:45 AM
LogName=System
SourceName=Microsoft-Windows-Service Control Manager
EventCode=7036
EventType=4
Type=Information
ComputerName=win-host-374.attackrange.local
TaskCategory=None
OpCode=The operation completed successfully.
RecordNumber=82088
Keywords=Classic
Message=The DsmSvc service entered the running state.
10/16/2020 07:32:45 AM
LogName=System
SourceName=Microsoft-Windows-Service Control Manager
EventCode=7036
EventType=4
Type=Information
ComputerName=win-host-374.attackrange.local
TaskCategory=None
OpCode=The operation completed successfully.
RecordNumber=82087
Keywords=Classic
Message=The netprofm service entered the running state.
10/16/2020 07:32:45 AM
LogName=System
SourceName=Microsoft-Windows-Service Control Manager
EventCode=7036
EventType=4
Type=Information
ComputerName=win-host-374.attackrange.local
TaskCategory=None
OpCode=The operation completed successfully.
RecordNumber=82086
Keywords=Classic
Message=The SENS service entered the running state.
10/16/2020 07:32:45 AM
LogName=System
SourceName=Microsoft-Windows-Service Control Manager
EventCode=7036
EventType=4
Type=Information
ComputerName=win-host-374.attackrange.local
TaskCategory=None
OpCode=The operation completed successfully.
RecordNumber=82085
Keywords=Classic
Message=The gpsvc service entered the running state.
10/16/2020 07:32:45 AM
LogName=System
SourceName=Microsoft-Windows-Service Control Manager
EventCode=7036
EventType=4
Type=Information
ComputerName=win-host-374.attackrange.local
TaskCategory=None
OpCode=The operation completed successfully.
RecordNumber=82084
Keywords=Classic
Message=The ProfSvc service entered the running state.
10/16/2020 07:32:45 AM
LogName=System
SourceName=Microsoft-Windows-Service Control Manager
EventCode=7036
EventType=4
Type=Information
ComputerName=win-host-374.attackrange.local
TaskCategory=None
OpCode=The operation completed successfully.
RecordNumber=82083
Keywords=Classic
Message=The EventSystem service entered the running state.
10/16/2020 07:32:45 AM
LogName=System
SourceName=Microsoft-Windows-Service Control Manager
EventCode=7036
EventType=4
Type=Information
ComputerName=win-host-374.attackrange.local
TaskCategory=None
OpCode=The operation completed successfully.
RecordNumber=82082
Keywords=Classic
Message=The CoreMessagingRegistrar service entered the running state.
10/16/2020 07:32:45 AM
LogName=System
SourceName=Microsoft-Windows-Service Control Manager
EventCode=7036
EventType=4
Type=Information
ComputerName=win-host-374.attackrange.local
TaskCategory=None
OpCode=The operation completed successfully.
RecordNumber=82081
Keywords=Classic
Message=The Themes service entered the running state.
10/16/2020 07:32:45 AM
LogName=System
SourceName=Microsoft-Windows-FilterManager
EventCode=6
EventType=4
Type=Information
ComputerName=win-host-374.attackrange.local
User=NOT_TRANSLATED
Sid=S-1-5-18
SidType=0
TaskCategory=None
OpCode=Info
RecordNumber=82080
Keywords=None
Message=File System Filter 'storqosflt' (10.0, ‎2019‎-‎02‎-‎17T02:00:41.000000000Z) has successfully loaded and registered with Filter Manager.
10/16/2020 07:32:45 AM
LogName=System
SourceName=Microsoft-Windows-FilterManager
EventCode=6
EventType=4
Type=Information
ComputerName=win-host-374.attackrange.local
User=NOT_TRANSLATED
Sid=S-1-5-18
SidType=0
TaskCategory=None
OpCode=Info
RecordNumber=82079
Keywords=None
Message=File System Filter 'wcifs' (10.0, ‎2020‎-‎02‎-‎19T07:59:09.000000000Z) has successfully loaded and registered with Filter Manager.
10/16/2020 07:32:45 AM
LogName=System
SourceName=Microsoft-Windows-FilterManager
EventCode=6
EventType=4
Type=Information
ComputerName=win-host-374.attackrange.local
User=NOT_TRANSLATED
Sid=S-1-5-18
SidType=0
TaskCategory=None
OpCode=Info
RecordNumber=82078
Keywords=None
Message=File System Filter 'luafv' (10.0, ‎2019‎-‎04‎-‎02T04:23:00.000000000Z) has successfully loaded and registered with Filter Manager.
10/16/2020 07:32:45 AM
LogName=System
SourceName=Microsoft-Windows-Service Control Manager
EventCode=7036
EventType=4
Type=Information
ComputerName=win-host-374.attackrange.local
TaskCategory=None
OpCode=The operation completed successfully.
RecordNumber=82077
Keywords=Classic
Message=The NlaSvc service entered the running state.
10/16/2020 07:32:45 AM
LogName=System
SourceName=Microsoft-Windows-Service Control Manager
EventCode=7036
EventType=4
Type=Information
ComputerName=win-host-374.attackrange.local
TaskCategory=None
OpCode=The operation completed successfully.
RecordNumber=82076
Keywords=Classic
Message=The Dnscache service entered the running state.
10/16/2020 07:32:45 AM
LogName=System
SourceName=Microsoft-Windows-Service Control Manager
EventCode=7036
EventType=4
Type=Information
ComputerName=win-host-374.attackrange.local
TaskCategory=None
OpCode=The operation completed successfully.
RecordNumber=82075
Keywords=Classic
Message=The WPDBusEnum service entered the running state.
10/16/2020 07:32:45 AM
LogName=System
SourceName=Microsoft-Windows-Service Control Manager
EventCode=7036
EventType=4
Type=Information
ComputerName=win-host-374.attackrange.local
TaskCategory=None
OpCode=The operation completed successfully.
RecordNumber=82074
Keywords=Classic
Message=The EventLog service entered the running state.
10/16/2020 07:32:45 AM
LogName=System
SourceName=Microsoft-Windows-Service Control Manager
EventCode=7036
EventType=4
Type=Information
ComputerName=win-host-374.attackrange.local
TaskCategory=None
OpCode=The operation completed successfully.
RecordNumber=82073
Keywords=Classic
Message=The Dhcp service entered the running state.
10/16/2020 07:32:45 AM
LogName=System
SourceName=Microsoft-Windows-DHCPv6-Client
EventCode=51046
EventType=4
Type=Information
ComputerName=win-host-374.attackrange.local
User=NOT_TRANSLATED
Sid=S-1-5-19
SidType=0
TaskCategory=Service State Event
OpCode=ServiceStart
RecordNumber=82072
Keywords=None
Message=DHCPv6 client service is started
10/16/2020 07:32:45 AM
LogName=System
SourceName=Microsoft-Windows-Dhcp-Client
EventCode=50036
EventType=4
Type=Information
ComputerName=win-host-374.attackrange.local
User=NOT_TRANSLATED
Sid=S-1-5-19
SidType=0
TaskCategory=Service State Event
OpCode=ServiceStart
RecordNumber=82071
Keywords=None
Message=DHCPv4 client service is started
10/16/2020 07:32:45 AM
LogName=System
SourceName=Microsoft-Windows-Service Control Manager
EventCode=7036
EventType=4
Type=Information
ComputerName=win-host-374.attackrange.local
TaskCategory=None
OpCode=The operation completed successfully.
RecordNumber=82070
Keywords=Classic
Message=The lmhosts service entered the running state.
10/16/2020 07:32:45 AM
LogName=System
SourceName=Microsoft-Windows-Service Control Manager
EventCode=7036
EventType=4
Type=Information
ComputerName=win-host-374.attackrange.local
TaskCategory=None
OpCode=The operation completed successfully.
RecordNumber=82069
Keywords=Classic
Message=The nsi service entered the running state.
10/16/2020 07:32:45 AM
LogName=System
SourceName=Microsoft-Windows-Service Control Manager
EventCode=7036
EventType=4
Type=Information
ComputerName=win-host-374.attackrange.local
TaskCategory=None
OpCode=The operation completed successfully.
RecordNumber=82068
Keywords=Classic
Message=The TermService service entered the running state.
10/16/2020 07:32:45 AM
LogName=System
SourceName=Microsoft-Windows-Service Control Manager
EventCode=7036
EventType=4
Type=Information
ComputerName=win-host-374.attackrange.local
TaskCategory=None
OpCode=The operation completed successfully.
RecordNumber=82067
Keywords=Classic
Message=The SystemEventsBroker service entered the running state.
10/16/2020 07:32:45 AM
LogName=System
SourceName=Microsoft-Windows-Service Control Manager
EventCode=7036
EventType=4
Type=Information
ComputerName=win-host-374.attackrange.local
TaskCategory=None
OpCode=The operation completed successfully.
RecordNumber=82066
Keywords=Classic
Message=The BrokerInfrastructure service entered the running state.
10/16/2020 07:32:45 AM
LogName=System
SourceName=Microsoft-Windows-Service Control Manager
EventCode=7036
EventType=4
Type=Information
ComputerName=win-host-374.attackrange.local
TaskCategory=None
OpCode=The operation completed successfully.
RecordNumber=82065
Keywords=Classic
Message=The LSM service entered the running state.
10/16/2020 07:32:45 AM
LogName=System
SourceName=Microsoft-Windows-Service Control Manager
EventCode=7036
EventType=4
Type=Information
ComputerName=win-host-374.attackrange.local
TaskCategory=None
OpCode=The operation completed successfully.
RecordNumber=82064
Keywords=Classic
Message=The RpcSs service entered the running state.
10/16/2020 07:32:45 AM
LogName=System
SourceName=Microsoft-Windows-Service Control Manager
EventCode=7036
EventType=4
Type=Information
ComputerName=win-host-374.attackrange.local
TaskCategory=None
OpCode=The operation completed successfully.
RecordNumber=82063
Keywords=Classic
Message=The RpcEptMapper service entered the running state.
10/16/2020 07:32:45 AM
LogName=System
SourceName=Microsoft-Windows-Service Control Manager
EventCode=7036
EventType=4
Type=Information
ComputerName=win-host-374.attackrange.local
TaskCategory=None
OpCode=The operation completed successfully.
RecordNumber=82062
Keywords=Classic
Message=The DcomLaunch service entered the running state.
10/16/2020 07:32:45 AM
LogName=System
SourceName=Microsoft-Windows-Service Control Manager
EventCode=7036
EventType=4
Type=Information
ComputerName=win-host-374.attackrange.local
TaskCategory=None
OpCode=The operation completed successfully.
RecordNumber=82061
Keywords=Classic
Message=The Power service entered the running state.
10/16/2020 07:32:45 AM
LogName=System
SourceName=EventLog
EventCode=6013
EventType=4
Type=Information
ComputerName=win-host-374.attackrange.local
TaskCategory=None
OpCode=None
RecordNumber=82029
Keywords=Classic
Message=The system uptime is 5 seconds.
10/16/2020 07:32:45 AM
LogName=System
SourceName=EventLog
EventCode=6005
EventType=4
Type=Information
ComputerName=win-host-374.attackrange.local
TaskCategory=None
OpCode=None
RecordNumber=82028
Keywords=Classic
Message=The Event log service was started.
10/16/2020 07:32:45 AM
LogName=System
SourceName=EventLog
EventCode=6009
EventType=4
Type=Information
ComputerName=win-host-374.attackrange.local
TaskCategory=None
OpCode=None
RecordNumber=82027
Keywords=Classic
Message=Microsoft (R) Windows (R) 10.00. 14393  Multiprocessor Free.
10/16/2020 07:32:46 AM
LogName=System
SourceName=Microsoft-Windows-Service Control Manager
EventCode=7036
EventType=4
Type=Information
ComputerName=win-host-374.attackrange.local
TaskCategory=None
OpCode=The operation completed successfully.
RecordNumber=82127
Keywords=Classic
Message=The NcaSvc service entered the stopped state.
10/16/2020 07:32:46 AM
LogName=System
SourceName=Microsoft-Windows-Service Control Manager
EventCode=7026
EventType=4
Type=Information
ComputerName=win-host-374.attackrange.local
TaskCategory=None
OpCode=The operation completed successfully.
RecordNumber=82126
Keywords=Classic
Message=The following boot-start or system-start driver(s) did not load: 
cdrom
dam
10/16/2020 07:32:46 AM
LogName=System
SourceName=Microsoft-Windows-Service Control Manager
EventCode=7036
EventType=4
Type=Information
ComputerName=win-host-374.attackrange.local
TaskCategory=None
OpCode=The operation completed successfully.
RecordNumber=82125
Keywords=Classic
Message=The sysmon64 service entered the running state.
10/16/2020 07:32:46 AM
LogName=System
SourceName=Microsoft-Windows-Service Control Manager
EventCode=7036
EventType=4
Type=Information
ComputerName=win-host-374.attackrange.local
TaskCategory=None
OpCode=The operation completed successfully.
RecordNumber=82124
Keywords=Classic
Message=The PolicyAgent service entered the running state.
10/16/2020 07:32:46 AM
LogName=System
SourceName=Microsoft-Windows-Service Control Manager
EventCode=7036
EventType=4
Type=Information
ComputerName=win-host-374.attackrange.local
TaskCategory=None
OpCode=The operation completed successfully.
RecordNumber=82123
Keywords=Classic
Message=The nxlog service entered the running state.
10/16/2020 07:32:46 AM
LogName=System
SourceName=Microsoft-Windows-Service Control Manager
EventCode=7036
EventType=4
Type=Information
ComputerName=win-host-374.attackrange.local
TaskCategory=None
OpCode=The operation completed successfully.
RecordNumber=82122
Keywords=Classic
Message=The AmazonSSMAgent service entered the running state.
10/16/2020 07:32:47 AM
LogName=System
SourceName=Microsoft-Windows-Service Control Manager
EventCode=7036
EventType=4
Type=Information
ComputerName=win-host-374.attackrange.local
TaskCategory=None
OpCode=The operation completed successfully.
RecordNumber=82128
Keywords=Classic
Message=The wuauserv service entered the running state.
10/16/2020 07:32:49 AM
LogName=System
SourceName=Microsoft-Windows-DistributedCOM
EventCode=10016
EventType=2
Type=Error
ComputerName=win-host-374.attackrange.local
User=NOT_TRANSLATED
Sid=S-1-5-21-4284141139-3213569923-3907246136-500
SidType=0
TaskCategory=None
OpCode=Info
RecordNumber=82129
Keywords=Classic
Message=The application-specific permission settings do not grant Local Activation permission for the COM Server application with CLSID 
{D63B10C5-BB46-4990-A94F-E40B9D520160}
 and APPID 
{9CA88EE3-ACB7-47C8-AFC4-AB702511C276}
 to the user WIN-HOST-374\Administrator SID (S-1-5-21-4284141139-3213569923-3907246136-500) from address LocalHost (Using LRPC) running in the application container Unavailable SID (Unavailable). This security permission can be modified using the Component Services administrative tool.
10/16/2020 07:32:50 AM
LogName=System
SourceName=Microsoft-Windows-Service Control Manager
EventCode=7036
EventType=4
Type=Information
ComputerName=win-host-374.attackrange.local
TaskCategory=None
OpCode=The operation completed successfully.
RecordNumber=82130
Keywords=Classic
Message=The TrustedInstaller service entered the running state.
10/16/2020 07:32:51 AM
LogName=System
SourceName=Microsoft-Windows-Service Control Manager
EventCode=7036
EventType=4
Type=Information
ComputerName=win-host-374.attackrange.local
TaskCategory=None
OpCode=The operation completed successfully.
RecordNumber=82131
Keywords=Classic
Message=The SplunkForwarder service entered the running state.
10/16/2020 07:32:55 AM
LogName=System
SourceName=Microsoft-Windows-Service Control Manager
EventCode=7036
EventType=4
Type=Information
ComputerName=win-host-374.attackrange.local
TaskCategory=None
OpCode=The operation completed successfully.
RecordNumber=82132
Keywords=Classic
Message=The W32Time service entered the running state.
10/16/2020 07:32:56 AM
LogName=System
SourceName=Microsoft-Windows-Time-Service
EventCode=37
EventType=4
Type=Information
ComputerName=win-host-374.attackrange.local
User=NOT_TRANSLATED
Sid=S-1-5-19
SidType=0
TaskCategory=None
OpCode=Info
RecordNumber=82134
Keywords=None
Message=The time provider NtpClient is currently receiving valid time data from time.windows.com,0x8 (ntp.m|0x8|0.0.0.0:123->51.105.208.173:123).
10/16/2020 07:32:56 AM
LogName=System
SourceName=Microsoft-Windows-Time-Service
EventCode=37
EventType=4
Type=Information
ComputerName=win-host-374.attackrange.local
User=NOT_TRANSLATED
Sid=S-1-5-19
SidType=0
TaskCategory=None
OpCode=Info
RecordNumber=82133
Keywords=None
Message=The time provider NtpClient is currently receiving valid time data from win-dc-156.attackrange.local (ntp.d|0.0.0.0:123->10.0.1.14:123).
10/16/2020 07:33:11 AM
LogName=System
SourceName=Microsoft-Windows-Time-Service
EventCode=35
EventType=4
Type=Information
ComputerName=win-host-374.attackrange.local
User=NOT_TRANSLATED
Sid=S-1-5-19
SidType=0
TaskCategory=None
OpCode=Info
RecordNumber=82135
Keywords=None
Message=The time service is now synchronizing the system time with the time source time.windows.com,0x8 (ntp.m|0x8|0.0.0.0:123->51.105.208.173:123).
10/16/2020 07:34:27 AM
LogName=System
SourceName=Microsoft-Windows-Service Control Manager
EventCode=7036
EventType=4
Type=Information
ComputerName=win-host-374.attackrange.local
TaskCategory=None
OpCode=The operation completed successfully.
RecordNumber=82137
Keywords=Classic
Message=The SplunkForwarder Service service entered the stopped state.
10/16/2020 07:34:27 AM
LogName=System
SourceName=Microsoft-Windows-Service Control Manager
EventCode=7036
EventType=4
Type=Information
ComputerName=win-host-374.attackrange.local
TaskCategory=None
OpCode=The operation completed successfully.
RecordNumber=82136
Keywords=Classic
Message=The SplunkForwarder Service service entered the stopped state.
10/16/2020 07:34:35 AM
LogName=System
SourceName=Microsoft-Windows-Service Control Manager
EventCode=7036
EventType=4
Type=Information
ComputerName=win-host-374.attackrange.local
TaskCategory=None
OpCode=The operation completed successfully.
RecordNumber=82138
Keywords=Classic
Message=The SplunkForwarder Service service entered the running state.
10/16/2020 07:34:37 AM
LogName=System
SourceName=Microsoft-Windows-Service Control Manager
EventCode=7045
EventType=4
Type=Information
ComputerName=win-host-374.attackrange.local
User=NOT_TRANSLATED
Sid=S-1-5-18
SidType=0
TaskCategory=None
OpCode=The operation completed successfully.
RecordNumber=82139
Keywords=Classic
Message=A service was installed in the system.

Service Name:  npf
Service File Name:  C:/Program Files\SplunkUniversalForwarder\etc\apps\Splunk_TA_stream\windows_x86_64\bin\npf.sys
Service Type:  kernel mode driver
Service Start Type:  demand start
Service Account:
10/16/2020 07:34:39 AM
LogName=System
SourceName=Microsoft-Windows-Service Control Manager
EventCode=7036
EventType=4
Type=Information
ComputerName=win-dc-156.attackrange.local
TaskCategory=None
OpCode=The operation completed successfully.
RecordNumber=82205
Keywords=Classic
Message=The Windows Insider Service service entered the running state.
10/16/2020 07:34:39 AM
LogName=System
SourceName=Microsoft-Windows-Service Control Manager
EventCode=7036
EventType=4
Type=Information
ComputerName=win-dc-156.attackrange.local
TaskCategory=None
OpCode=The operation completed successfully.
RecordNumber=82204
Keywords=Classic
Message=The Update Orchestrator Service for Windows Update service entered the running state.
10/16/2020 07:34:43 AM
LogName=System
SourceName=Microsoft-Windows-Service Control Manager
EventCode=7036
EventType=4
Type=Information
ComputerName=win-host-374.attackrange.local
TaskCategory=None
OpCode=The operation completed successfully.
RecordNumber=82140
Keywords=Classic
Message=The Device Setup Manager service entered the stopped state.
10/16/2020 07:34:46 AM
LogName=System
SourceName=Microsoft-Windows-Service Control Manager
EventCode=7036
EventType=4
Type=Information
ComputerName=win-host-374.attackrange.local
TaskCategory=None
OpCode=The operation completed successfully.
RecordNumber=82145
Keywords=Classic
Message=The Distributed Transaction Coordinator service entered the running state.
10/16/2020 07:34:46 AM
LogName=System
SourceName=Microsoft-Windows-Service Control Manager
EventCode=7036
EventType=4
Type=Information
ComputerName=win-host-374.attackrange.local
TaskCategory=None
OpCode=The operation completed successfully.
RecordNumber=82144
Keywords=Classic
Message=The Portable Device Enumerator Service service entered the stopped state.
10/16/2020 07:34:46 AM
LogName=System
SourceName=Microsoft-Windows-Service Control Manager
EventCode=7036
EventType=4
Type=Information
ComputerName=win-host-374.attackrange.local
TaskCategory=None
OpCode=The operation completed successfully.
RecordNumber=82143
Keywords=Classic
Message=The Downloaded Maps Manager service entered the running state.
10/16/2020 07:34:46 AM
LogName=System
SourceName=Microsoft-Windows-Service Control Manager
EventCode=7036
EventType=4
Type=Information
ComputerName=win-host-374.attackrange.local
TaskCategory=None
OpCode=The operation completed successfully.
RecordNumber=82142
Keywords=Classic
Message=The Diagnostic Policy Service service entered the running state.
10/16/2020 07:34:46 AM
LogName=System
SourceName=Microsoft-Windows-Service Control Manager
EventCode=7036
EventType=4
Type=Information
ComputerName=win-host-374.attackrange.local
TaskCategory=None
OpCode=The operation completed successfully.
RecordNumber=82141
Keywords=Classic
Message=The Connected Devices Platform Service service entered the stopped state.
