10/16/2020 07:19:53 AM
LogName=System
SourceName=Microsoft-Windows-Service Control Manager
EventCode=7036
EventType=4
Type=Information
ComputerName=win-dc-156.attackrange.local
TaskCategory=None
OpCode=The operation completed successfully.
RecordNumber=81965
Keywords=Classic
Message=The TrustedInstaller service entered the stopped state.
10/16/2020 07:20:01 AM
LogName=System
SourceName=Microsoft-Windows-Service Control Manager
EventCode=7036
EventType=4
Type=Information
ComputerName=win-dc-156.attackrange.local
TaskCategory=None
OpCode=The operation completed successfully.
RecordNumber=81967
Keywords=Classic
Message=The DPS service entered the running state.
10/16/2020 07:20:01 AM
LogName=System
SourceName=Microsoft-Windows-Service Control Manager
EventCode=7036
EventType=4
Type=Information
ComputerName=win-dc-156.attackrange.local
TaskCategory=None
OpCode=The operation completed successfully.
RecordNumber=81966
Keywords=Classic
Message=The Connected Devices Platform Service service entered the stopped state.
10/16/2020 07:20:02 AM
LogName=System
SourceName=Microsoft-Windows-Service Control Manager
EventCode=7036
EventType=4
Type=Information
ComputerName=win-dc-156.attackrange.local
TaskCategory=None
OpCode=The operation completed successfully.
RecordNumber=81970
Keywords=Classic
Message=The sppsvc service entered the running state.
10/16/2020 07:20:02 AM
LogName=System
SourceName=Microsoft-Windows-Service Control Manager
EventCode=7036
EventType=4
Type=Information
ComputerName=win-dc-156.attackrange.local
TaskCategory=None
OpCode=The operation completed successfully.
RecordNumber=81969
Keywords=Classic
Message=The Distributed Transaction Coordinator service entered the running state.
10/16/2020 07:20:02 AM
LogName=System
SourceName=Microsoft-Windows-Service Control Manager
EventCode=7036
EventType=4
Type=Information
ComputerName=win-dc-156.attackrange.local
TaskCategory=None
OpCode=The operation completed successfully.
RecordNumber=81968
Keywords=Classic
Message=The MapsBroker service entered the running state.
10/16/2020 07:20:04 AM
LogName=System
SourceName=Microsoft-Windows-Service Control Manager
EventCode=7036
EventType=4
Type=Information
ComputerName=win-dc-156.attackrange.local
TaskCategory=None
OpCode=The operation completed successfully.
RecordNumber=81971
Keywords=Classic
Message=The UALSVC service entered the running state.
10/16/2020 07:20:05 AM
LogName=System
SourceName=Microsoft-Windows-Service Control Manager
EventCode=7036
EventType=4
Type=Information
ComputerName=win-dc-156.attackrange.local
TaskCategory=None
OpCode=The operation completed successfully.
RecordNumber=81972
Keywords=Classic
Message=The Windows Error Reporting Service service entered the stopped state.
10/16/2020 07:20:12 AM
LogName=System
SourceName=Microsoft-Windows-Service Control Manager
EventCode=7036
EventType=4
Type=Information
ComputerName=win-dc-156.attackrange.local
TaskCategory=None
OpCode=The operation completed successfully.
RecordNumber=81973
Keywords=Classic
Message=The MapsBroker service entered the stopped state.
10/16/2020 07:20:13 AM
LogName=System
SourceName=Microsoft-Windows-TerminalServices-RemoteConnectionManager
EventCode=1067
EventType=3
Type=Warning
ComputerName=win-dc-156.attackrange.local
TaskCategory=None
OpCode=The operation completed successfully.
RecordNumber=81974
Keywords=Classic
Message=The RD Session Host server cannot register 'TERMSRV' Service Principal Name to be used for server authentication. The following error occured: The specified domain either does not exist or could not be contacted.
.
10/16/2020 07:20:33 AM
LogName=System
SourceName=Microsoft-Windows-Service Control Manager
EventCode=7036
EventType=4
Type=Information
ComputerName=win-dc-156.attackrange.local
TaskCategory=None
OpCode=The operation completed successfully.
RecordNumber=81975
Keywords=Classic
Message=The sppsvc service entered the stopped state.
10/16/2020 07:21:46 AM
LogName=System
SourceName=Microsoft-Windows-DistributedCOM
EventCode=10016
EventType=2
Type=Error
ComputerName=win-dc-156.attackrange.local
User=NOT_TRANSLATED
Sid=S-1-5-21-3159037367-2118529354-1907480666-500
SidType=0
TaskCategory=None
OpCode=Info
RecordNumber=81976
Keywords=Classic
Message=The application-specific permission settings do not grant Local Activation permission for the COM Server application with CLSID 
{D63B10C5-BB46-4990-A94F-E40B9D520160}
 and APPID 
{9CA88EE3-ACB7-47C8-AFC4-AB702511C276}
 to the user ATTACKRANGE\Administrator SID (S-1-5-21-3159037367-2118529354-1907480666-500) from address LocalHost (Using LRPC) running in the application container Unavailable SID (Unavailable). This security permission can be modified using the Component Services administrative tool.
10/16/2020 07:21:59 AM
LogName=System
SourceName=Microsoft-Windows-Service Control Manager
EventCode=7036
EventType=4
Type=Information
ComputerName=win-dc-156.attackrange.local
TaskCategory=None
OpCode=The operation completed successfully.
RecordNumber=81977
Keywords=Classic
Message=The msiserver service entered the running state.
10/16/2020 07:22:00 AM
LogName=System
SourceName=Microsoft-Windows-Service Control Manager
EventCode=7036
EventType=4
Type=Information
ComputerName=win-dc-156.attackrange.local
TaskCategory=None
OpCode=The operation completed successfully.
RecordNumber=81978
Keywords=Classic
Message=The WdiSystemHost service entered the running state.
10/16/2020 07:22:03 AM
LogName=System
SourceName=Microsoft-Windows-Service Control Manager
EventCode=7045
EventType=4
Type=Information
ComputerName=win-dc-156.attackrange.local
User=NOT_TRANSLATED
Sid=S-1-5-18
SidType=0
TaskCategory=None
OpCode=The operation completed successfully.
RecordNumber=81981
Keywords=Classic
Message=A service was installed in the system.

Service Name:  SplunkMonitorNoHandle
Service File Name:  system32\DRIVERS\SplunkMonitorNoHandleDrv.sys
Service Type:  kernel mode driver
Service Start Type:  demand start
Service Account:
10/16/2020 07:22:03 AM
LogName=System
SourceName=Microsoft-Windows-Service Control Manager
EventCode=7045
EventType=4
Type=Information
ComputerName=win-dc-156.attackrange.local
User=NOT_TRANSLATED
Sid=S-1-5-18
SidType=0
TaskCategory=None
OpCode=The operation completed successfully.
RecordNumber=81980
Keywords=Classic
Message=A service was installed in the system.

Service Name:  splknetdrv
Service File Name:  \SystemRoot\system32\DRIVERS\splknetdrv.sys
Service Type:  kernel mode driver
Service Start Type:  demand start
Service Account:
10/16/2020 07:22:03 AM
LogName=System
SourceName=Microsoft-Windows-Service Control Manager
EventCode=7045
EventType=4
Type=Information
ComputerName=win-dc-156.attackrange.local
User=NOT_TRANSLATED
Sid=S-1-5-18
SidType=0
TaskCategory=None
OpCode=The operation completed successfully.
RecordNumber=81979
Keywords=Classic
Message=A service was installed in the system.

Service Name:  Splunk Trace Kernel Mode Driver
Service File Name:  \SystemRoot\system32\DRIVERS\splunkdrv.sys
Service Type:  kernel mode driver
Service Start Type:  demand start
Service Account:
10/16/2020 07:22:07 AM
LogName=System
SourceName=Microsoft-Windows-Service Control Manager
EventCode=7045
EventType=4
Type=Information
ComputerName=win-dc-156.attackrange.local
User=NOT_TRANSLATED
Sid=S-1-5-18
SidType=0
TaskCategory=None
OpCode=The operation completed successfully.
RecordNumber=81982
Keywords=Classic
Message=A service was installed in the system.

Service Name:  SplunkForwarder Service
Service File Name:  "C:\Program Files\SplunkUniversalForwarder\bin\splunkd.exe" service
Service Type:  user mode service
Service Start Type:  auto start
Service Account:  LocalSystem
10/16/2020 07:22:18 AM
LogName=System
SourceName=Microsoft-Windows-Service Control Manager
EventCode=7036
EventType=4
Type=Information
ComputerName=win-dc-156.attackrange.local
TaskCategory=None
OpCode=The operation completed successfully.
RecordNumber=81983
Keywords=Classic
Message=The SplunkForwarder Service service entered the running state.
10/16/2020 07:22:46 AM
LogName=System
SourceName=Microsoft-Windows-Service Control Manager
EventCode=7036
EventType=4
Type=Information
ComputerName=win-dc-156.attackrange.local
TaskCategory=None
OpCode=The operation completed successfully.
RecordNumber=81985
Keywords=Classic
Message=The Windows Insider Service service entered the running state.
10/16/2020 07:22:46 AM
LogName=System
SourceName=Microsoft-Windows-Service Control Manager
EventCode=7036
EventType=4
Type=Information
ComputerName=win-dc-156.attackrange.local
TaskCategory=None
OpCode=The operation completed successfully.
RecordNumber=81984
Keywords=Classic
Message=The Update Orchestrator Service for Windows Update service entered the running state.
10/16/2020 07:23:00 AM
LogName=System
SourceName=Microsoft-Windows-Service Control Manager
EventCode=7045
EventType=4
Type=Information
ComputerName=win-dc-156.attackrange.local
User=NOT_TRANSLATED
Sid=S-1-5-18
SidType=0
TaskCategory=None
OpCode=The operation completed successfully.
RecordNumber=81986
Keywords=Classic
Message=A service was installed in the system.

Service Name:  nxlog
Service File Name:  "C:\Program Files (x86)\nxlog\nxlog.exe" -c "C:\Program Files (x86)\nxlog\conf\nxlog.conf"
Service Type:  user mode service
Service Start Type:  auto start
Service Account:  LocalSystem
10/16/2020 07:23:06 AM
LogName=System
SourceName=Microsoft-Windows-Service Control Manager
EventCode=7036
EventType=4
Type=Information
ComputerName=win-dc-156.attackrange.local
TaskCategory=None
OpCode=The operation completed successfully.
RecordNumber=81987
Keywords=Classic
Message=The nxlog service entered the running state.
10/16/2020 07:23:11 AM
LogName=System
SourceName=Microsoft-Windows-Service Control Manager
EventCode=7036
EventType=4
Type=Information
ComputerName=win-dc-156.attackrange.local
TaskCategory=None
OpCode=The operation completed successfully.
RecordNumber=81989
Keywords=Classic
Message=The SplunkForwarder Service service entered the stopped state.
10/16/2020 07:23:11 AM
LogName=System
SourceName=Microsoft-Windows-Service Control Manager
EventCode=7036
EventType=4
Type=Information
ComputerName=win-dc-156.attackrange.local
TaskCategory=None
OpCode=The operation completed successfully.
RecordNumber=81988
Keywords=Classic
Message=The SplunkForwarder Service service entered the stopped state.
10/16/2020 07:23:12 AM
LogName=System
SourceName=Microsoft-Windows-Service Control Manager
EventCode=7036
EventType=4
Type=Information
ComputerName=win-dc-156.attackrange.local
TaskCategory=None
OpCode=The operation completed successfully.
RecordNumber=81991
Keywords=Classic
Message=The Network Setup Service service entered the running state.
10/16/2020 07:23:12 AM
LogName=System
SourceName=Microsoft-Windows-GroupPolicy
EventCode=1129
EventType=2
Type=Error
ComputerName=win-dc-156.attackrange.local
User=NOT_TRANSLATED
Sid=S-1-5-18
SidType=0
TaskCategory=None
OpCode=Info
RecordNumber=81990
Keywords=None
Message=The processing of Group Policy failed because of lack of network connectivity to a domain controller. This may be a transient condition. A success message would be generated once the machine gets connected to the domain controller and Group Policy has successfully processed. If you do not see a success message for several hours, then contact your administrator.
10/16/2020 07:23:19 AM
LogName=System
SourceName=Microsoft-Windows-Service Control Manager
EventCode=7036
EventType=4
Type=Information
ComputerName=win-dc-156.attackrange.local
TaskCategory=None
OpCode=The operation completed successfully.
RecordNumber=81993
Keywords=Classic
Message=The SplunkForwarder Service service entered the running state.
10/16/2020 07:23:19 AM
LogName=System
SourceName=Microsoft-Windows-Service Control Manager
EventCode=7036
EventType=4
Type=Information
ComputerName=win-dc-156.attackrange.local
TaskCategory=None
OpCode=The operation completed successfully.
RecordNumber=81992
Keywords=Classic
Message=The Windows Modules Installer service entered the running state.
10/16/2020 07:23:20 AM
LogName=System
SourceName=Microsoft-Windows-Service Control Manager
EventCode=7040
EventType=4
Type=Information
ComputerName=win-dc-156.attackrange.local
User=NOT_TRANSLATED
Sid=S-1-5-18
SidType=0
TaskCategory=None
OpCode=The operation completed successfully.
RecordNumber=81994
Keywords=Classic
Message=The start type of the Windows Modules Installer service was changed from demand start to auto start.
10/16/2020 07:23:21 AM
LogName=System
SourceName=Microsoft-Windows-Service Control Manager
EventCode=7036
EventType=4
Type=Information
ComputerName=win-dc-156.attackrange.local
TaskCategory=None
OpCode=The operation completed successfully.
RecordNumber=81997
Keywords=Classic
Message=The Microsoft Software Shadow Copy Provider service entered the running state.
10/16/2020 07:23:21 AM
LogName=System
SourceName=Microsoft-Windows-Service Control Manager
EventCode=7036
EventType=4
Type=Information
ComputerName=win-dc-156.attackrange.local
TaskCategory=None
OpCode=The operation completed successfully.
RecordNumber=81996
Keywords=Classic
Message=The Volume Shadow Copy service entered the running state.
10/16/2020 07:23:21 AM
LogName=System
SourceName=Microsoft-Windows-Service Control Manager
EventCode=7040
EventType=4
Type=Information
ComputerName=win-dc-156.attackrange.local
User=NOT_TRANSLATED
Sid=S-1-5-18
SidType=0
TaskCategory=None
OpCode=The operation completed successfully.
RecordNumber=81995
Keywords=Classic
Message=The start type of the Windows Modules Installer service was changed from auto start to demand start.
10/16/2020 07:23:31 AM
LogName=System
SourceName=Microsoft-Windows-Service Control Manager
EventCode=7036
EventType=4
Type=Information
ComputerName=win-dc-156.attackrange.local
TaskCategory=None
OpCode=The operation completed successfully.
RecordNumber=81998
Keywords=Classic
Message=The AppX Deployment Service (AppXSVC) service entered the running state.
10/16/2020 07:23:46 AM
LogName=System
SourceName=Microsoft-Windows-Service Control Manager
EventCode=7036
EventType=4
Type=Information
ComputerName=win-dc-156.attackrange.local
TaskCategory=None
OpCode=The operation completed successfully.
RecordNumber=81999
Keywords=Classic
Message=The Windows Insider Service service entered the stopped state.
10/16/2020 07:23:51 AM
LogName=System
SourceName=Microsoft-Windows-Service Control Manager
EventCode=7036
EventType=4
Type=Information
ComputerName=win-dc-156.attackrange.local
TaskCategory=None
OpCode=The operation completed successfully.
RecordNumber=82000
Keywords=Classic
Message=The Update Orchestrator Service for Windows Update service entered the stopped state.
10/16/2020 07:23:56 AM
LogName=System
SourceName=Microsoft-Windows-Service Control Manager
EventCode=7036
EventType=4
Type=Information
ComputerName=win-dc-156.attackrange.local
TaskCategory=None
OpCode=The operation completed successfully.
RecordNumber=82004
Keywords=Classic
Message=The sysmon64 service entered the running state.
10/16/2020 07:23:56 AM
LogName=System
SourceName=Microsoft-Windows-FilterManager
EventCode=6
EventType=4
Type=Information
ComputerName=win-dc-156.attackrange.local
User=NOT_TRANSLATED
Sid=S-1-5-18
SidType=0
TaskCategory=None
OpCode=Info
RecordNumber=82003
Keywords=None
Message=File System Filter 'SysmonDrv' (0.0, ‎2020‎-‎10‎-‎12T17:39:59.000000000Z) has successfully loaded and registered with Filter Manager.
10/16/2020 07:23:56 AM
LogName=System
SourceName=Microsoft-Windows-Service Control Manager
EventCode=7045
EventType=4
Type=Information
ComputerName=win-dc-156.attackrange.local
User=NOT_TRANSLATED
Sid=S-1-5-21-3159037367-2118529354-1907480666-500
SidType=0
TaskCategory=None
OpCode=The operation completed successfully.
RecordNumber=82002
Keywords=Classic
Message=A service was installed in the system.

Service Name:  SysmonDrv
Service File Name:  C:\Windows\SysmonDrv.sys
Service Type:  kernel mode driver
Service Start Type:  boot start
Service Account:
10/16/2020 07:23:56 AM
LogName=System
SourceName=Microsoft-Windows-Service Control Manager
EventCode=7045
EventType=4
Type=Information
ComputerName=win-dc-156.attackrange.local
User=NOT_TRANSLATED
Sid=S-1-5-21-3159037367-2118529354-1907480666-500
SidType=0
TaskCategory=None
OpCode=The operation completed successfully.
RecordNumber=82001
Keywords=Classic
Message=A service was installed in the system.

Service Name:  sysmon64
Service File Name:  C:\Windows\sysmon64.exe
Service Type:  user mode service
Service Start Type:  auto start
Service Account:  LocalSystem
10/16/2020 07:24:03 AM
LogName=System
SourceName=User32
EventCode=1074
EventType=4
Type=Information
ComputerName=win-dc-156.attackrange.local
User=NOT_TRANSLATED
Sid=S-1-5-21-3159037367-2118529354-1907480666-500
SidType=0
TaskCategory=None
OpCode=The operation completed successfully.
RecordNumber=82005
Keywords=Classic
Message=The process C:\Windows\system32\shutdown.exe (WIN-DC-156) has initiated the restart of computer WIN-DC-156 on behalf of user ATTACKRANGE\Administrator for the following reason: No title for this reason could be found
 Reason Code: 0x800000ff
 Shutdown Type: restart
 Comment: Reboot initiated by Ansible
10/16/2020 07:24:05 AM
LogName=System
SourceName=Microsoft-Windows-Service Control Manager
EventCode=7036
EventType=4
Type=Information
ComputerName=win-dc-156.attackrange.local
TaskCategory=None
OpCode=The operation completed successfully.
RecordNumber=82008
Keywords=Classic
Message=The Group Policy Client service entered the stopped state.
10/16/2020 07:24:06 AM
LogName=System
SourceName=Microsoft-Windows-Service Control Manager
EventCode=7036
EventType=4
Type=Information
ComputerName=win-dc-156.attackrange.local
TaskCategory=None
OpCode=The operation completed successfully.
RecordNumber=82047
Keywords=Classic
Message=The nxlog service entered the stopped state.
10/16/2020 07:24:06 AM
LogName=System
SourceName=Microsoft-Windows-Service Control Manager
EventCode=7036
EventType=4
Type=Information
ComputerName=win-dc-156.attackrange.local
TaskCategory=None
OpCode=The operation completed successfully.
RecordNumber=82046
Keywords=Classic
Message=The DFS Replication service entered the stopped state.
10/16/2020 07:24:06 AM
LogName=System
SourceName=Microsoft-Windows-Service Control Manager
EventCode=7036
EventType=4
Type=Information
ComputerName=win-dc-156.attackrange.local
TaskCategory=None
OpCode=The operation completed successfully.
RecordNumber=82045
Keywords=Classic
Message=The DNS Server service entered the stopped state.
10/16/2020 07:24:06 AM
LogName=System
SourceName=Microsoft-Windows-Service Control Manager
EventCode=7036
EventType=4
Type=Information
ComputerName=win-dc-156.attackrange.local
TaskCategory=None
OpCode=The operation completed successfully.
RecordNumber=82044
Keywords=Classic
Message=The Remote Desktop Services service entered the stopped state.
10/16/2020 07:24:06 AM
LogName=System
SourceName=Microsoft-Windows-Service Control Manager
EventCode=7036
EventType=4
Type=Information
ComputerName=win-dc-156.attackrange.local
TaskCategory=None
OpCode=The operation completed successfully.
RecordNumber=82043
Keywords=Classic
Message=The Windows Remote Management (WS-Management) service entered the stopped state.
10/16/2020 07:24:06 AM
LogName=System
SourceName=Microsoft-Windows-Service Control Manager
EventCode=7036
EventType=4
Type=Information
ComputerName=win-dc-156.attackrange.local
TaskCategory=None
OpCode=The operation completed successfully.
RecordNumber=82042
Keywords=Classic
Message=The Windows Update service entered the stopped state.
10/16/2020 07:24:06 AM
LogName=System
SourceName=Microsoft-Windows-Service Control Manager
EventCode=7036
EventType=4
Type=Information
ComputerName=win-dc-156.attackrange.local
TaskCategory=None
OpCode=The operation completed successfully.
RecordNumber=82041
Keywords=Classic
Message=The Task Scheduler service entered the stopped state.
10/16/2020 07:24:06 AM
LogName=System
SourceName=Microsoft-Windows-Service Control Manager
EventCode=7036
EventType=4
Type=Information
ComputerName=win-dc-156.attackrange.local
TaskCategory=None
OpCode=The operation completed successfully.
RecordNumber=82040
Keywords=Classic
Message=The Intersite Messaging service entered the stopped state.
10/16/2020 07:24:06 AM
LogName=System
SourceName=Microsoft-Windows-Service Control Manager
EventCode=7036
EventType=4
Type=Information
ComputerName=win-dc-156.attackrange.local
TaskCategory=None
OpCode=The operation completed successfully.
RecordNumber=82039
Keywords=Classic
Message=The Cryptographic Services service entered the stopped state.
10/16/2020 07:24:06 AM
LogName=System
SourceName=Microsoft-Windows-Service Control Manager
EventCode=7036
EventType=4
Type=Information
ComputerName=win-dc-156.attackrange.local
TaskCategory=None
OpCode=The operation completed successfully.
RecordNumber=82038
Keywords=Classic
Message=The Windows Event Log service entered the stopped state.
10/16/2020 07:24:06 AM
LogName=System
SourceName=Microsoft-Windows-Service Control Manager
EventCode=7036
EventType=4
Type=Information
ComputerName=win-dc-156.attackrange.local
TaskCategory=None
OpCode=The operation completed successfully.
RecordNumber=82037
Keywords=Classic
Message=The Volume Shadow Copy service entered the stopped state.
10/16/2020 07:24:06 AM
LogName=System
SourceName=Microsoft-Windows-Service Control Manager
EventCode=7036
EventType=4
Type=Information
ComputerName=win-dc-156.attackrange.local
TaskCategory=None
OpCode=The operation completed successfully.
RecordNumber=82036
Keywords=Classic
Message=The State Repository Service service entered the stopped state.
10/16/2020 07:24:06 AM
LogName=System
SourceName=Microsoft-Windows-Service Control Manager
EventCode=7036
EventType=4
Type=Information
ComputerName=win-dc-156.attackrange.local
TaskCategory=None
OpCode=The operation completed successfully.
RecordNumber=82035
Keywords=Classic
Message=The Windows Connection Manager service entered the stopped state.
10/16/2020 07:24:06 AM
LogName=System
SourceName=Microsoft-Windows-Service Control Manager
EventCode=7036
EventType=4
Type=Information
ComputerName=win-dc-156.attackrange.local
TaskCategory=None
OpCode=The operation completed successfully.
RecordNumber=82034
Keywords=Classic
Message=The DHCP Client service entered the stopped state.
10/16/2020 07:24:06 AM
LogName=System
SourceName=Microsoft-Windows-Dhcp-Client
EventCode=50037
EventType=4
Type=Information
ComputerName=win-dc-156.attackrange.local
User=NOT_TRANSLATED
Sid=S-1-5-19
SidType=0
TaskCategory=Service State Event
OpCode=ServiceStop
RecordNumber=82033
Keywords=None
Message=DHCPv4 client service is stopped. ShutDown Flag value is 1
10/16/2020 07:24:06 AM
LogName=System
SourceName=Microsoft-Windows-DHCPv6-Client
EventCode=51047
EventType=4
Type=Information
ComputerName=win-dc-156.attackrange.local
User=NOT_TRANSLATED
Sid=S-1-5-19
SidType=0
TaskCategory=Service State Event
OpCode=ServiceStop
RecordNumber=82032
Keywords=None
Message=DHCPv6 client service is stopped. ShutDown Flag value is 1
10/16/2020 07:24:06 AM
LogName=System
SourceName=Microsoft-Windows-Service Control Manager
EventCode=7036
EventType=4
Type=Information
ComputerName=win-dc-156.attackrange.local
TaskCategory=None
OpCode=The operation completed successfully.
RecordNumber=82031
Keywords=Classic
Message=The Virtual Disk service entered the stopped state.
10/16/2020 07:24:06 AM
LogName=System
SourceName=Microsoft-Windows-Service Control Manager
EventCode=7036
EventType=4
Type=Information
ComputerName=win-dc-156.attackrange.local
TaskCategory=None
OpCode=The operation completed successfully.
RecordNumber=82030
Keywords=Classic
Message=The User Profile Service service entered the stopped state.
10/16/2020 07:24:06 AM
LogName=System
SourceName=Microsoft-Windows-Service Control Manager
EventCode=7036
EventType=4
Type=Information
ComputerName=win-dc-156.attackrange.local
TaskCategory=None
OpCode=The operation completed successfully.
RecordNumber=82029
Keywords=Classic
Message=The Certificate Propagation service entered the stopped state.
10/16/2020 07:24:06 AM
LogName=System
SourceName=Microsoft-Windows-Service Control Manager
EventCode=7036
EventType=4
Type=Information
ComputerName=win-dc-156.attackrange.local
TaskCategory=None
OpCode=The operation completed successfully.
RecordNumber=82028
Keywords=Classic
Message=The Microsoft Software Shadow Copy Provider service entered the stopped state.
10/16/2020 07:24:06 AM
LogName=System
SourceName=Microsoft-Windows-Service Control Manager
EventCode=7036
EventType=4
Type=Information
ComputerName=win-dc-156.attackrange.local
TaskCategory=None
OpCode=The operation completed successfully.
RecordNumber=82027
Keywords=Classic
Message=The Windows Management Instrumentation service entered the stopped state.
10/16/2020 07:24:06 AM
LogName=System
SourceName=Microsoft-Windows-Service Control Manager
EventCode=7036
EventType=4
Type=Information
ComputerName=win-dc-156.attackrange.local
TaskCategory=None
OpCode=The operation completed successfully.
RecordNumber=82026
Keywords=Classic
Message=The AppX Deployment Service (AppXSVC) service entered the stopped state.
10/16/2020 07:24:06 AM
LogName=System
SourceName=Microsoft-Windows-Service Control Manager
EventCode=7036
EventType=4
Type=Information
ComputerName=win-dc-156.attackrange.local
TaskCategory=None
OpCode=The operation completed successfully.
RecordNumber=82025
Keywords=Classic
Message=The Windows Font Cache Service service entered the stopped state.
10/16/2020 07:24:06 AM
LogName=System
SourceName=Microsoft-Windows-Service Control Manager
EventCode=7036
EventType=4
Type=Information
ComputerName=win-dc-156.attackrange.local
TaskCategory=None
OpCode=The operation completed successfully.
RecordNumber=82024
Keywords=Classic
Message=The Diagnostic Policy Service service entered the stopped state.
10/16/2020 07:24:06 AM
LogName=System
SourceName=Microsoft-Windows-Service Control Manager
EventCode=7036
EventType=4
Type=Information
ComputerName=win-dc-156.attackrange.local
TaskCategory=None
OpCode=The operation completed successfully.
RecordNumber=82023
Keywords=Classic
Message=The Distributed Transaction Coordinator service entered the stopped state.
10/16/2020 07:24:06 AM
LogName=System
SourceName=Microsoft-Windows-Service Control Manager
EventCode=7036
EventType=4
Type=Information
ComputerName=win-dc-156.attackrange.local
TaskCategory=None
OpCode=The operation completed successfully.
RecordNumber=82022
Keywords=Classic
Message=The Program Compatibility Assistant Service service entered the stopped state.
10/16/2020 07:24:06 AM
LogName=System
SourceName=Microsoft-Windows-Service Control Manager
EventCode=7036
EventType=4
Type=Information
ComputerName=win-dc-156.attackrange.local
TaskCategory=None
OpCode=The operation completed successfully.
RecordNumber=82021
Keywords=Classic
Message=The Windows Installer service entered the stopped state.
10/16/2020 07:24:06 AM
LogName=System
SourceName=Microsoft-Windows-Service Control Manager
EventCode=7036
EventType=4
Type=Information
ComputerName=win-dc-156.attackrange.local
TaskCategory=None
OpCode=The operation completed successfully.
RecordNumber=82020
Keywords=Classic
Message=The Active Directory Web Services service entered the stopped state.
10/16/2020 07:24:06 AM
LogName=System
SourceName=Microsoft-Windows-Service Control Manager
EventCode=7036
EventType=4
Type=Information
ComputerName=win-dc-156.attackrange.local
TaskCategory=None
OpCode=The operation completed successfully.
RecordNumber=82019
Keywords=Classic
Message=The AWS Lite Guest Agent service entered the stopped state.
10/16/2020 07:24:06 AM
LogName=System
SourceName=Microsoft-Windows-Service Control Manager
EventCode=7036
EventType=4
Type=Information
ComputerName=win-dc-156.attackrange.local
TaskCategory=None
OpCode=The operation completed successfully.
RecordNumber=82018
Keywords=Classic
Message=The Diagnostic System Host service entered the stopped state.
10/16/2020 07:24:06 AM
LogName=System
SourceName=Microsoft-Windows-Service Control Manager
EventCode=7036
EventType=4
Type=Information
ComputerName=win-dc-156.attackrange.local
TaskCategory=None
OpCode=The operation completed successfully.
RecordNumber=82017
Keywords=Classic
Message=The IPsec Policy Agent service entered the stopped state.
10/16/2020 07:24:06 AM
LogName=System
SourceName=Microsoft-Windows-Service Control Manager
EventCode=7036
EventType=4
Type=Information
ComputerName=win-dc-156.attackrange.local
TaskCategory=None
OpCode=The operation completed successfully.
RecordNumber=82016
Keywords=Classic
Message=The Amazon SSM Agent service entered the stopped state.
10/16/2020 07:24:06 AM
LogName=System
SourceName=Microsoft-Windows-Service Control Manager
EventCode=7036
EventType=4
Type=Information
ComputerName=win-dc-156.attackrange.local
TaskCategory=None
OpCode=The operation completed successfully.
RecordNumber=82015
Keywords=Classic
Message=The Windows Time service entered the stopped state.
10/16/2020 07:24:06 AM
LogName=System
SourceName=Microsoft-Windows-Service Control Manager
EventCode=7036
EventType=4
Type=Information
ComputerName=win-dc-156.attackrange.local
TaskCategory=None
OpCode=The operation completed successfully.
RecordNumber=82014
Keywords=Classic
Message=The Remote Desktop Services UserMode Port Redirector service entered the stopped state.
10/16/2020 07:24:06 AM
LogName=System
SourceName=Microsoft-Windows-Service Control Manager
EventCode=7036
EventType=4
Type=Information
ComputerName=win-dc-156.attackrange.local
TaskCategory=None
OpCode=The operation completed successfully.
RecordNumber=82013
Keywords=Classic
Message=The Plug and Play service entered the stopped state.
10/16/2020 07:24:06 AM
LogName=System
SourceName=Microsoft-Windows-Kernel-General
EventCode=1
EventType=4
Type=Information
ComputerName=win-dc-156.attackrange.local
User=NOT_TRANSLATED
Sid=S-1-5-19
SidType=0
TaskCategory=5
OpCode=Info
RecordNumber=82012
Keywords=Time
Message=The system time has changed to ‎2020‎-‎10‎-‎16T07:24:06.086000000Z from ‎2020‎-‎10‎-‎16T07:24:06.102006300Z.

Change Reason: An application or system component changed the time.
10/16/2020 07:24:06 AM
LogName=System
SourceName=Microsoft-Windows-Service Control Manager
EventCode=7036
EventType=4
Type=Information
ComputerName=win-dc-156.attackrange.local
TaskCategory=None
OpCode=The operation completed successfully.
RecordNumber=82011
Keywords=Classic
Message=The User Access Logging Service service entered the stopped state.
10/16/2020 07:24:06 AM
LogName=System
SourceName=Microsoft-Windows-Service Control Manager
EventCode=7036
EventType=4
Type=Information
ComputerName=win-dc-156.attackrange.local
TaskCategory=None
OpCode=The operation completed successfully.
RecordNumber=82010
Keywords=Classic
Message=The Tile Data model server service entered the stopped state.
10/16/2020 07:24:06 AM
LogName=System
SourceName=Microsoft-Windows-Service Control Manager
EventCode=7036
EventType=4
Type=Information
ComputerName=win-dc-156.attackrange.local
TaskCategory=None
OpCode=The operation completed successfully.
RecordNumber=82009
Keywords=Classic
Message=The Windows Modules Installer service entered the stopped state.
10/16/2020 07:24:06 AM
LogName=System
SourceName=EventLog
EventCode=6006
EventType=4
Type=Information
ComputerName=win-dc-156.attackrange.local
TaskCategory=None
OpCode=None
RecordNumber=82007
Keywords=Classic
Message=The Event log service was stopped.
10/16/2020 07:24:06 AM
LogName=System
SourceName=Microsoft-Windows-Windows Remote Management
EventCode=10149
EventType=3
Type=Warning
ComputerName=win-dc-156.attackrange.local
TaskCategory=None
OpCode=Info
RecordNumber=82006
Keywords=Classic
Message=The WinRM service is not listening for WS-Management requests. 

 User Action 
 If you did not intentionally stop the service, use the following command to see the WinRM configuration: 

 winrm enumerate winrm/config/listener
10/16/2020 07:24:07 AM
LogName=System
SourceName=Microsoft-Windows-DNS Client Events
EventCode=1014
EventType=3
Type=Warning
ComputerName=win-dc-156.attackrange.local
User=NOT_TRANSLATED
Sid=S-1-5-20
SidType=0
TaskCategory=1014
OpCode=Info
RecordNumber=82052
Keywords=None
Message=Name resolution for the name 255.1.0.10.in-addr.arpa. timed out after none of the configured DNS servers responded.
10/16/2020 07:24:07 AM
LogName=System
SourceName=Microsoft-Windows-Service Control Manager
EventCode=7036
EventType=4
Type=Information
ComputerName=win-dc-156.attackrange.local
TaskCategory=None
OpCode=The operation completed successfully.
RecordNumber=82051
Keywords=Classic
Message=The Active Directory Domain Services service entered the stopped state.
10/16/2020 07:24:08 AM
LogName=System
SourceName=Microsoft-Windows-Service Control Manager
EventCode=7036
EventType=4
Type=Information
ComputerName=win-dc-156.attackrange.local
TaskCategory=None
OpCode=The operation completed successfully.
RecordNumber=82054
Keywords=Classic
Message=The SplunkForwarder Service service entered the stopped state.
10/16/2020 07:24:08 AM
LogName=System
SourceName=Microsoft-Windows-Service Control Manager
EventCode=7036
EventType=4
Type=Information
ComputerName=win-dc-156.attackrange.local
TaskCategory=None
OpCode=The operation completed successfully.
RecordNumber=82053
Keywords=Classic
Message=The SplunkForwarder Service service entered the stopped state.
10/16/2020 07:24:11 AM
LogName=System
SourceName=Microsoft-Windows-Kernel-General
EventCode=13
EventType=4
Type=Information
ComputerName=win-dc-156.attackrange.local
TaskCategory=2
OpCode=Info
RecordNumber=82056
Keywords=None
Message=The operating system is shutting down at system time ‎2020‎-‎10‎-‎16T07:24:11.430239600Z.
10/16/2020 07:24:11 AM
LogName=System
SourceName=Microsoft-Windows-Kernel-Power
EventCode=109
EventType=4
Type=Information
ComputerName=win-dc-156.attackrange.local
TaskCategory=103
OpCode=Info
RecordNumber=82055
Keywords=None
Message=The kernel power manager has initiated a shutdown transition.

Shutdown Reason: Kernel API
10/16/2020 07:24:31 AM
LogName=System
SourceName=Microsoft-Windows-Kernel-Boot
EventCode=32
EventType=4
Type=Information
ComputerName=win-dc-156.attackrange.local
User=NOT_TRANSLATED
Sid=S-1-5-18
SidType=0
TaskCategory=None
OpCode=Info
RecordNumber=82063
Keywords=None
Message=The bootmgr spent 0 ms waiting for user input.
10/16/2020 07:24:31 AM
LogName=System
SourceName=Microsoft-Windows-Kernel-Boot
EventCode=18
EventType=4
Type=Information
ComputerName=win-dc-156.attackrange.local
User=NOT_TRANSLATED
Sid=S-1-5-18
SidType=0
TaskCategory=None
OpCode=Info
RecordNumber=82062
Keywords=None
Message=There are 0x1 boot options on this system.
10/16/2020 07:24:31 AM
LogName=System
SourceName=Microsoft-Windows-Kernel-Boot
EventCode=25
EventType=4
Type=Information
ComputerName=win-dc-156.attackrange.local
User=NOT_TRANSLATED
Sid=S-1-5-18
SidType=0
TaskCategory=32
OpCode=Info
RecordNumber=82061
Keywords=None
Message=The boot menu policy was 0x0.
10/16/2020 07:24:31 AM
LogName=System
SourceName=Microsoft-Windows-Kernel-Boot
EventCode=27
EventType=4
Type=Information
ComputerName=win-dc-156.attackrange.local
User=NOT_TRANSLATED
Sid=S-1-5-18
SidType=0
TaskCategory=33
OpCode=Info
RecordNumber=82060
Keywords=None
Message=The boot type was 0x0.
10/16/2020 07:24:31 AM
LogName=System
SourceName=Microsoft-Windows-Kernel-Boot
EventCode=20
EventType=4
Type=Information
ComputerName=win-dc-156.attackrange.local
User=NOT_TRANSLATED
Sid=S-1-5-18
SidType=0
TaskCategory=31
OpCode=Info
RecordNumber=82059
Keywords=None
Message=The last shutdown's success status was true. The last boot's success status was true.
10/16/2020 07:24:31 AM
LogName=System
SourceName=Microsoft-Windows-Kernel-Boot
EventCode=153
EventType=4
Type=Information
ComputerName=win-dc-156.attackrange.local
User=NOT_TRANSLATED
Sid=S-1-5-18
SidType=0
TaskCategory=None
OpCode=Info
RecordNumber=82058
Keywords=None
Message=The Virtualization Based Security (policies: 0) is disabled with status STATUS_SUCCESS.
10/16/2020 07:24:31 AM
LogName=System
SourceName=Microsoft-Windows-Kernel-General
EventCode=12
EventType=4
Type=Information
ComputerName=win-dc-156.attackrange.local
User=NOT_TRANSLATED
Sid=S-1-5-18
SidType=0
TaskCategory=1
OpCode=Info
RecordNumber=82057
Keywords=None
Message=The operating system started at system time ‎2020‎-‎10‎-‎16T07:24:31.499322700Z.
10/16/2020 07:24:35 AM
LogName=System
SourceName=Microsoft-Windows-Kernel-Processor-Power
EventCode=55
EventType=4
Type=Information
ComputerName=win-dc-156.attackrange.local
User=NOT_TRANSLATED
Sid=S-1-5-18
SidType=0
TaskCategory=47
OpCode=Info
RecordNumber=82079
Keywords=None
Message=Processor 7 in group 0 exposes the following power management capabilities:

Idle state type: ACPI Idle (C) States (1 state(s))

Performance state type: None
Nominal Frequency (MHz): 2300
Maximum performance percentage: 100
Minimum performance percentage: 100
Minimum throttle percentage: 100
10/16/2020 07:24:35 AM
LogName=System
SourceName=Microsoft-Windows-Kernel-Processor-Power
EventCode=55
EventType=4
Type=Information
ComputerName=win-dc-156.attackrange.local
User=NOT_TRANSLATED
Sid=S-1-5-18
SidType=0
TaskCategory=47
OpCode=Info
RecordNumber=82078
Keywords=None
Message=Processor 6 in group 0 exposes the following power management capabilities:

Idle state type: ACPI Idle (C) States (1 state(s))

Performance state type: None
Nominal Frequency (MHz): 2300
Maximum performance percentage: 100
Minimum performance percentage: 100
Minimum throttle percentage: 100
10/16/2020 07:24:35 AM
LogName=System
SourceName=Microsoft-Windows-Kernel-Processor-Power
EventCode=55
EventType=4
Type=Information
ComputerName=win-dc-156.attackrange.local
User=NOT_TRANSLATED
Sid=S-1-5-18
SidType=0
TaskCategory=47
OpCode=Info
RecordNumber=82077
Keywords=None
Message=Processor 5 in group 0 exposes the following power management capabilities:

Idle state type: ACPI Idle (C) States (1 state(s))

Performance state type: None
Nominal Frequency (MHz): 2300
Maximum performance percentage: 100
Minimum performance percentage: 100
Minimum throttle percentage: 100
10/16/2020 07:24:35 AM
LogName=System
SourceName=Microsoft-Windows-Kernel-Processor-Power
EventCode=55
EventType=4
Type=Information
ComputerName=win-dc-156.attackrange.local
User=NOT_TRANSLATED
Sid=S-1-5-18
SidType=0
TaskCategory=47
OpCode=Info
RecordNumber=82076
Keywords=None
Message=Processor 4 in group 0 exposes the following power management capabilities:

Idle state type: ACPI Idle (C) States (1 state(s))

Performance state type: None
Nominal Frequency (MHz): 2300
Maximum performance percentage: 100
Minimum performance percentage: 100
Minimum throttle percentage: 100
10/16/2020 07:24:35 AM
LogName=System
SourceName=Microsoft-Windows-Kernel-Processor-Power
EventCode=55
EventType=4
Type=Information
ComputerName=win-dc-156.attackrange.local
User=NOT_TRANSLATED
Sid=S-1-5-18
SidType=0
TaskCategory=47
OpCode=Info
RecordNumber=82075
Keywords=None
Message=Processor 3 in group 0 exposes the following power management capabilities:

Idle state type: ACPI Idle (C) States (1 state(s))

Performance state type: None
Nominal Frequency (MHz): 2300
Maximum performance percentage: 100
Minimum performance percentage: 100
Minimum throttle percentage: 100
10/16/2020 07:24:35 AM
LogName=System
SourceName=Microsoft-Windows-Kernel-Processor-Power
EventCode=55
EventType=4
Type=Information
ComputerName=win-dc-156.attackrange.local
User=NOT_TRANSLATED
Sid=S-1-5-18
SidType=0
TaskCategory=47
OpCode=Info
RecordNumber=82074
Keywords=None
Message=Processor 2 in group 0 exposes the following power management capabilities:

Idle state type: ACPI Idle (C) States (1 state(s))

Performance state type: None
Nominal Frequency (MHz): 2300
Maximum performance percentage: 100
Minimum performance percentage: 100
Minimum throttle percentage: 100
10/16/2020 07:24:35 AM
LogName=System
SourceName=Microsoft-Windows-Kernel-Processor-Power
EventCode=55
EventType=4
Type=Information
ComputerName=win-dc-156.attackrange.local
User=NOT_TRANSLATED
Sid=S-1-5-18
SidType=0
TaskCategory=47
OpCode=Info
RecordNumber=82073
Keywords=None
Message=Processor 1 in group 0 exposes the following power management capabilities:

Idle state type: ACPI Idle (C) States (1 state(s))

Performance state type: None
Nominal Frequency (MHz): 2300
Maximum performance percentage: 100
Minimum performance percentage: 100
Minimum throttle percentage: 100
10/16/2020 07:24:35 AM
LogName=System
SourceName=Microsoft-Windows-Kernel-Processor-Power
EventCode=55
EventType=4
Type=Information
ComputerName=win-dc-156.attackrange.local
User=NOT_TRANSLATED
Sid=S-1-5-18
SidType=0
TaskCategory=47
OpCode=Info
RecordNumber=82072
Keywords=None
Message=Processor 0 in group 0 exposes the following power management capabilities:

Idle state type: ACPI Idle (C) States (1 state(s))

Performance state type: None
Nominal Frequency (MHz): 2300
Maximum performance percentage: 100
Minimum performance percentage: 100
Minimum throttle percentage: 100
10/16/2020 07:24:35 AM
LogName=System
SourceName=Microsoft-Windows-Kernel-Power
EventCode=172
EventType=4
Type=Information
ComputerName=win-dc-156.attackrange.local
User=NOT_TRANSLATED
Sid=S-1-5-18
SidType=0
TaskCategory=203
OpCode=Info
RecordNumber=82071
Keywords=None
Message=Connectivity state in standby: Disconnected, Reason: NIC compliance
10/16/2020 07:24:35 AM
LogName=System
SourceName=Microsoft-Windows-FilterManager
EventCode=6
EventType=4
Type=Information
ComputerName=win-dc-156.attackrange.local
User=NOT_TRANSLATED
Sid=S-1-5-18
SidType=0
TaskCategory=None
OpCode=Info
RecordNumber=82070
Keywords=None
Message=File System Filter 'npsvctrig' (10.0, ‎2016‎-‎07‎-‎16T02:28:33.000000000Z) has successfully loaded and registered with Filter Manager.
10/16/2020 07:24:35 AM
LogName=System
SourceName=Microsoft-Windows-FilterManager
EventCode=6
EventType=4
Type=Information
ComputerName=win-dc-156.attackrange.local
User=NOT_TRANSLATED
Sid=S-1-5-18
SidType=0
TaskCategory=None
OpCode=Info
RecordNumber=82069
Keywords=None
Message=File System Filter 'DfsDriver' (10.0, ‎2016‎-‎07‎-‎16T02:21:37.000000000Z) has successfully loaded and registered with Filter Manager.
10/16/2020 07:24:35 AM
LogName=System
SourceName=Microsoft-Windows-FilterManager
EventCode=6
EventType=4
Type=Information
ComputerName=win-dc-156.attackrange.local
User=NOT_TRANSLATED
Sid=S-1-5-18
SidType=0
TaskCategory=None
OpCode=Info
RecordNumber=82068
Keywords=None
Message=File System Filter 'FileCrypt' (10.0, ‎2018‎-‎08‎-‎30T20:44:27.000000000Z) has successfully loaded and registered with Filter Manager.
10/16/2020 07:24:35 AM
LogName=System
SourceName=Microsoft-Windows-Ntfs
EventCode=98
EventType=4
Type=Information
ComputerName=win-dc-156.attackrange.local
User=NOT_TRANSLATED
Sid=S-1-5-18
SidType=0
TaskCategory=None
OpCode=Info
RecordNumber=82067
Keywords=None
Message=Volume C: (\Device\HarddiskVolume1) is healthy.  No action is needed.
10/16/2020 07:24:35 AM
LogName=System
SourceName=Microsoft-Windows-FilterManager
EventCode=6
EventType=4
Type=Information
ComputerName=win-dc-156.attackrange.local
User=NOT_TRANSLATED
Sid=S-1-5-18
SidType=0
TaskCategory=None
OpCode=Info
RecordNumber=82066
Keywords=None
Message=File System Filter 'SysmonDrv' (0.0, ‎2020‎-‎10‎-‎12T17:39:59.000000000Z) has successfully loaded and registered with Filter Manager.
10/16/2020 07:24:35 AM
LogName=System
SourceName=Microsoft-Windows-FilterManager
EventCode=6
EventType=4
Type=Information
ComputerName=win-dc-156.attackrange.local
User=NOT_TRANSLATED
Sid=S-1-5-18
SidType=0
TaskCategory=None
OpCode=Info
RecordNumber=82065
Keywords=None
Message=File System Filter 'DfsrRo' (10.0, ‎2016‎-‎07‎-‎16T02:20:37.000000000Z) has successfully loaded and registered with Filter Manager.
10/16/2020 07:24:35 AM
LogName=System
SourceName=Microsoft-Windows-FilterManager
EventCode=6
EventType=4
Type=Information
ComputerName=win-dc-156.attackrange.local
User=NOT_TRANSLATED
Sid=S-1-5-18
SidType=0
TaskCategory=None
OpCode=Info
RecordNumber=82064
Keywords=None
Message=File System Filter 'Wof' (10.0, ‎2019‎-‎09‎-‎29T22:52:46.000000000Z) has successfully loaded and registered with Filter Manager.
10/16/2020 07:24:36 AM
LogName=System
SourceName=Microsoft-Windows-Wininit
EventCode=14
EventType=4
Type=Information
ComputerName=win-dc-156.attackrange.local
User=NOT_TRANSLATED
Sid=S-1-5-18
SidType=0
TaskCategory=None
OpCode=Info
RecordNumber=82080
Keywords=None
Message=Credential Guard (LsaIso.exe) configuration: 0x0, 0
10/16/2020 07:24:37 AM
LogName=System
SourceName=Microsoft-Windows-Directory-Services-SAM
EventCode=16962
EventType=4
Type=Information
ComputerName=win-dc-156.attackrange.local
User=NOT_TRANSLATED
Sid=S-1-5-18
SidType=0
TaskCategory=None
OpCode=Info
RecordNumber=82081
Keywords=None
Message=Remote calls to the SAM database are being restricted using the default security descriptor: .
For more information please see http://go.microsoft.com/fwlink/?LinkId=787651.
10/16/2020 07:24:38 AM
LogName=System
SourceName=Microsoft-Windows-Service Control Manager
EventCode=7036
EventType=4
Type=Information
ComputerName=win-dc-156.attackrange.local
TaskCategory=None
OpCode=The operation completed successfully.
RecordNumber=82087
Keywords=Classic
Message=The LSM service entered the running state.
10/16/2020 07:24:38 AM
LogName=System
SourceName=Microsoft-Windows-Service Control Manager
EventCode=7036
EventType=4
Type=Information
ComputerName=win-dc-156.attackrange.local
TaskCategory=None
OpCode=The operation completed successfully.
RecordNumber=82086
Keywords=Classic
Message=The RpcSs service entered the running state.
10/16/2020 07:24:38 AM
LogName=System
SourceName=Microsoft-Windows-Service Control Manager
EventCode=7036
EventType=4
Type=Information
ComputerName=win-dc-156.attackrange.local
TaskCategory=None
OpCode=The operation completed successfully.
RecordNumber=82085
Keywords=Classic
Message=The RpcEptMapper service entered the running state.
10/16/2020 07:24:38 AM
LogName=System
SourceName=Microsoft-Windows-Service Control Manager
EventCode=7036
EventType=4
Type=Information
ComputerName=win-dc-156.attackrange.local
TaskCategory=None
OpCode=The operation completed successfully.
RecordNumber=82084
Keywords=Classic
Message=The DcomLaunch service entered the running state.
10/16/2020 07:24:38 AM
LogName=System
SourceName=Microsoft-Windows-Service Control Manager
EventCode=7036
EventType=4
Type=Information
ComputerName=win-dc-156.attackrange.local
TaskCategory=None
OpCode=The operation completed successfully.
RecordNumber=82083
Keywords=Classic
Message=The Power service entered the running state.
10/16/2020 07:24:38 AM
LogName=System
SourceName=Microsoft-Windows-Service Control Manager
EventCode=7036
EventType=4
Type=Information
ComputerName=win-dc-156.attackrange.local
TaskCategory=None
OpCode=The operation completed successfully.
RecordNumber=82082
Keywords=Classic
Message=The PlugPlay service entered the running state.
10/16/2020 07:24:39 AM
LogName=System
SourceName=Microsoft-Windows-Service Control Manager
EventCode=7036
EventType=4
Type=Information
ComputerName=win-dc-156.attackrange.local
TaskCategory=None
OpCode=The operation completed successfully.
RecordNumber=82134
Keywords=Classic
Message=The PolicyAgent service entered the running state.
10/16/2020 07:24:39 AM
LogName=System
SourceName=Microsoft-Windows-Iphlpsvc
EventCode=4200
EventType=4
Type=Information
ComputerName=win-dc-156.attackrange.local
User=NOT_TRANSLATED
Sid=S-1-5-18
SidType=0
TaskCategory=None
OpCode=Info
RecordNumber=82133
Keywords=None
Message=Isatap interface isatap.eu-central-1.compute.internal with address fe80::5efe:10.0.1.14 has been brought up.
10/16/2020 07:24:39 AM
LogName=System
SourceName=Microsoft-Windows-Service Control Manager
EventCode=7036
EventType=4
Type=Information
ComputerName=win-dc-156.attackrange.local
TaskCategory=None
OpCode=The operation completed successfully.
RecordNumber=82132
Keywords=Classic
Message=The NetSetupSvc service entered the running state.
10/16/2020 07:24:39 AM
LogName=System
SourceName=Microsoft-Windows-Service Control Manager
EventCode=7036
EventType=4
Type=Information
ComputerName=win-dc-156.attackrange.local
TaskCategory=None
OpCode=The operation completed successfully.
RecordNumber=82131
Keywords=Classic
Message=The UserManager service entered the running state.
10/16/2020 07:24:39 AM
LogName=System
SourceName=Microsoft-Windows-Service Control Manager
EventCode=7036
EventType=4
Type=Information
ComputerName=win-dc-156.attackrange.local
TaskCategory=None
OpCode=The operation completed successfully.
RecordNumber=82130
Keywords=Classic
Message=The TimeBrokerSvc service entered the running state.
10/16/2020 07:24:39 AM
LogName=System
SourceName=Microsoft-Windows-Service Control Manager
EventCode=7036
EventType=4
Type=Information
ComputerName=win-dc-156.attackrange.local
TaskCategory=None
OpCode=The operation completed successfully.
RecordNumber=82129
Keywords=Classic
Message=The NcaSvc service entered the stopped state.
10/16/2020 07:24:39 AM
LogName=System
SourceName=Microsoft-Windows-Service Control Manager
EventCode=7036
EventType=4
Type=Information
ComputerName=win-dc-156.attackrange.local
TaskCategory=None
OpCode=The operation completed successfully.
RecordNumber=82128
Keywords=Classic
Message=The iphlpsvc service entered the running state.
10/16/2020 07:24:39 AM
LogName=System
SourceName=Microsoft-Windows-Service Control Manager
EventCode=7036
EventType=4
Type=Information
ComputerName=win-dc-156.attackrange.local
TaskCategory=None
OpCode=The operation completed successfully.
RecordNumber=82127
Keywords=Classic
Message=The SessionEnv service entered the running state.
