10/16/2020 07:30:00 AM
LogName=System
SourceName=Microsoft-Windows-Kernel-Processor-Power
EventCode=55
EventType=4
Type=Information
ComputerName=win-host-374.attackrange.local
User=NOT_TRANSLATED
Sid=S-1-5-18
SidType=0
TaskCategory=47
OpCode=Info
RecordNumber=81877
Keywords=None
Message=Processor 1 in group 0 exposes the following power management capabilities:

Idle state type: ACPI Idle (C) States (1 state(s))

Performance state type: None
Nominal Frequency (MHz): 2300
Maximum performance percentage: 100
Minimum performance percentage: 100
Minimum throttle percentage: 100
10/16/2020 07:30:00 AM
LogName=System
SourceName=Microsoft-Windows-Kernel-Processor-Power
EventCode=55
EventType=4
Type=Information
ComputerName=win-host-374.attackrange.local
User=NOT_TRANSLATED
Sid=S-1-5-18
SidType=0
TaskCategory=47
OpCode=Info
RecordNumber=81876
Keywords=None
Message=Processor 0 in group 0 exposes the following power management capabilities:

Idle state type: ACPI Idle (C) States (1 state(s))

Performance state type: None
Nominal Frequency (MHz): 2300
Maximum performance percentage: 100
Minimum performance percentage: 100
Minimum throttle percentage: 100
10/16/2020 07:30:00 AM
LogName=System
SourceName=Microsoft-Windows-Kernel-Power
EventCode=172
EventType=4
Type=Information
ComputerName=win-host-374.attackrange.local
User=NOT_TRANSLATED
Sid=S-1-5-18
SidType=0
TaskCategory=203
OpCode=Info
RecordNumber=81875
Keywords=None
Message=Connectivity state in standby: Disconnected, Reason: NIC compliance
10/16/2020 07:30:00 AM
LogName=System
SourceName=Microsoft-Windows-FilterManager
EventCode=6
EventType=4
Type=Information
ComputerName=win-host-374.attackrange.local
User=NOT_TRANSLATED
Sid=S-1-5-18
SidType=0
TaskCategory=None
OpCode=Info
RecordNumber=81874
Keywords=None
Message=File System Filter 'npsvctrig' (10.0, ‎2016‎-‎07‎-‎16T02:28:33.000000000Z) has successfully loaded and registered with Filter Manager.
10/16/2020 07:30:01 AM
LogName=System
SourceName=Microsoft-Windows-Service Control Manager
EventCode=7036
EventType=4
Type=Information
ComputerName=win-host-374.attackrange.local
TaskCategory=None
OpCode=The operation completed successfully.
RecordNumber=81917
Keywords=Classic
Message=The NcbService service entered the running state.
10/16/2020 07:30:01 AM
LogName=System
SourceName=Microsoft-Windows-Service Control Manager
EventCode=7036
EventType=4
Type=Information
ComputerName=win-host-374.attackrange.local
TaskCategory=None
OpCode=The operation completed successfully.
RecordNumber=81916
Keywords=Classic
Message=The CertPropSvc service entered the running state.
10/16/2020 07:30:01 AM
LogName=System
SourceName=Microsoft-Windows-Service Control Manager
EventCode=7036
EventType=4
Type=Information
ComputerName=win-host-374.attackrange.local
TaskCategory=None
OpCode=The operation completed successfully.
RecordNumber=81915
Keywords=Classic
Message=The DsmSvc service entered the running state.
10/16/2020 07:30:01 AM
LogName=System
SourceName=Microsoft-Windows-Service Control Manager
EventCode=7036
EventType=4
Type=Information
ComputerName=win-host-374.attackrange.local
TaskCategory=None
OpCode=The operation completed successfully.
RecordNumber=81914
Keywords=Classic
Message=The netprofm service entered the running state.
10/16/2020 07:30:01 AM
LogName=System
SourceName=Microsoft-Windows-Service Control Manager
EventCode=7036
EventType=4
Type=Information
ComputerName=win-host-374.attackrange.local
TaskCategory=None
OpCode=The operation completed successfully.
RecordNumber=81913
Keywords=Classic
Message=The UmRdpService service entered the running state.
10/16/2020 07:30:01 AM
LogName=System
SourceName=Microsoft-Windows-Service Control Manager
EventCode=7036
EventType=4
Type=Information
ComputerName=win-host-374.attackrange.local
TaskCategory=None
OpCode=The operation completed successfully.
RecordNumber=81912
Keywords=Classic
Message=The SENS service entered the running state.
10/16/2020 07:30:01 AM
LogName=System
SourceName=Microsoft-Windows-Service Control Manager
EventCode=7036
EventType=4
Type=Information
ComputerName=win-host-374.attackrange.local
TaskCategory=None
OpCode=The operation completed successfully.
RecordNumber=81911
Keywords=Classic
Message=The gpsvc service entered the running state.
10/16/2020 07:30:01 AM
LogName=System
SourceName=Microsoft-Windows-Service Control Manager
EventCode=7036
EventType=4
Type=Information
ComputerName=win-host-374.attackrange.local
TaskCategory=None
OpCode=The operation completed successfully.
RecordNumber=81910
Keywords=Classic
Message=The ProfSvc service entered the running state.
10/16/2020 07:30:01 AM
LogName=System
SourceName=Microsoft-Windows-Service Control Manager
EventCode=7036
EventType=4
Type=Information
ComputerName=win-host-374.attackrange.local
TaskCategory=None
OpCode=The operation completed successfully.
RecordNumber=81909
Keywords=Classic
Message=The EventSystem service entered the running state.
10/16/2020 07:30:01 AM
LogName=System
SourceName=Microsoft-Windows-Service Control Manager
EventCode=7036
EventType=4
Type=Information
ComputerName=win-host-374.attackrange.local
TaskCategory=None
OpCode=The operation completed successfully.
RecordNumber=81908
Keywords=Classic
Message=The NlaSvc service entered the running state.
10/16/2020 07:30:01 AM
LogName=System
SourceName=Microsoft-Windows-Service Control Manager
EventCode=7036
EventType=4
Type=Information
ComputerName=win-host-374.attackrange.local
TaskCategory=None
OpCode=The operation completed successfully.
RecordNumber=81907
Keywords=Classic
Message=The CoreMessagingRegistrar service entered the running state.
10/16/2020 07:30:01 AM
LogName=System
SourceName=Microsoft-Windows-Service Control Manager
EventCode=7036
EventType=4
Type=Information
ComputerName=win-host-374.attackrange.local
TaskCategory=None
OpCode=The operation completed successfully.
RecordNumber=81906
Keywords=Classic
Message=The Themes service entered the running state.
10/16/2020 07:30:01 AM
LogName=System
SourceName=Microsoft-Windows-Service Control Manager
EventCode=7036
EventType=4
Type=Information
ComputerName=win-host-374.attackrange.local
TaskCategory=None
OpCode=The operation completed successfully.
RecordNumber=81905
Keywords=Classic
Message=The WPDBusEnum service entered the running state.
10/16/2020 07:30:01 AM
LogName=System
SourceName=Microsoft-Windows-FilterManager
EventCode=6
EventType=4
Type=Information
ComputerName=win-host-374.attackrange.local
User=NOT_TRANSLATED
Sid=S-1-5-18
SidType=0
TaskCategory=None
OpCode=Info
RecordNumber=81904
Keywords=None
Message=File System Filter 'storqosflt' (10.0, ‎2019‎-‎02‎-‎17T02:00:41.000000000Z) has successfully loaded and registered with Filter Manager.
10/16/2020 07:30:01 AM
LogName=System
SourceName=Microsoft-Windows-FilterManager
EventCode=6
EventType=4
Type=Information
ComputerName=win-host-374.attackrange.local
User=NOT_TRANSLATED
Sid=S-1-5-18
SidType=0
TaskCategory=None
OpCode=Info
RecordNumber=81903
Keywords=None
Message=File System Filter 'wcifs' (10.0, ‎2020‎-‎02‎-‎19T07:59:09.000000000Z) has successfully loaded and registered with Filter Manager.
10/16/2020 07:30:01 AM
LogName=System
SourceName=Microsoft-Windows-FilterManager
EventCode=6
EventType=4
Type=Information
ComputerName=win-host-374.attackrange.local
User=NOT_TRANSLATED
Sid=S-1-5-18
SidType=0
TaskCategory=None
OpCode=Info
RecordNumber=81902
Keywords=None
Message=File System Filter 'luafv' (10.0, ‎2019‎-‎04‎-‎02T04:23:00.000000000Z) has successfully loaded and registered with Filter Manager.
10/16/2020 07:30:01 AM
LogName=System
SourceName=Microsoft-Windows-Service Control Manager
EventCode=7036
EventType=4
Type=Information
ComputerName=win-host-374.attackrange.local
TaskCategory=None
OpCode=The operation completed successfully.
RecordNumber=81901
Keywords=Classic
Message=The Dnscache service entered the running state.
10/16/2020 07:30:01 AM
LogName=System
SourceName=Microsoft-Windows-Service Control Manager
EventCode=7036
EventType=4
Type=Information
ComputerName=win-host-374.attackrange.local
TaskCategory=None
OpCode=The operation completed successfully.
RecordNumber=81900
Keywords=Classic
Message=The Dhcp service entered the running state.
10/16/2020 07:30:01 AM
LogName=System
SourceName=Microsoft-Windows-DHCPv6-Client
EventCode=51046
EventType=4
Type=Information
ComputerName=win-host-374.attackrange.local
User=NOT_TRANSLATED
Sid=S-1-5-19
SidType=0
TaskCategory=Service State Event
OpCode=ServiceStart
RecordNumber=81899
Keywords=None
Message=DHCPv6 client service is started
10/16/2020 07:30:01 AM
LogName=System
SourceName=Microsoft-Windows-Dhcp-Client
EventCode=50036
EventType=4
Type=Information
ComputerName=win-host-374.attackrange.local
User=NOT_TRANSLATED
Sid=S-1-5-19
SidType=0
TaskCategory=Service State Event
OpCode=ServiceStart
RecordNumber=81898
Keywords=None
Message=DHCPv4 client service is started
10/16/2020 07:30:01 AM
LogName=System
SourceName=Microsoft-Windows-Service Control Manager
EventCode=7036
EventType=4
Type=Information
ComputerName=win-host-374.attackrange.local
TaskCategory=None
OpCode=The operation completed successfully.
RecordNumber=81897
Keywords=Classic
Message=The EventLog service entered the running state.
10/16/2020 07:30:01 AM
LogName=System
SourceName=Microsoft-Windows-Service Control Manager
EventCode=7036
EventType=4
Type=Information
ComputerName=win-host-374.attackrange.local
TaskCategory=None
OpCode=The operation completed successfully.
RecordNumber=81896
Keywords=Classic
Message=The lmhosts service entered the running state.
10/16/2020 07:30:01 AM
LogName=System
SourceName=Microsoft-Windows-Service Control Manager
EventCode=7036
EventType=4
Type=Information
ComputerName=win-host-374.attackrange.local
TaskCategory=None
OpCode=The operation completed successfully.
RecordNumber=81895
Keywords=Classic
Message=The nsi service entered the running state.
10/16/2020 07:30:01 AM
LogName=System
SourceName=Microsoft-Windows-Service Control Manager
EventCode=7036
EventType=4
Type=Information
ComputerName=win-host-374.attackrange.local
TaskCategory=None
OpCode=The operation completed successfully.
RecordNumber=81894
Keywords=Classic
Message=The TermService service entered the running state.
10/16/2020 07:30:01 AM
LogName=System
SourceName=Microsoft-Windows-Service Control Manager
EventCode=7036
EventType=4
Type=Information
ComputerName=win-host-374.attackrange.local
TaskCategory=None
OpCode=The operation completed successfully.
RecordNumber=81893
Keywords=Classic
Message=The SystemEventsBroker service entered the running state.
10/16/2020 07:30:01 AM
LogName=System
SourceName=Microsoft-Windows-Service Control Manager
EventCode=7036
EventType=4
Type=Information
ComputerName=win-host-374.attackrange.local
TaskCategory=None
OpCode=The operation completed successfully.
RecordNumber=81892
Keywords=Classic
Message=The BrokerInfrastructure service entered the running state.
10/16/2020 07:30:01 AM
LogName=System
SourceName=Microsoft-Windows-Service Control Manager
EventCode=7036
EventType=4
Type=Information
ComputerName=win-host-374.attackrange.local
TaskCategory=None
OpCode=The operation completed successfully.
RecordNumber=81891
Keywords=Classic
Message=The LSM service entered the running state.
10/16/2020 07:30:01 AM
LogName=System
SourceName=Microsoft-Windows-Service Control Manager
EventCode=7036
EventType=4
Type=Information
ComputerName=win-host-374.attackrange.local
TaskCategory=None
OpCode=The operation completed successfully.
RecordNumber=81890
Keywords=Classic
Message=The RpcSs service entered the running state.
10/16/2020 07:30:01 AM
LogName=System
SourceName=Microsoft-Windows-Service Control Manager
EventCode=7036
EventType=4
Type=Information
ComputerName=win-host-374.attackrange.local
TaskCategory=None
OpCode=The operation completed successfully.
RecordNumber=81889
Keywords=Classic
Message=The RpcEptMapper service entered the running state.
10/16/2020 07:30:01 AM
LogName=System
SourceName=Microsoft-Windows-Service Control Manager
EventCode=7036
EventType=4
Type=Information
ComputerName=win-host-374.attackrange.local
TaskCategory=None
OpCode=The operation completed successfully.
RecordNumber=81888
Keywords=Classic
Message=The DcomLaunch service entered the running state.
10/16/2020 07:30:01 AM
LogName=System
SourceName=Microsoft-Windows-Service Control Manager
EventCode=7036
EventType=4
Type=Information
ComputerName=win-host-374.attackrange.local
TaskCategory=None
OpCode=The operation completed successfully.
RecordNumber=81887
Keywords=Classic
Message=The Power service entered the running state.
10/16/2020 07:30:01 AM
LogName=System
SourceName=Microsoft-Windows-Service Control Manager
EventCode=7036
EventType=4
Type=Information
ComputerName=win-host-374.attackrange.local
TaskCategory=None
OpCode=The operation completed successfully.
RecordNumber=81886
Keywords=Classic
Message=The PlugPlay service entered the running state.
10/16/2020 07:30:01 AM
LogName=System
SourceName=Microsoft-Windows-Directory-Services-SAM
EventCode=16962
EventType=4
Type=Information
ComputerName=win-host-374.attackrange.local
User=NOT_TRANSLATED
Sid=S-1-5-18
SidType=0
TaskCategory=None
OpCode=Info
RecordNumber=81885
Keywords=None
Message=Remote calls to the SAM database are being restricted using the default security descriptor: O:SYG:SYD:(A;;RC;;;BA).
For more information please see http://go.microsoft.com/fwlink/?LinkId=787651.
10/16/2020 07:30:01 AM
LogName=System
SourceName=Microsoft-Windows-Wininit
EventCode=14
EventType=4
Type=Information
ComputerName=win-host-374.attackrange.local
User=NOT_TRANSLATED
Sid=S-1-5-18
SidType=0
TaskCategory=None
OpCode=Info
RecordNumber=81884
Keywords=None
Message=Credential Guard (LsaIso.exe) configuration: 0x0, 0
10/16/2020 07:30:01 AM
LogName=System
SourceName=EventLog
EventCode=6013
EventType=4
Type=Information
ComputerName=win-host-374.attackrange.local
TaskCategory=None
OpCode=None
RecordNumber=81861
Keywords=Classic
Message=The system uptime is 5 seconds.
10/16/2020 07:30:01 AM
LogName=System
SourceName=EventLog
EventCode=6005
EventType=4
Type=Information
ComputerName=win-host-374.attackrange.local
TaskCategory=None
OpCode=None
RecordNumber=81860
Keywords=Classic
Message=The Event log service was started.
10/16/2020 07:30:01 AM
LogName=System
SourceName=EventLog
EventCode=6009
EventType=4
Type=Information
ComputerName=win-host-374.attackrange.local
TaskCategory=None
OpCode=None
RecordNumber=81859
Keywords=Classic
Message=Microsoft (R) Windows (R) 10.00. 14393  Multiprocessor Free.
10/16/2020 07:30:02 AM
LogName=System
SourceName=Microsoft-Windows-DistributedCOM
EventCode=10016
EventType=2
Type=Error
ComputerName=win-host-374.attackrange.local
User=NOT_TRANSLATED
Sid=S-1-5-21-4284141139-3213569923-3907246136-500
SidType=0
TaskCategory=None
OpCode=Info
RecordNumber=81953
Keywords=Classic
Message=The application-specific permission settings do not grant Local Activation permission for the COM Server application with CLSID 
{D63B10C5-BB46-4990-A94F-E40B9D520160}
 and APPID 
{9CA88EE3-ACB7-47C8-AFC4-AB702511C276}
 to the user WIN-HOST-374\Administrator SID (S-1-5-21-4284141139-3213569923-3907246136-500) from address LocalHost (Using LRPC) running in the application container Unavailable SID (Unavailable). This security permission can be modified using the Component Services administrative tool.
10/16/2020 07:30:02 AM
LogName=System
SourceName=Microsoft-Windows-Service Control Manager
EventCode=7036
EventType=4
Type=Information
ComputerName=win-host-374.attackrange.local
TaskCategory=None
OpCode=The operation completed successfully.
RecordNumber=81952
Keywords=Classic
Message=The PolicyAgent service entered the running state.
10/16/2020 07:30:02 AM
LogName=System
SourceName=Microsoft-Windows-Service Control Manager
EventCode=7026
EventType=4
Type=Information
ComputerName=win-host-374.attackrange.local
TaskCategory=None
OpCode=The operation completed successfully.
RecordNumber=81951
Keywords=Classic
Message=The following boot-start or system-start driver(s) did not load: 
cdrom
dam
10/16/2020 07:30:02 AM
LogName=System
SourceName=Microsoft-Windows-Service Control Manager
EventCode=7036
EventType=4
Type=Information
ComputerName=win-host-374.attackrange.local
TaskCategory=None
OpCode=The operation completed successfully.
RecordNumber=81950
Keywords=Classic
Message=The AmazonSSMAgent service entered the running state.
10/16/2020 07:30:02 AM
LogName=System
SourceName=Microsoft-Windows-Service Control Manager
EventCode=7036
EventType=4
Type=Information
ComputerName=win-host-374.attackrange.local
TaskCategory=None
OpCode=The operation completed successfully.
RecordNumber=81949
Keywords=Classic
Message=The KeyIso service entered the running state.
10/16/2020 07:30:02 AM
LogName=System
SourceName=Microsoft-Windows-Iphlpsvc
EventCode=4200
EventType=4
Type=Information
ComputerName=win-host-374.attackrange.local
User=NOT_TRANSLATED
Sid=S-1-5-18
SidType=0
TaskCategory=None
OpCode=Info
RecordNumber=81948
Keywords=None
Message=Isatap interface isatap.eu-central-1.compute.internal with address fe80::5efe:10.0.1.15 has been brought up.
10/16/2020 07:30:02 AM
LogName=System
SourceName=Microsoft-Windows-Service Control Manager
EventCode=7036
EventType=4
Type=Information
ComputerName=win-host-374.attackrange.local
TaskCategory=None
OpCode=The operation completed successfully.
RecordNumber=81947
Keywords=Classic
Message=The tiledatamodelsvc service entered the running state.
10/16/2020 07:30:02 AM
LogName=System
SourceName=Microsoft-Windows-Service Control Manager
EventCode=7036
EventType=4
Type=Information
ComputerName=win-host-374.attackrange.local
TaskCategory=None
OpCode=The operation completed successfully.
RecordNumber=81946
Keywords=Classic
Message=The WinRM service entered the running state.
10/16/2020 07:30:02 AM
LogName=System
SourceName=Microsoft-Windows-Service Control Manager
EventCode=7036
EventType=4
Type=Information
ComputerName=win-host-374.attackrange.local
TaskCategory=None
OpCode=The operation completed successfully.
RecordNumber=81945
Keywords=Classic
Message=The WpnService service entered the running state.
10/16/2020 07:30:02 AM
LogName=System
SourceName=Microsoft-Windows-Service Control Manager
EventCode=7036
EventType=4
Type=Information
ComputerName=win-host-374.attackrange.local
TaskCategory=None
OpCode=The operation completed successfully.
RecordNumber=81944
Keywords=Classic
Message=The StateRepository service entered the running state.
10/16/2020 07:30:02 AM
LogName=System
SourceName=Microsoft-Windows-Service Control Manager
EventCode=7036
EventType=4
Type=Information
ComputerName=win-host-374.attackrange.local
TaskCategory=None
OpCode=The operation completed successfully.
RecordNumber=81943
Keywords=Classic
Message=The LanmanServer service entered the running state.
10/16/2020 07:30:02 AM
LogName=System
SourceName=Microsoft-Windows-Service Control Manager
EventCode=7036
EventType=4
Type=Information
ComputerName=win-host-374.attackrange.local
TaskCategory=None
OpCode=The operation completed successfully.
RecordNumber=81942
Keywords=Classic
Message=The NetSetupSvc service entered the running state.
10/16/2020 07:30:02 AM
LogName=System
SourceName=Microsoft-Windows-Service Control Manager
EventCode=7036
EventType=4
Type=Information
ComputerName=win-host-374.attackrange.local
TaskCategory=None
OpCode=The operation completed successfully.
RecordNumber=81941
Keywords=Classic
Message=The CryptSvc service entered the running state.
10/16/2020 07:30:02 AM
LogName=System
SourceName=Microsoft-Windows-Service Control Manager
EventCode=7036
EventType=4
Type=Information
ComputerName=win-host-374.attackrange.local
TaskCategory=None
OpCode=The operation completed successfully.
RecordNumber=81940
Keywords=Classic
Message=The TimeBrokerSvc service entered the running state.
10/16/2020 07:30:02 AM
LogName=System
SourceName=Microsoft-Windows-Service Control Manager
EventCode=7036
EventType=4
Type=Information
ComputerName=win-host-374.attackrange.local
TaskCategory=None
OpCode=The operation completed successfully.
RecordNumber=81939
Keywords=Classic
Message=The AWSLiteAgent service entered the running state.
10/16/2020 07:30:02 AM
LogName=System
SourceName=Microsoft-Windows-Service Control Manager
EventCode=7036
EventType=4
Type=Information
ComputerName=win-host-374.attackrange.local
TaskCategory=None
OpCode=The operation completed successfully.
RecordNumber=81938
Keywords=Classic
Message=The MpsSvc service entered the running state.
10/16/2020 07:30:02 AM
LogName=System
SourceName=Microsoft-Windows-Service Control Manager
EventCode=7036
EventType=4
Type=Information
ComputerName=win-host-374.attackrange.local
TaskCategory=None
OpCode=The operation completed successfully.
RecordNumber=81937
Keywords=Classic
Message=The NcaSvc service entered the stopped state.
10/16/2020 07:30:02 AM
LogName=System
SourceName=Microsoft-Windows-Service Control Manager
EventCode=7036
EventType=4
Type=Information
ComputerName=win-host-374.attackrange.local
TaskCategory=None
OpCode=The operation completed successfully.
RecordNumber=81936
Keywords=Classic
Message=The UserManager service entered the running state.
10/16/2020 07:30:02 AM
LogName=System
SourceName=Microsoft-Windows-Service Control Manager
EventCode=7036
EventType=4
Type=Information
ComputerName=win-host-374.attackrange.local
TaskCategory=None
OpCode=The operation completed successfully.
RecordNumber=81935
Keywords=Classic
Message=The RemoteRegistry service entered the running state.
10/16/2020 07:30:02 AM
LogName=System
SourceName=Microsoft-Windows-Service Control Manager
EventCode=7036
EventType=4
Type=Information
ComputerName=win-host-374.attackrange.local
TaskCategory=None
OpCode=The operation completed successfully.
RecordNumber=81934
Keywords=Classic
Message=The Spooler service entered the running state.
10/16/2020 07:30:02 AM
LogName=System
SourceName=Microsoft-Windows-Service Control Manager
EventCode=7036
EventType=4
Type=Information
ComputerName=win-host-374.attackrange.local
TaskCategory=None
OpCode=The operation completed successfully.
RecordNumber=81933
Keywords=Classic
Message=The PcaSvc service entered the running state.
10/16/2020 07:30:02 AM
LogName=System
SourceName=Microsoft-Windows-Service Control Manager
EventCode=7036
EventType=4
Type=Information
ComputerName=win-host-374.attackrange.local
TaskCategory=None
OpCode=The operation completed successfully.
RecordNumber=81932
Keywords=Classic
Message=The TrkWks service entered the running state.
10/16/2020 07:30:02 AM
LogName=System
SourceName=Microsoft-Windows-Service Control Manager
EventCode=7036
EventType=4
Type=Information
ComputerName=win-host-374.attackrange.local
TaskCategory=None
OpCode=The operation completed successfully.
RecordNumber=81931
Keywords=Classic
Message=The iphlpsvc service entered the running state.
10/16/2020 07:30:02 AM
LogName=System
SourceName=Microsoft-Windows-TerminalServices-RemoteConnectionManager
EventCode=1056
EventType=4
Type=Information
ComputerName=win-host-374.attackrange.local
TaskCategory=None
OpCode=The operation completed successfully.
RecordNumber=81930
Keywords=Classic
Message=A new self signed certificate to be used for RD Session Host Server authentication on SSL connections was generated. The name on this certificate is win-host-374.attackrange.local. The SHA1 hash of the certificate is in the event data.
10/16/2020 07:30:02 AM
LogName=System
SourceName=Microsoft-Windows-Windows Remote Management
EventCode=10148
EventType=4
Type=Information
ComputerName=win-host-374.attackrange.local
TaskCategory=None
OpCode=Info
RecordNumber=81929
Keywords=Classic
Message=The WinRM service is listening for WS-Management requests. 

 User Action 
 Use the following command to see the specific IPs on which WinRM is listening: 

 winrm enumerate winrm/config/listener
10/16/2020 07:30:02 AM
LogName=System
SourceName=Microsoft-Windows-Service Control Manager
EventCode=7036
EventType=4
Type=Information
ComputerName=win-host-374.attackrange.local
TaskCategory=None
OpCode=The operation completed successfully.
RecordNumber=81928
Keywords=Classic
Message=The Schedule service entered the running state.
10/16/2020 07:30:02 AM
LogName=System
SourceName=Microsoft-Windows-Service Control Manager
EventCode=7036
EventType=4
Type=Information
ComputerName=win-host-374.attackrange.local
TaskCategory=None
OpCode=The operation completed successfully.
RecordNumber=81927
Keywords=Classic
Message=The Netlogon service entered the running state.
10/16/2020 07:30:02 AM
LogName=System
SourceName=Microsoft-Windows-Service Control Manager
EventCode=7036
EventType=4
Type=Information
ComputerName=win-host-374.attackrange.local
TaskCategory=None
OpCode=The operation completed successfully.
RecordNumber=81926
Keywords=Classic
Message=The SamSs service entered the running state.
10/16/2020 07:30:02 AM
LogName=System
SourceName=Microsoft-Windows-Service Control Manager
EventCode=7036
EventType=4
Type=Information
ComputerName=win-host-374.attackrange.local
TaskCategory=None
OpCode=The operation completed successfully.
RecordNumber=81925
Keywords=Classic
Message=The SessionEnv service entered the running state.
10/16/2020 07:30:02 AM
LogName=System
SourceName=Microsoft-Windows-Service Control Manager
EventCode=7036
EventType=4
Type=Information
ComputerName=win-host-374.attackrange.local
TaskCategory=None
OpCode=The operation completed successfully.
RecordNumber=81924
Keywords=Classic
Message=The Winmgmt service entered the running state.
10/16/2020 07:30:02 AM
LogName=System
SourceName=Microsoft-Windows-Service Control Manager
EventCode=7036
EventType=4
Type=Information
ComputerName=win-host-374.attackrange.local
TaskCategory=None
OpCode=The operation completed successfully.
RecordNumber=81923
Keywords=Classic
Message=The WinHttpAutoProxySvc service entered the running state.
10/16/2020 07:30:02 AM
LogName=System
SourceName=Microsoft-Windows-Service Control Manager
EventCode=7036
EventType=4
Type=Information
ComputerName=win-host-374.attackrange.local
TaskCategory=None
OpCode=The operation completed successfully.
RecordNumber=81922
Keywords=Classic
Message=The FontCache service entered the running state.
10/16/2020 07:30:02 AM
LogName=System
SourceName=Microsoft-Windows-Service Control Manager
EventCode=7036
EventType=4
Type=Information
ComputerName=win-host-374.attackrange.local
TaskCategory=None
OpCode=The operation completed successfully.
RecordNumber=81921
Keywords=Classic
Message=The BFE service entered the running state.
10/16/2020 07:30:02 AM
LogName=System
SourceName=Microsoft-Windows-Service Control Manager
EventCode=7036
EventType=4
Type=Information
ComputerName=win-host-374.attackrange.local
TaskCategory=None
OpCode=The operation completed successfully.
RecordNumber=81920
Keywords=Classic
Message=The ShellHWDetection service entered the running state.
10/16/2020 07:30:02 AM
LogName=System
SourceName=Microsoft-Windows-Service Control Manager
EventCode=7036
EventType=4
Type=Information
ComputerName=win-host-374.attackrange.local
TaskCategory=None
OpCode=The operation completed successfully.
RecordNumber=81919
Keywords=Classic
Message=The Wcmsvc service entered the running state.
10/16/2020 07:30:02 AM
LogName=System
SourceName=Microsoft-Windows-Service Control Manager
EventCode=7036
EventType=4
Type=Information
ComputerName=win-host-374.attackrange.local
TaskCategory=None
OpCode=The operation completed successfully.
RecordNumber=81918
Keywords=Classic
Message=The LanmanWorkstation service entered the running state.
10/16/2020 07:30:05 AM
LogName=System
SourceName=Microsoft-Windows-Service Control Manager
EventCode=7036
EventType=4
Type=Information
ComputerName=win-host-374.attackrange.local
TaskCategory=None
OpCode=The operation completed successfully.
RecordNumber=81955
Keywords=Classic
Message=The wuauserv service entered the running state.
10/16/2020 07:30:05 AM
LogName=System
SourceName=Microsoft-Windows-Service Control Manager
EventCode=7036
EventType=4
Type=Information
ComputerName=win-host-374.attackrange.local
TaskCategory=None
OpCode=The operation completed successfully.
RecordNumber=81954
Keywords=Classic
Message=The NetSetupSvc service entered the stopped state.
10/16/2020 07:30:06 AM
LogName=System
SourceName=Microsoft-Windows-Service Control Manager
EventCode=7036
EventType=4
Type=Information
ComputerName=win-host-374.attackrange.local
TaskCategory=None
OpCode=The operation completed successfully.
RecordNumber=81959
Keywords=Classic
Message=The TrustedInstaller service entered the running state.
10/16/2020 07:30:06 AM
LogName=System
SourceName=Microsoft-Windows-Service Control Manager
EventCode=7036
EventType=4
Type=Information
ComputerName=win-host-374.attackrange.local
TaskCategory=None
OpCode=The operation completed successfully.
RecordNumber=81958
Keywords=Classic
Message=The NetSetupSvc service entered the running state.
10/16/2020 07:30:06 AM
LogName=System
SourceName=Microsoft-Windows-Service Control Manager
EventCode=7036
EventType=4
Type=Information
ComputerName=win-host-374.attackrange.local
TaskCategory=None
OpCode=The operation completed successfully.
RecordNumber=81957
Keywords=Classic
Message=The NcaSvc service entered the stopped state.
10/16/2020 07:30:06 AM
LogName=System
SourceName=Microsoft-Windows-GroupPolicy
EventCode=1502
EventType=4
Type=Information
ComputerName=win-host-374.attackrange.local
User=NOT_TRANSLATED
Sid=S-1-5-18
SidType=0
TaskCategory=None
OpCode=Start
RecordNumber=81956
Keywords=None
Message=The Group Policy settings for the computer were processed successfully. New settings from 1 Group Policy objects were detected and applied.
10/16/2020 07:30:11 AM
LogName=System
SourceName=Microsoft-Windows-Service Control Manager
EventCode=7036
EventType=4
Type=Information
ComputerName=win-host-374.attackrange.local
TaskCategory=None
OpCode=The operation completed successfully.
RecordNumber=81960
Keywords=Classic
Message=The W32Time service entered the running state.
10/16/2020 07:30:13 AM
LogName=System
SourceName=Microsoft-Windows-Time-Service
EventCode=37
EventType=4
Type=Information
ComputerName=win-host-374.attackrange.local
User=NOT_TRANSLATED
Sid=S-1-5-19
SidType=0
TaskCategory=None
OpCode=Info
RecordNumber=81963
Keywords=None
Message=The time provider NtpClient is currently receiving valid time data from time.windows.com,0x8 (ntp.m|0x8|0.0.0.0:123->51.105.208.173:123).
10/16/2020 07:30:13 AM
LogName=System
SourceName=Microsoft-Windows-Time-Service
EventCode=37
EventType=4
Type=Information
ComputerName=win-host-374.attackrange.local
User=NOT_TRANSLATED
Sid=S-1-5-19
SidType=0
TaskCategory=None
OpCode=Info
RecordNumber=81962
Keywords=None
Message=The time provider NtpClient is currently receiving valid time data from win-dc-156.attackrange.local (ntp.d|0.0.0.0:123->10.0.1.14:123).
10/16/2020 07:30:13 AM
LogName=System
SourceName=Microsoft-Windows-Service Control Manager
EventCode=7036
EventType=4
Type=Information
ComputerName=win-host-374.attackrange.local
TaskCategory=None
OpCode=The operation completed successfully.
RecordNumber=81961
Keywords=Classic
Message=The msiserver service entered the running state.
10/16/2020 07:30:17 AM
LogName=System
SourceName=Microsoft-Windows-Service Control Manager
EventCode=7045
EventType=4
Type=Information
ComputerName=win-host-374.attackrange.local
User=NOT_TRANSLATED
Sid=S-1-5-18
SidType=0
TaskCategory=None
OpCode=The operation completed successfully.
RecordNumber=81966
Keywords=Classic
Message=A service was installed in the system.

Service Name:  SplunkMonitorNoHandle
Service File Name:  system32\DRIVERS\SplunkMonitorNoHandleDrv.sys
Service Type:  kernel mode driver
Service Start Type:  demand start
Service Account:
10/16/2020 07:30:17 AM
LogName=System
SourceName=Microsoft-Windows-Service Control Manager
EventCode=7045
EventType=4
Type=Information
ComputerName=win-host-374.attackrange.local
User=NOT_TRANSLATED
Sid=S-1-5-18
SidType=0
TaskCategory=None
OpCode=The operation completed successfully.
RecordNumber=81965
Keywords=Classic
Message=A service was installed in the system.

Service Name:  splknetdrv
Service File Name:  \SystemRoot\system32\DRIVERS\splknetdrv.sys
Service Type:  kernel mode driver
Service Start Type:  demand start
Service Account:
10/16/2020 07:30:17 AM
LogName=System
SourceName=Microsoft-Windows-Service Control Manager
EventCode=7045
EventType=4
Type=Information
ComputerName=win-host-374.attackrange.local
User=NOT_TRANSLATED
Sid=S-1-5-18
SidType=0
TaskCategory=None
OpCode=The operation completed successfully.
RecordNumber=81964
Keywords=Classic
Message=A service was installed in the system.

Service Name:  Splunk Trace Kernel Mode Driver
Service File Name:  \SystemRoot\system32\DRIVERS\splunkdrv.sys
Service Type:  kernel mode driver
Service Start Type:  demand start
Service Account:
10/16/2020 07:30:21 AM
LogName=System
SourceName=Microsoft-Windows-Service Control Manager
EventCode=7045
EventType=4
Type=Information
ComputerName=win-host-374.attackrange.local
User=NOT_TRANSLATED
Sid=S-1-5-18
SidType=0
TaskCategory=None
OpCode=The operation completed successfully.
RecordNumber=81967
Keywords=Classic
Message=A service was installed in the system.

Service Name:  SplunkForwarder Service
Service File Name:  "C:\Program Files\SplunkUniversalForwarder\bin\splunkd.exe" service
Service Type:  user mode service
Service Start Type:  auto start
Service Account:  LocalSystem
10/16/2020 07:30:27 AM
LogName=System
SourceName=Microsoft-Windows-Time-Service
EventCode=35
EventType=4
Type=Information
ComputerName=win-host-374.attackrange.local
User=NOT_TRANSLATED
Sid=S-1-5-19
SidType=0
TaskCategory=None
OpCode=Info
RecordNumber=81968
Keywords=None
Message=The time service is now synchronizing the system time with the time source time.windows.com,0x8 (ntp.m|0x8|0.0.0.0:123->51.105.208.173:123).
10/16/2020 07:30:32 AM
LogName=System
SourceName=Microsoft-Windows-Service Control Manager
EventCode=7036
EventType=4
Type=Information
ComputerName=win-host-374.attackrange.local
TaskCategory=None
OpCode=The operation completed successfully.
RecordNumber=81969
Keywords=Classic
Message=The SplunkForwarder Service service entered the running state.
10/16/2020 07:31:12 AM
LogName=System
SourceName=Microsoft-Windows-Service Control Manager
EventCode=7045
EventType=4
Type=Information
ComputerName=win-host-374.attackrange.local
User=NOT_TRANSLATED
Sid=S-1-5-18
SidType=0
TaskCategory=None
OpCode=The operation completed successfully.
RecordNumber=81970
Keywords=Classic
Message=A service was installed in the system.

Service Name:  nxlog
Service File Name:  "C:\Program Files (x86)\nxlog\nxlog.exe" -c "C:\Program Files (x86)\nxlog\conf\nxlog.conf"
Service Type:  user mode service
Service Start Type:  auto start
Service Account:  LocalSystem
10/16/2020 07:31:19 AM
LogName=System
SourceName=Microsoft-Windows-Service Control Manager
EventCode=7036
EventType=4
Type=Information
ComputerName=win-host-374.attackrange.local
TaskCategory=None
OpCode=The operation completed successfully.
RecordNumber=81971
Keywords=Classic
Message=The nxlog service entered the running state.
10/16/2020 07:31:25 AM
LogName=System
SourceName=Microsoft-Windows-Service Control Manager
EventCode=7036
EventType=4
Type=Information
ComputerName=win-host-374.attackrange.local
TaskCategory=None
OpCode=The operation completed successfully.
RecordNumber=81973
Keywords=Classic
Message=The SplunkForwarder Service service entered the stopped state.
10/16/2020 07:31:25 AM
LogName=System
SourceName=Microsoft-Windows-Service Control Manager
EventCode=7036
EventType=4
Type=Information
ComputerName=win-host-374.attackrange.local
TaskCategory=None
OpCode=The operation completed successfully.
RecordNumber=81972
Keywords=Classic
Message=The SplunkForwarder Service service entered the stopped state.
10/16/2020 07:31:32 AM
LogName=System
SourceName=Microsoft-Windows-Service Control Manager
EventCode=7036
EventType=4
Type=Information
ComputerName=win-host-374.attackrange.local
TaskCategory=None
OpCode=The operation completed successfully.
RecordNumber=81974
Keywords=Classic
Message=The SplunkForwarder Service service entered the running state.
10/16/2020 07:32:02 AM
LogName=System
SourceName=Microsoft-Windows-Service Control Manager
EventCode=7036
EventType=4
Type=Information
ComputerName=win-host-374.attackrange.local
TaskCategory=None
OpCode=The operation completed successfully.
RecordNumber=81977
Keywords=Classic
Message=The Diagnostic System Host service entered the running state.
10/16/2020 07:32:02 AM
LogName=System
SourceName=Microsoft-Windows-Service Control Manager
EventCode=7036
EventType=4
Type=Information
ComputerName=win-host-374.attackrange.local
TaskCategory=None
OpCode=The operation completed successfully.
RecordNumber=81976
Keywords=Classic
Message=The Diagnostic Policy Service service entered the running state.
10/16/2020 07:32:02 AM
LogName=System
SourceName=Microsoft-Windows-Service Control Manager
EventCode=7036
EventType=4
Type=Information
ComputerName=win-host-374.attackrange.local
TaskCategory=None
OpCode=The operation completed successfully.
RecordNumber=81975
Keywords=Classic
Message=The Connected Devices Platform Service service entered the stopped state.
10/16/2020 07:32:03 AM
LogName=System
SourceName=Microsoft-Windows-Service Control Manager
EventCode=7036
EventType=4
Type=Information
ComputerName=win-host-374.attackrange.local
TaskCategory=None
OpCode=The operation completed successfully.
RecordNumber=81980
Keywords=Classic
Message=The Software Protection service entered the running state.
10/16/2020 07:32:03 AM
LogName=System
SourceName=Microsoft-Windows-Service Control Manager
EventCode=7036
EventType=4
Type=Information
ComputerName=win-host-374.attackrange.local
TaskCategory=None
OpCode=The operation completed successfully.
RecordNumber=81979
Keywords=Classic
Message=The Distributed Transaction Coordinator service entered the running state.
10/16/2020 07:32:03 AM
LogName=System
SourceName=Microsoft-Windows-Service Control Manager
EventCode=7036
EventType=4
Type=Information
ComputerName=win-host-374.attackrange.local
TaskCategory=None
OpCode=The operation completed successfully.
RecordNumber=81978
Keywords=Classic
Message=The Downloaded Maps Manager service entered the running state.
10/16/2020 07:32:05 AM
LogName=System
SourceName=Microsoft-Windows-Service Control Manager
EventCode=7036
EventType=4
Type=Information
ComputerName=win-host-374.attackrange.local
TaskCategory=None
OpCode=The operation completed successfully.
RecordNumber=81981
Keywords=Classic
Message=The User Access Logging Service service entered the running state.
10/16/2020 07:32:06 AM
LogName=System
SourceName=Microsoft-Windows-Service Control Manager
EventCode=7036
EventType=4
Type=Information
ComputerName=win-host-374.attackrange.local
TaskCategory=None
OpCode=The operation completed successfully.
RecordNumber=81982
Keywords=Classic
Message=The Portable Device Enumerator Service service entered the stopped state.
10/16/2020 07:32:07 AM
LogName=System
SourceName=Microsoft-Windows-Service Control Manager
EventCode=7036
EventType=4
Type=Information
ComputerName=win-host-374.attackrange.local
TaskCategory=None
OpCode=The operation completed successfully.
RecordNumber=81986
Keywords=Classic
Message=The sysmon64 service entered the running state.
10/16/2020 07:32:07 AM
LogName=System
SourceName=Microsoft-Windows-FilterManager
EventCode=6
EventType=4
Type=Information
ComputerName=win-host-374.attackrange.local
User=NOT_TRANSLATED
Sid=S-1-5-18
SidType=0
TaskCategory=None
OpCode=Info
RecordNumber=81985
Keywords=None
Message=File System Filter 'SysmonDrv' (0.0, ‎2020‎-‎10‎-‎12T17:39:59.000000000Z) has successfully loaded and registered with Filter Manager.
10/16/2020 07:32:07 AM
LogName=System
SourceName=Microsoft-Windows-Service Control Manager
EventCode=7045
EventType=4
Type=Information
ComputerName=win-host-374.attackrange.local
User=NOT_TRANSLATED
Sid=S-1-5-21-4284141139-3213569923-3907246136-500
SidType=0
TaskCategory=None
OpCode=The operation completed successfully.
RecordNumber=81984
Keywords=Classic
Message=A service was installed in the system.

Service Name:  SysmonDrv
Service File Name:  C:\Windows\SysmonDrv.sys
Service Type:  kernel mode driver
Service Start Type:  boot start
Service Account:
10/16/2020 07:32:07 AM
LogName=System
SourceName=Microsoft-Windows-Service Control Manager
EventCode=7045
EventType=4
Type=Information
ComputerName=win-host-374.attackrange.local
User=NOT_TRANSLATED
Sid=S-1-5-21-4284141139-3213569923-3907246136-500
SidType=0
TaskCategory=None
OpCode=The operation completed successfully.
RecordNumber=81983
Keywords=Classic
Message=A service was installed in the system.

Service Name:  sysmon64
Service File Name:  C:\Windows\sysmon64.exe
Service Type:  user mode service
Service Start Type:  auto start
Service Account:  LocalSystem
10/16/2020 07:32:08 AM
LogName=System
SourceName=Microsoft-Windows-Service Control Manager
EventCode=7036
EventType=4
Type=Information
ComputerName=win-host-374.attackrange.local
TaskCategory=None
OpCode=The operation completed successfully.
RecordNumber=81987
Keywords=Classic
Message=The Windows Modules Installer service entered the stopped state.
10/16/2020 07:32:09 AM
LogName=System
SourceName=Microsoft-Windows-Service Control Manager
EventCode=7036
EventType=4
Type=Information
ComputerName=win-host-374.attackrange.local
TaskCategory=None
OpCode=The operation completed successfully.
RecordNumber=81989
Keywords=Classic
Message=The Client License Service (ClipSVC) service entered the running state.
10/16/2020 07:32:09 AM
LogName=System
SourceName=Microsoft-Windows-Service Control Manager
EventCode=7036
EventType=4
Type=Information
ComputerName=win-host-374.attackrange.local
TaskCategory=None
OpCode=The operation completed successfully.
RecordNumber=81988
Keywords=Classic
Message=The Microsoft Account Sign-in Assistant service entered the running state.
10/16/2020 07:32:11 AM
LogName=System
SourceName=Microsoft-Windows-Service Control Manager
EventCode=7036
EventType=4
Type=Information
ComputerName=win-host-374.attackrange.local
TaskCategory=None
OpCode=The operation completed successfully.
RecordNumber=81990
Keywords=Classic
Message=The Windows License Manager Service service entered the running state.
10/16/2020 07:32:13 AM
LogName=System
SourceName=Microsoft-Windows-Service Control Manager
EventCode=7036
EventType=4
Type=Information
ComputerName=win-host-374.attackrange.local
TaskCategory=None
OpCode=The operation completed successfully.
RecordNumber=81991
Keywords=Classic
Message=The Downloaded Maps Manager service entered the stopped state.
10/16/2020 07:32:14 AM
LogName=System
SourceName=User32
EventCode=1074
EventType=4
Type=Information
ComputerName=win-host-374.attackrange.local
User=NOT_TRANSLATED
Sid=S-1-5-21-4284141139-3213569923-3907246136-500
SidType=0
TaskCategory=None
OpCode=The operation completed successfully.
RecordNumber=81992
Keywords=Classic
Message=The process C:\Windows\system32\shutdown.exe (WIN-HOST-374) has initiated the restart of computer WIN-HOST-374 on behalf of user WIN-HOST-374\Administrator for the following reason: No title for this reason could be found
 Reason Code: 0x800000ff
 Shutdown Type: restart
 Comment: Reboot initiated by Ansible
10/16/2020 07:32:16 AM
LogName=System
SourceName=Microsoft-Windows-Service Control Manager
EventCode=7036
EventType=4
Type=Information
ComputerName=win-host-374.attackrange.local
TaskCategory=None
OpCode=The operation completed successfully.
RecordNumber=82024
Keywords=Classic
Message=The Windows Event Log service entered the stopped state.
10/16/2020 07:32:16 AM
LogName=System
SourceName=Microsoft-Windows-Service Control Manager
EventCode=7036
EventType=4
Type=Information
ComputerName=win-host-374.attackrange.local
TaskCategory=None
OpCode=The operation completed successfully.
RecordNumber=82023
Keywords=Classic
Message=The Windows Remote Management (WS-Management) service entered the stopped state.
10/16/2020 07:32:16 AM
LogName=System
SourceName=Microsoft-Windows-Service Control Manager
EventCode=7036
EventType=4
Type=Information
ComputerName=win-host-374.attackrange.local
TaskCategory=None
OpCode=The operation completed successfully.
RecordNumber=82022
Keywords=Classic
Message=The User Profile Service service entered the stopped state.
10/16/2020 07:32:16 AM
LogName=System
SourceName=Microsoft-Windows-Service Control Manager
EventCode=7036
EventType=4
Type=Information
ComputerName=win-host-374.attackrange.local
TaskCategory=None
OpCode=The operation completed successfully.
RecordNumber=82021
Keywords=Classic
Message=The Remote Desktop Services service entered the stopped state.
10/16/2020 07:32:16 AM
LogName=System
SourceName=Microsoft-Windows-Service Control Manager
EventCode=7036
EventType=4
Type=Information
ComputerName=win-host-374.attackrange.local
TaskCategory=None
OpCode=The operation completed successfully.
RecordNumber=82020
Keywords=Classic
Message=The Software Protection service entered the stopped state.
10/16/2020 07:32:16 AM
LogName=System
SourceName=Microsoft-Windows-Service Control Manager
EventCode=7036
EventType=4
Type=Information
ComputerName=win-host-374.attackrange.local
TaskCategory=None
OpCode=The operation completed successfully.
RecordNumber=82019
Keywords=Classic
Message=The State Repository Service service entered the stopped state.
10/16/2020 07:32:16 AM
LogName=System
SourceName=Microsoft-Windows-Service Control Manager
EventCode=7036
EventType=4
Type=Information
ComputerName=win-host-374.attackrange.local
TaskCategory=None
OpCode=The operation completed successfully.
RecordNumber=82018
Keywords=Classic
Message=The Certificate Propagation service entered the stopped state.
10/16/2020 07:32:16 AM
LogName=System
SourceName=Microsoft-Windows-Service Control Manager
EventCode=7036
EventType=4
Type=Information
ComputerName=win-host-374.attackrange.local
TaskCategory=None
OpCode=The operation completed successfully.
RecordNumber=82017
Keywords=Classic
Message=The DHCP Client service entered the stopped state.
10/16/2020 07:32:16 AM
LogName=System
SourceName=Microsoft-Windows-Dhcp-Client
EventCode=50037
EventType=4
Type=Information
ComputerName=win-host-374.attackrange.local
User=NOT_TRANSLATED
Sid=S-1-5-19
SidType=0
TaskCategory=Service State Event
OpCode=ServiceStop
RecordNumber=82016
Keywords=None
Message=DHCPv4 client service is stopped. ShutDown Flag value is 1
10/16/2020 07:32:16 AM
LogName=System
SourceName=Microsoft-Windows-Service Control Manager
EventCode=7036
EventType=4
Type=Information
ComputerName=win-host-374.attackrange.local
TaskCategory=None
OpCode=The operation completed successfully.
RecordNumber=82015
Keywords=Classic
Message=The Windows Connection Manager service entered the stopped state.
10/16/2020 07:32:16 AM
LogName=System
SourceName=Microsoft-Windows-DHCPv6-Client
EventCode=51047
EventType=4
Type=Information
ComputerName=win-host-374.attackrange.local
User=NOT_TRANSLATED
Sid=S-1-5-19
SidType=0
TaskCategory=Service State Event
OpCode=ServiceStop
RecordNumber=82014
Keywords=None
Message=DHCPv6 client service is stopped. ShutDown Flag value is 1
10/16/2020 07:32:16 AM
LogName=System
SourceName=Microsoft-Windows-Service Control Manager
EventCode=7036
EventType=4
Type=Information
ComputerName=win-host-374.attackrange.local
TaskCategory=None
OpCode=The operation completed successfully.
RecordNumber=82013
Keywords=Classic
Message=The Program Compatibility Assistant Service service entered the stopped state.
10/16/2020 07:32:16 AM
LogName=System
SourceName=Microsoft-Windows-Service Control Manager
EventCode=7036
EventType=4
Type=Information
ComputerName=win-host-374.attackrange.local
TaskCategory=None
OpCode=The operation completed successfully.
RecordNumber=82012
Keywords=Classic
Message=The Windows Management Instrumentation service entered the stopped state.
10/16/2020 07:32:16 AM
LogName=System
SourceName=Microsoft-Windows-Service Control Manager
EventCode=7036
EventType=4
Type=Information
ComputerName=win-host-374.attackrange.local
TaskCategory=None
OpCode=The operation completed successfully.
RecordNumber=82011
Keywords=Classic
Message=The Distributed Link Tracking Client service entered the stopped state.
10/16/2020 07:32:16 AM
LogName=System
SourceName=Microsoft-Windows-Service Control Manager
EventCode=7036
EventType=4
Type=Information
ComputerName=win-host-374.attackrange.local
TaskCategory=None
OpCode=The operation completed successfully.
RecordNumber=82010
Keywords=Classic
Message=The Distributed Transaction Coordinator service entered the stopped state.
10/16/2020 07:32:16 AM
LogName=System
SourceName=Microsoft-Windows-Service Control Manager
EventCode=7036
EventType=4
Type=Information
ComputerName=win-host-374.attackrange.local
TaskCategory=None
OpCode=The operation completed successfully.
RecordNumber=82009
Keywords=Classic
Message=The Windows Installer service entered the stopped state.
10/16/2020 07:32:16 AM
LogName=System
SourceName=Microsoft-Windows-Service Control Manager
EventCode=7036
EventType=4
Type=Information
ComputerName=win-host-374.attackrange.local
TaskCategory=None
OpCode=The operation completed successfully.
RecordNumber=82008
Keywords=Classic
Message=The Windows Font Cache Service service entered the stopped state.
10/16/2020 07:32:16 AM
LogName=System
SourceName=Microsoft-Windows-Service Control Manager
EventCode=7036
EventType=4
Type=Information
ComputerName=win-host-374.attackrange.local
TaskCategory=None
OpCode=The operation completed successfully.
RecordNumber=82007
Keywords=Classic
Message=The Client License Service (ClipSVC) service entered the stopped state.
10/16/2020 07:32:16 AM
LogName=System
SourceName=Microsoft-Windows-Service Control Manager
EventCode=7036
EventType=4
Type=Information
ComputerName=win-host-374.attackrange.local
TaskCategory=None
OpCode=The operation completed successfully.
RecordNumber=82006
Keywords=Classic
Message=The Diagnostic System Host service entered the stopped state.
