<Event xmlns='http://schemas.microsoft.com/win/2004/08/events/event'><System><Provider Name='Microsoft-Windows-Sysmon' Guid='{5770385F-C22A-43E0-BF4C-06F5698FFBD9}'/><EventID>7</EventID><Version>3</Version><Level>4</Level><Task>7</Task><Opcode>0</Opcode><Keywords>0x8000000000000000</Keywords><TimeCreated SystemTime='2021-10-14T19:10:00.852109100Z'/><EventRecordID>29768351</EventRecordID><Correlation/><Execution ProcessID='2856' ThreadID='2088'/><Channel>Microsoft-Windows-Sysmon/Operational</Channel><Computer>win-dc-469.attackrange.local</Computer><Security UserID='S-1-5-18'/></System><EventData><Data Name='RuleName'>-</Data><Data Name='UtcTime'>2021-10-14 19:10:00.850</Data><Data Name='ProcessGuid'>{8B6011A9-8088-6168-E178-00000000F101}</Data><Data Name='ProcessId'>5488</Data><Data Name='Image'>C:\Windows\System32\setspn.exe</Data><Data Name='ImageLoaded'>C:\Windows\System32\ws2_32.dll</Data><Data Name='FileVersion'>10.0.14393.3241 (rs1_release_inmarket.190910-1801)</Data><Data Name='Description'>Windows Socket 2.0 32-Bit DLL</Data><Data Name='Product'>Microsoft® Windows® Operating System</Data><Data Name='Company'>Microsoft Corporation</Data><Data Name='OriginalFileName'>ws2_32.dll</Data><Data Name='Hashes'>MD5=06E82905620845A7C185BDEE85CC4140,SHA256=B75C9B080293F85568912BABE749F403144959206F9C6BAB36B628E8F77C5DA0</Data><Data Name='Signed'>true</Data><Data Name='Signature'>Microsoft Windows</Data><Data Name='SignatureStatus'>Valid</Data></EventData></Event>
<Event xmlns='http://schemas.microsoft.com/win/2004/08/events/event'><System><Provider Name='Microsoft-Windows-Sysmon' Guid='{5770385F-C22A-43E0-BF4C-06F5698FFBD9}'/><EventID>7</EventID><Version>3</Version><Level>4</Level><Task>7</Task><Opcode>0</Opcode><Keywords>0x8000000000000000</Keywords><TimeCreated SystemTime='2021-10-14T19:10:00.851747800Z'/><EventRecordID>29768350</EventRecordID><Correlation/><Execution ProcessID='2856' ThreadID='2088'/><Channel>Microsoft-Windows-Sysmon/Operational</Channel><Computer>win-dc-469.attackrange.local</Computer><Security UserID='S-1-5-18'/></System><EventData><Data Name='RuleName'>-</Data><Data Name='UtcTime'>2021-10-14 19:10:00.850</Data><Data Name='ProcessGuid'>{8B6011A9-8088-6168-E178-00000000F101}</Data><Data Name='ProcessId'>5488</Data><Data Name='Image'>C:\Windows\System32\setspn.exe</Data><Data Name='ImageLoaded'>C:\Windows\System32\rpcrt4.dll</Data><Data Name='FileVersion'>10.0.14393.4467 (rs1_release.210604-1844)</Data><Data Name='Description'>Remote Procedure Call Runtime</Data><Data Name='Product'>Microsoft® Windows® Operating System</Data><Data Name='Company'>Microsoft Corporation</Data><Data Name='OriginalFileName'>rpcrt4.dll</Data><Data Name='Hashes'>MD5=B0C4BF9491FB453B77399E3C56C11DC8,SHA256=66D5D1B3D25D15EA8737C8B2EF83E770BA10931868F24DCACC50936F0A0BAC08</Data><Data Name='Signed'>true</Data><Data Name='Signature'>Microsoft Windows</Data><Data Name='SignatureStatus'>Valid</Data></EventData></Event>
<Event xmlns='http://schemas.microsoft.com/win/2004/08/events/event'><System><Provider Name='Microsoft-Windows-Sysmon' Guid='{5770385F-C22A-43E0-BF4C-06F5698FFBD9}'/><EventID>7</EventID><Version>3</Version><Level>4</Level><Task>7</Task><Opcode>0</Opcode><Keywords>0x8000000000000000</Keywords><TimeCreated SystemTime='2021-10-14T19:10:00.851538100Z'/><EventRecordID>29768349</EventRecordID><Correlation/><Execution ProcessID='2856' ThreadID='2088'/><Channel>Microsoft-Windows-Sysmon/Operational</Channel><Computer>win-dc-469.attackrange.local</Computer><Security UserID='S-1-5-18'/></System><EventData><Data Name='RuleName'>-</Data><Data Name='UtcTime'>2021-10-14 19:10:00.850</Data><Data Name='ProcessGuid'>{8B6011A9-8088-6168-E178-00000000F101}</Data><Data Name='ProcessId'>5488</Data><Data Name='Image'>C:\Windows\System32\setspn.exe</Data><Data Name='ImageLoaded'>C:\Windows\System32\combase.dll</Data><Data Name='FileVersion'>10.0.14393.4583 (rs1_release.210730-1850)</Data><Data Name='Description'>Microsoft COM for Windows</Data><Data Name='Product'>Microsoft® Windows® Operating System</Data><Data Name='Company'>Microsoft Corporation</Data><Data Name='OriginalFileName'>COMBASE.DLL</Data><Data Name='Hashes'>MD5=878EBD02A580FDF8F187100127E6D3A8,SHA256=54E4BADDFBD97CFFF871B6D7316B28872218B92F37C41199F71EB37BC5634216</Data><Data Name='Signed'>true</Data><Data Name='Signature'>Microsoft Windows</Data><Data Name='SignatureStatus'>Valid</Data></EventData></Event>
<Event xmlns='http://schemas.microsoft.com/win/2004/08/events/event'><System><Provider Name='Microsoft-Windows-Sysmon' Guid='{5770385F-C22A-43E0-BF4C-06F5698FFBD9}'/><EventID>7</EventID><Version>3</Version><Level>4</Level><Task>7</Task><Opcode>0</Opcode><Keywords>0x8000000000000000</Keywords><TimeCreated SystemTime='2021-10-14T19:10:00.851305800Z'/><EventRecordID>29768348</EventRecordID><Correlation/><Execution ProcessID='2856' ThreadID='2088'/><Channel>Microsoft-Windows-Sysmon/Operational</Channel><Computer>win-dc-469.attackrange.local</Computer><Security UserID='S-1-5-18'/></System><EventData><Data Name='RuleName'>-</Data><Data Name='UtcTime'>2021-10-14 19:10:00.850</Data><Data Name='ProcessGuid'>{8B6011A9-8088-6168-E178-00000000F101}</Data><Data Name='ProcessId'>5488</Data><Data Name='Image'>C:\Windows\System32\setspn.exe</Data><Data Name='ImageLoaded'>C:\Windows\System32\ntdsapi.dll</Data><Data Name='FileVersion'>10.0.14393.0 (rs1_release.160715-1616)</Data><Data Name='Description'>Active Directory Domain Services API</Data><Data Name='Product'>Microsoft® Windows® Operating System</Data><Data Name='Company'>Microsoft Corporation</Data><Data Name='OriginalFileName'>ntdsapi.dll</Data><Data Name='Hashes'>MD5=01AD803D409DC3C6582A9C519EB4B014,SHA256=C5A0873EC1223A67CE5980BB62F176FDF2E61BB54081CE004F479629413F27AA</Data><Data Name='Signed'>true</Data><Data Name='Signature'>Microsoft Windows</Data><Data Name='SignatureStatus'>Valid</Data></EventData></Event>
<Event xmlns='http://schemas.microsoft.com/win/2004/08/events/event'><System><Provider Name='Microsoft-Windows-Sysmon' Guid='{5770385F-C22A-43E0-BF4C-06F5698FFBD9}'/><EventID>7</EventID><Version>3</Version><Level>4</Level><Task>7</Task><Opcode>0</Opcode><Keywords>0x8000000000000000</Keywords><TimeCreated SystemTime='2021-10-14T19:10:00.850896300Z'/><EventRecordID>29768347</EventRecordID><Correlation/><Execution ProcessID='2856' ThreadID='2088'/><Channel>Microsoft-Windows-Sysmon/Operational</Channel><Computer>win-dc-469.attackrange.local</Computer><Security UserID='S-1-5-18'/></System><EventData><Data Name='RuleName'>-</Data><Data Name='UtcTime'>2021-10-14 19:10:00.850</Data><Data Name='ProcessGuid'>{8B6011A9-8088-6168-E178-00000000F101}</Data><Data Name='ProcessId'>5488</Data><Data Name='Image'>C:\Windows\System32\setspn.exe</Data><Data Name='ImageLoaded'>C:\Windows\System32\netutils.dll</Data><Data Name='FileVersion'>10.0.14393.0 (rs1_release.160715-1616)</Data><Data Name='Description'>Net Win32 API Helpers DLL</Data><Data Name='Product'>Microsoft® Windows® Operating System</Data><Data Name='Company'>Microsoft Corporation</Data><Data Name='OriginalFileName'>NETUTILS.DLL</Data><Data Name='Hashes'>MD5=504739A17F3A05531258784275A6F375,SHA256=A931C54C47B454407990241DB12BD209AC219C55F026ADDED427A9E84A409923</Data><Data Name='Signed'>true</Data><Data Name='Signature'>Microsoft Windows</Data><Data Name='SignatureStatus'>Valid</Data></EventData></Event>
<Event xmlns='http://schemas.microsoft.com/win/2004/08/events/event'><System><Provider Name='Microsoft-Windows-Sysmon' Guid='{5770385F-C22A-43E0-BF4C-06F5698FFBD9}'/><EventID>7</EventID><Version>3</Version><Level>4</Level><Task>7</Task><Opcode>0</Opcode><Keywords>0x8000000000000000</Keywords><TimeCreated SystemTime='2021-10-14T19:10:00.850691900Z'/><EventRecordID>29768346</EventRecordID><Correlation/><Execution ProcessID='2856' ThreadID='2088'/><Channel>Microsoft-Windows-Sysmon/Operational</Channel><Computer>win-dc-469.attackrange.local</Computer><Security UserID='S-1-5-18'/></System><EventData><Data Name='RuleName'>-</Data><Data Name='UtcTime'>2021-10-14 19:10:00.850</Data><Data Name='ProcessGuid'>{8B6011A9-8088-6168-E178-00000000F101}</Data><Data Name='ProcessId'>5488</Data><Data Name='Image'>C:\Windows\System32\setspn.exe</Data><Data Name='ImageLoaded'>C:\Windows\System32\logoncli.dll</Data><Data Name='FileVersion'>10.0.14393.3808 (rs1_release.200707-2105)</Data><Data Name='Description'>Net Logon Client DLL</Data><Data Name='Product'>Microsoft® Windows® Operating System</Data><Data Name='Company'>Microsoft Corporation</Data><Data Name='OriginalFileName'>LOGONCLI.DLL</Data><Data Name='Hashes'>MD5=B5C16F0A457DB3C7695AAC9EE7E3EE1E,SHA256=88764349C57E619C6D1253BB2F4AFB27DBD141E9EB9C12D445C20F7384A4F437</Data><Data Name='Signed'>true</Data><Data Name='Signature'>Microsoft Windows</Data><Data Name='SignatureStatus'>Valid</Data></EventData></Event>
<Event xmlns='http://schemas.microsoft.com/win/2004/08/events/event'><System><Provider Name='Microsoft-Windows-Sysmon' Guid='{5770385F-C22A-43E0-BF4C-06F5698FFBD9}'/><EventID>7</EventID><Version>3</Version><Level>4</Level><Task>7</Task><Opcode>0</Opcode><Keywords>0x8000000000000000</Keywords><TimeCreated SystemTime='2021-10-14T19:10:00.850440000Z'/><EventRecordID>29768345</EventRecordID><Correlation/><Execution ProcessID='2856' ThreadID='2088'/><Channel>Microsoft-Windows-Sysmon/Operational</Channel><Computer>win-dc-469.attackrange.local</Computer><Security UserID='S-1-5-18'/></System><EventData><Data Name='RuleName'>-</Data><Data Name='UtcTime'>2021-10-14 19:10:00.849</Data><Data Name='ProcessGuid'>{8B6011A9-8088-6168-E178-00000000F101}</Data><Data Name='ProcessId'>5488</Data><Data Name='Image'>C:\Windows\System32\setspn.exe</Data><Data Name='ImageLoaded'>C:\Windows\System32\shlwapi.dll</Data><Data Name='FileVersion'>10.0.14393.4169 (rs1_release.210107-1130)</Data><Data Name='Description'>Shell Light-weight Utility Library</Data><Data Name='Product'>Microsoft® Windows® Operating System</Data><Data Name='Company'>Microsoft Corporation</Data><Data Name='OriginalFileName'>SHLWAPI.DLL</Data><Data Name='Hashes'>MD5=F9E249B6BB80C06BA30A61854567796C,SHA256=E5F62CD5D2FE7BE8D4E029ECA004A8773FF8D1F7AB92C115810AD54B5B8F50CA</Data><Data Name='Signed'>true</Data><Data Name='Signature'>Microsoft Windows</Data><Data Name='SignatureStatus'>Valid</Data></EventData></Event>
<Event xmlns='http://schemas.microsoft.com/win/2004/08/events/event'><System><Provider Name='Microsoft-Windows-Sysmon' Guid='{5770385F-C22A-43E0-BF4C-06F5698FFBD9}'/><EventID>7</EventID><Version>3</Version><Level>4</Level><Task>7</Task><Opcode>0</Opcode><Keywords>0x8000000000000000</Keywords><TimeCreated SystemTime='2021-10-14T19:10:00.850160100Z'/><EventRecordID>29768344</EventRecordID><Correlation/><Execution ProcessID='2856' ThreadID='2088'/><Channel>Microsoft-Windows-Sysmon/Operational</Channel><Computer>win-dc-469.attackrange.local</Computer><Security UserID='S-1-5-18'/></System><EventData><Data Name='RuleName'>-</Data><Data Name='UtcTime'>2021-10-14 19:10:00.849</Data><Data Name='ProcessGuid'>{8B6011A9-8088-6168-E178-00000000F101}</Data><Data Name='ProcessId'>5488</Data><Data Name='Image'>C:\Windows\System32\setspn.exe</Data><Data Name='ImageLoaded'>C:\Windows\System32\ucrtbase.dll</Data><Data Name='FileVersion'>10.0.14393.3659 (rs1_release_1.200410-1813)</Data><Data Name='Description'>Microsoft® C Runtime Library</Data><Data Name='Product'>Microsoft® Windows® Operating System</Data><Data Name='Company'>Microsoft Corporation</Data><Data Name='OriginalFileName'>ucrtbase.dll</Data><Data Name='Hashes'>MD5=9804D130E8E7178738C2B9808091B427,SHA256=6053B7CC85846F15094475116A8C57BA89FE99FDD1978C54E8A7E2114E318FE3</Data><Data Name='Signed'>true</Data><Data Name='Signature'>Microsoft Windows</Data><Data Name='SignatureStatus'>Valid</Data></EventData></Event>
<Event xmlns='http://schemas.microsoft.com/win/2004/08/events/event'><System><Provider Name='Microsoft-Windows-Sysmon' Guid='{5770385F-C22A-43E0-BF4C-06F5698FFBD9}'/><EventID>7</EventID><Version>3</Version><Level>4</Level><Task>7</Task><Opcode>0</Opcode><Keywords>0x8000000000000000</Keywords><TimeCreated SystemTime='2021-10-14T19:10:00.849837800Z'/><EventRecordID>29768343</EventRecordID><Correlation/><Execution ProcessID='2856' ThreadID='2088'/><Channel>Microsoft-Windows-Sysmon/Operational</Channel><Computer>win-dc-469.attackrange.local</Computer><Security UserID='S-1-5-18'/></System><EventData><Data Name='RuleName'>-</Data><Data Name='UtcTime'>2021-10-14 19:10:00.849</Data><Data Name='ProcessGuid'>{8B6011A9-8088-6168-E178-00000000F101}</Data><Data Name='ProcessId'>5488</Data><Data Name='Image'>C:\Windows\System32\setspn.exe</Data><Data Name='ImageLoaded'>C:\Windows\System32\Wldap32.dll</Data><Data Name='FileVersion'>10.0.14393.3269 (rs1_release.190929-1234)</Data><Data Name='Description'>Win32 LDAP API DLL</Data><Data Name='Product'>Microsoft® Windows® Operating System</Data><Data Name='Company'>Microsoft Corporation</Data><Data Name='OriginalFileName'>WLDAP32.DLL</Data><Data Name='Hashes'>MD5=12D6C3E8AC705BB42D377C05714F551C,SHA256=E67F6DB96F062A319312C365F1F55B2B38B0F90B77FFDA2522418709CBA45EB3</Data><Data Name='Signed'>true</Data><Data Name='Signature'>Microsoft Windows</Data><Data Name='SignatureStatus'>Valid</Data></EventData></Event>
<Event xmlns='http://schemas.microsoft.com/win/2004/08/events/event'><System><Provider Name='Microsoft-Windows-Sysmon' Guid='{5770385F-C22A-43E0-BF4C-06F5698FFBD9}'/><EventID>7</EventID><Version>3</Version><Level>4</Level><Task>7</Task><Opcode>0</Opcode><Keywords>0x8000000000000000</Keywords><TimeCreated SystemTime='2021-10-14T19:10:00.849372900Z'/><EventRecordID>29768342</EventRecordID><Correlation/><Execution ProcessID='2856' ThreadID='2088'/><Channel>Microsoft-Windows-Sysmon/Operational</Channel><Computer>win-dc-469.attackrange.local</Computer><Security UserID='S-1-5-18'/></System><EventData><Data Name='RuleName'>-</Data><Data Name='UtcTime'>2021-10-14 19:10:00.848</Data><Data Name='ProcessGuid'>{8B6011A9-8088-6168-E178-00000000F101}</Data><Data Name='ProcessId'>5488</Data><Data Name='Image'>C:\Windows\System32\setspn.exe</Data><Data Name='ImageLoaded'>C:\Windows\System32\msvcrt.dll</Data><Data Name='FileVersion'>7.0.14393.2457 (rs1_release_inmarket.180822-1743)</Data><Data Name='Description'>Windows NT CRT DLL</Data><Data Name='Product'>Microsoft® Windows® Operating System</Data><Data Name='Company'>Microsoft Corporation</Data><Data Name='OriginalFileName'>msvcrt.dll</Data><Data Name='Hashes'>MD5=0AF8989DD67A135B536CF948E3EFB7EB,SHA256=C693DA0EF4DCF3BC244661B9FD280FE12C3053FDD7B977712C0CF210831B2EF4</Data><Data Name='Signed'>true</Data><Data Name='Signature'>Microsoft Windows</Data><Data Name='SignatureStatus'>Valid</Data></EventData></Event>
<Event xmlns='http://schemas.microsoft.com/win/2004/08/events/event'><System><Provider Name='Microsoft-Windows-Sysmon' Guid='{5770385F-C22A-43E0-BF4C-06F5698FFBD9}'/><EventID>10</EventID><Version>3</Version><Level>4</Level><Task>10</Task><Opcode>0</Opcode><Keywords>0x8000000000000000</Keywords><TimeCreated SystemTime='2021-10-14T19:10:00.848236600Z'/><EventRecordID>29768341</EventRecordID><Correlation/><Execution ProcessID='2856' ThreadID='2088'/><Channel>Microsoft-Windows-Sysmon/Operational</Channel><Computer>win-dc-469.attackrange.local</Computer><Security UserID='S-1-5-18'/></System><EventData><Data Name='RuleName'>-</Data><Data Name='UtcTime'>2021-10-14 19:10:00.847</Data><Data Name='SourceProcessGUID'>{8B6011A9-804E-6168-D778-00000000F101}</Data><Data Name='SourceProcessId'>4748</Data><Data Name='SourceThreadId'>1992</Data><Data Name='SourceImage'>C:\Windows\system32\conhost.exe</Data><Data Name='TargetProcessGUID'>{8B6011A9-8088-6168-E178-00000000F101}</Data><Data Name='TargetProcessId'>5488</Data><Data Name='TargetImage'>C:\Windows\system32\setspn.exe</Data><Data Name='GrantedAccess'>0x1fffff</Data><Data Name='CallTrace'>C:\Windows\SYSTEM32\ntdll.dll+a6134|C:\Windows\SYSTEM32\ConhostV2.dll+5ca7|C:\Windows\SYSTEM32\ConhostV2.dll+774b|C:\Windows\SYSTEM32\ConhostV2.dll+a8ef|C:\Windows\System32\KERNEL32.DLL+84d4|C:\Windows\SYSTEM32\ntdll.dll+51781</Data></EventData></Event>
<Event xmlns='http://schemas.microsoft.com/win/2004/08/events/event'><System><Provider Name='Microsoft-Windows-Sysmon' Guid='{5770385F-C22A-43E0-BF4C-06F5698FFBD9}'/><EventID>7</EventID><Version>3</Version><Level>4</Level><Task>7</Task><Opcode>0</Opcode><Keywords>0x8000000000000000</Keywords><TimeCreated SystemTime='2021-10-14T19:10:00.846871900Z'/><EventRecordID>29768340</EventRecordID><Correlation/><Execution ProcessID='2856' ThreadID='2088'/><Channel>Microsoft-Windows-Sysmon/Operational</Channel><Computer>win-dc-469.attackrange.local</Computer><Security UserID='S-1-5-18'/></System><EventData><Data Name='RuleName'>-</Data><Data Name='UtcTime'>2021-10-14 19:10:00.846</Data><Data Name='ProcessGuid'>{8B6011A9-8088-6168-E178-00000000F101}</Data><Data Name='ProcessId'>5488</Data><Data Name='Image'>C:\Windows\System32\setspn.exe</Data><Data Name='ImageLoaded'>C:\Windows\System32\KernelBase.dll</Data><Data Name='FileVersion'>10.0.14393.4350 (rs1_release.210407-2154)</Data><Data Name='Description'>Windows NT BASE API Client DLL</Data><Data Name='Product'>Microsoft® Windows® Operating System</Data><Data Name='Company'>Microsoft Corporation</Data><Data Name='OriginalFileName'>Kernelbase.dll</Data><Data Name='Hashes'>MD5=0F627827D9CFFA8E0BCF30F013FB7209,SHA256=EA47C3E471801ACA92EE449C66CF785EA670ADE92A5A2D5CDB81C93DD72ABEF0</Data><Data Name='Signed'>true</Data><Data Name='Signature'>Microsoft Windows</Data><Data Name='SignatureStatus'>Valid</Data></EventData></Event>
<Event xmlns='http://schemas.microsoft.com/win/2004/08/events/event'><System><Provider Name='Microsoft-Windows-Sysmon' Guid='{5770385F-C22A-43E0-BF4C-06F5698FFBD9}'/><EventID>7</EventID><Version>3</Version><Level>4</Level><Task>7</Task><Opcode>0</Opcode><Keywords>0x8000000000000000</Keywords><TimeCreated SystemTime='2021-10-14T19:10:00.846085800Z'/><EventRecordID>29768339</EventRecordID><Correlation/><Execution ProcessID='2856' ThreadID='2088'/><Channel>Microsoft-Windows-Sysmon/Operational</Channel><Computer>win-dc-469.attackrange.local</Computer><Security UserID='S-1-5-18'/></System><EventData><Data Name='RuleName'>-</Data><Data Name='UtcTime'>2021-10-14 19:10:00.845</Data><Data Name='ProcessGuid'>{8B6011A9-8088-6168-E178-00000000F101}</Data><Data Name='ProcessId'>5488</Data><Data Name='Image'>C:\Windows\System32\setspn.exe</Data><Data Name='ImageLoaded'>C:\Windows\System32\kernel32.dll</Data><Data Name='FileVersion'>10.0.14393.4350 (rs1_release.210407-2154)</Data><Data Name='Description'>Windows NT BASE API Client DLL</Data><Data Name='Product'>Microsoft® Windows® Operating System</Data><Data Name='Company'>Microsoft Corporation</Data><Data Name='OriginalFileName'>kernel32</Data><Data Name='Hashes'>MD5=A5AD62615D2361BFAEC6C047B199184C,SHA256=B43F3DFDAF7BAA7A2B97015631F96CE429C50348D380080CFC29C36F959D7886</Data><Data Name='Signed'>true</Data><Data Name='Signature'>Microsoft Windows</Data><Data Name='SignatureStatus'>Valid</Data></EventData></Event>
<Event xmlns='http://schemas.microsoft.com/win/2004/08/events/event'><System><Provider Name='Microsoft-Windows-Sysmon' Guid='{5770385F-C22A-43E0-BF4C-06F5698FFBD9}'/><EventID>7</EventID><Version>3</Version><Level>4</Level><Task>7</Task><Opcode>0</Opcode><Keywords>0x8000000000000000</Keywords><TimeCreated SystemTime='2021-10-14T19:10:00.845427200Z'/><EventRecordID>29768338</EventRecordID><Correlation/><Execution ProcessID='2856' ThreadID='2088'/><Channel>Microsoft-Windows-Sysmon/Operational</Channel><Computer>win-dc-469.attackrange.local</Computer><Security UserID='S-1-5-18'/></System><EventData><Data Name='RuleName'>-</Data><Data Name='UtcTime'>2021-10-14 19:10:00.844</Data><Data Name='ProcessGuid'>{8B6011A9-8088-6168-E178-00000000F101}</Data><Data Name='ProcessId'>5488</Data><Data Name='Image'>C:\Windows\System32\setspn.exe</Data><Data Name='ImageLoaded'>C:\Windows\System32\ntdll.dll</Data><Data Name='FileVersion'>10.0.14393.4530 (rs1_release.210705-0736)</Data><Data Name='Description'>NT Layer DLL</Data><Data Name='Product'>Microsoft® Windows® Operating System</Data><Data Name='Company'>Microsoft Corporation</Data><Data Name='OriginalFileName'>ntdll.dll</Data><Data Name='Hashes'>MD5=36B87C41EE39F3051D116F735EBEF866,SHA256=9C45BAE6D7E27B3AE04BBF88B96686C04ED6A43695558E82B687013BA0383F8A</Data><Data Name='Signed'>true</Data><Data Name='Signature'>Microsoft Windows</Data><Data Name='SignatureStatus'>Valid</Data></EventData></Event>
<Event xmlns='http://schemas.microsoft.com/win/2004/08/events/event'><System><Provider Name='Microsoft-Windows-Sysmon' Guid='{5770385F-C22A-43E0-BF4C-06F5698FFBD9}'/><EventID>7</EventID><Version>3</Version><Level>4</Level><Task>7</Task><Opcode>0</Opcode><Keywords>0x8000000000000000</Keywords><TimeCreated SystemTime='2021-10-14T19:10:00.844915200Z'/><EventRecordID>29768337</EventRecordID><Correlation/><Execution ProcessID='2856' ThreadID='2088'/><Channel>Microsoft-Windows-Sysmon/Operational</Channel><Computer>win-dc-469.attackrange.local</Computer><Security UserID='S-1-5-18'/></System><EventData><Data Name='RuleName'>-</Data><Data Name='UtcTime'>2021-10-14 19:10:00.844</Data><Data Name='ProcessGuid'>{8B6011A9-8088-6168-E178-00000000F101}</Data><Data Name='ProcessId'>5488</Data><Data Name='Image'>C:\Windows\System32\setspn.exe</Data><Data Name='ImageLoaded'>C:\Windows\System32\setspn.exe</Data><Data Name='FileVersion'>10.0.14393.0 (rs1_release.160715-1616)</Data><Data Name='Description'>Query or reset the computer's SPN attribute</Data><Data Name='Product'>Microsoft® Windows® Operating System</Data><Data Name='Company'>Microsoft Corporation</Data><Data Name='OriginalFileName'>setspn.exe</Data><Data Name='Hashes'>MD5=5C184D581524245DAD7A0A02B51FD2C2,SHA256=909C2DDF06CFEB1F79004DBB5E9B9D36B693CFDFF3459E0A6A51616B2AD6D2D1</Data><Data Name='Signed'>true</Data><Data Name='Signature'>Microsoft Windows</Data><Data Name='SignatureStatus'>Valid</Data></EventData></Event>
<Event xmlns='http://schemas.microsoft.com/win/2004/08/events/event'><System><Provider Name='Microsoft-Windows-Sysmon' Guid='{5770385F-C22A-43E0-BF4C-06F5698FFBD9}'/><EventID>10</EventID><Version>3</Version><Level>4</Level><Task>10</Task><Opcode>0</Opcode><Keywords>0x8000000000000000</Keywords><TimeCreated SystemTime='2021-10-14T19:10:00.843832300Z'/><EventRecordID>29768336</EventRecordID><Correlation/><Execution ProcessID='2856' ThreadID='2088'/><Channel>Microsoft-Windows-Sysmon/Operational</Channel><Computer>win-dc-469.attackrange.local</Computer><Security UserID='S-1-5-18'/></System><EventData><Data Name='RuleName'>-</Data><Data Name='UtcTime'>2021-10-14 19:10:00.843</Data><Data Name='SourceProcessGUID'>{8B6011A9-888A-6164-7000-00000000F101}</Data><Data Name='SourceProcessId'>3448</Data><Data Name='SourceThreadId'>3876</Data><Data Name='SourceImage'>C:\Windows\system32\csrss.exe</Data><Data Name='TargetProcessGUID'>{8B6011A9-8088-6168-E178-00000000F101}</Data><Data Name='TargetProcessId'>5488</Data><Data Name='TargetImage'>C:\Windows\system32\setspn.exe</Data><Data Name='GrantedAccess'>0x1fffff</Data><Data Name='CallTrace'>C:\Windows\SYSTEM32\ntdll.dll+a6134|C:\Windows\system32\basesrv.DLL+2f47|C:\Windows\SYSTEM32\CSRSRV.dll+5645|C:\Windows\SYSTEM32\ntdll.dll+5178f</Data></EventData></Event>
<Event xmlns='http://schemas.microsoft.com/win/2004/08/events/event'><System><Provider Name='Microsoft-Windows-Sysmon' Guid='{5770385F-C22A-43E0-BF4C-06F5698FFBD9}'/><EventID>10</EventID><Version>3</Version><Level>4</Level><Task>10</Task><Opcode>0</Opcode><Keywords>0x8000000000000000</Keywords><TimeCreated SystemTime='2021-10-14T19:10:00.843689300Z'/><EventRecordID>29768335</EventRecordID><Correlation/><Execution ProcessID='2856' ThreadID='2088'/><Channel>Microsoft-Windows-Sysmon/Operational</Channel><Computer>win-dc-469.attackrange.local</Computer><Security UserID='S-1-5-18'/></System><EventData><Data Name='RuleName'>-</Data><Data Name='UtcTime'>2021-10-14 19:10:00.842</Data><Data Name='SourceProcessGUID'>{8B6011A9-804E-6168-D678-00000000F101}</Data><Data Name='SourceProcessId'>5492</Data><Data Name='SourceThreadId'>4312</Data><Data Name='SourceImage'>C:\Windows\System32\WindowsPowerShell\v1.0\powershell.exe</Data><Data Name='TargetProcessGUID'>{8B6011A9-8088-6168-E178-00000000F101}</Data><Data Name='TargetProcessId'>5488</Data><Data Name='TargetImage'>C:\Windows\system32\setspn.exe</Data><Data Name='GrantedAccess'>0x1fffff</Data><Data Name='CallTrace'>C:\Windows\SYSTEM32\ntdll.dll+a7404|C:\Windows\System32\KERNELBASE.dll+2b860|C:\Windows\System32\KERNELBASE.dll+6b246|C:\Windows\System32\KERNEL32.DLL+1c213|C:\Windows\assembly\NativeImages_v4.0.30319_64\System\2a6ccbaba5690e5b3fec3bf707022bdb\System.ni.dll+384146|C:\Windows\assembly\NativeImages_v4.0.30319_64\System\2a6ccbaba5690e5b3fec3bf707022bdb\System.ni.dll+2c4809|C:\Windows\assembly\NativeImages_v4.0.30319_64\System\2a6ccbaba5690e5b3fec3bf707022bdb\System.ni.dll+2c4179|C:\Windows\assembly\NativeImages_v4.0.30319_64\System.Manaa57fc8cc#\0784610d68cd6b36e46150702bf69c35\System.Management.Automation.ni.dll+4ce006b(wow64)|C:\Windows\assembly\NativeImages_v4.0.30319_64\System.Manaa57fc8cc#\0784610d68cd6b36e46150702bf69c35\System.Management.Automation.ni.dll+41634c4(wow64)|C:\Windows\assembly\NativeImages_v4.0.30319_64\System.Manaa57fc8cc#\0784610d68cd6b36e46150702bf69c35\System.Management.Automation.ni.dll+41630ff(wow64)|C:\Windows\assembly\NativeImages_v4.0.30319_64\System.Manaa57fc8cc#\0784610d68cd6b36e46150702bf69c35\System.Management.Automation.ni.dll+4c2b42d(wow64)|C:\Windows\assembly\NativeImages_v4.0.30319_64\System.Manaa57fc8cc#\0784610d68cd6b36e46150702bf69c35\System.Management.Automation.ni.dll+4120071(wow64)|C:\Windows\assembly\NativeImages_v4.0.30319_64\System.Manaa57fc8cc#\0784610d68cd6b36e46150702bf69c35\System.Management.Automation.ni.dll+4183ae3(wow64)|C:\Windows\assembly\NativeImages_v4.0.30319_64\System.Manaa57fc8cc#\0784610d68cd6b36e46150702bf69c35\System.Management.Automation.ni.dll+4165af2(wow64)|C:\Windows\assembly\NativeImages_v4.0.30319_64\System.Manaa57fc8cc#\0784610d68cd6b36e46150702bf69c35\System.Management.Automation.ni.dll+4165af2(wow64)|C:\Windows\assembly\NativeImages_v4.0.30319_64\System.Manaa57fc8cc#\0784610d68cd6b36e46150702bf69c35\System.Management.Automation.ni.dll+4165983(wow64)|C:\Windows\assembly\NativeImages_v4.0.30319_64\System.Manaa57fc8cc#\0784610d68cd6b36e46150702bf69c35\System.Management.Automation.ni.dll+41566a3(wow64)|C:\Windows\assembly\NativeImages_v4.0.30319_64\System.Manaa57fc8cc#\0784610d68cd6b36e46150702bf69c35\System.Management.Automation.ni.dll+4163be5(wow64)|C:\Windows\assembly\NativeImages_v4.0.30319_64\System.Manaa57fc8cc#\0784610d68cd6b36e46150702bf69c35\System.Management.Automation.ni.dll+4163757(wow64)|C:\Windows\assembly\NativeImages_v4.0.30319_64\System.Manaa57fc8cc#\0784610d68cd6b36e46150702bf69c35\System.Management.Automation.ni.dll+41634c4(wow64)|C:\Windows\assembly\NativeImages_v4.0.30319_64\System.Manaa57fc8cc#\0784610d68cd6b36e46150702bf69c35\System.Management.Automation.ni.dll+41630ff(wow64)|C:\Windows\assembly\NativeImages_v4.0.30319_64\System.Manaa57fc8cc#\0784610d68cd6b36e46150702bf69c35\System.Management.Automation.ni.dll+4c2b42d(wow64)|C:\Windows\assembly\NativeImages_v4.0.30319_64\System.Manaa57fc8cc#\0784610d68cd6b36e46150702bf69c35\System.Management.Automation.ni.dll+41483aa(wow64)|C:\Windows\assembly\NativeImages_v4.0.30319_64\System.Manaa57fc8cc#\0784610d68cd6b36e46150702bf69c35\System.Management.Automation.ni.dll+414791c(wow64)</Data></EventData></Event>
<Event xmlns='http://schemas.microsoft.com/win/2004/08/events/event'><System><Provider Name='Microsoft-Windows-Sysmon' Guid='{5770385F-C22A-43E0-BF4C-06F5698FFBD9}'/><EventID>1</EventID><Version>5</Version><Level>4</Level><Task>1</Task><Opcode>0</Opcode><Keywords>0x8000000000000000</Keywords><TimeCreated SystemTime='2021-10-14T19:10:00.843236300Z'/><EventRecordID>29768334</EventRecordID><Correlation/><Execution ProcessID='2856' ThreadID='2088'/><Channel>Microsoft-Windows-Sysmon/Operational</Channel><Computer>win-dc-469.attackrange.local</Computer><Security UserID='S-1-5-18'/></System><EventData><Data Name='RuleName'>-</Data><Data Name='UtcTime'>2021-10-14 19:10:00.842</Data><Data Name='ProcessGuid'>{8B6011A9-8088-6168-E178-00000000F101}</Data><Data Name='ProcessId'>5488</Data><Data Name='Image'>C:\Windows\System32\setspn.exe</Data><Data Name='FileVersion'>10.0.14393.0 (rs1_release.160715-1616)</Data><Data Name='Description'>Query or reset the computer's SPN attribute</Data><Data Name='Product'>Microsoft® Windows® Operating System</Data><Data Name='Company'>Microsoft Corporation</Data><Data Name='OriginalFileName'>setspn.exe</Data><Data Name='CommandLine'>"C:\Windows\system32\setspn.exe" -T attackrange.local -Q */*</Data><Data Name='CurrentDirectory'>C:\Users\Administrator\</Data><Data Name='User'>ATTACKRANGE\Administrator</Data><Data Name='LogonGuid'>{8B6011A9-8897-6164-CBF3-050000000000}</Data><Data Name='LogonId'>0x5f3cb</Data><Data Name='TerminalSessionId'>2</Data><Data Name='IntegrityLevel'>High</Data><Data Name='Hashes'>MD5=5C184D581524245DAD7A0A02B51FD2C2,SHA256=909C2DDF06CFEB1F79004DBB5E9B9D36B693CFDFF3459E0A6A51616B2AD6D2D1</Data><Data Name='ParentProcessGuid'>{8B6011A9-804E-6168-D678-00000000F101}</Data><Data Name='ParentProcessId'>5492</Data><Data Name='ParentImage'>C:\Windows\System32\WindowsPowerShell\v1.0\powershell.exe</Data><Data Name='ParentCommandLine'>"C:\Windows\System32\WindowsPowerShell\v1.0\powershell.exe" </Data></EventData></Event>
<Event xmlns='http://schemas.microsoft.com/win/2004/08/events/event'><System><Provider Name='Microsoft-Windows-Sysmon' Guid='{5770385F-C22A-43E0-BF4C-06F5698FFBD9}'/><EventID>22</EventID><Version>5</Version><Level>4</Level><Task>22</Task><Opcode>0</Opcode><Keywords>0x8000000000000000</Keywords><TimeCreated SystemTime='2021-10-14T19:10:02.870323900Z'/><EventRecordID>29768399</EventRecordID><Correlation/><Execution ProcessID='2856' ThreadID='2000'/><Channel>Microsoft-Windows-Sysmon/Operational</Channel><Computer>win-dc-469.attackrange.local</Computer><Security UserID='S-1-5-18'/></System><EventData><Data Name='RuleName'>-</Data><Data Name='UtcTime'>2021-10-14 19:10:03.888</Data><Data Name='ProcessGuid'>{8B6011A9-8088-6168-E178-00000000F101}</Data><Data Name='ProcessId'>5488</Data><Data Name='QueryName'>win-dc-469.attackrange.local</Data><Data Name='QueryStatus'>0</Data><Data Name='QueryResults'>fe80::2117:fdb0:db44:3240;::ffff:10.0.1.14;</Data><Data Name='Image'>C:\Windows\System32\setspn.exe</Data></EventData></Event>
<Event xmlns='http://schemas.microsoft.com/win/2004/08/events/event'><System><Provider Name='Microsoft-Windows-Sysmon' Guid='{5770385F-C22A-43E0-BF4C-06F5698FFBD9}'/><EventID>3</EventID><Version>5</Version><Level>4</Level><Task>3</Task><Opcode>0</Opcode><Keywords>0x8000000000000000</Keywords><TimeCreated SystemTime='2021-10-14T19:10:02.853536800Z'/><EventRecordID>29768396</EventRecordID><Correlation/><Execution ProcessID='2856' ThreadID='2224'/><Channel>Microsoft-Windows-Sysmon/Operational</Channel><Computer>win-dc-469.attackrange.local</Computer><Security UserID='S-1-5-18'/></System><EventData><Data Name='RuleName'>-</Data><Data Name='UtcTime'>2021-10-14 19:10:03.896</Data><Data Name='ProcessGuid'>{8B6011A9-8088-6168-E178-00000000F101}</Data><Data Name='ProcessId'>5488</Data><Data Name='Image'>C:\Windows\System32\setspn.exe</Data><Data Name='User'>ATTACKRANGE\Administrator</Data><Data Name='Protocol'>tcp</Data><Data Name='Initiated'>true</Data><Data Name='SourceIsIpv6'>false</Data><Data Name='SourceIp'>10.0.1.14</Data><Data Name='SourceHostname'>win-dc-469.attackrange.local</Data><Data Name='SourcePort'>61253</Data><Data Name='SourcePortName'>-</Data><Data Name='DestinationIsIpv6'>false</Data><Data Name='DestinationIp'>10.0.1.14</Data><Data Name='DestinationHostname'>win-dc-469.attackrange.local</Data><Data Name='DestinationPort'>389</Data><Data Name='DestinationPortName'>ldap</Data></EventData></Event>
<Event xmlns='http://schemas.microsoft.com/win/2004/08/events/event'><System><Provider Name='Microsoft-Windows-Sysmon' Guid='{5770385F-C22A-43E0-BF4C-06F5698FFBD9}'/><EventID>3</EventID><Version>5</Version><Level>4</Level><Task>3</Task><Opcode>0</Opcode><Keywords>0x8000000000000000</Keywords><TimeCreated SystemTime='2021-10-14T19:10:02.853507700Z'/><EventRecordID>29768394</EventRecordID><Correlation/><Execution ProcessID='2856' ThreadID='2224'/><Channel>Microsoft-Windows-Sysmon/Operational</Channel><Computer>win-dc-469.attackrange.local</Computer><Security UserID='S-1-5-18'/></System><EventData><Data Name='RuleName'>-</Data><Data Name='UtcTime'>2021-10-14 19:10:03.877</Data><Data Name='ProcessGuid'>{8B6011A9-8088-6168-E178-00000000F101}</Data><Data Name='ProcessId'>5488</Data><Data Name='Image'>C:\Windows\System32\setspn.exe</Data><Data Name='User'>ATTACKRANGE\Administrator</Data><Data Name='Protocol'>tcp</Data><Data Name='Initiated'>true</Data><Data Name='SourceIsIpv6'>false</Data><Data Name='SourceIp'>10.0.1.14</Data><Data Name='SourceHostname'>win-dc-469.attackrange.local</Data><Data Name='SourcePort'>61252</Data><Data Name='SourcePortName'>-</Data><Data Name='DestinationIsIpv6'>false</Data><Data Name='DestinationIp'>10.0.1.14</Data><Data Name='DestinationHostname'>win-dc-469.attackrange.local</Data><Data Name='DestinationPort'>389</Data><Data Name='DestinationPortName'>ldap</Data></EventData></Event>
<Event xmlns='http://schemas.microsoft.com/win/2004/08/events/event'><System><Provider Name='Microsoft-Windows-Sysmon' Guid='{5770385F-C22A-43E0-BF4C-06F5698FFBD9}'/><EventID>12</EventID><Version>2</Version><Level>4</Level><Task>12</Task><Opcode>0</Opcode><Keywords>0x8000000000000000</Keywords><TimeCreated SystemTime='2021-10-14T19:11:26.136214400Z'/><EventRecordID>29769226</EventRecordID><Correlation/><Execution ProcessID='2856' ThreadID='2088'/><Channel>Microsoft-Windows-Sysmon/Operational</Channel><Computer>win-dc-469.attackrange.local</Computer><Security UserID='S-1-5-18'/></System><EventData><Data Name='RuleName'>-</Data><Data Name='EventType'>CreateKey</Data><Data Name='UtcTime'>2021-10-14 19:11:26.135</Data><Data Name='ProcessGuid'>{8B6011A9-80DE-6168-E978-00000000F101}</Data><Data Name='ProcessId'>5260</Data><Data Name='Image'>C:\Windows\system32\setspn.exe</Data><Data Name='TargetObject'>HKLM\System\CurrentControlSet\Services\Tcpip\Parameters</Data></EventData></Event>
<Event xmlns='http://schemas.microsoft.com/win/2004/08/events/event'><System><Provider Name='Microsoft-Windows-Sysmon' Guid='{5770385F-C22A-43E0-BF4C-06F5698FFBD9}'/><EventID>12</EventID><Version>2</Version><Level>4</Level><Task>12</Task><Opcode>0</Opcode><Keywords>0x8000000000000000</Keywords><TimeCreated SystemTime='2021-10-14T19:11:26.136050100Z'/><EventRecordID>29769225</EventRecordID><Correlation/><Execution ProcessID='2856' ThreadID='2088'/><Channel>Microsoft-Windows-Sysmon/Operational</Channel><Computer>win-dc-469.attackrange.local</Computer><Security UserID='S-1-5-18'/></System><EventData><Data Name='RuleName'>-</Data><Data Name='EventType'>CreateKey</Data><Data Name='UtcTime'>2021-10-14 19:11:26.135</Data><Data Name='ProcessGuid'>{8B6011A9-80DE-6168-E978-00000000F101}</Data><Data Name='ProcessId'>5260</Data><Data Name='Image'>C:\Windows\system32\setspn.exe</Data><Data Name='TargetObject'>HKLM\System\CurrentControlSet\Services\Tcpip\Parameters</Data></EventData></Event>
<Event xmlns='http://schemas.microsoft.com/win/2004/08/events/event'><System><Provider Name='Microsoft-Windows-Sysmon' Guid='{5770385F-C22A-43E0-BF4C-06F5698FFBD9}'/><EventID>12</EventID><Version>2</Version><Level>4</Level><Task>12</Task><Opcode>0</Opcode><Keywords>0x8000000000000000</Keywords><TimeCreated SystemTime='2021-10-14T19:11:26.135864600Z'/><EventRecordID>29769224</EventRecordID><Correlation/><Execution ProcessID='2856' ThreadID='2088'/><Channel>Microsoft-Windows-Sysmon/Operational</Channel><Computer>win-dc-469.attackrange.local</Computer><Security UserID='S-1-5-18'/></System><EventData><Data Name='RuleName'>-</Data><Data Name='EventType'>CreateKey</Data><Data Name='UtcTime'>2021-10-14 19:11:26.135</Data><Data Name='ProcessGuid'>{8B6011A9-80DE-6168-E978-00000000F101}</Data><Data Name='ProcessId'>5260</Data><Data Name='Image'>C:\Windows\system32\setspn.exe</Data><Data Name='TargetObject'>HKLM\System\CurrentControlSet\Services\Tcpip\Parameters</Data></EventData></Event>
<Event xmlns='http://schemas.microsoft.com/win/2004/08/events/event'><System><Provider Name='Microsoft-Windows-Sysmon' Guid='{5770385F-C22A-43E0-BF4C-06F5698FFBD9}'/><EventID>7</EventID><Version>3</Version><Level>4</Level><Task>7</Task><Opcode>0</Opcode><Keywords>0x8000000000000000</Keywords><TimeCreated SystemTime='2021-10-14T19:11:26.135754000Z'/><EventRecordID>29769223</EventRecordID><Correlation/><Execution ProcessID='2856' ThreadID='2088'/><Channel>Microsoft-Windows-Sysmon/Operational</Channel><Computer>win-dc-469.attackrange.local</Computer><Security UserID='S-1-5-18'/></System><EventData><Data Name='RuleName'>-</Data><Data Name='UtcTime'>2021-10-14 19:11:26.135</Data><Data Name='ProcessGuid'>{8B6011A9-80DE-6168-E978-00000000F101}</Data><Data Name='ProcessId'>5260</Data><Data Name='Image'>C:\Windows\System32\setspn.exe</Data><Data Name='ImageLoaded'>C:\Windows\System32\rasadhlp.dll</Data><Data Name='FileVersion'>10.0.14393.0 (rs1_release.160715-1616)</Data><Data Name='Description'>Remote Access AutoDial Helper</Data><Data Name='Product'>Microsoft® Windows® Operating System</Data><Data Name='Company'>Microsoft Corporation</Data><Data Name='OriginalFileName'>rasadhlp.dll</Data><Data Name='Hashes'>MD5=FAE8D0480BDD905EEA453D3A57C8D5C6,SHA256=C1531223B8201B344A6A6474CB2D9B8A8C632250A3A6F472EC5E2D7D28ADD94C</Data><Data Name='Signed'>true</Data><Data Name='Signature'>Microsoft Windows</Data><Data Name='SignatureStatus'>Valid</Data></EventData></Event>
<Event xmlns='http://schemas.microsoft.com/win/2004/08/events/event'><System><Provider Name='Microsoft-Windows-Sysmon' Guid='{5770385F-C22A-43E0-BF4C-06F5698FFBD9}'/><EventID>12</EventID><Version>2</Version><Level>4</Level><Task>12</Task><Opcode>0</Opcode><Keywords>0x8000000000000000</Keywords><TimeCreated SystemTime='2021-10-14T19:11:26.134927000Z'/><EventRecordID>29769222</EventRecordID><Correlation/><Execution ProcessID='2856' ThreadID='2088'/><Channel>Microsoft-Windows-Sysmon/Operational</Channel><Computer>win-dc-469.attackrange.local</Computer><Security UserID='S-1-5-18'/></System><EventData><Data Name='RuleName'>-</Data><Data Name='EventType'>CreateKey</Data><Data Name='UtcTime'>2021-10-14 19:11:26.134</Data><Data Name='ProcessGuid'>{8B6011A9-80DE-6168-E978-00000000F101}</Data><Data Name='ProcessId'>5260</Data><Data Name='Image'>C:\Windows\system32\setspn.exe</Data><Data Name='TargetObject'>HKLM\System\CurrentControlSet\Services\Tcpip\Parameters</Data></EventData></Event>
<Event xmlns='http://schemas.microsoft.com/win/2004/08/events/event'><System><Provider Name='Microsoft-Windows-Sysmon' Guid='{5770385F-C22A-43E0-BF4C-06F5698FFBD9}'/><EventID>12</EventID><Version>2</Version><Level>4</Level><Task>12</Task><Opcode>0</Opcode><Keywords>0x8000000000000000</Keywords><TimeCreated SystemTime='2021-10-14T19:11:26.134832400Z'/><EventRecordID>29769221</EventRecordID><Correlation/><Execution ProcessID='2856' ThreadID='2088'/><Channel>Microsoft-Windows-Sysmon/Operational</Channel><Computer>win-dc-469.attackrange.local</Computer><Security UserID='S-1-5-18'/></System><EventData><Data Name='RuleName'>-</Data><Data Name='EventType'>CreateKey</Data><Data Name='UtcTime'>2021-10-14 19:11:26.134</Data><Data Name='ProcessGuid'>{8B6011A9-80DE-6168-E978-00000000F101}</Data><Data Name='ProcessId'>5260</Data><Data Name='Image'>C:\Windows\system32\setspn.exe</Data><Data Name='TargetObject'>HKLM\System\CurrentControlSet\Services\Tcpip\Parameters</Data></EventData></Event>
<Event xmlns='http://schemas.microsoft.com/win/2004/08/events/event'><System><Provider Name='Microsoft-Windows-Sysmon' Guid='{5770385F-C22A-43E0-BF4C-06F5698FFBD9}'/><EventID>12</EventID><Version>2</Version><Level>4</Level><Task>12</Task><Opcode>0</Opcode><Keywords>0x8000000000000000</Keywords><TimeCreated SystemTime='2021-10-14T19:11:26.134725100Z'/><EventRecordID>29769220</EventRecordID><Correlation/><Execution ProcessID='2856' ThreadID='2088'/><Channel>Microsoft-Windows-Sysmon/Operational</Channel><Computer>win-dc-469.attackrange.local</Computer><Security UserID='S-1-5-18'/></System><EventData><Data Name='RuleName'>-</Data><Data Name='EventType'>CreateKey</Data><Data Name='UtcTime'>2021-10-14 19:11:26.134</Data><Data Name='ProcessGuid'>{8B6011A9-80DE-6168-E978-00000000F101}</Data><Data Name='ProcessId'>5260</Data><Data Name='Image'>C:\Windows\system32\setspn.exe</Data><Data Name='TargetObject'>HKLM\System\CurrentControlSet\Services\Tcpip\Parameters</Data></EventData></Event>
<Event xmlns='http://schemas.microsoft.com/win/2004/08/events/event'><System><Provider Name='Microsoft-Windows-Sysmon' Guid='{5770385F-C22A-43E0-BF4C-06F5698FFBD9}'/><EventID>12</EventID><Version>2</Version><Level>4</Level><Task>12</Task><Opcode>0</Opcode><Keywords>0x8000000000000000</Keywords><TimeCreated SystemTime='2021-10-14T19:11:26.133093200Z'/><EventRecordID>29769219</EventRecordID><Correlation/><Execution ProcessID='2856' ThreadID='2088'/><Channel>Microsoft-Windows-Sysmon/Operational</Channel><Computer>win-dc-469.attackrange.local</Computer><Security UserID='S-1-5-18'/></System><EventData><Data Name='RuleName'>-</Data><Data Name='EventType'>CreateKey</Data><Data Name='UtcTime'>2021-10-14 19:11:26.132</Data><Data Name='ProcessGuid'>{8B6011A9-80DE-6168-E978-00000000F101}</Data><Data Name='ProcessId'>5260</Data><Data Name='Image'>C:\Windows\system32\setspn.exe</Data><Data Name='TargetObject'>HKLM\System\CurrentControlSet\Services\Tcpip\Parameters</Data></EventData></Event>
<Event xmlns='http://schemas.microsoft.com/win/2004/08/events/event'><System><Provider Name='Microsoft-Windows-Sysmon' Guid='{5770385F-C22A-43E0-BF4C-06F5698FFBD9}'/><EventID>7</EventID><Version>3</Version><Level>4</Level><Task>7</Task><Opcode>0</Opcode><Keywords>0x8000000000000000</Keywords><TimeCreated SystemTime='2021-10-14T19:11:26.132895000Z'/><EventRecordID>29769218</EventRecordID><Correlation/><Execution ProcessID='2856' ThreadID='2088'/><Channel>Microsoft-Windows-Sysmon/Operational</Channel><Computer>win-dc-469.attackrange.local</Computer><Security UserID='S-1-5-18'/></System><EventData><Data Name='RuleName'>-</Data><Data Name='UtcTime'>2021-10-14 19:11:26.132</Data><Data Name='ProcessGuid'>{8B6011A9-80DE-6168-E978-00000000F101}</Data><Data Name='ProcessId'>5260</Data><Data Name='Image'>C:\Windows\System32\setspn.exe</Data><Data Name='ImageLoaded'>C:\Windows\System32\IPHLPAPI.DLL</Data><Data Name='FileVersion'>10.0.14393.2339 (rs1_release_inmarket.180611-1502)</Data><Data Name='Description'>IP Helper API</Data><Data Name='Product'>Microsoft® Windows® Operating System</Data><Data Name='Company'>Microsoft Corporation</Data><Data Name='OriginalFileName'>iphlpapi.dll</Data><Data Name='Hashes'>MD5=3CD38EDF9CA12F91131EDEE32D1C9DF5,SHA256=AF2440640BF8BDEAAF0DECDD7C354158E415ED0AA340ABA7A6CCCDC09C1E728B</Data><Data Name='Signed'>true</Data><Data Name='Signature'>Microsoft Windows</Data><Data Name='SignatureStatus'>Valid</Data></EventData></Event>
<Event xmlns='http://schemas.microsoft.com/win/2004/08/events/event'><System><Provider Name='Microsoft-Windows-Sysmon' Guid='{5770385F-C22A-43E0-BF4C-06F5698FFBD9}'/><EventID>7</EventID><Version>3</Version><Level>4</Level><Task>7</Task><Opcode>0</Opcode><Keywords>0x8000000000000000</Keywords><TimeCreated SystemTime='2021-10-14T19:11:26.132241700Z'/><EventRecordID>29769217</EventRecordID><Correlation/><Execution ProcessID='2856' ThreadID='2088'/><Channel>Microsoft-Windows-Sysmon/Operational</Channel><Computer>win-dc-469.attackrange.local</Computer><Security UserID='S-1-5-18'/></System><EventData><Data Name='RuleName'>-</Data><Data Name='UtcTime'>2021-10-14 19:11:26.131</Data><Data Name='ProcessGuid'>{8B6011A9-80DE-6168-E978-00000000F101}</Data><Data Name='ProcessId'>5260</Data><Data Name='Image'>C:\Windows\System32\setspn.exe</Data><Data Name='ImageLoaded'>C:\Windows\System32\nsi.dll</Data><Data Name='FileVersion'>10.0.14393.3297 (rs1_release_1.191001-1045)</Data><Data Name='Description'>NSI User-mode interface DLL</Data><Data Name='Product'>Microsoft® Windows® Operating System</Data><Data Name='Company'>Microsoft Corporation</Data><Data Name='OriginalFileName'>nsi.dll</Data><Data Name='Hashes'>MD5=994E2A6D2A0B38E0968B3998E42033AC,SHA256=491F2D1DE09C39B324BCF5800198AC7CCE755F4023F1FEB3854D33716461BC27</Data><Data Name='Signed'>true</Data><Data Name='Signature'>Microsoft Windows</Data><Data Name='SignatureStatus'>Valid</Data></EventData></Event>
<Event xmlns='http://schemas.microsoft.com/win/2004/08/events/event'><System><Provider Name='Microsoft-Windows-Sysmon' Guid='{5770385F-C22A-43E0-BF4C-06F5698FFBD9}'/><EventID>7</EventID><Version>3</Version><Level>4</Level><Task>7</Task><Opcode>0</Opcode><Keywords>0x8000000000000000</Keywords><TimeCreated SystemTime='2021-10-14T19:11:26.131946000Z'/><EventRecordID>29769216</EventRecordID><Correlation/><Execution ProcessID='2856' ThreadID='2088'/><Channel>Microsoft-Windows-Sysmon/Operational</Channel><Computer>win-dc-469.attackrange.local</Computer><Security UserID='S-1-5-18'/></System><EventData><Data Name='RuleName'>-</Data><Data Name='UtcTime'>2021-10-14 19:11:26.131</Data><Data Name='ProcessGuid'>{8B6011A9-80DE-6168-E978-00000000F101}</Data><Data Name='ProcessId'>5260</Data><Data Name='Image'>C:\Windows\System32\setspn.exe</Data><Data Name='ImageLoaded'>C:\Windows\System32\dnsapi.dll</Data><Data Name='FileVersion'>10.0.14393.4350 (rs1_release.210407-2154)</Data><Data Name='Description'>DNS Client API DLL</Data><Data Name='Product'>Microsoft® Windows® Operating System</Data><Data Name='Company'>Microsoft Corporation</Data><Data Name='OriginalFileName'>dnsapi</Data><Data Name='Hashes'>MD5=D7651F99299B13D576A72643BFC44944,SHA256=589302E630C473DBDF4CE92C59F00B029FCA0C228E7111A764166E16025FA1A9</Data><Data Name='Signed'>true</Data><Data Name='Signature'>Microsoft Windows</Data><Data Name='SignatureStatus'>Valid</Data></EventData></Event>
<Event xmlns='http://schemas.microsoft.com/win/2004/08/events/event'><System><Provider Name='Microsoft-Windows-Sysmon' Guid='{5770385F-C22A-43E0-BF4C-06F5698FFBD9}'/><EventID>10</EventID><Version>3</Version><Level>4</Level><Task>10</Task><Opcode>0</Opcode><Keywords>0x8000000000000000</Keywords><TimeCreated SystemTime='2021-10-14T19:11:26.107593400Z'/><EventRecordID>29769214</EventRecordID><Correlation/><Execution ProcessID='2856' ThreadID='2088'/><Channel>Microsoft-Windows-Sysmon/Operational</Channel><Computer>win-dc-469.attackrange.local</Computer><Security UserID='S-1-5-18'/></System><EventData><Data Name='RuleName'>-</Data><Data Name='UtcTime'>2021-10-14 19:11:26.107</Data><Data Name='SourceProcessGUID'>{8B6011A9-886B-6164-0B00-00000000F101}</Data><Data Name='SourceProcessId'>648</Data><Data Name='SourceThreadId'>812</Data><Data Name='SourceImage'>C:\Windows\system32\lsass.exe</Data><Data Name='TargetProcessGUID'>{8B6011A9-80DE-6168-E978-00000000F101}</Data><Data Name='TargetProcessId'>5260</Data><Data Name='TargetImage'>C:\Windows\system32\setspn.exe</Data><Data Name='GrantedAccess'>0x1478</Data><Data Name='CallTrace'>C:\Windows\SYSTEM32\ntdll.dll+a6134|C:\Windows\system32\lsasrv.dll+24be7|C:\Windows\system32\lsasrv.dll+25d2d|C:\Windows\system32\lsasrv.dll+24a65|C:\Windows\SYSTEM32\SspiSrv.dll+11a2|C:\Windows\System32\RPCRT4.dll+7a593|C:\Windows\System32\RPCRT4.dll+d9f41|C:\Windows\System32\RPCRT4.dll+62d4c|C:\Windows\System32\RPCRT4.dll+4a274|C:\Windows\System32\RPCRT4.dll+4918d|C:\Windows\System32\RPCRT4.dll+49a3b|C:\Windows\System32\RPCRT4.dll+310ac|C:\Windows\System32\RPCRT4.dll+3152c|C:\Windows\System32\RPCRT4.dll+1ae1c|C:\Windows\System32\RPCRT4.dll+1c67b|C:\Windows\System32\RPCRT4.dll+43a2a|C:\Windows\SYSTEM32\ntdll.dll+1d34e|C:\Windows\SYSTEM32\ntdll.dll+1ecb9|C:\Windows\System32\KERNEL32.DLL+84d4|C:\Windows\SYSTEM32\ntdll.dll+51781</Data></EventData></Event>
