<Event xmlns='http://schemas.microsoft.com/win/2004/08/events/event'><System><Provider Name='Microsoft-Windows-Sysmon' Guid='{5770385F-C22A-43E0-BF4C-06F5698FFBD9}'/><EventID>7</EventID><Version>3</Version><Level>4</Level><Task>7</Task><Opcode>0</Opcode><Keywords>0x8000000000000000</Keywords><TimeCreated SystemTime='2021-10-14T20:25:56.485797700Z'/><EventRecordID>29819465</EventRecordID><Correlation/><Execution ProcessID='2856' ThreadID='2088'/><Channel>Microsoft-Windows-Sysmon/Operational</Channel><Computer>win-dc-469.attackrange.local</Computer><Security UserID='S-1-5-18'/></System><EventData><Data Name='RuleName'>-</Data><Data Name='UtcTime'>2021-10-14 20:25:56.485</Data><Data Name='ProcessGuid'>{8B6011A9-9254-6168-057B-00000000F101}</Data><Data Name='ProcessId'>4280</Data><Data Name='Image'>C:\Windows\System32\setspn.exe</Data><Data Name='ImageLoaded'>C:\Windows\System32\kernel32.dll</Data><Data Name='FileVersion'>10.0.14393.4350 (rs1_release.210407-2154)</Data><Data Name='Description'>Windows NT BASE API Client DLL</Data><Data Name='Product'>Microsoft® Windows® Operating System</Data><Data Name='Company'>Microsoft Corporation</Data><Data Name='OriginalFileName'>kernel32</Data><Data Name='Hashes'>MD5=A5AD62615D2361BFAEC6C047B199184C,SHA256=B43F3DFDAF7BAA7A2B97015631F96CE429C50348D380080CFC29C36F959D7886</Data><Data Name='Signed'>true</Data><Data Name='Signature'>Microsoft Windows</Data><Data Name='SignatureStatus'>Valid</Data></EventData></Event>
<Event xmlns='http://schemas.microsoft.com/win/2004/08/events/event'><System><Provider Name='Microsoft-Windows-Sysmon' Guid='{5770385F-C22A-43E0-BF4C-06F5698FFBD9}'/><EventID>7</EventID><Version>3</Version><Level>4</Level><Task>7</Task><Opcode>0</Opcode><Keywords>0x8000000000000000</Keywords><TimeCreated SystemTime='2021-10-14T20:25:56.485327400Z'/><EventRecordID>29819464</EventRecordID><Correlation/><Execution ProcessID='2856' ThreadID='2088'/><Channel>Microsoft-Windows-Sysmon/Operational</Channel><Computer>win-dc-469.attackrange.local</Computer><Security UserID='S-1-5-18'/></System><EventData><Data Name='RuleName'>-</Data><Data Name='UtcTime'>2021-10-14 20:25:56.484</Data><Data Name='ProcessGuid'>{8B6011A9-9254-6168-057B-00000000F101}</Data><Data Name='ProcessId'>4280</Data><Data Name='Image'>C:\Windows\System32\setspn.exe</Data><Data Name='ImageLoaded'>C:\Windows\System32\ntdll.dll</Data><Data Name='FileVersion'>10.0.14393.4530 (rs1_release.210705-0736)</Data><Data Name='Description'>NT Layer DLL</Data><Data Name='Product'>Microsoft® Windows® Operating System</Data><Data Name='Company'>Microsoft Corporation</Data><Data Name='OriginalFileName'>ntdll.dll</Data><Data Name='Hashes'>MD5=36B87C41EE39F3051D116F735EBEF866,SHA256=9C45BAE6D7E27B3AE04BBF88B96686C04ED6A43695558E82B687013BA0383F8A</Data><Data Name='Signed'>true</Data><Data Name='Signature'>Microsoft Windows</Data><Data Name='SignatureStatus'>Valid</Data></EventData></Event>
<Event xmlns='http://schemas.microsoft.com/win/2004/08/events/event'><System><Provider Name='Microsoft-Windows-Sysmon' Guid='{5770385F-C22A-43E0-BF4C-06F5698FFBD9}'/><EventID>7</EventID><Version>3</Version><Level>4</Level><Task>7</Task><Opcode>0</Opcode><Keywords>0x8000000000000000</Keywords><TimeCreated SystemTime='2021-10-14T20:25:56.484951000Z'/><EventRecordID>29819463</EventRecordID><Correlation/><Execution ProcessID='2856' ThreadID='2088'/><Channel>Microsoft-Windows-Sysmon/Operational</Channel><Computer>win-dc-469.attackrange.local</Computer><Security UserID='S-1-5-18'/></System><EventData><Data Name='RuleName'>-</Data><Data Name='UtcTime'>2021-10-14 20:25:56.483</Data><Data Name='ProcessGuid'>{8B6011A9-9254-6168-057B-00000000F101}</Data><Data Name='ProcessId'>4280</Data><Data Name='Image'>C:\Windows\System32\setspn.exe</Data><Data Name='ImageLoaded'>C:\Windows\System32\setspn.exe</Data><Data Name='FileVersion'>10.0.14393.0 (rs1_release.160715-1616)</Data><Data Name='Description'>Query or reset the computer's SPN attribute</Data><Data Name='Product'>Microsoft® Windows® Operating System</Data><Data Name='Company'>Microsoft Corporation</Data><Data Name='OriginalFileName'>setspn.exe</Data><Data Name='Hashes'>MD5=5C184D581524245DAD7A0A02B51FD2C2,SHA256=909C2DDF06CFEB1F79004DBB5E9B9D36B693CFDFF3459E0A6A51616B2AD6D2D1</Data><Data Name='Signed'>true</Data><Data Name='Signature'>Microsoft Windows</Data><Data Name='SignatureStatus'>Valid</Data></EventData></Event>
<Event xmlns='http://schemas.microsoft.com/win/2004/08/events/event'><System><Provider Name='Microsoft-Windows-Sysmon' Guid='{5770385F-C22A-43E0-BF4C-06F5698FFBD9}'/><EventID>10</EventID><Version>3</Version><Level>4</Level><Task>10</Task><Opcode>0</Opcode><Keywords>0x8000000000000000</Keywords><TimeCreated SystemTime='2021-10-14T20:25:56.484252700Z'/><EventRecordID>29819462</EventRecordID><Correlation/><Execution ProcessID='2856' ThreadID='2088'/><Channel>Microsoft-Windows-Sysmon/Operational</Channel><Computer>win-dc-469.attackrange.local</Computer><Security UserID='S-1-5-18'/></System><EventData><Data Name='RuleName'>-</Data><Data Name='UtcTime'>2021-10-14 20:25:56.483</Data><Data Name='SourceProcessGUID'>{8B6011A9-888A-6164-7000-00000000F101}</Data><Data Name='SourceProcessId'>3448</Data><Data Name='SourceThreadId'>3876</Data><Data Name='SourceImage'>C:\Windows\system32\csrss.exe</Data><Data Name='TargetProcessGUID'>{8B6011A9-9254-6168-057B-00000000F101}</Data><Data Name='TargetProcessId'>4280</Data><Data Name='TargetImage'>C:\Windows\system32\setspn.exe</Data><Data Name='GrantedAccess'>0x1fffff</Data><Data Name='CallTrace'>C:\Windows\SYSTEM32\ntdll.dll+a6134|C:\Windows\system32\basesrv.DLL+2f47|C:\Windows\SYSTEM32\CSRSRV.dll+5645|C:\Windows\SYSTEM32\ntdll.dll+5178f</Data></EventData></Event>
<Event xmlns='http://schemas.microsoft.com/win/2004/08/events/event'><System><Provider Name='Microsoft-Windows-Sysmon' Guid='{5770385F-C22A-43E0-BF4C-06F5698FFBD9}'/><EventID>10</EventID><Version>3</Version><Level>4</Level><Task>10</Task><Opcode>0</Opcode><Keywords>0x8000000000000000</Keywords><TimeCreated SystemTime='2021-10-14T20:25:56.484147000Z'/><EventRecordID>29819461</EventRecordID><Correlation/><Execution ProcessID='2856' ThreadID='2088'/><Channel>Microsoft-Windows-Sysmon/Operational</Channel><Computer>win-dc-469.attackrange.local</Computer><Security UserID='S-1-5-18'/></System><EventData><Data Name='RuleName'>-</Data><Data Name='UtcTime'>2021-10-14 20:25:56.482</Data><Data Name='SourceProcessGUID'>{8B6011A9-804E-6168-D678-00000000F101}</Data><Data Name='SourceProcessId'>5492</Data><Data Name='SourceThreadId'>4312</Data><Data Name='SourceImage'>C:\Windows\System32\WindowsPowerShell\v1.0\powershell.exe</Data><Data Name='TargetProcessGUID'>{8B6011A9-9254-6168-057B-00000000F101}</Data><Data Name='TargetProcessId'>4280</Data><Data Name='TargetImage'>C:\Windows\system32\setspn.exe</Data><Data Name='GrantedAccess'>0x1fffff</Data><Data Name='CallTrace'>C:\Windows\SYSTEM32\ntdll.dll+a7404|C:\Windows\System32\KERNELBASE.dll+2b860|C:\Windows\System32\KERNELBASE.dll+6b246|C:\Windows\System32\KERNEL32.DLL+1c213|C:\Windows\assembly\NativeImages_v4.0.30319_64\System\2a6ccbaba5690e5b3fec3bf707022bdb\System.ni.dll+384146|C:\Windows\assembly\NativeImages_v4.0.30319_64\System\2a6ccbaba5690e5b3fec3bf707022bdb\System.ni.dll+2c4809|C:\Windows\assembly\NativeImages_v4.0.30319_64\System\2a6ccbaba5690e5b3fec3bf707022bdb\System.ni.dll+2c4179|C:\Windows\assembly\NativeImages_v4.0.30319_64\System.Manaa57fc8cc#\0784610d68cd6b36e46150702bf69c35\System.Management.Automation.ni.dll+4ce006b(wow64)|C:\Windows\assembly\NativeImages_v4.0.30319_64\System.Manaa57fc8cc#\0784610d68cd6b36e46150702bf69c35\System.Management.Automation.ni.dll+41634c4(wow64)|C:\Windows\assembly\NativeImages_v4.0.30319_64\System.Manaa57fc8cc#\0784610d68cd6b36e46150702bf69c35\System.Management.Automation.ni.dll+41630ff(wow64)|C:\Windows\assembly\NativeImages_v4.0.30319_64\System.Manaa57fc8cc#\0784610d68cd6b36e46150702bf69c35\System.Management.Automation.ni.dll+4c2b42d(wow64)|C:\Windows\assembly\NativeImages_v4.0.30319_64\System.Manaa57fc8cc#\0784610d68cd6b36e46150702bf69c35\System.Management.Automation.ni.dll+4120071(wow64)|C:\Windows\assembly\NativeImages_v4.0.30319_64\System.Manaa57fc8cc#\0784610d68cd6b36e46150702bf69c35\System.Management.Automation.ni.dll+4183ae3(wow64)|C:\Windows\assembly\NativeImages_v4.0.30319_64\System.Manaa57fc8cc#\0784610d68cd6b36e46150702bf69c35\System.Management.Automation.ni.dll+4165af2(wow64)|C:\Windows\assembly\NativeImages_v4.0.30319_64\System.Manaa57fc8cc#\0784610d68cd6b36e46150702bf69c35\System.Management.Automation.ni.dll+4165af2(wow64)|C:\Windows\assembly\NativeImages_v4.0.30319_64\System.Manaa57fc8cc#\0784610d68cd6b36e46150702bf69c35\System.Management.Automation.ni.dll+4165983(wow64)|C:\Windows\assembly\NativeImages_v4.0.30319_64\System.Manaa57fc8cc#\0784610d68cd6b36e46150702bf69c35\System.Management.Automation.ni.dll+41566a3(wow64)|C:\Windows\assembly\NativeImages_v4.0.30319_64\System.Manaa57fc8cc#\0784610d68cd6b36e46150702bf69c35\System.Management.Automation.ni.dll+4163be5(wow64)|C:\Windows\assembly\NativeImages_v4.0.30319_64\System.Manaa57fc8cc#\0784610d68cd6b36e46150702bf69c35\System.Management.Automation.ni.dll+4163757(wow64)|C:\Windows\assembly\NativeImages_v4.0.30319_64\System.Manaa57fc8cc#\0784610d68cd6b36e46150702bf69c35\System.Management.Automation.ni.dll+41634c4(wow64)|C:\Windows\assembly\NativeImages_v4.0.30319_64\System.Manaa57fc8cc#\0784610d68cd6b36e46150702bf69c35\System.Management.Automation.ni.dll+41630ff(wow64)|C:\Windows\assembly\NativeImages_v4.0.30319_64\System.Manaa57fc8cc#\0784610d68cd6b36e46150702bf69c35\System.Management.Automation.ni.dll+4c2b42d(wow64)|C:\Windows\assembly\NativeImages_v4.0.30319_64\System.Manaa57fc8cc#\0784610d68cd6b36e46150702bf69c35\System.Management.Automation.ni.dll+41483aa(wow64)|C:\Windows\assembly\NativeImages_v4.0.30319_64\System.Manaa57fc8cc#\0784610d68cd6b36e46150702bf69c35\System.Management.Automation.ni.dll+414791c(wow64)</Data></EventData></Event>
<Event xmlns='http://schemas.microsoft.com/win/2004/08/events/event'><System><Provider Name='Microsoft-Windows-Sysmon' Guid='{5770385F-C22A-43E0-BF4C-06F5698FFBD9}'/><EventID>1</EventID><Version>5</Version><Level>4</Level><Task>1</Task><Opcode>0</Opcode><Keywords>0x8000000000000000</Keywords><TimeCreated SystemTime='2021-10-14T20:25:56.483744300Z'/><EventRecordID>29819460</EventRecordID><Correlation/><Execution ProcessID='2856' ThreadID='2088'/><Channel>Microsoft-Windows-Sysmon/Operational</Channel><Computer>win-dc-469.attackrange.local</Computer><Security UserID='S-1-5-18'/></System><EventData><Data Name='RuleName'>-</Data><Data Name='UtcTime'>2021-10-14 20:25:56.482</Data><Data Name='ProcessGuid'>{8B6011A9-9254-6168-057B-00000000F101}</Data><Data Name='ProcessId'>4280</Data><Data Name='Image'>C:\Windows\System32\setspn.exe</Data><Data Name='FileVersion'>10.0.14393.0 (rs1_release.160715-1616)</Data><Data Name='Description'>Query or reset the computer's SPN attribute</Data><Data Name='Product'>Microsoft® Windows® Operating System</Data><Data Name='Company'>Microsoft Corporation</Data><Data Name='OriginalFileName'>setspn.exe</Data><Data Name='CommandLine'>"C:\Windows\system32\setspn.exe"</Data><Data Name='CurrentDirectory'>C:\Users\Administrator\</Data><Data Name='User'>ATTACKRANGE\Administrator</Data><Data Name='LogonGuid'>{8B6011A9-8897-6164-CBF3-050000000000}</Data><Data Name='LogonId'>0x5f3cb</Data><Data Name='TerminalSessionId'>2</Data><Data Name='IntegrityLevel'>High</Data><Data Name='Hashes'>MD5=5C184D581524245DAD7A0A02B51FD2C2,SHA256=909C2DDF06CFEB1F79004DBB5E9B9D36B693CFDFF3459E0A6A51616B2AD6D2D1</Data><Data Name='ParentProcessGuid'>{8B6011A9-804E-6168-D678-00000000F101}</Data><Data Name='ParentProcessId'>5492</Data><Data Name='ParentImage'>C:\Windows\System32\WindowsPowerShell\v1.0\powershell.exe</Data><Data Name='ParentCommandLine'>"C:\Windows\System32\WindowsPowerShell\v1.0\powershell.exe" </Data></EventData></Event>
<Event xmlns='http://schemas.microsoft.com/win/2004/08/events/event'><System><Provider Name='Microsoft-Windows-Sysmon' Guid='{5770385F-C22A-43E0-BF4C-06F5698FFBD9}'/><EventID>7</EventID><Version>3</Version><Level>4</Level><Task>7</Task><Opcode>0</Opcode><Keywords>0x8000000000000000</Keywords><TimeCreated SystemTime='2021-10-14T21:32:19.828610400Z'/><EventRecordID>8017198</EventRecordID><Correlation/><Execution ProcessID='1140' ThreadID='2728'/><Channel>Microsoft-Windows-Sysmon/Operational</Channel><Computer>win-host-874.attackrange.local</Computer><Security UserID='S-1-5-18'/></System><EventData><Data Name='RuleName'>-</Data><Data Name='UtcTime'>2021-10-14 21:32:19.810</Data><Data Name='ProcessGuid'>{AD5E2759-A1E3-6168-5461-04000000F101}</Data><Data Name='ProcessId'>1100</Data><Data Name='Image'>C:\Windows\System32\setspn.exe</Data><Data Name='ImageLoaded'>C:\Windows\System32\cryptdll.dll</Data><Data Name='FileVersion'>10.0.14393.2969 (rs1_release.190503-1820)</Data><Data Name='Description'>Cryptography Manager</Data><Data Name='Product'>Microsoft® Windows® Operating System</Data><Data Name='Company'>Microsoft Corporation</Data><Data Name='OriginalFileName'>cryptdll.dll</Data><Data Name='Hashes'>MD5=4B31902F1E0B79CE7E46D9877647C1CC,SHA256=8925892119315293C49D09A26191149660934BF1E5D3D023722E90339ADA38AA,IMPHASH=CAB6D6025DF08B0D0BC6259D625E2778</Data><Data Name='Signed'>true</Data><Data Name='Signature'>Microsoft Windows</Data><Data Name='SignatureStatus'>Valid</Data></EventData></Event>
<Event xmlns='http://schemas.microsoft.com/win/2004/08/events/event'><System><Provider Name='Microsoft-Windows-Sysmon' Guid='{5770385F-C22A-43E0-BF4C-06F5698FFBD9}'/><EventID>10</EventID><Version>3</Version><Level>4</Level><Task>10</Task><Opcode>0</Opcode><Keywords>0x8000000000000000</Keywords><TimeCreated SystemTime='2021-10-14T21:32:19.689978400Z'/><EventRecordID>8017197</EventRecordID><Correlation/><Execution ProcessID='1140' ThreadID='2720'/><Channel>Microsoft-Windows-Sysmon/Operational</Channel><Computer>win-host-874.attackrange.local</Computer><Security UserID='S-1-5-18'/></System><EventData><Data Name='RuleName'>-</Data><Data Name='UtcTime'>2021-10-14 21:32:19.685</Data><Data Name='SourceProcessGUID'>{AD5E2759-5432-6143-0B00-00000000F101}</Data><Data Name='SourceProcessId'>628</Data><Data Name='SourceThreadId'>3524</Data><Data Name='SourceImage'>C:\Windows\system32\lsass.exe</Data><Data Name='TargetProcessGUID'>{AD5E2759-A1E3-6168-5461-04000000F101}</Data><Data Name='TargetProcessId'>1100</Data><Data Name='TargetImage'>C:\Windows\system32\setspn.exe</Data><Data Name='GrantedAccess'>0x1478</Data><Data Name='CallTrace'>C:\Windows\SYSTEM32\ntdll.dll+a6134|C:\Windows\system32\lsasrv.dll+24be7|C:\Windows\system32\lsasrv.dll+25d2d|C:\Windows\system32\lsasrv.dll+24a65|C:\Windows\SYSTEM32\SspiSrv.dll+11a2|C:\Windows\System32\RPCRT4.dll+7a593|C:\Windows\System32\RPCRT4.dll+d9f41|C:\Windows\System32\RPCRT4.dll+62d4c|C:\Windows\System32\RPCRT4.dll+4a274|C:\Windows\System32\RPCRT4.dll+4918d|C:\Windows\System32\RPCRT4.dll+49a3b|C:\Windows\System32\RPCRT4.dll+310ac|C:\Windows\System32\RPCRT4.dll+3152c|C:\Windows\System32\RPCRT4.dll+1ae1c|C:\Windows\System32\RPCRT4.dll+1c67b|C:\Windows\System32\RPCRT4.dll+43a2a|C:\Windows\SYSTEM32\ntdll.dll+1d34e|C:\Windows\SYSTEM32\ntdll.dll+1ecb9|C:\Windows\System32\KERNEL32.DLL+84d4|C:\Windows\SYSTEM32\ntdll.dll+51781</Data></EventData></Event>
<Event xmlns='http://schemas.microsoft.com/win/2004/08/events/event'><System><Provider Name='Microsoft-Windows-Sysmon' Guid='{5770385F-C22A-43E0-BF4C-06F5698FFBD9}'/><EventID>10</EventID><Version>3</Version><Level>4</Level><Task>10</Task><Opcode>0</Opcode><Keywords>0x8000000000000000</Keywords><TimeCreated SystemTime='2021-10-14T21:32:19.689876000Z'/><EventRecordID>8017196</EventRecordID><Correlation/><Execution ProcessID='1140' ThreadID='2720'/><Channel>Microsoft-Windows-Sysmon/Operational</Channel><Computer>win-host-874.attackrange.local</Computer><Security UserID='S-1-5-18'/></System><EventData><Data Name='RuleName'>-</Data><Data Name='UtcTime'>2021-10-14 21:32:19.685</Data><Data Name='SourceProcessGUID'>{AD5E2759-5432-6143-0B00-00000000F101}</Data><Data Name='SourceProcessId'>628</Data><Data Name='SourceThreadId'>3524</Data><Data Name='SourceImage'>C:\Windows\system32\lsass.exe</Data><Data Name='TargetProcessGUID'>{AD5E2759-A1E3-6168-5461-04000000F101}</Data><Data Name='TargetProcessId'>1100</Data><Data Name='TargetImage'>C:\Windows\system32\setspn.exe</Data><Data Name='GrantedAccess'>0x1000</Data><Data Name='CallTrace'>C:\Windows\SYSTEM32\ntdll.dll+a6cc4|C:\Windows\System32\RPCRT4.dll+67d2f|C:\Windows\system32\lsasrv.dll+249ad|C:\Windows\SYSTEM32\SspiSrv.dll+11a2|C:\Windows\System32\RPCRT4.dll+7a593|C:\Windows\System32\RPCRT4.dll+d9f41|C:\Windows\System32\RPCRT4.dll+62d4c|C:\Windows\System32\RPCRT4.dll+4a274|C:\Windows\System32\RPCRT4.dll+4918d|C:\Windows\System32\RPCRT4.dll+49a3b|C:\Windows\System32\RPCRT4.dll+310ac|C:\Windows\System32\RPCRT4.dll+3152c|C:\Windows\System32\RPCRT4.dll+1ae1c|C:\Windows\System32\RPCRT4.dll+1c67b|C:\Windows\System32\RPCRT4.dll+43a2a|C:\Windows\SYSTEM32\ntdll.dll+1d34e|C:\Windows\SYSTEM32\ntdll.dll+1ecb9|C:\Windows\System32\KERNEL32.DLL+84d4|C:\Windows\SYSTEM32\ntdll.dll+51781</Data></EventData></Event>
<Event xmlns='http://schemas.microsoft.com/win/2004/08/events/event'><System><Provider Name='Microsoft-Windows-Sysmon' Guid='{5770385F-C22A-43E0-BF4C-06F5698FFBD9}'/><EventID>10</EventID><Version>3</Version><Level>4</Level><Task>10</Task><Opcode>0</Opcode><Keywords>0x8000000000000000</Keywords><TimeCreated SystemTime='2021-10-14T21:32:19.675863800Z'/><EventRecordID>8017195</EventRecordID><Correlation/><Execution ProcessID='1140' ThreadID='2720'/><Channel>Microsoft-Windows-Sysmon/Operational</Channel><Computer>win-host-874.attackrange.local</Computer><Security UserID='S-1-5-18'/></System><EventData><Data Name='RuleName'>-</Data><Data Name='UtcTime'>2021-10-14 21:32:19.670</Data><Data Name='SourceProcessGUID'>{AD5E2759-A1BE-6168-4461-04000000F101}</Data><Data Name='SourceProcessId'>5700</Data><Data Name='SourceThreadId'>5728</Data><Data Name='SourceImage'>C:\Windows\system32\conhost.exe</Data><Data Name='TargetProcessGUID'>{AD5E2759-A1E3-6168-5461-04000000F101}</Data><Data Name='TargetProcessId'>1100</Data><Data Name='TargetImage'>C:\Windows\system32\setspn.exe</Data><Data Name='GrantedAccess'>0x1fffff</Data><Data Name='CallTrace'>C:\Windows\SYSTEM32\ntdll.dll+a6134|C:\Windows\SYSTEM32\ConhostV2.dll+5ca7|C:\Windows\SYSTEM32\ConhostV2.dll+774b|C:\Windows\SYSTEM32\ConhostV2.dll+a8ef|C:\Windows\System32\KERNEL32.DLL+84d4|C:\Windows\SYSTEM32\ntdll.dll+51781</Data></EventData></Event>
<Event xmlns='http://schemas.microsoft.com/win/2004/08/events/event'><System><Provider Name='Microsoft-Windows-Sysmon' Guid='{5770385F-C22A-43E0-BF4C-06F5698FFBD9}'/><EventID>10</EventID><Version>3</Version><Level>4</Level><Task>10</Task><Opcode>0</Opcode><Keywords>0x8000000000000000</Keywords><TimeCreated SystemTime='2021-10-14T21:32:19.674279900Z'/><EventRecordID>8017192</EventRecordID><Correlation/><Execution ProcessID='1140' ThreadID='2720'/><Channel>Microsoft-Windows-Sysmon/Operational</Channel><Computer>win-host-874.attackrange.local</Computer><Security UserID='S-1-5-18'/></System><EventData><Data Name='RuleName'>-</Data><Data Name='UtcTime'>2021-10-14 21:32:19.670</Data><Data Name='SourceProcessGUID'>{AD5E2759-A1AF-6168-1D61-04000000F101}</Data><Data Name='SourceProcessId'>2172</Data><Data Name='SourceThreadId'>3308</Data><Data Name='SourceImage'>C:\Windows\system32\csrss.exe</Data><Data Name='TargetProcessGUID'>{AD5E2759-A1E3-6168-5461-04000000F101}</Data><Data Name='TargetProcessId'>1100</Data><Data Name='TargetImage'>C:\Windows\system32\setspn.exe</Data><Data Name='GrantedAccess'>0x1fffff</Data><Data Name='CallTrace'>C:\Windows\SYSTEM32\ntdll.dll+a6134|C:\Windows\system32\basesrv.DLL+2f47|C:\Windows\SYSTEM32\CSRSRV.dll+5645|C:\Windows\SYSTEM32\ntdll.dll+5178f</Data></EventData></Event>
<Event xmlns='http://schemas.microsoft.com/win/2004/08/events/event'><System><Provider Name='Microsoft-Windows-Sysmon' Guid='{5770385F-C22A-43E0-BF4C-06F5698FFBD9}'/><EventID>10</EventID><Version>3</Version><Level>4</Level><Task>10</Task><Opcode>0</Opcode><Keywords>0x8000000000000000</Keywords><TimeCreated SystemTime='2021-10-14T21:32:19.673976000Z'/><EventRecordID>8017189</EventRecordID><Correlation/><Execution ProcessID='1140' ThreadID='2720'/><Channel>Microsoft-Windows-Sysmon/Operational</Channel><Computer>win-host-874.attackrange.local</Computer><Security UserID='S-1-5-18'/></System><EventData><Data Name='RuleName'>-</Data><Data Name='UtcTime'>2021-10-14 21:32:19.670</Data><Data Name='SourceProcessGUID'>{AD5E2759-A1BE-6168-4361-04000000F101}</Data><Data Name='SourceProcessId'>5688</Data><Data Name='SourceThreadId'>5856</Data><Data Name='SourceImage'>C:\Windows\System32\WindowsPowerShell\v1.0\powershell.exe</Data><Data Name='TargetProcessGUID'>{AD5E2759-A1E3-6168-5461-04000000F101}</Data><Data Name='TargetProcessId'>1100</Data><Data Name='TargetImage'>C:\Windows\system32\setspn.exe</Data><Data Name='GrantedAccess'>0x1fffff</Data><Data Name='CallTrace'>C:\Windows\SYSTEM32\ntdll.dll+a7404|C:\Windows\System32\KERNELBASE.dll+2b860|C:\Windows\System32\KERNELBASE.dll+6b246|C:\Windows\System32\KERNEL32.DLL+1c213|C:\Windows\assembly\NativeImages_v4.0.30319_64\System\2a6ccbaba5690e5b3fec3bf707022bdb\System.ni.dll+384146|C:\Windows\assembly\NativeImages_v4.0.30319_64\System\2a6ccbaba5690e5b3fec3bf707022bdb\System.ni.dll+2c4809|C:\Windows\assembly\NativeImages_v4.0.30319_64\System\2a6ccbaba5690e5b3fec3bf707022bdb\System.ni.dll+2c4179|C:\Windows\assembly\NativeImages_v4.0.30319_64\System.Manaa57fc8cc#\0784610d68cd6b36e46150702bf69c35\System.Management.Automation.ni.dll+de4d0027(wow64)|C:\Windows\assembly\NativeImages_v4.0.30319_64\System.Manaa57fc8cc#\0784610d68cd6b36e46150702bf69c35\System.Management.Automation.ni.dll+dd953480(wow64)|C:\Windows\assembly\NativeImages_v4.0.30319_64\System.Manaa57fc8cc#\0784610d68cd6b36e46150702bf69c35\System.Management.Automation.ni.dll+dd9530bb(wow64)|C:\Windows\assembly\NativeImages_v4.0.30319_64\System.Manaa57fc8cc#\0784610d68cd6b36e46150702bf69c35\System.Management.Automation.ni.dll+de41b3e9(wow64)|C:\Windows\assembly\NativeImages_v4.0.30319_64\System.Manaa57fc8cc#\0784610d68cd6b36e46150702bf69c35\System.Management.Automation.ni.dll+dd91002d(wow64)|C:\Windows\assembly\NativeImages_v4.0.30319_64\System.Manaa57fc8cc#\0784610d68cd6b36e46150702bf69c35\System.Management.Automation.ni.dll+dd973a9f(wow64)|C:\Windows\assembly\NativeImages_v4.0.30319_64\System.Manaa57fc8cc#\0784610d68cd6b36e46150702bf69c35\System.Management.Automation.ni.dll+dd955aae(wow64)|C:\Windows\assembly\NativeImages_v4.0.30319_64\System.Manaa57fc8cc#\0784610d68cd6b36e46150702bf69c35\System.Management.Automation.ni.dll+dd955aae(wow64)|C:\Windows\assembly\NativeImages_v4.0.30319_64\System.Manaa57fc8cc#\0784610d68cd6b36e46150702bf69c35\System.Management.Automation.ni.dll+dd95593f(wow64)|C:\Windows\assembly\NativeImages_v4.0.30319_64\System.Manaa57fc8cc#\0784610d68cd6b36e46150702bf69c35\System.Management.Automation.ni.dll+dd94665f(wow64)|C:\Windows\assembly\NativeImages_v4.0.30319_64\System.Manaa57fc8cc#\0784610d68cd6b36e46150702bf69c35\System.Management.Automation.ni.dll+dd953ba1(wow64)|C:\Windows\assembly\NativeImages_v4.0.30319_64\System.Manaa57fc8cc#\0784610d68cd6b36e46150702bf69c35\System.Management.Automation.ni.dll+dd953713(wow64)|C:\Windows\assembly\NativeImages_v4.0.30319_64\System.Manaa57fc8cc#\0784610d68cd6b36e46150702bf69c35\System.Management.Automation.ni.dll+dd953480(wow64)|C:\Windows\assembly\NativeImages_v4.0.30319_64\System.Manaa57fc8cc#\0784610d68cd6b36e46150702bf69c35\System.Management.Automation.ni.dll+dd9530bb(wow64)|C:\Windows\assembly\NativeImages_v4.0.30319_64\System.Manaa57fc8cc#\0784610d68cd6b36e46150702bf69c35\System.Management.Automation.ni.dll+de41b3e9(wow64)|C:\Windows\assembly\NativeImages_v4.0.30319_64\System.Manaa57fc8cc#\0784610d68cd6b36e46150702bf69c35\System.Management.Automation.ni.dll+dd938366(wow64)|C:\Windows\assembly\NativeImages_v4.0.30319_64\System.Manaa57fc8cc#\0784610d68cd6b36e46150702bf69c35\System.Management.Automation.ni.dll+dd9378d8(wow64)</Data></EventData></Event>
<Event xmlns='http://schemas.microsoft.com/win/2004/08/events/event'><System><Provider Name='Microsoft-Windows-Sysmon' Guid='{5770385F-C22A-43E0-BF4C-06F5698FFBD9}'/><EventID>1</EventID><Version>5</Version><Level>4</Level><Task>1</Task><Opcode>0</Opcode><Keywords>0x8000000000000000</Keywords><TimeCreated SystemTime='2021-10-14T21:32:19.673679800Z'/><EventRecordID>8017188</EventRecordID><Correlation/><Execution ProcessID='1140' ThreadID='2720'/><Channel>Microsoft-Windows-Sysmon/Operational</Channel><Computer>win-host-874.attackrange.local</Computer><Security UserID='S-1-5-18'/></System><EventData><Data Name='RuleName'>-</Data><Data Name='UtcTime'>2021-10-14 21:32:19.670</Data><Data Name='ProcessGuid'>{AD5E2759-A1E3-6168-5461-04000000F101}</Data><Data Name='ProcessId'>1100</Data><Data Name='Image'>C:\Windows\System32\setspn.exe</Data><Data Name='FileVersion'>10.0.14393.0 (rs1_release.160715-1616)</Data><Data Name='Description'>Query or reset the computer's SPN attribute</Data><Data Name='Product'>Microsoft® Windows® Operating System</Data><Data Name='Company'>Microsoft Corporation</Data><Data Name='OriginalFileName'>setspn.exe</Data><Data Name='CommandLine'>"C:\Windows\system32\setspn.exe" -T attackrange.local -Q */*</Data><Data Name='CurrentDirectory'>C:\Users\Administrator\</Data><Data Name='User'>WIN-HOST-874\Administrator</Data><Data Name='LogonGuid'>{AD5E2759-A1B1-6168-DD52-B32300000000}</Data><Data Name='LogonId'>0x23b352dd</Data><Data Name='TerminalSessionId'>2</Data><Data Name='IntegrityLevel'>High</Data><Data Name='Hashes'>MD5=5C184D581524245DAD7A0A02B51FD2C2,SHA256=909C2DDF06CFEB1F79004DBB5E9B9D36B693CFDFF3459E0A6A51616B2AD6D2D1,IMPHASH=EE2A1EFE656353E15839359CEC611C50</Data><Data Name='ParentProcessGuid'>{AD5E2759-A1BE-6168-4361-04000000F101}</Data><Data Name='ParentProcessId'>5688</Data><Data Name='ParentImage'>C:\Windows\System32\WindowsPowerShell\v1.0\powershell.exe</Data><Data Name='ParentCommandLine'>"C:\Windows\System32\WindowsPowerShell\v1.0\powershell.exe" </Data></EventData></Event>
<Event xmlns='http://schemas.microsoft.com/win/2004/08/events/event'><System><Provider Name='Microsoft-Windows-Sysmon' Guid='{5770385F-C22A-43E0-BF4C-06F5698FFBD9}'/><EventID>3</EventID><Version>5</Version><Level>4</Level><Task>3</Task><Opcode>0</Opcode><Keywords>0x8000000000000000</Keywords><TimeCreated SystemTime='2021-10-14T21:32:20.936066600Z'/><EventRecordID>8017205</EventRecordID><Correlation/><Execution ProcessID='1140' ThreadID='2732'/><Channel>Microsoft-Windows-Sysmon/Operational</Channel><Computer>win-host-874.attackrange.local</Computer><Security UserID='S-1-5-18'/></System><EventData><Data Name='RuleName'>-</Data><Data Name='UtcTime'>2021-10-14 21:32:37.781</Data><Data Name='ProcessGuid'>{AD5E2759-A1E3-6168-5461-04000000F101}</Data><Data Name='ProcessId'>1100</Data><Data Name='Image'>C:\Windows\System32\setspn.exe</Data><Data Name='User'>WIN-HOST-874\Administrator</Data><Data Name='Protocol'>tcp</Data><Data Name='Initiated'>true</Data><Data Name='SourceIsIpv6'>false</Data><Data Name='SourceIp'>10.0.1.15</Data><Data Name='SourceHostname'>win-host-874.attackrange.local</Data><Data Name='SourcePort'>61768</Data><Data Name='SourcePortName'>-</Data><Data Name='DestinationIsIpv6'>false</Data><Data Name='DestinationIp'>10.0.1.14</Data><Data Name='DestinationHostname'>ip-10-0-1-14.us-west-2.compute.internal</Data><Data Name='DestinationPort'>389</Data><Data Name='DestinationPortName'>ldap</Data></EventData></Event>
<Event xmlns='http://schemas.microsoft.com/win/2004/08/events/event'><System><Provider Name='Microsoft-Windows-Sysmon' Guid='{5770385F-C22A-43E0-BF4C-06F5698FFBD9}'/><EventID>3</EventID><Version>5</Version><Level>4</Level><Task>3</Task><Opcode>0</Opcode><Keywords>0x8000000000000000</Keywords><TimeCreated SystemTime='2021-10-14T21:32:20.936045800Z'/><EventRecordID>8017204</EventRecordID><Correlation/><Execution ProcessID='1140' ThreadID='2732'/><Channel>Microsoft-Windows-Sysmon/Operational</Channel><Computer>win-host-874.attackrange.local</Computer><Security UserID='S-1-5-18'/></System><EventData><Data Name='RuleName'>-</Data><Data Name='UtcTime'>2021-10-14 21:32:37.753</Data><Data Name='ProcessGuid'>{AD5E2759-A1E3-6168-5461-04000000F101}</Data><Data Name='ProcessId'>1100</Data><Data Name='Image'>C:\Windows\System32\setspn.exe</Data><Data Name='User'>WIN-HOST-874\Administrator</Data><Data Name='Protocol'>tcp</Data><Data Name='Initiated'>true</Data><Data Name='SourceIsIpv6'>false</Data><Data Name='SourceIp'>10.0.1.15</Data><Data Name='SourceHostname'>win-host-874.attackrange.local</Data><Data Name='SourcePort'>61767</Data><Data Name='SourcePortName'>-</Data><Data Name='DestinationIsIpv6'>false</Data><Data Name='DestinationIp'>10.0.1.14</Data><Data Name='DestinationHostname'>ip-10-0-1-14.us-west-2.compute.internal</Data><Data Name='DestinationPort'>389</Data><Data Name='DestinationPortName'>ldap</Data></EventData></Event>
<Event xmlns='http://schemas.microsoft.com/win/2004/08/events/event'><System><Provider Name='Microsoft-Windows-Sysmon' Guid='{5770385F-C22A-43E0-BF4C-06F5698FFBD9}'/><EventID>22</EventID><Version>5</Version><Level>4</Level><Task>22</Task><Opcode>0</Opcode><Keywords>0x8000000000000000</Keywords><TimeCreated SystemTime='2021-10-14T21:32:21.732788300Z'/><EventRecordID>8017209</EventRecordID><Correlation/><Execution ProcessID='1140' ThreadID='2740'/><Channel>Microsoft-Windows-Sysmon/Operational</Channel><Computer>win-host-874.attackrange.local</Computer><Security UserID='S-1-5-18'/></System><EventData><Data Name='RuleName'>-</Data><Data Name='UtcTime'>2021-10-14 21:32:37.769</Data><Data Name='ProcessGuid'>{AD5E2759-A1E3-6168-5461-04000000F101}</Data><Data Name='ProcessId'>1100</Data><Data Name='QueryName'>win-dc-469.attackrange.local</Data><Data Name='QueryStatus'>0</Data><Data Name='QueryResults'>::ffff:10.0.1.14;</Data><Data Name='Image'>C:\Windows\System32\setspn.exe</Data></EventData></Event>
<Event xmlns='http://schemas.microsoft.com/win/2004/08/events/event'><System><Provider Name='Microsoft-Windows-Sysmon' Guid='{5770385F-C22A-43E0-BF4C-06F5698FFBD9}'/><EventID>7</EventID><Version>3</Version><Level>4</Level><Task>7</Task><Opcode>0</Opcode><Keywords>0x8000000000000000</Keywords><TimeCreated SystemTime='2021-10-14T21:32:43.431735400Z'/><EventRecordID>8017311</EventRecordID><Correlation/><Execution ProcessID='1140' ThreadID='2720'/><Channel>Microsoft-Windows-Sysmon/Operational</Channel><Computer>win-host-874.attackrange.local</Computer><Security UserID='S-1-5-18'/></System><EventData><Data Name='RuleName'>-</Data><Data Name='UtcTime'>2021-10-14 21:32:43.417</Data><Data Name='ProcessGuid'>{AD5E2759-A1FB-6168-5661-04000000F101}</Data><Data Name='ProcessId'>3828</Data><Data Name='Image'>C:\Windows\System32\setspn.exe</Data><Data Name='ImageLoaded'>C:\Windows\System32\cryptdll.dll</Data><Data Name='FileVersion'>10.0.14393.2969 (rs1_release.190503-1820)</Data><Data Name='Description'>Cryptography Manager</Data><Data Name='Product'>Microsoft® Windows® Operating System</Data><Data Name='Company'>Microsoft Corporation</Data><Data Name='OriginalFileName'>cryptdll.dll</Data><Data Name='Hashes'>MD5=4B31902F1E0B79CE7E46D9877647C1CC,SHA256=8925892119315293C49D09A26191149660934BF1E5D3D023722E90339ADA38AA,IMPHASH=CAB6D6025DF08B0D0BC6259D625E2778</Data><Data Name='Signed'>true</Data><Data Name='Signature'>Microsoft Windows</Data><Data Name='SignatureStatus'>Valid</Data></EventData></Event>
<Event xmlns='http://schemas.microsoft.com/win/2004/08/events/event'><System><Provider Name='Microsoft-Windows-Sysmon' Guid='{5770385F-C22A-43E0-BF4C-06F5698FFBD9}'/><EventID>10</EventID><Version>3</Version><Level>4</Level><Task>10</Task><Opcode>0</Opcode><Keywords>0x8000000000000000</Keywords><TimeCreated SystemTime='2021-10-14T21:32:43.285626100Z'/><EventRecordID>8017310</EventRecordID><Correlation/><Execution ProcessID='1140' ThreadID='2720'/><Channel>Microsoft-Windows-Sysmon/Operational</Channel><Computer>win-host-874.attackrange.local</Computer><Security UserID='S-1-5-18'/></System><EventData><Data Name='RuleName'>-</Data><Data Name='UtcTime'>2021-10-14 21:32:43.276</Data><Data Name='SourceProcessGUID'>{AD5E2759-5432-6143-0B00-00000000F101}</Data><Data Name='SourceProcessId'>628</Data><Data Name='SourceThreadId'>4676</Data><Data Name='SourceImage'>C:\Windows\system32\lsass.exe</Data><Data Name='TargetProcessGUID'>{AD5E2759-A1FB-6168-5661-04000000F101}</Data><Data Name='TargetProcessId'>3828</Data><Data Name='TargetImage'>C:\Windows\system32\setspn.exe</Data><Data Name='GrantedAccess'>0x1478</Data><Data Name='CallTrace'>C:\Windows\SYSTEM32\ntdll.dll+a6134|C:\Windows\system32\lsasrv.dll+24be7|C:\Windows\system32\lsasrv.dll+25d2d|C:\Windows\system32\lsasrv.dll+24a65|C:\Windows\SYSTEM32\SspiSrv.dll+11a2|C:\Windows\System32\RPCRT4.dll+7a593|C:\Windows\System32\RPCRT4.dll+d9f41|C:\Windows\System32\RPCRT4.dll+62d4c|C:\Windows\System32\RPCRT4.dll+4a274|C:\Windows\System32\RPCRT4.dll+4918d|C:\Windows\System32\RPCRT4.dll+49a3b|C:\Windows\System32\RPCRT4.dll+310ac|C:\Windows\System32\RPCRT4.dll+3152c|C:\Windows\System32\RPCRT4.dll+1ae1c|C:\Windows\System32\RPCRT4.dll+1c67b|C:\Windows\System32\RPCRT4.dll+43a2a|C:\Windows\SYSTEM32\ntdll.dll+1d34e|C:\Windows\SYSTEM32\ntdll.dll+1ecb9|C:\Windows\System32\KERNEL32.DLL+84d4|C:\Windows\SYSTEM32\ntdll.dll+51781</Data></EventData></Event>
<Event xmlns='http://schemas.microsoft.com/win/2004/08/events/event'><System><Provider Name='Microsoft-Windows-Sysmon' Guid='{5770385F-C22A-43E0-BF4C-06F5698FFBD9}'/><EventID>10</EventID><Version>3</Version><Level>4</Level><Task>10</Task><Opcode>0</Opcode><Keywords>0x8000000000000000</Keywords><TimeCreated SystemTime='2021-10-14T21:32:43.285464700Z'/><EventRecordID>8017309</EventRecordID><Correlation/><Execution ProcessID='1140' ThreadID='2720'/><Channel>Microsoft-Windows-Sysmon/Operational</Channel><Computer>win-host-874.attackrange.local</Computer><Security UserID='S-1-5-18'/></System><EventData><Data Name='RuleName'>-</Data><Data Name='UtcTime'>2021-10-14 21:32:43.276</Data><Data Name='SourceProcessGUID'>{AD5E2759-5432-6143-0B00-00000000F101}</Data><Data Name='SourceProcessId'>628</Data><Data Name='SourceThreadId'>4676</Data><Data Name='SourceImage'>C:\Windows\system32\lsass.exe</Data><Data Name='TargetProcessGUID'>{AD5E2759-A1FB-6168-5661-04000000F101}</Data><Data Name='TargetProcessId'>3828</Data><Data Name='TargetImage'>C:\Windows\system32\setspn.exe</Data><Data Name='GrantedAccess'>0x1000</Data><Data Name='CallTrace'>C:\Windows\SYSTEM32\ntdll.dll+a6cc4|C:\Windows\System32\RPCRT4.dll+67d2f|C:\Windows\system32\lsasrv.dll+249ad|C:\Windows\SYSTEM32\SspiSrv.dll+11a2|C:\Windows\System32\RPCRT4.dll+7a593|C:\Windows\System32\RPCRT4.dll+d9f41|C:\Windows\System32\RPCRT4.dll+62d4c|C:\Windows\System32\RPCRT4.dll+4a274|C:\Windows\System32\RPCRT4.dll+4918d|C:\Windows\System32\RPCRT4.dll+49a3b|C:\Windows\System32\RPCRT4.dll+310ac|C:\Windows\System32\RPCRT4.dll+3152c|C:\Windows\System32\RPCRT4.dll+1ae1c|C:\Windows\System32\RPCRT4.dll+1c67b|C:\Windows\System32\RPCRT4.dll+43a2a|C:\Windows\SYSTEM32\ntdll.dll+1d34e|C:\Windows\SYSTEM32\ntdll.dll+1ecb9|C:\Windows\System32\KERNEL32.DLL+84d4|C:\Windows\SYSTEM32\ntdll.dll+51781</Data></EventData></Event>
<Event xmlns='http://schemas.microsoft.com/win/2004/08/events/event'><System><Provider Name='Microsoft-Windows-Sysmon' Guid='{5770385F-C22A-43E0-BF4C-06F5698FFBD9}'/><EventID>10</EventID><Version>3</Version><Level>4</Level><Task>10</Task><Opcode>0</Opcode><Keywords>0x8000000000000000</Keywords><TimeCreated SystemTime='2021-10-14T21:32:43.198090100Z'/><EventRecordID>8017307</EventRecordID><Correlation/><Execution ProcessID='1140' ThreadID='2720'/><Channel>Microsoft-Windows-Sysmon/Operational</Channel><Computer>win-host-874.attackrange.local</Computer><Security UserID='S-1-5-18'/></System><EventData><Data Name='RuleName'>-</Data><Data Name='UtcTime'>2021-10-14 21:32:43.182</Data><Data Name='SourceProcessGUID'>{AD5E2759-A1BE-6168-4461-04000000F101}</Data><Data Name='SourceProcessId'>5700</Data><Data Name='SourceThreadId'>5728</Data><Data Name='SourceImage'>C:\Windows\system32\conhost.exe</Data><Data Name='TargetProcessGUID'>{AD5E2759-A1FB-6168-5661-04000000F101}</Data><Data Name='TargetProcessId'>3828</Data><Data Name='TargetImage'>C:\Windows\system32\setspn.exe</Data><Data Name='GrantedAccess'>0x1fffff</Data><Data Name='CallTrace'>C:\Windows\SYSTEM32\ntdll.dll+a6134|C:\Windows\SYSTEM32\ConhostV2.dll+5ca7|C:\Windows\SYSTEM32\ConhostV2.dll+774b|C:\Windows\SYSTEM32\ConhostV2.dll+a8ef|C:\Windows\System32\KERNEL32.DLL+84d4|C:\Windows\SYSTEM32\ntdll.dll+51781</Data></EventData></Event>
<Event xmlns='http://schemas.microsoft.com/win/2004/08/events/event'><System><Provider Name='Microsoft-Windows-Sysmon' Guid='{5770385F-C22A-43E0-BF4C-06F5698FFBD9}'/><EventID>10</EventID><Version>3</Version><Level>4</Level><Task>10</Task><Opcode>0</Opcode><Keywords>0x8000000000000000</Keywords><TimeCreated SystemTime='2021-10-14T21:32:43.178861000Z'/><EventRecordID>8017302</EventRecordID><Correlation/><Execution ProcessID='1140' ThreadID='2720'/><Channel>Microsoft-Windows-Sysmon/Operational</Channel><Computer>win-host-874.attackrange.local</Computer><Security UserID='S-1-5-18'/></System><EventData><Data Name='RuleName'>-</Data><Data Name='UtcTime'>2021-10-14 21:32:43.167</Data><Data Name='SourceProcessGUID'>{AD5E2759-A1AF-6168-1D61-04000000F101}</Data><Data Name='SourceProcessId'>2172</Data><Data Name='SourceThreadId'>928</Data><Data Name='SourceImage'>C:\Windows\system32\csrss.exe</Data><Data Name='TargetProcessGUID'>{AD5E2759-A1FB-6168-5661-04000000F101}</Data><Data Name='TargetProcessId'>3828</Data><Data Name='TargetImage'>C:\Windows\system32\setspn.exe</Data><Data Name='GrantedAccess'>0x1fffff</Data><Data Name='CallTrace'>C:\Windows\SYSTEM32\ntdll.dll+a6134|C:\Windows\system32\basesrv.DLL+2f47|C:\Windows\SYSTEM32\CSRSRV.dll+5645|C:\Windows\SYSTEM32\ntdll.dll+5178f</Data></EventData></Event>
<Event xmlns='http://schemas.microsoft.com/win/2004/08/events/event'><System><Provider Name='Microsoft-Windows-Sysmon' Guid='{5770385F-C22A-43E0-BF4C-06F5698FFBD9}'/><EventID>10</EventID><Version>3</Version><Level>4</Level><Task>10</Task><Opcode>0</Opcode><Keywords>0x8000000000000000</Keywords><TimeCreated SystemTime='2021-10-14T21:32:43.178726600Z'/><EventRecordID>8017301</EventRecordID><Correlation/><Execution ProcessID='1140' ThreadID='2720'/><Channel>Microsoft-Windows-Sysmon/Operational</Channel><Computer>win-host-874.attackrange.local</Computer><Security UserID='S-1-5-18'/></System><EventData><Data Name='RuleName'>-</Data><Data Name='UtcTime'>2021-10-14 21:32:43.167</Data><Data Name='SourceProcessGUID'>{AD5E2759-A1BE-6168-4361-04000000F101}</Data><Data Name='SourceProcessId'>5688</Data><Data Name='SourceThreadId'>5856</Data><Data Name='SourceImage'>C:\Windows\System32\WindowsPowerShell\v1.0\powershell.exe</Data><Data Name='TargetProcessGUID'>{AD5E2759-A1FB-6168-5661-04000000F101}</Data><Data Name='TargetProcessId'>3828</Data><Data Name='TargetImage'>C:\Windows\system32\setspn.exe</Data><Data Name='GrantedAccess'>0x1fffff</Data><Data Name='CallTrace'>C:\Windows\SYSTEM32\ntdll.dll+a7404|C:\Windows\System32\KERNELBASE.dll+2b860|C:\Windows\System32\KERNELBASE.dll+6b246|C:\Windows\System32\KERNEL32.DLL+1c213|C:\Windows\assembly\NativeImages_v4.0.30319_64\System\2a6ccbaba5690e5b3fec3bf707022bdb\System.ni.dll+384146|C:\Windows\assembly\NativeImages_v4.0.30319_64\System\2a6ccbaba5690e5b3fec3bf707022bdb\System.ni.dll+2c4809|C:\Windows\assembly\NativeImages_v4.0.30319_64\System\2a6ccbaba5690e5b3fec3bf707022bdb\System.ni.dll+2c4179|C:\Windows\assembly\NativeImages_v4.0.30319_64\System.Manaa57fc8cc#\0784610d68cd6b36e46150702bf69c35\System.Management.Automation.ni.dll+de4d0027(wow64)|C:\Windows\assembly\NativeImages_v4.0.30319_64\System.Manaa57fc8cc#\0784610d68cd6b36e46150702bf69c35\System.Management.Automation.ni.dll+dd953480(wow64)|C:\Windows\assembly\NativeImages_v4.0.30319_64\System.Manaa57fc8cc#\0784610d68cd6b36e46150702bf69c35\System.Management.Automation.ni.dll+dd9530bb(wow64)|C:\Windows\assembly\NativeImages_v4.0.30319_64\System.Manaa57fc8cc#\0784610d68cd6b36e46150702bf69c35\System.Management.Automation.ni.dll+de41b3e9(wow64)|C:\Windows\assembly\NativeImages_v4.0.30319_64\System.Manaa57fc8cc#\0784610d68cd6b36e46150702bf69c35\System.Management.Automation.ni.dll+dd91002d(wow64)|C:\Windows\assembly\NativeImages_v4.0.30319_64\System.Manaa57fc8cc#\0784610d68cd6b36e46150702bf69c35\System.Management.Automation.ni.dll+dd973a9f(wow64)|C:\Windows\assembly\NativeImages_v4.0.30319_64\System.Manaa57fc8cc#\0784610d68cd6b36e46150702bf69c35\System.Management.Automation.ni.dll+dd955aae(wow64)|C:\Windows\assembly\NativeImages_v4.0.30319_64\System.Manaa57fc8cc#\0784610d68cd6b36e46150702bf69c35\System.Management.Automation.ni.dll+dd955aae(wow64)|C:\Windows\assembly\NativeImages_v4.0.30319_64\System.Manaa57fc8cc#\0784610d68cd6b36e46150702bf69c35\System.Management.Automation.ni.dll+dd95593f(wow64)|C:\Windows\assembly\NativeImages_v4.0.30319_64\System.Manaa57fc8cc#\0784610d68cd6b36e46150702bf69c35\System.Management.Automation.ni.dll+dd94665f(wow64)|C:\Windows\assembly\NativeImages_v4.0.30319_64\System.Manaa57fc8cc#\0784610d68cd6b36e46150702bf69c35\System.Management.Automation.ni.dll+dd953ba1(wow64)|C:\Windows\assembly\NativeImages_v4.0.30319_64\System.Manaa57fc8cc#\0784610d68cd6b36e46150702bf69c35\System.Management.Automation.ni.dll+dd953713(wow64)|C:\Windows\assembly\NativeImages_v4.0.30319_64\System.Manaa57fc8cc#\0784610d68cd6b36e46150702bf69c35\System.Management.Automation.ni.dll+dd953480(wow64)|C:\Windows\assembly\NativeImages_v4.0.30319_64\System.Manaa57fc8cc#\0784610d68cd6b36e46150702bf69c35\System.Management.Automation.ni.dll+dd9530bb(wow64)|C:\Windows\assembly\NativeImages_v4.0.30319_64\System.Manaa57fc8cc#\0784610d68cd6b36e46150702bf69c35\System.Management.Automation.ni.dll+de41b3e9(wow64)|C:\Windows\assembly\NativeImages_v4.0.30319_64\System.Manaa57fc8cc#\0784610d68cd6b36e46150702bf69c35\System.Management.Automation.ni.dll+dd938366(wow64)|C:\Windows\assembly\NativeImages_v4.0.30319_64\System.Manaa57fc8cc#\0784610d68cd6b36e46150702bf69c35\System.Management.Automation.ni.dll+dd9378d8(wow64)</Data></EventData></Event>
<Event xmlns='http://schemas.microsoft.com/win/2004/08/events/event'><System><Provider Name='Microsoft-Windows-Sysmon' Guid='{5770385F-C22A-43E0-BF4C-06F5698FFBD9}'/><EventID>1</EventID><Version>5</Version><Level>4</Level><Task>1</Task><Opcode>0</Opcode><Keywords>0x8000000000000000</Keywords><TimeCreated SystemTime='2021-10-14T21:32:43.178478000Z'/><EventRecordID>8017300</EventRecordID><Correlation/><Execution ProcessID='1140' ThreadID='2720'/><Channel>Microsoft-Windows-Sysmon/Operational</Channel><Computer>win-host-874.attackrange.local</Computer><Security UserID='S-1-5-18'/></System><EventData><Data Name='RuleName'>-</Data><Data Name='UtcTime'>2021-10-14 21:32:43.176</Data><Data Name='ProcessGuid'>{AD5E2759-A1FB-6168-5661-04000000F101}</Data><Data Name='ProcessId'>3828</Data><Data Name='Image'>C:\Windows\System32\setspn.exe</Data><Data Name='FileVersion'>10.0.14393.0 (rs1_release.160715-1616)</Data><Data Name='Description'>Query or reset the computer's SPN attribute</Data><Data Name='Product'>Microsoft® Windows® Operating System</Data><Data Name='Company'>Microsoft Corporation</Data><Data Name='OriginalFileName'>setspn.exe</Data><Data Name='CommandLine'>"C:\Windows\system32\setspn.exe" -T attackrange.local -F -Q MSSQLSvc/*</Data><Data Name='CurrentDirectory'>C:\Users\Administrator\</Data><Data Name='User'>WIN-HOST-874\Administrator</Data><Data Name='LogonGuid'>{AD5E2759-A1B1-6168-DD52-B32300000000}</Data><Data Name='LogonId'>0x23b352dd</Data><Data Name='TerminalSessionId'>2</Data><Data Name='IntegrityLevel'>High</Data><Data Name='Hashes'>MD5=5C184D581524245DAD7A0A02B51FD2C2,SHA256=909C2DDF06CFEB1F79004DBB5E9B9D36B693CFDFF3459E0A6A51616B2AD6D2D1,IMPHASH=EE2A1EFE656353E15839359CEC611C50</Data><Data Name='ParentProcessGuid'>{AD5E2759-A1BE-6168-4361-04000000F101}</Data><Data Name='ParentProcessId'>5688</Data><Data Name='ParentImage'>C:\Windows\System32\WindowsPowerShell\v1.0\powershell.exe</Data><Data Name='ParentCommandLine'>"C:\Windows\System32\WindowsPowerShell\v1.0\powershell.exe" </Data></EventData></Event>
<Event xmlns='http://schemas.microsoft.com/win/2004/08/events/event'><System><Provider Name='Microsoft-Windows-Sysmon' Guid='{5770385F-C22A-43E0-BF4C-06F5698FFBD9}'/><EventID>7</EventID><Version>3</Version><Level>4</Level><Task>7</Task><Opcode>0</Opcode><Keywords>0x8000000000000000</Keywords><TimeCreated SystemTime='2021-10-14T21:32:48.866237200Z'/><EventRecordID>8017351</EventRecordID><Correlation/><Execution ProcessID='1140' ThreadID='2720'/><Channel>Microsoft-Windows-Sysmon/Operational</Channel><Computer>win-host-874.attackrange.local</Computer><Security UserID='S-1-5-18'/></System><EventData><Data Name='RuleName'>-</Data><Data Name='UtcTime'>2021-10-14 21:32:48.858</Data><Data Name='ProcessGuid'>{AD5E2759-A200-6168-5761-04000000F101}</Data><Data Name='ProcessId'>6008</Data><Data Name='Image'>C:\Windows\System32\setspn.exe</Data><Data Name='ImageLoaded'>C:\Windows\System32\cryptdll.dll</Data><Data Name='FileVersion'>10.0.14393.2969 (rs1_release.190503-1820)</Data><Data Name='Description'>Cryptography Manager</Data><Data Name='Product'>Microsoft® Windows® Operating System</Data><Data Name='Company'>Microsoft Corporation</Data><Data Name='OriginalFileName'>cryptdll.dll</Data><Data Name='Hashes'>MD5=4B31902F1E0B79CE7E46D9877647C1CC,SHA256=8925892119315293C49D09A26191149660934BF1E5D3D023722E90339ADA38AA,IMPHASH=CAB6D6025DF08B0D0BC6259D625E2778</Data><Data Name='Signed'>true</Data><Data Name='Signature'>Microsoft Windows</Data><Data Name='SignatureStatus'>Valid</Data></EventData></Event>
<Event xmlns='http://schemas.microsoft.com/win/2004/08/events/event'><System><Provider Name='Microsoft-Windows-Sysmon' Guid='{5770385F-C22A-43E0-BF4C-06F5698FFBD9}'/><EventID>10</EventID><Version>3</Version><Level>4</Level><Task>10</Task><Opcode>0</Opcode><Keywords>0x8000000000000000</Keywords><TimeCreated SystemTime='2021-10-14T21:32:48.853135600Z'/><EventRecordID>8017350</EventRecordID><Correlation/><Execution ProcessID='1140' ThreadID='2720'/><Channel>Microsoft-Windows-Sysmon/Operational</Channel><Computer>win-host-874.attackrange.local</Computer><Security UserID='S-1-5-18'/></System><EventData><Data Name='RuleName'>-</Data><Data Name='UtcTime'>2021-10-14 21:32:48.841</Data><Data Name='SourceProcessGUID'>{AD5E2759-5432-6143-0B00-00000000F101}</Data><Data Name='SourceProcessId'>628</Data><Data Name='SourceThreadId'>3884</Data><Data Name='SourceImage'>C:\Windows\system32\lsass.exe</Data><Data Name='TargetProcessGUID'>{AD5E2759-A200-6168-5761-04000000F101}</Data><Data Name='TargetProcessId'>6008</Data><Data Name='TargetImage'>C:\Windows\system32\setspn.exe</Data><Data Name='GrantedAccess'>0x1478</Data><Data Name='CallTrace'>C:\Windows\SYSTEM32\ntdll.dll+a6134|C:\Windows\system32\lsasrv.dll+24be7|C:\Windows\system32\lsasrv.dll+25d2d|C:\Windows\system32\lsasrv.dll+24a65|C:\Windows\SYSTEM32\SspiSrv.dll+11a2|C:\Windows\System32\RPCRT4.dll+7a593|C:\Windows\System32\RPCRT4.dll+d9f41|C:\Windows\System32\RPCRT4.dll+62d4c|C:\Windows\System32\RPCRT4.dll+4a274|C:\Windows\System32\RPCRT4.dll+4918d|C:\Windows\System32\RPCRT4.dll+49a3b|C:\Windows\System32\RPCRT4.dll+310ac|C:\Windows\System32\RPCRT4.dll+3152c|C:\Windows\System32\RPCRT4.dll+1ae1c|C:\Windows\System32\RPCRT4.dll+1c67b|C:\Windows\System32\RPCRT4.dll+43a2a|C:\Windows\SYSTEM32\ntdll.dll+1d34e|C:\Windows\SYSTEM32\ntdll.dll+1ecb9|C:\Windows\System32\KERNEL32.DLL+84d4|C:\Windows\SYSTEM32\ntdll.dll+51781</Data></EventData></Event>
<Event xmlns='http://schemas.microsoft.com/win/2004/08/events/event'><System><Provider Name='Microsoft-Windows-Sysmon' Guid='{5770385F-C22A-43E0-BF4C-06F5698FFBD9}'/><EventID>10</EventID><Version>3</Version><Level>4</Level><Task>10</Task><Opcode>0</Opcode><Keywords>0x8000000000000000</Keywords><TimeCreated SystemTime='2021-10-14T21:32:48.852979500Z'/><EventRecordID>8017349</EventRecordID><Correlation/><Execution ProcessID='1140' ThreadID='2720'/><Channel>Microsoft-Windows-Sysmon/Operational</Channel><Computer>win-host-874.attackrange.local</Computer><Security UserID='S-1-5-18'/></System><EventData><Data Name='RuleName'>-</Data><Data Name='UtcTime'>2021-10-14 21:32:48.841</Data><Data Name='SourceProcessGUID'>{AD5E2759-5432-6143-0B00-00000000F101}</Data><Data Name='SourceProcessId'>628</Data><Data Name='SourceThreadId'>3884</Data><Data Name='SourceImage'>C:\Windows\system32\lsass.exe</Data><Data Name='TargetProcessGUID'>{AD5E2759-A200-6168-5761-04000000F101}</Data><Data Name='TargetProcessId'>6008</Data><Data Name='TargetImage'>C:\Windows\system32\setspn.exe</Data><Data Name='GrantedAccess'>0x1000</Data><Data Name='CallTrace'>C:\Windows\SYSTEM32\ntdll.dll+a6cc4|C:\Windows\System32\RPCRT4.dll+67d2f|C:\Windows\system32\lsasrv.dll+249ad|C:\Windows\SYSTEM32\SspiSrv.dll+11a2|C:\Windows\System32\RPCRT4.dll+7a593|C:\Windows\System32\RPCRT4.dll+d9f41|C:\Windows\System32\RPCRT4.dll+62d4c|C:\Windows\System32\RPCRT4.dll+4a274|C:\Windows\System32\RPCRT4.dll+4918d|C:\Windows\System32\RPCRT4.dll+49a3b|C:\Windows\System32\RPCRT4.dll+310ac|C:\Windows\System32\RPCRT4.dll+3152c|C:\Windows\System32\RPCRT4.dll+1ae1c|C:\Windows\System32\RPCRT4.dll+1c67b|C:\Windows\System32\RPCRT4.dll+43a2a|C:\Windows\SYSTEM32\ntdll.dll+1d34e|C:\Windows\SYSTEM32\ntdll.dll+1ecb9|C:\Windows\System32\KERNEL32.DLL+84d4|C:\Windows\SYSTEM32\ntdll.dll+51781</Data></EventData></Event>
