02/11/2022 07:29:08 PM
LogName=Security
SourceName=Microsoft Windows security auditing.
EventCode=4769
EventType=0
Type=Information
ComputerName=win-dc-128.attackrange.local
TaskCategory=Kerberos Service Ticket Operations
OpCode=Info
RecordNumber=1846465079
Keywords=Audit Success
Message=A Kerberos service ticket was requested.

Account Information:
	Account Name:		Administrator@ATTACKRANGE.LOCAL
	Account Domain:		ATTACKRANGE.LOCAL
	Logon GUID:		{B70E0307-2923-BE12-3F6E-5610C3DFDED2}

Service Information:
	Service Name:		srv_http9
	Service ID:		ATTACKRANGE\srv_http9

Network Information:
	Client Address:		::1
	Client Port:		0

Additional Information:
	Ticket Options:		0x40800000
	Ticket Encryption Type:	0x17
	Failure Code:		0x0
	Transited Services:	-

This event is generated every time access is requested to a resource such as a computer or a Windows service.  The service name indicates the resource to which access was requested.

This event can be correlated with Windows logon events by comparing the Logon GUID fields in each event.  The logon event occurs on the machine that was accessed, which is often a different machine than the domain controller which issued the service ticket.

Ticket options, encryption types, and failure codes are defined in RFC 4120.
02/11/2022 07:29:08 PM
LogName=Security
SourceName=Microsoft Windows security auditing.
EventCode=4769
EventType=0
Type=Information
ComputerName=win-dc-128.attackrange.local
TaskCategory=Kerberos Service Ticket Operations
OpCode=Info
RecordNumber=1846465078
Keywords=Audit Success
Message=A Kerberos service ticket was requested.

Account Information:
	Account Name:		Administrator@ATTACKRANGE.LOCAL
	Account Domain:		ATTACKRANGE.LOCAL
	Logon GUID:		{B70E0307-2923-BE12-3F6E-5610C3DFDED2}

Service Information:
	Service Name:		srv_http8
	Service ID:		ATTACKRANGE\srv_http8

Network Information:
	Client Address:		::1
	Client Port:		0

Additional Information:
	Ticket Options:		0x40800000
	Ticket Encryption Type:	0x17
	Failure Code:		0x0
	Transited Services:	-

This event is generated every time access is requested to a resource such as a computer or a Windows service.  The service name indicates the resource to which access was requested.

This event can be correlated with Windows logon events by comparing the Logon GUID fields in each event.  The logon event occurs on the machine that was accessed, which is often a different machine than the domain controller which issued the service ticket.

Ticket options, encryption types, and failure codes are defined in RFC 4120.
02/11/2022 07:29:08 PM
LogName=Security
SourceName=Microsoft Windows security auditing.
EventCode=4769
EventType=0
Type=Information
ComputerName=win-dc-128.attackrange.local
TaskCategory=Kerberos Service Ticket Operations
OpCode=Info
RecordNumber=1846465077
Keywords=Audit Success
Message=A Kerberos service ticket was requested.

Account Information:
	Account Name:		Administrator@ATTACKRANGE.LOCAL
	Account Domain:		ATTACKRANGE.LOCAL
	Logon GUID:		{B70E0307-2923-BE12-3F6E-5610C3DFDED2}

Service Information:
	Service Name:		srv_http7
	Service ID:		ATTACKRANGE\srv_http7

Network Information:
	Client Address:		::1
	Client Port:		0

Additional Information:
	Ticket Options:		0x40800000
	Ticket Encryption Type:	0x17
	Failure Code:		0x0
	Transited Services:	-

This event is generated every time access is requested to a resource such as a computer or a Windows service.  The service name indicates the resource to which access was requested.

This event can be correlated with Windows logon events by comparing the Logon GUID fields in each event.  The logon event occurs on the machine that was accessed, which is often a different machine than the domain controller which issued the service ticket.

Ticket options, encryption types, and failure codes are defined in RFC 4120.
02/11/2022 07:29:08 PM
LogName=Security
SourceName=Microsoft Windows security auditing.
EventCode=4769
EventType=0
Type=Information
ComputerName=win-dc-128.attackrange.local
TaskCategory=Kerberos Service Ticket Operations
OpCode=Info
RecordNumber=1846465076
Keywords=Audit Success
Message=A Kerberos service ticket was requested.

Account Information:
	Account Name:		Administrator@ATTACKRANGE.LOCAL
	Account Domain:		ATTACKRANGE.LOCAL
	Logon GUID:		{B70E0307-2923-BE12-3F6E-5610C3DFDED2}

Service Information:
	Service Name:		srv_http6
	Service ID:		ATTACKRANGE\srv_http6

Network Information:
	Client Address:		::1
	Client Port:		0

Additional Information:
	Ticket Options:		0x40800000
	Ticket Encryption Type:	0x17
	Failure Code:		0x0
	Transited Services:	-

This event is generated every time access is requested to a resource such as a computer or a Windows service.  The service name indicates the resource to which access was requested.

This event can be correlated with Windows logon events by comparing the Logon GUID fields in each event.  The logon event occurs on the machine that was accessed, which is often a different machine than the domain controller which issued the service ticket.

Ticket options, encryption types, and failure codes are defined in RFC 4120.
02/11/2022 07:29:08 PM
LogName=Security
SourceName=Microsoft Windows security auditing.
EventCode=4769
EventType=0
Type=Information
ComputerName=win-dc-128.attackrange.local
TaskCategory=Kerberos Service Ticket Operations
OpCode=Info
RecordNumber=1846465075
Keywords=Audit Success
Message=A Kerberos service ticket was requested.

Account Information:
	Account Name:		Administrator@ATTACKRANGE.LOCAL
	Account Domain:		ATTACKRANGE.LOCAL
	Logon GUID:		{B70E0307-2923-BE12-3F6E-5610C3DFDED2}

Service Information:
	Service Name:		srv_http5
	Service ID:		ATTACKRANGE\srv_http5

Network Information:
	Client Address:		::1
	Client Port:		0

Additional Information:
	Ticket Options:		0x40800000
	Ticket Encryption Type:	0x17
	Failure Code:		0x0
	Transited Services:	-

This event is generated every time access is requested to a resource such as a computer or a Windows service.  The service name indicates the resource to which access was requested.

This event can be correlated with Windows logon events by comparing the Logon GUID fields in each event.  The logon event occurs on the machine that was accessed, which is often a different machine than the domain controller which issued the service ticket.

Ticket options, encryption types, and failure codes are defined in RFC 4120.
02/11/2022 07:29:08 PM
LogName=Security
SourceName=Microsoft Windows security auditing.
EventCode=4769
EventType=0
Type=Information
ComputerName=win-dc-128.attackrange.local
TaskCategory=Kerberos Service Ticket Operations
OpCode=Info
RecordNumber=1846465074
Keywords=Audit Success
Message=A Kerberos service ticket was requested.

Account Information:
	Account Name:		Administrator@ATTACKRANGE.LOCAL
	Account Domain:		ATTACKRANGE.LOCAL
	Logon GUID:		{B70E0307-2923-BE12-3F6E-5610C3DFDED2}

Service Information:
	Service Name:		srv_http4
	Service ID:		ATTACKRANGE\srv_http4

Network Information:
	Client Address:		::1
	Client Port:		0

Additional Information:
	Ticket Options:		0x40800000
	Ticket Encryption Type:	0x17
	Failure Code:		0x0
	Transited Services:	-

This event is generated every time access is requested to a resource such as a computer or a Windows service.  The service name indicates the resource to which access was requested.

This event can be correlated with Windows logon events by comparing the Logon GUID fields in each event.  The logon event occurs on the machine that was accessed, which is often a different machine than the domain controller which issued the service ticket.

Ticket options, encryption types, and failure codes are defined in RFC 4120.
02/11/2022 07:29:08 PM
LogName=Security
SourceName=Microsoft Windows security auditing.
EventCode=4769
EventType=0
Type=Information
ComputerName=win-dc-128.attackrange.local
TaskCategory=Kerberos Service Ticket Operations
OpCode=Info
RecordNumber=1846465073
Keywords=Audit Success
Message=A Kerberos service ticket was requested.

Account Information:
	Account Name:		Administrator@ATTACKRANGE.LOCAL
	Account Domain:		ATTACKRANGE.LOCAL
	Logon GUID:		{B70E0307-2923-BE12-3F6E-5610C3DFDED2}

Service Information:
	Service Name:		srv_http3
	Service ID:		ATTACKRANGE\srv_http3

Network Information:
	Client Address:		::1
	Client Port:		0

Additional Information:
	Ticket Options:		0x40800000
	Ticket Encryption Type:	0x17
	Failure Code:		0x0
	Transited Services:	-

This event is generated every time access is requested to a resource such as a computer or a Windows service.  The service name indicates the resource to which access was requested.

This event can be correlated with Windows logon events by comparing the Logon GUID fields in each event.  The logon event occurs on the machine that was accessed, which is often a different machine than the domain controller which issued the service ticket.

Ticket options, encryption types, and failure codes are defined in RFC 4120.
02/11/2022 07:29:08 PM
LogName=Security
SourceName=Microsoft Windows security auditing.
EventCode=4769
EventType=0
Type=Information
ComputerName=win-dc-128.attackrange.local
TaskCategory=Kerberos Service Ticket Operations
OpCode=Info
RecordNumber=1846465072
Keywords=Audit Success
Message=A Kerberos service ticket was requested.

Account Information:
	Account Name:		Administrator@ATTACKRANGE.LOCAL
	Account Domain:		ATTACKRANGE.LOCAL
	Logon GUID:		{B70E0307-2923-BE12-3F6E-5610C3DFDED2}

Service Information:
	Service Name:		srv_http2
	Service ID:		ATTACKRANGE\srv_http2

Network Information:
	Client Address:		::1
	Client Port:		0

Additional Information:
	Ticket Options:		0x40800000
	Ticket Encryption Type:	0x17
	Failure Code:		0x0
	Transited Services:	-

This event is generated every time access is requested to a resource such as a computer or a Windows service.  The service name indicates the resource to which access was requested.

This event can be correlated with Windows logon events by comparing the Logon GUID fields in each event.  The logon event occurs on the machine that was accessed, which is often a different machine than the domain controller which issued the service ticket.

Ticket options, encryption types, and failure codes are defined in RFC 4120.
02/11/2022 07:29:08 PM
LogName=Security
SourceName=Microsoft Windows security auditing.
EventCode=4769
EventType=0
Type=Information
ComputerName=win-dc-128.attackrange.local
TaskCategory=Kerberos Service Ticket Operations
OpCode=Info
RecordNumber=1846465071
Keywords=Audit Success
Message=A Kerberos service ticket was requested.

Account Information:
	Account Name:		Administrator@ATTACKRANGE.LOCAL
	Account Domain:		ATTACKRANGE.LOCAL
	Logon GUID:		{B70E0307-2923-BE12-3F6E-5610C3DFDED2}

Service Information:
	Service Name:		srv_http10
	Service ID:		ATTACKRANGE\srv_http10

Network Information:
	Client Address:		::1
	Client Port:		0

Additional Information:
	Ticket Options:		0x40800000
	Ticket Encryption Type:	0x17
	Failure Code:		0x0
	Transited Services:	-

This event is generated every time access is requested to a resource such as a computer or a Windows service.  The service name indicates the resource to which access was requested.

This event can be correlated with Windows logon events by comparing the Logon GUID fields in each event.  The logon event occurs on the machine that was accessed, which is often a different machine than the domain controller which issued the service ticket.

Ticket options, encryption types, and failure codes are defined in RFC 4120.
02/11/2022 07:29:08 PM
LogName=Security
SourceName=Microsoft Windows security auditing.
EventCode=4769
EventType=0
Type=Information
ComputerName=win-dc-128.attackrange.local
TaskCategory=Kerberos Service Ticket Operations
OpCode=Info
RecordNumber=1846465070
Keywords=Audit Success
Message=A Kerberos service ticket was requested.

Account Information:
	Account Name:		Administrator@ATTACKRANGE.LOCAL
	Account Domain:		ATTACKRANGE.LOCAL
	Logon GUID:		{B70E0307-2923-BE12-3F6E-5610C3DFDED2}

Service Information:
	Service Name:		srv_http1
	Service ID:		ATTACKRANGE\srv_http1

Network Information:
	Client Address:		::1
	Client Port:		0

Additional Information:
	Ticket Options:		0x40800000
	Ticket Encryption Type:	0x17
	Failure Code:		0x0
	Transited Services:	-

This event is generated every time access is requested to a resource such as a computer or a Windows service.  The service name indicates the resource to which access was requested.

This event can be correlated with Windows logon events by comparing the Logon GUID fields in each event.  The logon event occurs on the machine that was accessed, which is often a different machine than the domain controller which issued the service ticket.

Ticket options, encryption types, and failure codes are defined in RFC 4120.
02/11/2022 07:29:08 PM
LogName=Security
SourceName=Microsoft Windows security auditing.
EventCode=4769
EventType=0
Type=Information
ComputerName=win-dc-128.attackrange.local
TaskCategory=Kerberos Service Ticket Operations
OpCode=Info
RecordNumber=1846465069
Keywords=Audit Success
Message=A Kerberos service ticket was requested.

Account Information:
	Account Name:		Administrator@ATTACKRANGE.LOCAL
	Account Domain:		ATTACKRANGE.LOCAL
	Logon GUID:		{B70E0307-2923-BE12-3F6E-5610C3DFDED2}

Service Information:
	Service Name:		srv_smb9
	Service ID:		ATTACKRANGE\srv_smb9

Network Information:
	Client Address:		::1
	Client Port:		0

Additional Information:
	Ticket Options:		0x40800000
	Ticket Encryption Type:	0x17
	Failure Code:		0x0
	Transited Services:	-

This event is generated every time access is requested to a resource such as a computer or a Windows service.  The service name indicates the resource to which access was requested.

This event can be correlated with Windows logon events by comparing the Logon GUID fields in each event.  The logon event occurs on the machine that was accessed, which is often a different machine than the domain controller which issued the service ticket.

Ticket options, encryption types, and failure codes are defined in RFC 4120.
02/11/2022 07:29:09 PM
LogName=Security
SourceName=Microsoft Windows security auditing.
EventCode=4689
EventType=0
Type=Information
ComputerName=win-dc-128.attackrange.local
TaskCategory=Process Termination
OpCode=Info
RecordNumber=1846465092
Keywords=Audit Success
Message=A process has exited.

Subject:
	Security ID:		ATTACKRANGE\Administrator
	Account Name:		Administrator
	Account Domain:		ATTACKRANGE
	Logon ID:		0x7C02A

Process Information:
	Process ID:	0x266c
	Process Name:	C:\Tools\Rubeus.exe
	Exit Status:	0x0
02/11/2022 07:29:09 PM
LogName=Security
SourceName=Microsoft Windows security auditing.
EventCode=4769
EventType=0
Type=Information
ComputerName=win-dc-128.attackrange.local
TaskCategory=Kerberos Service Ticket Operations
OpCode=Info
RecordNumber=1846465091
Keywords=Audit Success
Message=A Kerberos service ticket was requested.

Account Information:
	Account Name:		Administrator@ATTACKRANGE.LOCAL
	Account Domain:		ATTACKRANGE.LOCAL
	Logon GUID:		{2DEAA358-2E7E-9F8F-D3C5-F41087CFB573}

Service Information:
	Service Name:		srv_sql9
	Service ID:		ATTACKRANGE\srv_sql9

Network Information:
	Client Address:		::1
	Client Port:		0

Additional Information:
	Ticket Options:		0x40800000
	Ticket Encryption Type:	0x17
	Failure Code:		0x0
	Transited Services:	-

This event is generated every time access is requested to a resource such as a computer or a Windows service.  The service name indicates the resource to which access was requested.

This event can be correlated with Windows logon events by comparing the Logon GUID fields in each event.  The logon event occurs on the machine that was accessed, which is often a different machine than the domain controller which issued the service ticket.

Ticket options, encryption types, and failure codes are defined in RFC 4120.
02/11/2022 07:29:09 PM
LogName=Security
SourceName=Microsoft Windows security auditing.
EventCode=4769
EventType=0
Type=Information
ComputerName=win-dc-128.attackrange.local
TaskCategory=Kerberos Service Ticket Operations
OpCode=Info
RecordNumber=1846465090
Keywords=Audit Success
Message=A Kerberos service ticket was requested.

Account Information:
	Account Name:		Administrator@ATTACKRANGE.LOCAL
	Account Domain:		ATTACKRANGE.LOCAL
	Logon GUID:		{2DEAA358-2E7E-9F8F-D3C5-F41087CFB573}

Service Information:
	Service Name:		srv_sql8
	Service ID:		ATTACKRANGE\srv_sql8

Network Information:
	Client Address:		::1
	Client Port:		0

Additional Information:
	Ticket Options:		0x40800000
	Ticket Encryption Type:	0x17
	Failure Code:		0x0
	Transited Services:	-

This event is generated every time access is requested to a resource such as a computer or a Windows service.  The service name indicates the resource to which access was requested.

This event can be correlated with Windows logon events by comparing the Logon GUID fields in each event.  The logon event occurs on the machine that was accessed, which is often a different machine than the domain controller which issued the service ticket.

Ticket options, encryption types, and failure codes are defined in RFC 4120.
02/11/2022 07:29:09 PM
LogName=Security
SourceName=Microsoft Windows security auditing.
EventCode=4769
EventType=0
Type=Information
ComputerName=win-dc-128.attackrange.local
TaskCategory=Kerberos Service Ticket Operations
OpCode=Info
RecordNumber=1846465089
Keywords=Audit Success
Message=A Kerberos service ticket was requested.

Account Information:
	Account Name:		Administrator@ATTACKRANGE.LOCAL
	Account Domain:		ATTACKRANGE.LOCAL
	Logon GUID:		{2DEAA358-2E7E-9F8F-D3C5-F41087CFB573}

Service Information:
	Service Name:		srv_sql7
	Service ID:		ATTACKRANGE\srv_sql7

Network Information:
	Client Address:		::1
	Client Port:		0

Additional Information:
	Ticket Options:		0x40800000
	Ticket Encryption Type:	0x17
	Failure Code:		0x0
	Transited Services:	-

This event is generated every time access is requested to a resource such as a computer or a Windows service.  The service name indicates the resource to which access was requested.

This event can be correlated with Windows logon events by comparing the Logon GUID fields in each event.  The logon event occurs on the machine that was accessed, which is often a different machine than the domain controller which issued the service ticket.

Ticket options, encryption types, and failure codes are defined in RFC 4120.
02/11/2022 07:29:09 PM
LogName=Security
SourceName=Microsoft Windows security auditing.
EventCode=4769
EventType=0
Type=Information
ComputerName=win-dc-128.attackrange.local
TaskCategory=Kerberos Service Ticket Operations
OpCode=Info
RecordNumber=1846465088
Keywords=Audit Success
Message=A Kerberos service ticket was requested.

Account Information:
	Account Name:		Administrator@ATTACKRANGE.LOCAL
	Account Domain:		ATTACKRANGE.LOCAL
	Logon GUID:		{2DEAA358-2E7E-9F8F-D3C5-F41087CFB573}

Service Information:
	Service Name:		srv_sql6
	Service ID:		ATTACKRANGE\srv_sql6

Network Information:
	Client Address:		::1
	Client Port:		0

Additional Information:
	Ticket Options:		0x40800000
	Ticket Encryption Type:	0x17
	Failure Code:		0x0
	Transited Services:	-

This event is generated every time access is requested to a resource such as a computer or a Windows service.  The service name indicates the resource to which access was requested.

This event can be correlated with Windows logon events by comparing the Logon GUID fields in each event.  The logon event occurs on the machine that was accessed, which is often a different machine than the domain controller which issued the service ticket.

Ticket options, encryption types, and failure codes are defined in RFC 4120.
02/11/2022 07:29:09 PM
LogName=Security
SourceName=Microsoft Windows security auditing.
EventCode=4769
EventType=0
Type=Information
ComputerName=win-dc-128.attackrange.local
TaskCategory=Kerberos Service Ticket Operations
OpCode=Info
RecordNumber=1846465087
Keywords=Audit Success
Message=A Kerberos service ticket was requested.

Account Information:
	Account Name:		Administrator@ATTACKRANGE.LOCAL
	Account Domain:		ATTACKRANGE.LOCAL
	Logon GUID:		{2DEAA358-2E7E-9F8F-D3C5-F41087CFB573}

Service Information:
	Service Name:		srv_sql5
	Service ID:		ATTACKRANGE\srv_sql5

Network Information:
	Client Address:		::1
	Client Port:		0

Additional Information:
	Ticket Options:		0x40800000
	Ticket Encryption Type:	0x17
	Failure Code:		0x0
	Transited Services:	-

This event is generated every time access is requested to a resource such as a computer or a Windows service.  The service name indicates the resource to which access was requested.

This event can be correlated with Windows logon events by comparing the Logon GUID fields in each event.  The logon event occurs on the machine that was accessed, which is often a different machine than the domain controller which issued the service ticket.

Ticket options, encryption types, and failure codes are defined in RFC 4120.
02/11/2022 07:29:09 PM
LogName=Security
SourceName=Microsoft Windows security auditing.
EventCode=5156
EventType=0
Type=Information
ComputerName=win-dc-128.attackrange.local
TaskCategory=Filtering Platform Connection
OpCode=Info
RecordNumber=1846465086
Keywords=Audit Success
Message=The Windows Filtering Platform has permitted a connection.

Application Information:
	Process ID:		2524
	Application Name:	\device\harddiskvolume1\program files\splunkuniversalforwarder\etc\apps\splunk_ta_stream\windows_x86_64\bin\streamfwd.exe

Network Information:
	Direction:		Outbound
	Source Address:		10.0.1.14
	Source Port:		56449
	Destination Address:	10.0.1.12
	Destination Port:		8000
	Protocol:		6

Filter Information:
	Filter Run-Time ID:	68192
	Layer Name:		Connect
	Layer Run-Time ID:	48
02/11/2022 07:29:09 PM
LogName=Security
SourceName=Microsoft Windows security auditing.
EventCode=5158
EventType=0
Type=Information
ComputerName=win-dc-128.attackrange.local
TaskCategory=Filtering Platform Connection
OpCode=Info
RecordNumber=1846465085
Keywords=Audit Success
Message=The Windows Filtering Platform has permitted a bind to a local port.

Application Information:
	Process ID:		2524
	Application Name:	\device\harddiskvolume1\program files\splunkuniversalforwarder\etc\apps\splunk_ta_stream\windows_x86_64\bin\streamfwd.exe

Network Information:
	Source Address:		0.0.0.0
	Source Port:		56449
	Protocol:		6

Filter Information:
	Filter Run-Time ID:	0
	Layer Name:		Resource Assignment
	Layer Run-Time ID:	36
02/11/2022 07:29:09 PM
LogName=Security
SourceName=Microsoft Windows security auditing.
EventCode=4769
EventType=0
Type=Information
ComputerName=win-dc-128.attackrange.local
TaskCategory=Kerberos Service Ticket Operations
OpCode=Info
RecordNumber=1846465084
Keywords=Audit Success
Message=A Kerberos service ticket was requested.

Account Information:
	Account Name:		Administrator@ATTACKRANGE.LOCAL
	Account Domain:		ATTACKRANGE.LOCAL
	Logon GUID:		{2DEAA358-2E7E-9F8F-D3C5-F41087CFB573}

Service Information:
	Service Name:		srv_sql4
	Service ID:		ATTACKRANGE\srv_sql4

Network Information:
	Client Address:		::1
	Client Port:		0

Additional Information:
	Ticket Options:		0x40800000
	Ticket Encryption Type:	0x17
	Failure Code:		0x0
	Transited Services:	-

This event is generated every time access is requested to a resource such as a computer or a Windows service.  The service name indicates the resource to which access was requested.

This event can be correlated with Windows logon events by comparing the Logon GUID fields in each event.  The logon event occurs on the machine that was accessed, which is often a different machine than the domain controller which issued the service ticket.

Ticket options, encryption types, and failure codes are defined in RFC 4120.
02/11/2022 07:29:09 PM
LogName=Security
SourceName=Microsoft Windows security auditing.
EventCode=4769
EventType=0
Type=Information
ComputerName=win-dc-128.attackrange.local
TaskCategory=Kerberos Service Ticket Operations
OpCode=Info
RecordNumber=1846465083
Keywords=Audit Success
Message=A Kerberos service ticket was requested.

Account Information:
	Account Name:		Administrator@ATTACKRANGE.LOCAL
	Account Domain:		ATTACKRANGE.LOCAL
	Logon GUID:		{2DEAA358-2E7E-9F8F-D3C5-F41087CFB573}

Service Information:
	Service Name:		srv_sql3
	Service ID:		ATTACKRANGE\srv_sql3

Network Information:
	Client Address:		::1
	Client Port:		0

Additional Information:
	Ticket Options:		0x40800000
	Ticket Encryption Type:	0x17
	Failure Code:		0x0
	Transited Services:	-

This event is generated every time access is requested to a resource such as a computer or a Windows service.  The service name indicates the resource to which access was requested.

This event can be correlated with Windows logon events by comparing the Logon GUID fields in each event.  The logon event occurs on the machine that was accessed, which is often a different machine than the domain controller which issued the service ticket.

Ticket options, encryption types, and failure codes are defined in RFC 4120.
02/11/2022 07:29:15 PM
LogName=Security
SourceName=Microsoft Windows security auditing.
EventCode=5156
EventType=0
Type=Information
ComputerName=win-dc-128.attackrange.local
TaskCategory=Filtering Platform Connection
OpCode=Info
RecordNumber=1846465094
Keywords=Audit Success
Message=The Windows Filtering Platform has permitted a connection.

Application Information:
	Process ID:		2524
	Application Name:	\device\harddiskvolume1\program files\splunkuniversalforwarder\etc\apps\splunk_ta_stream\windows_x86_64\bin\streamfwd.exe

Network Information:
	Direction:		Outbound
	Source Address:		10.0.1.14
	Source Port:		56450
	Destination Address:	10.0.1.12
	Destination Port:		8000
	Protocol:		6

Filter Information:
	Filter Run-Time ID:	68192
	Layer Name:		Connect
	Layer Run-Time ID:	48
02/11/2022 07:29:15 PM
LogName=Security
SourceName=Microsoft Windows security auditing.
EventCode=5158
EventType=0
Type=Information
ComputerName=win-dc-128.attackrange.local
TaskCategory=Filtering Platform Connection
OpCode=Info
RecordNumber=1846465093
Keywords=Audit Success
Message=The Windows Filtering Platform has permitted a bind to a local port.

Application Information:
	Process ID:		2524
	Application Name:	\device\harddiskvolume1\program files\splunkuniversalforwarder\etc\apps\splunk_ta_stream\windows_x86_64\bin\streamfwd.exe

Network Information:
	Source Address:		0.0.0.0
	Source Port:		56450
	Protocol:		6

Filter Information:
	Filter Run-Time ID:	0
	Layer Name:		Resource Assignment
	Layer Run-Time ID:	36
02/11/2022 07:29:16 PM
LogName=Security
SourceName=Microsoft Windows security auditing.
EventCode=5156
EventType=0
Type=Information
ComputerName=win-dc-128.attackrange.local
TaskCategory=Filtering Platform Connection
OpCode=Info
RecordNumber=1846465096
Keywords=Audit Success
Message=The Windows Filtering Platform has permitted a connection.

Application Information:
	Process ID:		2556
	Application Name:	\device\harddiskvolume1\users\public\splunkd.exe

Network Information:
	Direction:		Outbound
	Source Address:		10.0.1.14
	Source Port:		49679
	Destination Address:	10.0.1.12
	Destination Port:		7010
	Protocol:		6

Filter Information:
	Filter Run-Time ID:	68196
	Layer Name:		Connect
	Layer Run-Time ID:	48
02/11/2022 07:29:16 PM
LogName=Security
SourceName=Microsoft Windows security auditing.
EventCode=5156
EventType=0
Type=Information
ComputerName=win-dc-128.attackrange.local
TaskCategory=Filtering Platform Connection
OpCode=Info
RecordNumber=1846465095
Keywords=Audit Success
Message=The Windows Filtering Platform has permitted a connection.

Application Information:
	Process ID:		2556
	Application Name:	\device\harddiskvolume1\users\public\splunkd.exe

Network Information:
	Direction:		Outbound
	Source Address:		10.0.1.14
	Source Port:		49679
	Destination Address:	10.0.1.12
	Destination Port:		7010
	Protocol:		6

Filter Information:
	Filter Run-Time ID:	68196
	Layer Name:		Connect
	Layer Run-Time ID:	48
02/11/2022 07:29:20 PM
LogName=Security
SourceName=Microsoft Windows security auditing.
EventCode=4689
EventType=0
Type=Information
ComputerName=win-dc-128.attackrange.local
TaskCategory=Process Termination
OpCode=Info
RecordNumber=1846465121
Keywords=Audit Success
Message=A process has exited.

Subject:
	Security ID:		NT AUTHORITY\SYSTEM
	Account Name:		WIN-DC-128$
	Account Domain:		ATTACKRANGE
	Logon ID:		0x3E7

Process Information:
	Process ID:	0x2338
	Process Name:	C:\Program Files\SplunkUniversalForwarder\bin\splunk-regmon.exe
	Exit Status:	0x1
02/11/2022 07:29:20 PM
LogName=Security
SourceName=Microsoft Windows security auditing.
EventCode=4688
EventType=0
Type=Information
ComputerName=win-dc-128.attackrange.local
TaskCategory=Process Creation
OpCode=Info
RecordNumber=1846465120
Keywords=Audit Success
Message=A new process has been created.

Creator Subject:
	Security ID:		NT AUTHORITY\SYSTEM
	Account Name:		WIN-DC-128$
	Account Domain:		ATTACKRANGE
	Logon ID:		0x3E7

Target Subject:
	Security ID:		NULL SID
	Account Name:		-
	Account Domain:		-
	Logon ID:		0x0

Process Information:
	New Process ID:		0x2338
	New Process Name:	C:\Program Files\SplunkUniversalForwarder\bin\splunk-regmon.exe
	Token Elevation Type:	%%1936
	Mandatory Label:		Mandatory Label\System Mandatory Level
	Creator Process ID:	0x149c
	Creator Process Name:	C:\Program Files\SplunkUniversalForwarder\bin\splunkd.exe
	Process Command Line:	"C:\Program Files\SplunkUniversalForwarder\bin\splunk-regmon.exe"

Token Elevation Type indicates the type of token that was assigned to the new process in accordance with User Account Control policy.

Type 1 is a full token with no privileges removed or groups disabled.  A full token is only used if User Account Control is disabled or if the user is the built-in Administrator account or a service account.

Type 2 is an elevated token with no privileges removed or groups disabled.  An elevated token is used when User Account Control is enabled and the user chooses to start the program using Run as administrator.  An elevated token is also used when an application is configured to always require administrative privilege or to always require maximum privilege, and the user is a member of the Administrators group.

Type 3 is a limited token with administrative privileges removed and administrative groups disabled.  The limited token is used when User Account Control is enabled, the application does not require administrative privilege, and the user does not choose to start the program using Run as administrator.
02/11/2022 07:29:20 PM
LogName=Security
SourceName=Microsoft Windows security auditing.
EventCode=4634
EventType=0
Type=Information
ComputerName=win-dc-128.attackrange.local
TaskCategory=Logoff
OpCode=Info
RecordNumber=1846465119
Keywords=Audit Success
Message=An account was logged off.

Subject:
	Security ID:		NT AUTHORITY\SYSTEM
	Account Name:		WIN-DC-128$
	Account Domain:		ATTACKRANGE
	Logon ID:		0xA1433AD

Logon Type:			3

This event is generated when a logon session is destroyed. It may be positively correlated with a logon event using the Logon ID value. Logon IDs are only unique between reboots on the same computer.
02/11/2022 07:29:20 PM
LogName=Security
SourceName=Microsoft Windows security auditing.
EventCode=4634
EventType=0
Type=Information
ComputerName=win-dc-128.attackrange.local
TaskCategory=Logoff
OpCode=Info
RecordNumber=1846465118
Keywords=Audit Success
Message=An account was logged off.

Subject:
	Security ID:		NT AUTHORITY\SYSTEM
	Account Name:		WIN-DC-128$
	Account Domain:		ATTACKRANGE
	Logon ID:		0xA14349B

Logon Type:			3

This event is generated when a logon session is destroyed. It may be positively correlated with a logon event using the Logon ID value. Logon IDs are only unique between reboots on the same computer.
02/11/2022 07:29:20 PM
LogName=Security
SourceName=Microsoft Windows security auditing.
EventCode=4634
EventType=0
Type=Information
ComputerName=win-dc-128.attackrange.local
TaskCategory=Logoff
OpCode=Info
RecordNumber=1846465117
Keywords=Audit Success
Message=An account was logged off.

Subject:
	Security ID:		NT AUTHORITY\SYSTEM
	Account Name:		WIN-DC-128$
	Account Domain:		ATTACKRANGE
	Logon ID:		0xA1434E4

Logon Type:			3

This event is generated when a logon session is destroyed. It may be positively correlated with a logon event using the Logon ID value. Logon IDs are only unique between reboots on the same computer.
02/11/2022 07:29:20 PM
LogName=Security
SourceName=Microsoft Windows security auditing.
EventCode=5145
EventType=0
Type=Information
ComputerName=win-dc-128.attackrange.local
TaskCategory=Detailed File Share
OpCode=Info
RecordNumber=1846465116
Keywords=Audit Success
Message=A network share object was checked to see whether client can be granted desired access.
	
Subject:
	Security ID:		NT AUTHORITY\SYSTEM
	Account Name:		WIN-DC-128$
	Account Domain:		ATTACKRANGE
	Logon ID:		0xA143573

Network Information:	
	Object Type:		File
	Source Address:		fe80::b574:557a:2d92:ce61
	Source Port:		56453
	
Share Information:
	Share Name:		\\*\SYSVOL
	Share Path:		\??\C:\Windows\SYSVOL\sysvol
	Relative Target Name:	attackrange.local\Policies\{6AC1786C-016F-11D2-945F-00C04fB984F9}\gpt.ini

Access Request Information:
	Access Mask:		0x120089
	Accesses:		READ_CONTROL
				SYNCHRONIZE
				ReadData (or ListDirectory)
				ReadEA
				ReadAttributes
				
Access Check Results:
	READ_CONTROL:	Granted by Ownership
				SYNCHRONIZE:	Granted by	D:(A;;0x1200a9;;;WD)
				ReadData (or ListDirectory):	Granted by	D:(A;;0x1200a9;;;WD)
				ReadEA:	Granted by	D:(A;;0x1200a9;;;WD)
				ReadAttributes:	Granted by	D:(A;;0x1200a9;;;WD)
02/11/2022 07:29:20 PM
LogName=Security
SourceName=Microsoft Windows security auditing.
EventCode=5145
EventType=0
Type=Information
ComputerName=win-dc-128.attackrange.local
TaskCategory=Detailed File Share
OpCode=Info
RecordNumber=1846465115
Keywords=Audit Success
Message=A network share object was checked to see whether client can be granted desired access.
	
Subject:
	Security ID:		NT AUTHORITY\SYSTEM
	Account Name:		WIN-DC-128$
	Account Domain:		ATTACKRANGE
	Logon ID:		0xA143573

Network Information:	
	Object Type:		File
	Source Address:		fe80::b574:557a:2d92:ce61
	Source Port:		56453
	
Share Information:
	Share Name:		\\*\SYSVOL
	Share Path:		\??\C:\Windows\SYSVOL\sysvol
	Relative Target Name:	attackrange.local\Policies\{31B2F340-016D-11D2-945F-00C04FB984F9}\gpt.ini

Access Request Information:
	Access Mask:		0x120089
	Accesses:		READ_CONTROL
				SYNCHRONIZE
				ReadData (or ListDirectory)
				ReadEA
				ReadAttributes
				
Access Check Results:
	READ_CONTROL:	Granted by Ownership
				SYNCHRONIZE:	Granted by	D:(A;;0x1200a9;;;WD)
				ReadData (or ListDirectory):	Granted by	D:(A;;0x1200a9;;;WD)
				ReadEA:	Granted by	D:(A;;0x1200a9;;;WD)
				ReadAttributes:	Granted by	D:(A;;0x1200a9;;;WD)
02/11/2022 07:29:20 PM
LogName=Security
SourceName=Microsoft Windows security auditing.
EventCode=5140
EventType=0
Type=Information
ComputerName=win-dc-128.attackrange.local
TaskCategory=File Share
OpCode=Info
RecordNumber=1846465114
Keywords=Audit Success
Message=A network share object was accessed.
	
Subject:
	Security ID:		NT AUTHORITY\SYSTEM
	Account Name:		WIN-DC-128$
	Account Domain:		ATTACKRANGE
	Logon ID:		0xA143573

Network Information:	
	Object Type:		File
	Source Address:		fe80::b574:557a:2d92:ce61
	Source Port:		56453
	
Share Information:
	Share Name:		\\*\SYSVOL
	Share Path:		\??\C:\Windows\SYSVOL\sysvol

Access Request Information:
	Access Mask:		0x1
	Accesses:		ReadData (or ListDirectory)
02/11/2022 07:29:20 PM
LogName=Security
SourceName=Microsoft Windows security auditing.
EventCode=4624
EventType=0
Type=Information
ComputerName=win-dc-128.attackrange.local
TaskCategory=Logon
OpCode=Info
RecordNumber=1846465113
Keywords=Audit Success
Message=An account was successfully logged on.

Subject:
	Security ID:		NULL SID
	Account Name:		-
	Account Domain:		-
	Logon ID:		0x0

Logon Information:
	Logon Type:		3
	Restricted Admin Mode:	-
	Virtual Account:		No
	Elevated Token:		Yes

Impersonation Level:		Delegation

New Logon:
	Security ID:		NT AUTHORITY\SYSTEM
	Account Name:		WIN-DC-128$
	Account Domain:		ATTACKRANGE.LOCAL
	Logon ID:		0xA143573
	Linked Logon ID:		0x0
	Network Account Name:	-
	Network Account Domain:	-
	Logon GUID:		{B64FA9BF-DD62-FACE-F600-F62A1DAC6B90}

Process Information:
	Process ID:		0x0
	Process Name:		-

Network Information:
	Workstation Name:	-
	Source Network Address:	fe80::b574:557a:2d92:ce61
	Source Port:		56453

Detailed Authentication Information:
	Logon Process:		Kerberos
	Authentication Package:	Kerberos
	Transited Services:	-
	Package Name (NTLM only):	-
	Key Length:		0

This event is generated when a logon session is created. It is generated on the computer that was accessed.

The subject fields indicate the account on the local system which requested the logon. This is most commonly a service such as the Server service, or a local process such as Winlogon.exe or Services.exe.

The logon type field indicates the kind of logon that occurred. The most common types are 2 (interactive) and 3 (network).

The New Logon fields indicate the account for whom the new logon was created, i.e. the account that was logged on.

The network fields indicate where a remote logon request originated. Workstation name is not always available and may be left blank in some cases.

The impersonation level field indicates the extent to which a process in the logon session can impersonate.

The authentication information fields provide detailed information about this specific logon request.
	- Logon GUID is a unique identifier that can be used to correlate this event with a KDC event.
	- Transited services indicate which intermediate services have participated in this logon request.
	- Package name indicates which sub-protocol was used among the NTLM protocols.
	- Key length indicates the length of the generated session key. This will be 0 if no session key was requested.
02/11/2022 07:29:20 PM
LogName=Security
SourceName=Microsoft Windows security auditing.
EventCode=4672
EventType=0
Type=Information
ComputerName=win-dc-128.attackrange.local
TaskCategory=Special Logon
OpCode=Info
RecordNumber=1846465112
Keywords=Audit Success
Message=Special privileges assigned to new logon.

Subject:
	Security ID:		NT AUTHORITY\SYSTEM
	Account Name:		WIN-DC-128$
	Account Domain:		ATTACKRANGE
	Logon ID:		0xA143573

Privileges:		SeSecurityPrivilege
			SeBackupPrivilege
			SeRestorePrivilege
			SeTakeOwnershipPrivilege
			SeDebugPrivilege
			SeSystemEnvironmentPrivilege
			SeLoadDriverPrivilege
			SeImpersonatePrivilege
			SeDelegateSessionUserImpersonatePrivilege
			SeEnableDelegationPrivilege
02/11/2022 07:29:20 PM
LogName=Security
SourceName=Microsoft Windows security auditing.
EventCode=5156
EventType=0
Type=Information
ComputerName=win-dc-128.attackrange.local
TaskCategory=Filtering Platform Connection
OpCode=Info
RecordNumber=1846465111
Keywords=Audit Success
Message=The Windows Filtering Platform has permitted a connection.

Application Information:
	Process ID:		4
	Application Name:	System

Network Information:
	Direction:		Inbound
	Source Address:		fe80::b574:557a:2d92:ce61
	Source Port:		56453
	Destination Address:	fe80::b574:557a:2d92:ce61
	Destination Port:		445
	Protocol:		6

Filter Information:
	Filter Run-Time ID:	65786
	Layer Name:		Receive/Accept
	Layer Run-Time ID:	46
02/11/2022 07:29:20 PM
LogName=Security
SourceName=Microsoft Windows security auditing.
EventCode=5156
EventType=0
Type=Information
ComputerName=win-dc-128.attackrange.local
TaskCategory=Filtering Platform Connection
OpCode=Info
RecordNumber=1846465110
Keywords=Audit Success
Message=The Windows Filtering Platform has permitted a connection.

Application Information:
	Process ID:		4
	Application Name:	System

Network Information:
	Direction:		Outbound
	Source Address:		fe80::b574:557a:2d92:ce61
	Source Port:		56453
	Destination Address:	fe80::b574:557a:2d92:ce61
	Destination Port:		445
	Protocol:		6

Filter Information:
	Filter Run-Time ID:	65788
	Layer Name:		Connect
	Layer Run-Time ID:	50
02/11/2022 07:29:20 PM
LogName=Security
SourceName=Microsoft Windows security auditing.
EventCode=5158
EventType=0
Type=Information
ComputerName=win-dc-128.attackrange.local
TaskCategory=Filtering Platform Connection
OpCode=Info
RecordNumber=1846465109
Keywords=Audit Success
Message=The Windows Filtering Platform has permitted a bind to a local port.

Application Information:
	Process ID:		4
	Application Name:	System

Network Information:
	Source Address:		::
	Source Port:		56453
	Protocol:		6

Filter Information:
	Filter Run-Time ID:	0
	Layer Name:		Resource Assignment
	Layer Run-Time ID:	38
02/11/2022 07:29:20 PM
LogName=Security
SourceName=Microsoft Windows security auditing.
EventCode=4624
EventType=0
Type=Information
ComputerName=win-dc-128.attackrange.local
TaskCategory=Logon
OpCode=Info
RecordNumber=1846465108
Keywords=Audit Success
Message=An account was successfully logged on.

Subject:
	Security ID:		NULL SID
	Account Name:		-
	Account Domain:		-
	Logon ID:		0x0

Logon Information:
	Logon Type:		3
	Restricted Admin Mode:	-
	Virtual Account:		No
	Elevated Token:		Yes

Impersonation Level:		Impersonation

New Logon:
	Security ID:		NT AUTHORITY\SYSTEM
	Account Name:		WIN-DC-128$
	Account Domain:		ATTACKRANGE.LOCAL
	Logon ID:		0xA1434E4
	Linked Logon ID:		0x0
	Network Account Name:	-
	Network Account Domain:	-
	Logon GUID:		{B64FA9BF-DD62-FACE-F600-F62A1DAC6B90}

Process Information:
	Process ID:		0x0
	Process Name:		-

Network Information:
	Workstation Name:	-
	Source Network Address:	10.0.1.14
	Source Port:		56452

Detailed Authentication Information:
	Logon Process:		Kerberos
	Authentication Package:	Kerberos
	Transited Services:	-
	Package Name (NTLM only):	-
	Key Length:		0

This event is generated when a logon session is created. It is generated on the computer that was accessed.

The subject fields indicate the account on the local system which requested the logon. This is most commonly a service such as the Server service, or a local process such as Winlogon.exe or Services.exe.

The logon type field indicates the kind of logon that occurred. The most common types are 2 (interactive) and 3 (network).

The New Logon fields indicate the account for whom the new logon was created, i.e. the account that was logged on.

The network fields indicate where a remote logon request originated. Workstation name is not always available and may be left blank in some cases.

The impersonation level field indicates the extent to which a process in the logon session can impersonate.

The authentication information fields provide detailed information about this specific logon request.
	- Logon GUID is a unique identifier that can be used to correlate this event with a KDC event.
	- Transited services indicate which intermediate services have participated in this logon request.
	- Package name indicates which sub-protocol was used among the NTLM protocols.
	- Key length indicates the length of the generated session key. This will be 0 if no session key was requested.
02/11/2022 07:29:20 PM
LogName=Security
SourceName=Microsoft Windows security auditing.
EventCode=4672
EventType=0
Type=Information
ComputerName=win-dc-128.attackrange.local
TaskCategory=Special Logon
OpCode=Info
RecordNumber=1846465107
Keywords=Audit Success
Message=Special privileges assigned to new logon.

Subject:
	Security ID:		NT AUTHORITY\SYSTEM
	Account Name:		WIN-DC-128$
	Account Domain:		ATTACKRANGE
	Logon ID:		0xA1434E4

Privileges:		SeSecurityPrivilege
			SeBackupPrivilege
			SeRestorePrivilege
			SeTakeOwnershipPrivilege
			SeDebugPrivilege
			SeSystemEnvironmentPrivilege
			SeLoadDriverPrivilege
			SeImpersonatePrivilege
			SeDelegateSessionUserImpersonatePrivilege
			SeEnableDelegationPrivilege
02/11/2022 07:29:20 PM
LogName=Security
SourceName=Microsoft Windows security auditing.
EventCode=5156
EventType=0
Type=Information
ComputerName=win-dc-128.attackrange.local
TaskCategory=Filtering Platform Connection
OpCode=Info
RecordNumber=1846465106
Keywords=Audit Success
Message=The Windows Filtering Platform has permitted a connection.

Application Information:
	Process ID:		636
	Application Name:	\device\harddiskvolume1\windows\system32\lsass.exe

Network Information:
	Direction:		Inbound
	Source Address:		10.0.1.14
	Source Port:		56452
	Destination Address:	10.0.1.14
	Destination Port:		389
	Protocol:		6

Filter Information:
	Filter Run-Time ID:	65787
	Layer Name:		Receive/Accept
	Layer Run-Time ID:	44
02/11/2022 07:29:20 PM
LogName=Security
SourceName=Microsoft Windows security auditing.
EventCode=5156
EventType=0
Type=Information
ComputerName=win-dc-128.attackrange.local
TaskCategory=Filtering Platform Connection
OpCode=Info
RecordNumber=1846465105
Keywords=Audit Success
Message=The Windows Filtering Platform has permitted a connection.

Application Information:
	Process ID:		1264
	Application Name:	\device\harddiskvolume1\windows\system32\svchost.exe

Network Information:
	Direction:		Outbound
	Source Address:		10.0.1.14
	Source Port:		56452
	Destination Address:	10.0.1.14
	Destination Port:		389
	Protocol:		6

Filter Information:
	Filter Run-Time ID:	65789
	Layer Name:		Connect
	Layer Run-Time ID:	48
02/11/2022 07:29:20 PM
LogName=Security
SourceName=Microsoft Windows security auditing.
EventCode=5158
EventType=0
Type=Information
ComputerName=win-dc-128.attackrange.local
TaskCategory=Filtering Platform Connection
OpCode=Info
RecordNumber=1846465104
Keywords=Audit Success
Message=The Windows Filtering Platform has permitted a bind to a local port.

Application Information:
	Process ID:		1264
	Application Name:	\device\harddiskvolume1\windows\system32\svchost.exe

Network Information:
	Source Address:		0.0.0.0
	Source Port:		56452
	Protocol:		6

Filter Information:
	Filter Run-Time ID:	0
	Layer Name:		Resource Assignment
	Layer Run-Time ID:	36
02/11/2022 07:29:20 PM
LogName=Security
SourceName=Microsoft Windows security auditing.
EventCode=4624
EventType=0
Type=Information
ComputerName=win-dc-128.attackrange.local
TaskCategory=Logon
OpCode=Info
RecordNumber=1846465103
Keywords=Audit Success
Message=An account was successfully logged on.

Subject:
	Security ID:		NULL SID
	Account Name:		-
	Account Domain:		-
	Logon ID:		0x0

Logon Information:
	Logon Type:		3
	Restricted Admin Mode:	-
	Virtual Account:		No
	Elevated Token:		Yes

Impersonation Level:		Impersonation

New Logon:
	Security ID:		NT AUTHORITY\SYSTEM
	Account Name:		WIN-DC-128$
	Account Domain:		ATTACKRANGE.LOCAL
	Logon ID:		0xA14349B
	Linked Logon ID:		0x0
	Network Account Name:	-
	Network Account Domain:	-
	Logon GUID:		{B64FA9BF-DD62-FACE-F600-F62A1DAC6B90}

Process Information:
	Process ID:		0x0
	Process Name:		-

Network Information:
	Workstation Name:	-
	Source Network Address:	::1
	Source Port:		0

Detailed Authentication Information:
	Logon Process:		Kerberos
	Authentication Package:	Kerberos
	Transited Services:	-
	Package Name (NTLM only):	-
	Key Length:		0

This event is generated when a logon session is created. It is generated on the computer that was accessed.

The subject fields indicate the account on the local system which requested the logon. This is most commonly a service such as the Server service, or a local process such as Winlogon.exe or Services.exe.

The logon type field indicates the kind of logon that occurred. The most common types are 2 (interactive) and 3 (network).

The New Logon fields indicate the account for whom the new logon was created, i.e. the account that was logged on.

The network fields indicate where a remote logon request originated. Workstation name is not always available and may be left blank in some cases.

The impersonation level field indicates the extent to which a process in the logon session can impersonate.

The authentication information fields provide detailed information about this specific logon request.
	- Logon GUID is a unique identifier that can be used to correlate this event with a KDC event.
	- Transited services indicate which intermediate services have participated in this logon request.
	- Package name indicates which sub-protocol was used among the NTLM protocols.
	- Key length indicates the length of the generated session key. This will be 0 if no session key was requested.
