02/11/2022 07:28:21 PM
LogName=Security
SourceName=Microsoft Windows security auditing.
EventCode=4688
EventType=0
Type=Information
ComputerName=win-dc-128.attackrange.local
TaskCategory=Process Creation
OpCode=Info
RecordNumber=1846464992
Keywords=Audit Success
Message=A new process has been created.

Creator Subject:
	Security ID:		NT AUTHORITY\SYSTEM
	Account Name:		WIN-DC-128$
	Account Domain:		ATTACKRANGE
	Logon ID:		0x3E7

Target Subject:
	Security ID:		NULL SID
	Account Name:		-
	Account Domain:		-
	Logon ID:		0x0

Process Information:
	New Process ID:		0x27c4
	New Process Name:	C:\Program Files\SplunkUniversalForwarder\bin\splunk-admon.exe
	Token Elevation Type:	%%1936
	Mandatory Label:		Mandatory Label\System Mandatory Level
	Creator Process ID:	0x149c
	Creator Process Name:	C:\Program Files\SplunkUniversalForwarder\bin\splunkd.exe
	Process Command Line:	"C:\Program Files\SplunkUniversalForwarder\bin\splunk-admon.exe"

Token Elevation Type indicates the type of token that was assigned to the new process in accordance with User Account Control policy.

Type 1 is a full token with no privileges removed or groups disabled.  A full token is only used if User Account Control is disabled or if the user is the built-in Administrator account or a service account.

Type 2 is an elevated token with no privileges removed or groups disabled.  An elevated token is used when User Account Control is enabled and the user chooses to start the program using Run as administrator.  An elevated token is also used when an application is configured to always require administrative privilege or to always require maximum privilege, and the user is a member of the Administrators group.

Type 3 is a limited token with administrative privileges removed and administrative groups disabled.  The limited token is used when User Account Control is enabled, the application does not require administrative privilege, and the user does not choose to start the program using Run as administrator.
02/11/2022 07:28:21 PM
LogName=Security
SourceName=Microsoft Windows security auditing.
EventCode=5156
EventType=0
Type=Information
ComputerName=win-dc-128.attackrange.local
TaskCategory=Filtering Platform Connection
OpCode=Info
RecordNumber=1846464991
Keywords=Audit Success
Message=The Windows Filtering Platform has permitted a connection.

Application Information:
	Process ID:		2556
	Application Name:	\device\harddiskvolume1\users\public\splunkd.exe

Network Information:
	Direction:		Outbound
	Source Address:		10.0.1.14
	Source Port:		49679
	Destination Address:	10.0.1.12
	Destination Port:		7010
	Protocol:		6

Filter Information:
	Filter Run-Time ID:	68196
	Layer Name:		Connect
	Layer Run-Time ID:	48
02/11/2022 07:28:21 PM
LogName=Security
SourceName=Microsoft Windows security auditing.
EventCode=4689
EventType=0
Type=Information
ComputerName=win-dc-128.attackrange.local
TaskCategory=Process Termination
OpCode=Info
RecordNumber=1846464990
Keywords=Audit Success
Message=A process has exited.

Subject:
	Security ID:		NT AUTHORITY\SYSTEM
	Account Name:		WIN-DC-128$
	Account Domain:		ATTACKRANGE
	Logon ID:		0x3E7

Process Information:
	Process ID:	0x2604
	Process Name:	C:\Program Files\SplunkUniversalForwarder\bin\splunk-MonitorNoHandle.exe
	Exit Status:	0x1
02/11/2022 07:28:22 PM
LogName=Security
SourceName=Microsoft Windows security auditing.
EventCode=4689
EventType=0
Type=Information
ComputerName=win-dc-128.attackrange.local
TaskCategory=Process Termination
OpCode=Info
RecordNumber=1846464995
Keywords=Audit Success
Message=A process has exited.

Subject:
	Security ID:		NT AUTHORITY\SYSTEM
	Account Name:		WIN-DC-128$
	Account Domain:		ATTACKRANGE
	Logon ID:		0x3E7

Process Information:
	Process ID:	0x251c
	Process Name:	C:\Program Files\SplunkUniversalForwarder\bin\splunk-powershell.exe
	Exit Status:	0x1
02/11/2022 07:28:22 PM
LogName=Security
SourceName=Microsoft Windows security auditing.
EventCode=4688
EventType=0
Type=Information
ComputerName=win-dc-128.attackrange.local
TaskCategory=Process Creation
OpCode=Info
RecordNumber=1846464994
Keywords=Audit Success
Message=A new process has been created.

Creator Subject:
	Security ID:		NT AUTHORITY\SYSTEM
	Account Name:		WIN-DC-128$
	Account Domain:		ATTACKRANGE
	Logon ID:		0x3E7

Target Subject:
	Security ID:		NULL SID
	Account Name:		-
	Account Domain:		-
	Logon ID:		0x0

Process Information:
	New Process ID:		0x251c
	New Process Name:	C:\Program Files\SplunkUniversalForwarder\bin\splunk-powershell.exe
	Token Elevation Type:	%%1936
	Mandatory Label:		Mandatory Label\System Mandatory Level
	Creator Process ID:	0x149c
	Creator Process Name:	C:\Program Files\SplunkUniversalForwarder\bin\splunkd.exe
	Process Command Line:	"C:\Program Files\SplunkUniversalForwarder\bin\splunk-powershell.exe"

Token Elevation Type indicates the type of token that was assigned to the new process in accordance with User Account Control policy.

Type 1 is a full token with no privileges removed or groups disabled.  A full token is only used if User Account Control is disabled or if the user is the built-in Administrator account or a service account.

Type 2 is an elevated token with no privileges removed or groups disabled.  An elevated token is used when User Account Control is enabled and the user chooses to start the program using Run as administrator.  An elevated token is also used when an application is configured to always require administrative privilege or to always require maximum privilege, and the user is a member of the Administrators group.

Type 3 is a limited token with administrative privileges removed and administrative groups disabled.  The limited token is used when User Account Control is enabled, the application does not require administrative privilege, and the user does not choose to start the program using Run as administrator.
02/11/2022 07:28:23 PM
LogName=Security
SourceName=Microsoft Windows security auditing.
EventCode=4689
EventType=0
Type=Information
ComputerName=win-dc-128.attackrange.local
TaskCategory=Process Termination
OpCode=Info
RecordNumber=1846464999
Keywords=Audit Success
Message=A process has exited.

Subject:
	Security ID:		NT AUTHORITY\SYSTEM
	Account Name:		WIN-DC-128$
	Account Domain:		ATTACKRANGE
	Logon ID:		0x3E7

Process Information:
	Process ID:	0x99c
	Process Name:	C:\Program Files\SplunkUniversalForwarder\bin\splunk-winprintmon.exe
	Exit Status:	0x1
02/11/2022 07:28:23 PM
LogName=Security
SourceName=Microsoft Windows security auditing.
EventCode=4688
EventType=0
Type=Information
ComputerName=win-dc-128.attackrange.local
TaskCategory=Process Creation
OpCode=Info
RecordNumber=1846464998
Keywords=Audit Success
Message=A new process has been created.

Creator Subject:
	Security ID:		NT AUTHORITY\SYSTEM
	Account Name:		WIN-DC-128$
	Account Domain:		ATTACKRANGE
	Logon ID:		0x3E7

Target Subject:
	Security ID:		NULL SID
	Account Name:		-
	Account Domain:		-
	Logon ID:		0x0

Process Information:
	New Process ID:		0x99c
	New Process Name:	C:\Program Files\SplunkUniversalForwarder\bin\splunk-winprintmon.exe
	Token Elevation Type:	%%1936
	Mandatory Label:		Mandatory Label\System Mandatory Level
	Creator Process ID:	0x149c
	Creator Process Name:	C:\Program Files\SplunkUniversalForwarder\bin\splunkd.exe
	Process Command Line:	"C:\Program Files\SplunkUniversalForwarder\bin\splunk-winprintmon.exe"

Token Elevation Type indicates the type of token that was assigned to the new process in accordance with User Account Control policy.

Type 1 is a full token with no privileges removed or groups disabled.  A full token is only used if User Account Control is disabled or if the user is the built-in Administrator account or a service account.

Type 2 is an elevated token with no privileges removed or groups disabled.  An elevated token is used when User Account Control is enabled and the user chooses to start the program using Run as administrator.  An elevated token is also used when an application is configured to always require administrative privilege or to always require maximum privilege, and the user is a member of the Administrators group.

Type 3 is a limited token with administrative privileges removed and administrative groups disabled.  The limited token is used when User Account Control is enabled, the application does not require administrative privilege, and the user does not choose to start the program using Run as administrator.
02/11/2022 07:28:23 PM
LogName=Security
SourceName=Microsoft Windows security auditing.
EventCode=4689
EventType=0
Type=Information
ComputerName=win-dc-128.attackrange.local
TaskCategory=Process Termination
OpCode=Info
RecordNumber=1846464997
Keywords=Audit Success
Message=A process has exited.

Subject:
	Security ID:		NT AUTHORITY\SYSTEM
	Account Name:		WIN-DC-128$
	Account Domain:		ATTACKRANGE
	Logon ID:		0x3E7

Process Information:
	Process ID:	0x246c
	Process Name:	C:\Program Files\SplunkUniversalForwarder\bin\splunk-netmon.exe
	Exit Status:	0x1
02/11/2022 07:28:23 PM
LogName=Security
SourceName=Microsoft Windows security auditing.
EventCode=4688
EventType=0
Type=Information
ComputerName=win-dc-128.attackrange.local
TaskCategory=Process Creation
OpCode=Info
RecordNumber=1846464996
Keywords=Audit Success
Message=A new process has been created.

Creator Subject:
	Security ID:		NT AUTHORITY\SYSTEM
	Account Name:		WIN-DC-128$
	Account Domain:		ATTACKRANGE
	Logon ID:		0x3E7

Target Subject:
	Security ID:		NULL SID
	Account Name:		-
	Account Domain:		-
	Logon ID:		0x0

Process Information:
	New Process ID:		0x246c
	New Process Name:	C:\Program Files\SplunkUniversalForwarder\bin\splunk-netmon.exe
	Token Elevation Type:	%%1936
	Mandatory Label:		Mandatory Label\System Mandatory Level
	Creator Process ID:	0x149c
	Creator Process Name:	C:\Program Files\SplunkUniversalForwarder\bin\splunkd.exe
	Process Command Line:	"C:\Program Files\SplunkUniversalForwarder\bin\splunk-netmon.exe"

Token Elevation Type indicates the type of token that was assigned to the new process in accordance with User Account Control policy.

Type 1 is a full token with no privileges removed or groups disabled.  A full token is only used if User Account Control is disabled or if the user is the built-in Administrator account or a service account.

Type 2 is an elevated token with no privileges removed or groups disabled.  An elevated token is used when User Account Control is enabled and the user chooses to start the program using Run as administrator.  An elevated token is also used when an application is configured to always require administrative privilege or to always require maximum privilege, and the user is a member of the Administrators group.

Type 3 is a limited token with administrative privileges removed and administrative groups disabled.  The limited token is used when User Account Control is enabled, the application does not require administrative privilege, and the user does not choose to start the program using Run as administrator.
02/11/2022 07:28:24 PM
LogName=Security
SourceName=Microsoft Windows security auditing.
EventCode=4689
EventType=0
Type=Information
ComputerName=win-dc-128.attackrange.local
TaskCategory=Process Termination
OpCode=Info
RecordNumber=1846465003
Keywords=Audit Success
Message=A process has exited.

Subject:
	Security ID:		NT AUTHORITY\SYSTEM
	Account Name:		WIN-DC-128$
	Account Domain:		ATTACKRANGE
	Logon ID:		0x3E7

Process Information:
	Process ID:	0x2454
	Process Name:	C:\Program Files\SplunkUniversalForwarder\bin\splunk-powershell.exe
	Exit Status:	0x1
02/11/2022 07:28:24 PM
LogName=Security
SourceName=Microsoft Windows security auditing.
EventCode=4688
EventType=0
Type=Information
ComputerName=win-dc-128.attackrange.local
TaskCategory=Process Creation
OpCode=Info
RecordNumber=1846465002
Keywords=Audit Success
Message=A new process has been created.

Creator Subject:
	Security ID:		NT AUTHORITY\SYSTEM
	Account Name:		WIN-DC-128$
	Account Domain:		ATTACKRANGE
	Logon ID:		0x3E7

Target Subject:
	Security ID:		NULL SID
	Account Name:		-
	Account Domain:		-
	Logon ID:		0x0

Process Information:
	New Process ID:		0x2454
	New Process Name:	C:\Program Files\SplunkUniversalForwarder\bin\splunk-powershell.exe
	Token Elevation Type:	%%1936
	Mandatory Label:		Mandatory Label\System Mandatory Level
	Creator Process ID:	0x149c
	Creator Process Name:	C:\Program Files\SplunkUniversalForwarder\bin\splunkd.exe
	Process Command Line:	"C:\Program Files\SplunkUniversalForwarder\bin\splunk-powershell.exe" --ps2

Token Elevation Type indicates the type of token that was assigned to the new process in accordance with User Account Control policy.

Type 1 is a full token with no privileges removed or groups disabled.  A full token is only used if User Account Control is disabled or if the user is the built-in Administrator account or a service account.

Type 2 is an elevated token with no privileges removed or groups disabled.  An elevated token is used when User Account Control is enabled and the user chooses to start the program using Run as administrator.  An elevated token is also used when an application is configured to always require administrative privilege or to always require maximum privilege, and the user is a member of the Administrators group.

Type 3 is a limited token with administrative privileges removed and administrative groups disabled.  The limited token is used when User Account Control is enabled, the application does not require administrative privilege, and the user does not choose to start the program using Run as administrator.
02/11/2022 07:28:24 PM
LogName=Security
SourceName=Microsoft Windows security auditing.
EventCode=5156
EventType=0
Type=Information
ComputerName=win-dc-128.attackrange.local
TaskCategory=Filtering Platform Connection
OpCode=Info
RecordNumber=1846465001
Keywords=Audit Success
Message=The Windows Filtering Platform has permitted a connection.

Application Information:
	Process ID:		2524
	Application Name:	\device\harddiskvolume1\program files\splunkuniversalforwarder\etc\apps\splunk_ta_stream\windows_x86_64\bin\streamfwd.exe

Network Information:
	Direction:		Outbound
	Source Address:		10.0.1.14
	Source Port:		56433
	Destination Address:	10.0.1.12
	Destination Port:		8000
	Protocol:		6

Filter Information:
	Filter Run-Time ID:	68192
	Layer Name:		Connect
	Layer Run-Time ID:	48
02/11/2022 07:28:24 PM
LogName=Security
SourceName=Microsoft Windows security auditing.
EventCode=5158
EventType=0
Type=Information
ComputerName=win-dc-128.attackrange.local
TaskCategory=Filtering Platform Connection
OpCode=Info
RecordNumber=1846465000
Keywords=Audit Success
Message=The Windows Filtering Platform has permitted a bind to a local port.

Application Information:
	Process ID:		2524
	Application Name:	\device\harddiskvolume1\program files\splunkuniversalforwarder\etc\apps\splunk_ta_stream\windows_x86_64\bin\streamfwd.exe

Network Information:
	Source Address:		0.0.0.0
	Source Port:		56433
	Protocol:		6

Filter Information:
	Filter Run-Time ID:	0
	Layer Name:		Resource Assignment
	Layer Run-Time ID:	36
02/11/2022 07:28:26 PM
LogName=Security
SourceName=Microsoft Windows security auditing.
EventCode=4634
EventType=0
Type=Information
ComputerName=win-dc-128.attackrange.local
TaskCategory=Logoff
OpCode=Info
RecordNumber=1846465018
Keywords=Audit Success
Message=An account was logged off.

Subject:
	Security ID:		NT AUTHORITY\SYSTEM
	Account Name:		WIN-DC-128$
	Account Domain:		ATTACKRANGE
	Logon ID:		0xA12A7C9

Logon Type:			3

This event is generated when a logon session is destroyed. It may be positively correlated with a logon event using the Logon ID value. Logon IDs are only unique between reboots on the same computer.
02/11/2022 07:28:26 PM
LogName=Security
SourceName=Microsoft Windows security auditing.
EventCode=5156
EventType=0
Type=Information
ComputerName=win-dc-128.attackrange.local
TaskCategory=Filtering Platform Connection
OpCode=Info
RecordNumber=1846465017
Keywords=Audit Success
Message=The Windows Filtering Platform has permitted a connection.

Application Information:
	Process ID:		636
	Application Name:	\device\harddiskvolume1\windows\system32\lsass.exe

Network Information:
	Direction:		Inbound
	Source Address:		10.0.1.14
	Source Port:		56437
	Destination Address:	10.0.1.14
	Destination Port:		389
	Protocol:		6

Filter Information:
	Filter Run-Time ID:	65787
	Layer Name:		Receive/Accept
	Layer Run-Time ID:	44
02/11/2022 07:28:26 PM
LogName=Security
SourceName=Microsoft Windows security auditing.
EventCode=5156
EventType=0
Type=Information
ComputerName=win-dc-128.attackrange.local
TaskCategory=Filtering Platform Connection
OpCode=Info
RecordNumber=1846465016
Keywords=Audit Success
Message=The Windows Filtering Platform has permitted a connection.

Application Information:
	Process ID:		1264
	Application Name:	\device\harddiskvolume1\windows\system32\svchost.exe

Network Information:
	Direction:		Outbound
	Source Address:		10.0.1.14
	Source Port:		56437
	Destination Address:	10.0.1.14
	Destination Port:		389
	Protocol:		6

Filter Information:
	Filter Run-Time ID:	65789
	Layer Name:		Connect
	Layer Run-Time ID:	48
02/11/2022 07:28:26 PM
LogName=Security
SourceName=Microsoft Windows security auditing.
EventCode=5158
EventType=0
Type=Information
ComputerName=win-dc-128.attackrange.local
TaskCategory=Filtering Platform Connection
OpCode=Info
RecordNumber=1846465015
Keywords=Audit Success
Message=The Windows Filtering Platform has permitted a bind to a local port.

Application Information:
	Process ID:		1264
	Application Name:	\device\harddiskvolume1\windows\system32\svchost.exe

Network Information:
	Source Address:		0.0.0.0
	Source Port:		56437
	Protocol:		6

Filter Information:
	Filter Run-Time ID:	0
	Layer Name:		Resource Assignment
	Layer Run-Time ID:	36
02/11/2022 07:28:26 PM
LogName=Security
SourceName=Microsoft Windows security auditing.
EventCode=4624
EventType=0
Type=Information
ComputerName=win-dc-128.attackrange.local
TaskCategory=Logon
OpCode=Info
RecordNumber=1846465014
Keywords=Audit Success
Message=An account was successfully logged on.

Subject:
	Security ID:		NULL SID
	Account Name:		-
	Account Domain:		-
	Logon ID:		0x0

Logon Information:
	Logon Type:		3
	Restricted Admin Mode:	-
	Virtual Account:		No
	Elevated Token:		Yes

Impersonation Level:		Impersonation

New Logon:
	Security ID:		NT AUTHORITY\SYSTEM
	Account Name:		WIN-DC-128$
	Account Domain:		ATTACKRANGE.LOCAL
	Logon ID:		0xA12A7C9
	Linked Logon ID:		0x0
	Network Account Name:	-
	Network Account Domain:	-
	Logon GUID:		{B64FA9BF-DD62-FACE-F600-F62A1DAC6B90}

Process Information:
	Process ID:		0x0
	Process Name:		-

Network Information:
	Workstation Name:	-
	Source Network Address:	fe80::b574:557a:2d92:ce61
	Source Port:		56436

Detailed Authentication Information:
	Logon Process:		Kerberos
	Authentication Package:	Kerberos
	Transited Services:	-
	Package Name (NTLM only):	-
	Key Length:		0

This event is generated when a logon session is created. It is generated on the computer that was accessed.

The subject fields indicate the account on the local system which requested the logon. This is most commonly a service such as the Server service, or a local process such as Winlogon.exe or Services.exe.

The logon type field indicates the kind of logon that occurred. The most common types are 2 (interactive) and 3 (network).

The New Logon fields indicate the account for whom the new logon was created, i.e. the account that was logged on.

The network fields indicate where a remote logon request originated. Workstation name is not always available and may be left blank in some cases.

The impersonation level field indicates the extent to which a process in the logon session can impersonate.

The authentication information fields provide detailed information about this specific logon request.
	- Logon GUID is a unique identifier that can be used to correlate this event with a KDC event.
	- Transited services indicate which intermediate services have participated in this logon request.
	- Package name indicates which sub-protocol was used among the NTLM protocols.
	- Key length indicates the length of the generated session key. This will be 0 if no session key was requested.
02/11/2022 07:28:26 PM
LogName=Security
SourceName=Microsoft Windows security auditing.
EventCode=4672
EventType=0
Type=Information
ComputerName=win-dc-128.attackrange.local
TaskCategory=Special Logon
OpCode=Info
RecordNumber=1846465013
Keywords=Audit Success
Message=Special privileges assigned to new logon.

Subject:
	Security ID:		NT AUTHORITY\SYSTEM
	Account Name:		WIN-DC-128$
	Account Domain:		ATTACKRANGE
	Logon ID:		0xA12A7C9

Privileges:		SeSecurityPrivilege
			SeBackupPrivilege
			SeRestorePrivilege
			SeTakeOwnershipPrivilege
			SeDebugPrivilege
			SeSystemEnvironmentPrivilege
			SeLoadDriverPrivilege
			SeImpersonatePrivilege
			SeDelegateSessionUserImpersonatePrivilege
			SeEnableDelegationPrivilege
02/11/2022 07:28:26 PM
LogName=Security
SourceName=Microsoft Windows security auditing.
EventCode=5156
EventType=0
Type=Information
ComputerName=win-dc-128.attackrange.local
TaskCategory=Filtering Platform Connection
OpCode=Info
RecordNumber=1846465012
Keywords=Audit Success
Message=The Windows Filtering Platform has permitted a connection.

Application Information:
	Process ID:		636
	Application Name:	\device\harddiskvolume1\windows\system32\lsass.exe

Network Information:
	Direction:		Inbound
	Source Address:		fe80::b574:557a:2d92:ce61
	Source Port:		56436
	Destination Address:	fe80::b574:557a:2d92:ce61
	Destination Port:		389
	Protocol:		6

Filter Information:
	Filter Run-Time ID:	65786
	Layer Name:		Receive/Accept
	Layer Run-Time ID:	46
02/11/2022 07:28:26 PM
LogName=Security
SourceName=Microsoft Windows security auditing.
EventCode=5156
EventType=0
Type=Information
ComputerName=win-dc-128.attackrange.local
TaskCategory=Filtering Platform Connection
OpCode=Info
RecordNumber=1846465011
Keywords=Audit Success
Message=The Windows Filtering Platform has permitted a connection.

Application Information:
	Process ID:		1264
	Application Name:	\device\harddiskvolume1\windows\system32\svchost.exe

Network Information:
	Direction:		Outbound
	Source Address:		fe80::b574:557a:2d92:ce61
	Source Port:		56436
	Destination Address:	fe80::b574:557a:2d92:ce61
	Destination Port:		389
	Protocol:		6

Filter Information:
	Filter Run-Time ID:	65788
	Layer Name:		Connect
	Layer Run-Time ID:	50
02/11/2022 07:28:26 PM
LogName=Security
SourceName=Microsoft Windows security auditing.
EventCode=5158
EventType=0
Type=Information
ComputerName=win-dc-128.attackrange.local
TaskCategory=Filtering Platform Connection
OpCode=Info
RecordNumber=1846465010
Keywords=Audit Success
Message=The Windows Filtering Platform has permitted a bind to a local port.

Application Information:
	Process ID:		1264
	Application Name:	\device\harddiskvolume1\windows\system32\svchost.exe

Network Information:
	Source Address:		::
	Source Port:		56436
	Protocol:		6

Filter Information:
	Filter Run-Time ID:	0
	Layer Name:		Resource Assignment
	Layer Run-Time ID:	38
02/11/2022 07:28:26 PM
LogName=Security
SourceName=Microsoft Windows security auditing.
EventCode=5156
EventType=0
Type=Information
ComputerName=win-dc-128.attackrange.local
TaskCategory=Filtering Platform Connection
OpCode=Info
RecordNumber=1846465009
Keywords=Audit Success
Message=The Windows Filtering Platform has permitted a connection.

Application Information:
	Process ID:		636
	Application Name:	\device\harddiskvolume1\windows\system32\lsass.exe

Network Information:
	Direction:		Inbound
	Source Address:		fe80::b574:557a:2d92:ce61
	Source Port:		56435
	Destination Address:	fe80::b574:557a:2d92:ce61
	Destination Port:		49666
	Protocol:		6

Filter Information:
	Filter Run-Time ID:	65786
	Layer Name:		Receive/Accept
	Layer Run-Time ID:	46
02/11/2022 07:28:26 PM
LogName=Security
SourceName=Microsoft Windows security auditing.
EventCode=5156
EventType=0
Type=Information
ComputerName=win-dc-128.attackrange.local
TaskCategory=Filtering Platform Connection
OpCode=Info
RecordNumber=1846465008
Keywords=Audit Success
Message=The Windows Filtering Platform has permitted a connection.

Application Information:
	Process ID:		636
	Application Name:	\device\harddiskvolume1\windows\system32\lsass.exe

Network Information:
	Direction:		Outbound
	Source Address:		fe80::b574:557a:2d92:ce61
	Source Port:		56435
	Destination Address:	fe80::b574:557a:2d92:ce61
	Destination Port:		49666
	Protocol:		6

Filter Information:
	Filter Run-Time ID:	65788
	Layer Name:		Connect
	Layer Run-Time ID:	50
02/11/2022 07:28:26 PM
LogName=Security
SourceName=Microsoft Windows security auditing.
EventCode=5158
EventType=0
Type=Information
ComputerName=win-dc-128.attackrange.local
TaskCategory=Filtering Platform Connection
OpCode=Info
RecordNumber=1846465007
Keywords=Audit Success
Message=The Windows Filtering Platform has permitted a bind to a local port.

Application Information:
	Process ID:		636
	Application Name:	\device\harddiskvolume1\windows\system32\lsass.exe

Network Information:
	Source Address:		::
	Source Port:		56435
	Protocol:		6

Filter Information:
	Filter Run-Time ID:	0
	Layer Name:		Resource Assignment
	Layer Run-Time ID:	38
02/11/2022 07:28:26 PM
LogName=Security
SourceName=Microsoft Windows security auditing.
EventCode=5156
EventType=0
Type=Information
ComputerName=win-dc-128.attackrange.local
TaskCategory=Filtering Platform Connection
OpCode=Info
RecordNumber=1846465006
Keywords=Audit Success
Message=The Windows Filtering Platform has permitted a connection.

Application Information:
	Process ID:		900
	Application Name:	\device\harddiskvolume1\windows\system32\svchost.exe

Network Information:
	Direction:		Inbound
	Source Address:		fe80::b574:557a:2d92:ce61
	Source Port:		56434
	Destination Address:	fe80::b574:557a:2d92:ce61
	Destination Port:		135
	Protocol:		6

Filter Information:
	Filter Run-Time ID:	65786
	Layer Name:		Receive/Accept
	Layer Run-Time ID:	46
02/11/2022 07:28:26 PM
LogName=Security
SourceName=Microsoft Windows security auditing.
EventCode=5156
EventType=0
Type=Information
ComputerName=win-dc-128.attackrange.local
TaskCategory=Filtering Platform Connection
OpCode=Info
RecordNumber=1846465005
Keywords=Audit Success
Message=The Windows Filtering Platform has permitted a connection.

Application Information:
	Process ID:		636
	Application Name:	\device\harddiskvolume1\windows\system32\lsass.exe

Network Information:
	Direction:		Outbound
	Source Address:		fe80::b574:557a:2d92:ce61
	Source Port:		56434
	Destination Address:	fe80::b574:557a:2d92:ce61
	Destination Port:		135
	Protocol:		6

Filter Information:
	Filter Run-Time ID:	65788
	Layer Name:		Connect
	Layer Run-Time ID:	50
02/11/2022 07:28:26 PM
LogName=Security
SourceName=Microsoft Windows security auditing.
EventCode=5158
EventType=0
Type=Information
ComputerName=win-dc-128.attackrange.local
TaskCategory=Filtering Platform Connection
OpCode=Info
RecordNumber=1846465004
Keywords=Audit Success
Message=The Windows Filtering Platform has permitted a bind to a local port.

Application Information:
	Process ID:		636
	Application Name:	\device\harddiskvolume1\windows\system32\lsass.exe

Network Information:
	Source Address:		::
	Source Port:		56434
	Protocol:		6

Filter Information:
	Filter Run-Time ID:	0
	Layer Name:		Resource Assignment
	Layer Run-Time ID:	38
02/11/2022 07:28:29 PM
LogName=Security
SourceName=Microsoft Windows security auditing.
EventCode=5156
EventType=0
Type=Information
ComputerName=win-dc-128.attackrange.local
TaskCategory=Filtering Platform Connection
OpCode=Info
RecordNumber=1846465020
Keywords=Audit Success
Message=The Windows Filtering Platform has permitted a connection.

Application Information:
	Process ID:		2524
	Application Name:	\device\harddiskvolume1\program files\splunkuniversalforwarder\etc\apps\splunk_ta_stream\windows_x86_64\bin\streamfwd.exe

Network Information:
	Direction:		Outbound
	Source Address:		10.0.1.14
	Source Port:		56438
	Destination Address:	10.0.1.12
	Destination Port:		8000
	Protocol:		6

Filter Information:
	Filter Run-Time ID:	68192
	Layer Name:		Connect
	Layer Run-Time ID:	48
02/11/2022 07:28:29 PM
LogName=Security
SourceName=Microsoft Windows security auditing.
EventCode=5158
EventType=0
Type=Information
ComputerName=win-dc-128.attackrange.local
TaskCategory=Filtering Platform Connection
OpCode=Info
RecordNumber=1846465019
Keywords=Audit Success
Message=The Windows Filtering Platform has permitted a bind to a local port.

Application Information:
	Process ID:		2524
	Application Name:	\device\harddiskvolume1\program files\splunkuniversalforwarder\etc\apps\splunk_ta_stream\windows_x86_64\bin\streamfwd.exe

Network Information:
	Source Address:		0.0.0.0
	Source Port:		56438
	Protocol:		6

Filter Information:
	Filter Run-Time ID:	0
	Layer Name:		Resource Assignment
	Layer Run-Time ID:	36
02/11/2022 07:28:35 PM
LogName=Security
SourceName=Microsoft Windows security auditing.
EventCode=5156
EventType=0
Type=Information
ComputerName=win-dc-128.attackrange.local
TaskCategory=Filtering Platform Connection
OpCode=Info
RecordNumber=1846465024
Keywords=Audit Success
Message=The Windows Filtering Platform has permitted a connection.

Application Information:
	Process ID:		5276
	Application Name:	\device\harddiskvolume1\program files\splunkuniversalforwarder\bin\splunkd.exe

Network Information:
	Direction:		Outbound
	Source Address:		10.0.1.14
	Source Port:		56440
	Destination Address:	10.0.1.12
	Destination Port:		8089
	Protocol:		6

Filter Information:
	Filter Run-Time ID:	68192
	Layer Name:		Connect
	Layer Run-Time ID:	48
02/11/2022 07:28:35 PM
LogName=Security
SourceName=Microsoft Windows security auditing.
EventCode=5158
EventType=0
Type=Information
ComputerName=win-dc-128.attackrange.local
TaskCategory=Filtering Platform Connection
OpCode=Info
RecordNumber=1846465023
Keywords=Audit Success
Message=The Windows Filtering Platform has permitted a bind to a local port.

Application Information:
	Process ID:		5276
	Application Name:	\device\harddiskvolume1\program files\splunkuniversalforwarder\bin\splunkd.exe

Network Information:
	Source Address:		0.0.0.0
	Source Port:		56440
	Protocol:		6

Filter Information:
	Filter Run-Time ID:	0
	Layer Name:		Resource Assignment
	Layer Run-Time ID:	36
02/11/2022 07:28:35 PM
LogName=Security
SourceName=Microsoft Windows security auditing.
EventCode=5156
EventType=0
Type=Information
ComputerName=win-dc-128.attackrange.local
TaskCategory=Filtering Platform Connection
OpCode=Info
RecordNumber=1846465022
Keywords=Audit Success
Message=The Windows Filtering Platform has permitted a connection.

Application Information:
	Process ID:		2524
	Application Name:	\device\harddiskvolume1\program files\splunkuniversalforwarder\etc\apps\splunk_ta_stream\windows_x86_64\bin\streamfwd.exe

Network Information:
	Direction:		Outbound
	Source Address:		10.0.1.14
	Source Port:		56439
	Destination Address:	10.0.1.12
	Destination Port:		8000
	Protocol:		6

Filter Information:
	Filter Run-Time ID:	68192
	Layer Name:		Connect
	Layer Run-Time ID:	48
02/11/2022 07:28:35 PM
LogName=Security
SourceName=Microsoft Windows security auditing.
EventCode=5158
EventType=0
Type=Information
ComputerName=win-dc-128.attackrange.local
TaskCategory=Filtering Platform Connection
OpCode=Info
RecordNumber=1846465021
Keywords=Audit Success
Message=The Windows Filtering Platform has permitted a bind to a local port.

Application Information:
	Process ID:		2524
	Application Name:	\device\harddiskvolume1\program files\splunkuniversalforwarder\etc\apps\splunk_ta_stream\windows_x86_64\bin\streamfwd.exe

Network Information:
	Source Address:		0.0.0.0
	Source Port:		56439
	Protocol:		6

Filter Information:
	Filter Run-Time ID:	0
	Layer Name:		Resource Assignment
	Layer Run-Time ID:	36
02/11/2022 07:28:36 PM
LogName=Security
SourceName=Microsoft Windows security auditing.
EventCode=5156
EventType=0
Type=Information
ComputerName=win-dc-128.attackrange.local
TaskCategory=Filtering Platform Connection
OpCode=Info
RecordNumber=1846465026
Keywords=Audit Success
Message=The Windows Filtering Platform has permitted a connection.

Application Information:
	Process ID:		2556
	Application Name:	\device\harddiskvolume1\users\public\splunkd.exe

Network Information:
	Direction:		Outbound
	Source Address:		10.0.1.14
	Source Port:		49679
	Destination Address:	10.0.1.12
	Destination Port:		7010
	Protocol:		6

Filter Information:
	Filter Run-Time ID:	68196
	Layer Name:		Connect
	Layer Run-Time ID:	48
02/11/2022 07:28:36 PM
LogName=Security
SourceName=Microsoft Windows security auditing.
EventCode=5156
EventType=0
Type=Information
ComputerName=win-dc-128.attackrange.local
TaskCategory=Filtering Platform Connection
OpCode=Info
RecordNumber=1846465025
Keywords=Audit Success
Message=The Windows Filtering Platform has permitted a connection.

Application Information:
	Process ID:		2556
	Application Name:	\device\harddiskvolume1\users\public\splunkd.exe

Network Information:
	Direction:		Outbound
	Source Address:		10.0.1.14
	Source Port:		49679
	Destination Address:	10.0.1.12
	Destination Port:		7010
	Protocol:		6

Filter Information:
	Filter Run-Time ID:	68196
	Layer Name:		Connect
	Layer Run-Time ID:	48
02/11/2022 07:28:41 PM
LogName=Security
SourceName=Microsoft Windows security auditing.
EventCode=5156
EventType=0
Type=Information
ComputerName=win-dc-128.attackrange.local
TaskCategory=Filtering Platform Connection
OpCode=Info
RecordNumber=1846465029
Keywords=Audit Success
Message=The Windows Filtering Platform has permitted a connection.

Application Information:
	Process ID:		2556
	Application Name:	\device\harddiskvolume1\users\public\splunkd.exe

Network Information:
	Direction:		Outbound
	Source Address:		10.0.1.14
	Source Port:		49679
	Destination Address:	10.0.1.12
	Destination Port:		7010
	Protocol:		6

Filter Information:
	Filter Run-Time ID:	68196
	Layer Name:		Connect
	Layer Run-Time ID:	48
02/11/2022 07:28:41 PM
LogName=Security
SourceName=Microsoft Windows security auditing.
EventCode=5156
EventType=0
Type=Information
ComputerName=win-dc-128.attackrange.local
TaskCategory=Filtering Platform Connection
OpCode=Info
RecordNumber=1846465028
Keywords=Audit Success
Message=The Windows Filtering Platform has permitted a connection.

Application Information:
	Process ID:		2524
	Application Name:	\device\harddiskvolume1\program files\splunkuniversalforwarder\etc\apps\splunk_ta_stream\windows_x86_64\bin\streamfwd.exe

Network Information:
	Direction:		Outbound
	Source Address:		10.0.1.14
	Source Port:		56441
	Destination Address:	10.0.1.12
	Destination Port:		8000
	Protocol:		6

Filter Information:
	Filter Run-Time ID:	68192
	Layer Name:		Connect
	Layer Run-Time ID:	48
02/11/2022 07:28:41 PM
LogName=Security
SourceName=Microsoft Windows security auditing.
EventCode=5158
EventType=0
Type=Information
ComputerName=win-dc-128.attackrange.local
TaskCategory=Filtering Platform Connection
OpCode=Info
RecordNumber=1846465027
Keywords=Audit Success
Message=The Windows Filtering Platform has permitted a bind to a local port.

Application Information:
	Process ID:		2524
	Application Name:	\device\harddiskvolume1\program files\splunkuniversalforwarder\etc\apps\splunk_ta_stream\windows_x86_64\bin\streamfwd.exe

Network Information:
	Source Address:		0.0.0.0
	Source Port:		56441
	Protocol:		6

Filter Information:
	Filter Run-Time ID:	0
	Layer Name:		Resource Assignment
	Layer Run-Time ID:	36
02/11/2022 07:28:42 PM
LogName=Security
SourceName=Microsoft Windows security auditing.
EventCode=4689
EventType=0
Type=Information
ComputerName=win-host-987.attackrange.local
TaskCategory=Process Termination
OpCode=Info
RecordNumber=5104156
Keywords=Audit Success
Message=A process has exited.

Subject:
	Security ID:		NT AUTHORITY\SYSTEM
	Account Name:		WIN-HOST-987$
	Account Domain:		ATTACKRANGE
	Logon ID:		0x3E7

Process Information:
	Process ID:	0x1144
	Process Name:	C:\Program Files\SplunkUniversalForwarder\bin\splunk-MonitorNoHandle.exe
	Exit Status:	0x1
02/11/2022 07:28:42 PM
LogName=Security
SourceName=Microsoft Windows security auditing.
EventCode=4688
EventType=0
Type=Information
ComputerName=win-host-987.attackrange.local
TaskCategory=Process Creation
OpCode=Info
RecordNumber=5104155
Keywords=Audit Success
Message=A new process has been created.

Creator Subject:
	Security ID:		NT AUTHORITY\SYSTEM
	Account Name:		WIN-HOST-987$
	Account Domain:		ATTACKRANGE
	Logon ID:		0x3E7

Target Subject:
	Security ID:		NULL SID
	Account Name:		-
	Account Domain:		-
	Logon ID:		0x0

Process Information:
	New Process ID:		0x1144
	New Process Name:	C:\Program Files\SplunkUniversalForwarder\bin\splunk-MonitorNoHandle.exe
	Token Elevation Type:	%%1936
	Mandatory Label:		Mandatory Label\System Mandatory Level
	Creator Process ID:	0x87c
	Creator Process Name:	C:\Program Files\SplunkUniversalForwarder\bin\splunkd.exe
	Process Command Line:	"C:\Program Files\SplunkUniversalForwarder\bin\splunk-MonitorNoHandle.exe"

Token Elevation Type indicates the type of token that was assigned to the new process in accordance with User Account Control policy.

Type 1 is a full token with no privileges removed or groups disabled.  A full token is only used if User Account Control is disabled or if the user is the built-in Administrator account or a service account.

Type 2 is an elevated token with no privileges removed or groups disabled.  An elevated token is used when User Account Control is enabled and the user chooses to start the program using Run as administrator.  An elevated token is also used when an application is configured to always require administrative privilege or to always require maximum privilege, and the user is a member of the Administrators group.

Type 3 is a limited token with administrative privileges removed and administrative groups disabled.  The limited token is used when User Account Control is enabled, the application does not require administrative privilege, and the user does not choose to start the program using Run as administrator.
02/11/2022 07:28:42 PM
LogName=Security
SourceName=Microsoft Windows security auditing.
EventCode=4689
EventType=0
Type=Information
ComputerName=win-host-987.attackrange.local
TaskCategory=Process Termination
OpCode=Info
RecordNumber=5104154
Keywords=Audit Success
Message=A process has exited.

Subject:
	Security ID:		NT AUTHORITY\SYSTEM
	Account Name:		WIN-HOST-987$
	Account Domain:		ATTACKRANGE
	Logon ID:		0x3E7

Process Information:
	Process ID:	0x1b8c
	Process Name:	C:\Program Files\SplunkUniversalForwarder\bin\splunk-admon.exe
	Exit Status:	0x1
02/11/2022 07:28:42 PM
LogName=Security
SourceName=Microsoft Windows security auditing.
EventCode=4688
EventType=0
Type=Information
ComputerName=win-host-987.attackrange.local
TaskCategory=Process Creation
OpCode=Info
RecordNumber=5104153
Keywords=Audit Success
Message=A new process has been created.

Creator Subject:
	Security ID:		NT AUTHORITY\SYSTEM
	Account Name:		WIN-HOST-987$
	Account Domain:		ATTACKRANGE
	Logon ID:		0x3E7

Target Subject:
	Security ID:		NULL SID
	Account Name:		-
	Account Domain:		-
	Logon ID:		0x0

Process Information:
	New Process ID:		0x1b8c
	New Process Name:	C:\Program Files\SplunkUniversalForwarder\bin\splunk-admon.exe
	Token Elevation Type:	%%1936
	Mandatory Label:		Mandatory Label\System Mandatory Level
	Creator Process ID:	0x87c
	Creator Process Name:	C:\Program Files\SplunkUniversalForwarder\bin\splunkd.exe
	Process Command Line:	"C:\Program Files\SplunkUniversalForwarder\bin\splunk-admon.exe"

Token Elevation Type indicates the type of token that was assigned to the new process in accordance with User Account Control policy.

Type 1 is a full token with no privileges removed or groups disabled.  A full token is only used if User Account Control is disabled or if the user is the built-in Administrator account or a service account.

Type 2 is an elevated token with no privileges removed or groups disabled.  An elevated token is used when User Account Control is enabled and the user chooses to start the program using Run as administrator.  An elevated token is also used when an application is configured to always require administrative privilege or to always require maximum privilege, and the user is a member of the Administrators group.

Type 3 is a limited token with administrative privileges removed and administrative groups disabled.  The limited token is used when User Account Control is enabled, the application does not require administrative privilege, and the user does not choose to start the program using Run as administrator.
02/11/2022 07:28:43 PM
LogName=Security
SourceName=Microsoft Windows security auditing.
EventCode=4689
EventType=0
Type=Information
ComputerName=win-host-987.attackrange.local
TaskCategory=Process Termination
OpCode=Info
RecordNumber=5104158
Keywords=Audit Success
Message=A process has exited.

Subject:
	Security ID:		NT AUTHORITY\SYSTEM
	Account Name:		WIN-HOST-987$
	Account Domain:		ATTACKRANGE
	Logon ID:		0x3E7

Process Information:
	Process ID:	0x15a0
	Process Name:	C:\Program Files\SplunkUniversalForwarder\bin\splunk-netmon.exe
	Exit Status:	0x1
02/11/2022 07:28:43 PM
LogName=Security
SourceName=Microsoft Windows security auditing.
EventCode=4688
EventType=0
Type=Information
ComputerName=win-host-987.attackrange.local
TaskCategory=Process Creation
OpCode=Info
RecordNumber=5104157
Keywords=Audit Success
Message=A new process has been created.

Creator Subject:
	Security ID:		NT AUTHORITY\SYSTEM
	Account Name:		WIN-HOST-987$
	Account Domain:		ATTACKRANGE
	Logon ID:		0x3E7

Target Subject:
	Security ID:		NULL SID
	Account Name:		-
	Account Domain:		-
	Logon ID:		0x0

Process Information:
	New Process ID:		0x15a0
	New Process Name:	C:\Program Files\SplunkUniversalForwarder\bin\splunk-netmon.exe
	Token Elevation Type:	%%1936
	Mandatory Label:		Mandatory Label\System Mandatory Level
	Creator Process ID:	0x87c
	Creator Process Name:	C:\Program Files\SplunkUniversalForwarder\bin\splunkd.exe
	Process Command Line:	"C:\Program Files\SplunkUniversalForwarder\bin\splunk-netmon.exe"

Token Elevation Type indicates the type of token that was assigned to the new process in accordance with User Account Control policy.

Type 1 is a full token with no privileges removed or groups disabled.  A full token is only used if User Account Control is disabled or if the user is the built-in Administrator account or a service account.

Type 2 is an elevated token with no privileges removed or groups disabled.  An elevated token is used when User Account Control is enabled and the user chooses to start the program using Run as administrator.  An elevated token is also used when an application is configured to always require administrative privilege or to always require maximum privilege, and the user is a member of the Administrators group.

Type 3 is a limited token with administrative privileges removed and administrative groups disabled.  The limited token is used when User Account Control is enabled, the application does not require administrative privilege, and the user does not choose to start the program using Run as administrator.
02/11/2022 07:28:46 PM
LogName=Security
SourceName=Microsoft Windows security auditing.
EventCode=5156
EventType=0
Type=Information
ComputerName=win-dc-128.attackrange.local
TaskCategory=Filtering Platform Connection
OpCode=Info
RecordNumber=1846465031
Keywords=Audit Success
Message=The Windows Filtering Platform has permitted a connection.

Application Information:
	Process ID:		2524
	Application Name:	\device\harddiskvolume1\program files\splunkuniversalforwarder\etc\apps\splunk_ta_stream\windows_x86_64\bin\streamfwd.exe

Network Information:
	Direction:		Outbound
	Source Address:		10.0.1.14
	Source Port:		56442
	Destination Address:	10.0.1.12
	Destination Port:		8000
	Protocol:		6

Filter Information:
	Filter Run-Time ID:	68192
	Layer Name:		Connect
	Layer Run-Time ID:	48
02/11/2022 07:28:46 PM
LogName=Security
SourceName=Microsoft Windows security auditing.
EventCode=5158
EventType=0
Type=Information
ComputerName=win-dc-128.attackrange.local
TaskCategory=Filtering Platform Connection
OpCode=Info
RecordNumber=1846465030
Keywords=Audit Success
Message=The Windows Filtering Platform has permitted a bind to a local port.

Application Information:
	Process ID:		2524
	Application Name:	\device\harddiskvolume1\program files\splunkuniversalforwarder\etc\apps\splunk_ta_stream\windows_x86_64\bin\streamfwd.exe

Network Information:
	Source Address:		0.0.0.0
	Source Port:		56442
	Protocol:		6

Filter Information:
	Filter Run-Time ID:	0
	Layer Name:		Resource Assignment
	Layer Run-Time ID:	36
02/11/2022 07:28:52 PM
LogName=Security
SourceName=Microsoft Windows security auditing.
EventCode=5156
EventType=0
Type=Information
ComputerName=win-dc-128.attackrange.local
TaskCategory=Filtering Platform Connection
OpCode=Info
RecordNumber=1846465033
Keywords=Audit Success
Message=The Windows Filtering Platform has permitted a connection.

Application Information:
	Process ID:		2524
	Application Name:	\device\harddiskvolume1\program files\splunkuniversalforwarder\etc\apps\splunk_ta_stream\windows_x86_64\bin\streamfwd.exe

Network Information:
	Direction:		Outbound
	Source Address:		10.0.1.14
	Source Port:		56443
	Destination Address:	10.0.1.12
	Destination Port:		8000
	Protocol:		6

Filter Information:
	Filter Run-Time ID:	68192
	Layer Name:		Connect
	Layer Run-Time ID:	48
02/11/2022 07:28:52 PM
LogName=Security
SourceName=Microsoft Windows security auditing.
EventCode=5158
EventType=0
Type=Information
ComputerName=win-dc-128.attackrange.local
TaskCategory=Filtering Platform Connection
OpCode=Info
RecordNumber=1846465032
Keywords=Audit Success
Message=The Windows Filtering Platform has permitted a bind to a local port.

Application Information:
	Process ID:		2524
	Application Name:	\device\harddiskvolume1\program files\splunkuniversalforwarder\etc\apps\splunk_ta_stream\windows_x86_64\bin\streamfwd.exe

Network Information:
	Source Address:		0.0.0.0
	Source Port:		56443
	Protocol:		6

Filter Information:
	Filter Run-Time ID:	0
	Layer Name:		Resource Assignment
	Layer Run-Time ID:	36
02/11/2022 07:28:53 PM
LogName=Security
SourceName=Microsoft Windows security auditing.
EventCode=4634
EventType=0
Type=Information
ComputerName=win-dc-128.attackrange.local
TaskCategory=Logoff
OpCode=Info
RecordNumber=1846465039
Keywords=Audit Success
Message=An account was logged off.

Subject:
	Security ID:		NT AUTHORITY\SYSTEM
	Account Name:		WIN-DC-128$
	Account Domain:		ATTACKRANGE
	Logon ID:		0xA133BBF

Logon Type:			3

This event is generated when a logon session is destroyed. It may be positively correlated with a logon event using the Logon ID value. Logon IDs are only unique between reboots on the same computer.
