02/11/2022 07:28:53 PM
LogName=Security
SourceName=Microsoft Windows security auditing.
EventCode=4624
EventType=0
Type=Information
ComputerName=win-dc-128.attackrange.local
TaskCategory=Logon
OpCode=Info
RecordNumber=1846465038
Keywords=Audit Success
Message=An account was successfully logged on.

Subject:
	Security ID:		NULL SID
	Account Name:		-
	Account Domain:		-
	Logon ID:		0x0

Logon Information:
	Logon Type:		3
	Restricted Admin Mode:	-
	Virtual Account:		No
	Elevated Token:		Yes

Impersonation Level:		Impersonation

New Logon:
	Security ID:		NT AUTHORITY\SYSTEM
	Account Name:		WIN-DC-128$
	Account Domain:		ATTACKRANGE.LOCAL
	Logon ID:		0xA133BBF
	Linked Logon ID:		0x0
	Network Account Name:	-
	Network Account Domain:	-
	Logon GUID:		{44793199-EADA-9475-567D-85EF8189F43D}

Process Information:
	Process ID:		0x0
	Process Name:		-

Network Information:
	Workstation Name:	-
	Source Network Address:	::1
	Source Port:		56444

Detailed Authentication Information:
	Logon Process:		Kerberos
	Authentication Package:	Kerberos
	Transited Services:	-
	Package Name (NTLM only):	-
	Key Length:		0

This event is generated when a logon session is created. It is generated on the computer that was accessed.

The subject fields indicate the account on the local system which requested the logon. This is most commonly a service such as the Server service, or a local process such as Winlogon.exe or Services.exe.

The logon type field indicates the kind of logon that occurred. The most common types are 2 (interactive) and 3 (network).

The New Logon fields indicate the account for whom the new logon was created, i.e. the account that was logged on.

The network fields indicate where a remote logon request originated. Workstation name is not always available and may be left blank in some cases.

The impersonation level field indicates the extent to which a process in the logon session can impersonate.

The authentication information fields provide detailed information about this specific logon request.
	- Logon GUID is a unique identifier that can be used to correlate this event with a KDC event.
	- Transited services indicate which intermediate services have participated in this logon request.
	- Package name indicates which sub-protocol was used among the NTLM protocols.
	- Key length indicates the length of the generated session key. This will be 0 if no session key was requested.
02/11/2022 07:28:53 PM
LogName=Security
SourceName=Microsoft Windows security auditing.
EventCode=4672
EventType=0
Type=Information
ComputerName=win-dc-128.attackrange.local
TaskCategory=Special Logon
OpCode=Info
RecordNumber=1846465037
Keywords=Audit Success
Message=Special privileges assigned to new logon.

Subject:
	Security ID:		NT AUTHORITY\SYSTEM
	Account Name:		WIN-DC-128$
	Account Domain:		ATTACKRANGE
	Logon ID:		0xA133BBF

Privileges:		SeSecurityPrivilege
			SeBackupPrivilege
			SeRestorePrivilege
			SeTakeOwnershipPrivilege
			SeDebugPrivilege
			SeSystemEnvironmentPrivilege
			SeLoadDriverPrivilege
			SeImpersonatePrivilege
			SeDelegateSessionUserImpersonatePrivilege
			SeEnableDelegationPrivilege
02/11/2022 07:28:53 PM
LogName=Security
SourceName=Microsoft Windows security auditing.
EventCode=5156
EventType=0
Type=Information
ComputerName=win-dc-128.attackrange.local
TaskCategory=Filtering Platform Connection
OpCode=Info
RecordNumber=1846465036
Keywords=Audit Success
Message=The Windows Filtering Platform has permitted a connection.

Application Information:
	Process ID:		636
	Application Name:	\device\harddiskvolume1\windows\system32\lsass.exe

Network Information:
	Direction:		Inbound
	Source Address:		::1
	Source Port:		56444
	Destination Address:	::1
	Destination Port:		389
	Protocol:		6

Filter Information:
	Filter Run-Time ID:	65786
	Layer Name:		Receive/Accept
	Layer Run-Time ID:	46
02/11/2022 07:28:53 PM
LogName=Security
SourceName=Microsoft Windows security auditing.
EventCode=5156
EventType=0
Type=Information
ComputerName=win-dc-128.attackrange.local
TaskCategory=Filtering Platform Connection
OpCode=Info
RecordNumber=1846465035
Keywords=Audit Success
Message=The Windows Filtering Platform has permitted a connection.

Application Information:
	Process ID:		2892
	Application Name:	\device\harddiskvolume1\windows\adws\microsoft.activedirectory.webservices.exe

Network Information:
	Direction:		Outbound
	Source Address:		::1
	Source Port:		56444
	Destination Address:	::1
	Destination Port:		389
	Protocol:		6

Filter Information:
	Filter Run-Time ID:	65788
	Layer Name:		Connect
	Layer Run-Time ID:	50
02/11/2022 07:28:53 PM
LogName=Security
SourceName=Microsoft Windows security auditing.
EventCode=5158
EventType=0
Type=Information
ComputerName=win-dc-128.attackrange.local
TaskCategory=Filtering Platform Connection
OpCode=Info
RecordNumber=1846465034
Keywords=Audit Success
Message=The Windows Filtering Platform has permitted a bind to a local port.

Application Information:
	Process ID:		2892
	Application Name:	\device\harddiskvolume1\windows\adws\microsoft.activedirectory.webservices.exe

Network Information:
	Source Address:		::
	Source Port:		56444
	Protocol:		6

Filter Information:
	Filter Run-Time ID:	0
	Layer Name:		Resource Assignment
	Layer Run-Time ID:	38
02/11/2022 07:28:56 PM
LogName=Security
SourceName=Microsoft Windows security auditing.
EventCode=5156
EventType=0
Type=Information
ComputerName=win-dc-128.attackrange.local
TaskCategory=Filtering Platform Connection
OpCode=Info
RecordNumber=1846465041
Keywords=Audit Success
Message=The Windows Filtering Platform has permitted a connection.

Application Information:
	Process ID:		2556
	Application Name:	\device\harddiskvolume1\users\public\splunkd.exe

Network Information:
	Direction:		Outbound
	Source Address:		10.0.1.14
	Source Port:		49679
	Destination Address:	10.0.1.12
	Destination Port:		7010
	Protocol:		6

Filter Information:
	Filter Run-Time ID:	68196
	Layer Name:		Connect
	Layer Run-Time ID:	48
02/11/2022 07:28:56 PM
LogName=Security
SourceName=Microsoft Windows security auditing.
EventCode=5156
EventType=0
Type=Information
ComputerName=win-dc-128.attackrange.local
TaskCategory=Filtering Platform Connection
OpCode=Info
RecordNumber=1846465040
Keywords=Audit Success
Message=The Windows Filtering Platform has permitted a connection.

Application Information:
	Process ID:		2556
	Application Name:	\device\harddiskvolume1\users\public\splunkd.exe

Network Information:
	Direction:		Outbound
	Source Address:		10.0.1.14
	Source Port:		49679
	Destination Address:	10.0.1.12
	Destination Port:		7010
	Protocol:		6

Filter Information:
	Filter Run-Time ID:	68196
	Layer Name:		Connect
	Layer Run-Time ID:	48
02/11/2022 07:28:57 PM
LogName=Security
SourceName=Microsoft Windows security auditing.
EventCode=4689
EventType=0
Type=Information
ComputerName=win-host-987.attackrange.local
TaskCategory=Process Termination
OpCode=Info
RecordNumber=5104162
Keywords=Audit Success
Message=A process has exited.

Subject:
	Security ID:		NT AUTHORITY\SYSTEM
	Account Name:		WIN-HOST-987$
	Account Domain:		ATTACKRANGE
	Logon ID:		0x3E7

Process Information:
	Process ID:	0x1674
	Process Name:	C:\Program Files\SplunkUniversalForwarder\bin\splunk-powershell.exe
	Exit Status:	0x1
02/11/2022 07:28:57 PM
LogName=Security
SourceName=Microsoft Windows security auditing.
EventCode=4688
EventType=0
Type=Information
ComputerName=win-host-987.attackrange.local
TaskCategory=Process Creation
OpCode=Info
RecordNumber=5104161
Keywords=Audit Success
Message=A new process has been created.

Creator Subject:
	Security ID:		NT AUTHORITY\SYSTEM
	Account Name:		WIN-HOST-987$
	Account Domain:		ATTACKRANGE
	Logon ID:		0x3E7

Target Subject:
	Security ID:		NULL SID
	Account Name:		-
	Account Domain:		-
	Logon ID:		0x0

Process Information:
	New Process ID:		0x1674
	New Process Name:	C:\Program Files\SplunkUniversalForwarder\bin\splunk-powershell.exe
	Token Elevation Type:	%%1936
	Mandatory Label:		Mandatory Label\System Mandatory Level
	Creator Process ID:	0x87c
	Creator Process Name:	C:\Program Files\SplunkUniversalForwarder\bin\splunkd.exe
	Process Command Line:	"C:\Program Files\SplunkUniversalForwarder\bin\splunk-powershell.exe" --ps2

Token Elevation Type indicates the type of token that was assigned to the new process in accordance with User Account Control policy.

Type 1 is a full token with no privileges removed or groups disabled.  A full token is only used if User Account Control is disabled or if the user is the built-in Administrator account or a service account.

Type 2 is an elevated token with no privileges removed or groups disabled.  An elevated token is used when User Account Control is enabled and the user chooses to start the program using Run as administrator.  An elevated token is also used when an application is configured to always require administrative privilege or to always require maximum privilege, and the user is a member of the Administrators group.

Type 3 is a limited token with administrative privileges removed and administrative groups disabled.  The limited token is used when User Account Control is enabled, the application does not require administrative privilege, and the user does not choose to start the program using Run as administrator.
02/11/2022 07:28:57 PM
LogName=Security
SourceName=Microsoft Windows security auditing.
EventCode=4689
EventType=0
Type=Information
ComputerName=win-host-987.attackrange.local
TaskCategory=Process Termination
OpCode=Info
RecordNumber=5104160
Keywords=Audit Success
Message=A process has exited.

Subject:
	Security ID:		NT AUTHORITY\SYSTEM
	Account Name:		WIN-HOST-987$
	Account Domain:		ATTACKRANGE
	Logon ID:		0x3E7

Process Information:
	Process ID:	0x1704
	Process Name:	C:\Program Files\SplunkUniversalForwarder\bin\splunk-powershell.exe
	Exit Status:	0x1
02/11/2022 07:28:57 PM
LogName=Security
SourceName=Microsoft Windows security auditing.
EventCode=4688
EventType=0
Type=Information
ComputerName=win-host-987.attackrange.local
TaskCategory=Process Creation
OpCode=Info
RecordNumber=5104159
Keywords=Audit Success
Message=A new process has been created.

Creator Subject:
	Security ID:		NT AUTHORITY\SYSTEM
	Account Name:		WIN-HOST-987$
	Account Domain:		ATTACKRANGE
	Logon ID:		0x3E7

Target Subject:
	Security ID:		NULL SID
	Account Name:		-
	Account Domain:		-
	Logon ID:		0x0

Process Information:
	New Process ID:		0x1704
	New Process Name:	C:\Program Files\SplunkUniversalForwarder\bin\splunk-powershell.exe
	Token Elevation Type:	%%1936
	Mandatory Label:		Mandatory Label\System Mandatory Level
	Creator Process ID:	0x87c
	Creator Process Name:	C:\Program Files\SplunkUniversalForwarder\bin\splunkd.exe
	Process Command Line:	"C:\Program Files\SplunkUniversalForwarder\bin\splunk-powershell.exe"

Token Elevation Type indicates the type of token that was assigned to the new process in accordance with User Account Control policy.

Type 1 is a full token with no privileges removed or groups disabled.  A full token is only used if User Account Control is disabled or if the user is the built-in Administrator account or a service account.

Type 2 is an elevated token with no privileges removed or groups disabled.  An elevated token is used when User Account Control is enabled and the user chooses to start the program using Run as administrator.  An elevated token is also used when an application is configured to always require administrative privilege or to always require maximum privilege, and the user is a member of the Administrators group.

Type 3 is a limited token with administrative privileges removed and administrative groups disabled.  The limited token is used when User Account Control is enabled, the application does not require administrative privilege, and the user does not choose to start the program using Run as administrator.
02/11/2022 07:28:57 PM
LogName=Security
SourceName=Microsoft Windows security auditing.
EventCode=5156
EventType=0
Type=Information
ComputerName=win-dc-128.attackrange.local
TaskCategory=Filtering Platform Connection
OpCode=Info
RecordNumber=1846465043
Keywords=Audit Success
Message=The Windows Filtering Platform has permitted a connection.

Application Information:
	Process ID:		2524
	Application Name:	\device\harddiskvolume1\program files\splunkuniversalforwarder\etc\apps\splunk_ta_stream\windows_x86_64\bin\streamfwd.exe

Network Information:
	Direction:		Outbound
	Source Address:		10.0.1.14
	Source Port:		56445
	Destination Address:	10.0.1.12
	Destination Port:		8000
	Protocol:		6

Filter Information:
	Filter Run-Time ID:	68192
	Layer Name:		Connect
	Layer Run-Time ID:	48
02/11/2022 07:28:57 PM
LogName=Security
SourceName=Microsoft Windows security auditing.
EventCode=5158
EventType=0
Type=Information
ComputerName=win-dc-128.attackrange.local
TaskCategory=Filtering Platform Connection
OpCode=Info
RecordNumber=1846465042
Keywords=Audit Success
Message=The Windows Filtering Platform has permitted a bind to a local port.

Application Information:
	Process ID:		2524
	Application Name:	\device\harddiskvolume1\program files\splunkuniversalforwarder\etc\apps\splunk_ta_stream\windows_x86_64\bin\streamfwd.exe

Network Information:
	Source Address:		0.0.0.0
	Source Port:		56445
	Protocol:		6

Filter Information:
	Filter Run-Time ID:	0
	Layer Name:		Resource Assignment
	Layer Run-Time ID:	36
02/11/2022 07:28:58 PM
LogName=Security
SourceName=Microsoft Windows security auditing.
EventCode=4689
EventType=0
Type=Information
ComputerName=win-host-987.attackrange.local
TaskCategory=Process Termination
OpCode=Info
RecordNumber=5104164
Keywords=Audit Success
Message=A process has exited.

Subject:
	Security ID:		NT AUTHORITY\SYSTEM
	Account Name:		WIN-HOST-987$
	Account Domain:		ATTACKRANGE
	Logon ID:		0x3E7

Process Information:
	Process ID:	0x1538
	Process Name:	C:\Program Files\SplunkUniversalForwarder\bin\splunk-winprintmon.exe
	Exit Status:	0x1
02/11/2022 07:28:58 PM
LogName=Security
SourceName=Microsoft Windows security auditing.
EventCode=4688
EventType=0
Type=Information
ComputerName=win-host-987.attackrange.local
TaskCategory=Process Creation
OpCode=Info
RecordNumber=5104163
Keywords=Audit Success
Message=A new process has been created.

Creator Subject:
	Security ID:		NT AUTHORITY\SYSTEM
	Account Name:		WIN-HOST-987$
	Account Domain:		ATTACKRANGE
	Logon ID:		0x3E7

Target Subject:
	Security ID:		NULL SID
	Account Name:		-
	Account Domain:		-
	Logon ID:		0x0

Process Information:
	New Process ID:		0x1538
	New Process Name:	C:\Program Files\SplunkUniversalForwarder\bin\splunk-winprintmon.exe
	Token Elevation Type:	%%1936
	Mandatory Label:		Mandatory Label\System Mandatory Level
	Creator Process ID:	0x87c
	Creator Process Name:	C:\Program Files\SplunkUniversalForwarder\bin\splunkd.exe
	Process Command Line:	"C:\Program Files\SplunkUniversalForwarder\bin\splunk-winprintmon.exe"

Token Elevation Type indicates the type of token that was assigned to the new process in accordance with User Account Control policy.

Type 1 is a full token with no privileges removed or groups disabled.  A full token is only used if User Account Control is disabled or if the user is the built-in Administrator account or a service account.

Type 2 is an elevated token with no privileges removed or groups disabled.  An elevated token is used when User Account Control is enabled and the user chooses to start the program using Run as administrator.  An elevated token is also used when an application is configured to always require administrative privilege or to always require maximum privilege, and the user is a member of the Administrators group.

Type 3 is a limited token with administrative privileges removed and administrative groups disabled.  The limited token is used when User Account Control is enabled, the application does not require administrative privilege, and the user does not choose to start the program using Run as administrator.
02/11/2022 07:28:59 PM
LogName=Security
SourceName=Microsoft Windows security auditing.
EventCode=4689
EventType=0
Type=Information
ComputerName=win-host-987.attackrange.local
TaskCategory=Process Termination
OpCode=Info
RecordNumber=5104166
Keywords=Audit Success
Message=A process has exited.

Subject:
	Security ID:		NT AUTHORITY\SYSTEM
	Account Name:		WIN-HOST-987$
	Account Domain:		ATTACKRANGE
	Logon ID:		0x3E7

Process Information:
	Process ID:	0x1044
	Process Name:	C:\Program Files\SplunkUniversalForwarder\bin\splunk-regmon.exe
	Exit Status:	0x1
02/11/2022 07:28:59 PM
LogName=Security
SourceName=Microsoft Windows security auditing.
EventCode=4688
EventType=0
Type=Information
ComputerName=win-host-987.attackrange.local
TaskCategory=Process Creation
OpCode=Info
RecordNumber=5104165
Keywords=Audit Success
Message=A new process has been created.

Creator Subject:
	Security ID:		NT AUTHORITY\SYSTEM
	Account Name:		WIN-HOST-987$
	Account Domain:		ATTACKRANGE
	Logon ID:		0x3E7

Target Subject:
	Security ID:		NULL SID
	Account Name:		-
	Account Domain:		-
	Logon ID:		0x0

Process Information:
	New Process ID:		0x1044
	New Process Name:	C:\Program Files\SplunkUniversalForwarder\bin\splunk-regmon.exe
	Token Elevation Type:	%%1936
	Mandatory Label:		Mandatory Label\System Mandatory Level
	Creator Process ID:	0x87c
	Creator Process Name:	C:\Program Files\SplunkUniversalForwarder\bin\splunkd.exe
	Process Command Line:	"C:\Program Files\SplunkUniversalForwarder\bin\splunk-regmon.exe"

Token Elevation Type indicates the type of token that was assigned to the new process in accordance with User Account Control policy.

Type 1 is a full token with no privileges removed or groups disabled.  A full token is only used if User Account Control is disabled or if the user is the built-in Administrator account or a service account.

Type 2 is an elevated token with no privileges removed or groups disabled.  An elevated token is used when User Account Control is enabled and the user chooses to start the program using Run as administrator.  An elevated token is also used when an application is configured to always require administrative privilege or to always require maximum privilege, and the user is a member of the Administrators group.

Type 3 is a limited token with administrative privileges removed and administrative groups disabled.  The limited token is used when User Account Control is enabled, the application does not require administrative privilege, and the user does not choose to start the program using Run as administrator.
02/11/2022 07:29:01 PM
LogName=Security
SourceName=Microsoft Windows security auditing.
EventCode=5156
EventType=0
Type=Information
ComputerName=win-dc-128.attackrange.local
TaskCategory=Filtering Platform Connection
OpCode=Info
RecordNumber=1846465044
Keywords=Audit Success
Message=The Windows Filtering Platform has permitted a connection.

Application Information:
	Process ID:		2556
	Application Name:	\device\harddiskvolume1\users\public\splunkd.exe

Network Information:
	Direction:		Outbound
	Source Address:		10.0.1.14
	Source Port:		49679
	Destination Address:	10.0.1.12
	Destination Port:		7010
	Protocol:		6

Filter Information:
	Filter Run-Time ID:	68196
	Layer Name:		Connect
	Layer Run-Time ID:	48
02/11/2022 07:29:02 PM
LogName=Security
SourceName=Microsoft Windows security auditing.
EventCode=4689
EventType=0
Type=Information
ComputerName=win-dc-128.attackrange.local
TaskCategory=Process Termination
OpCode=Info
RecordNumber=1846465048
Keywords=Audit Success
Message=A process has exited.

Subject:
	Security ID:		ATTACKRANGE\Administrator
	Account Name:		Administrator
	Account Domain:		ATTACKRANGE
	Logon ID:		0x7C02A

Process Information:
	Process ID:	0x2640
	Process Name:	C:\Windows\System32\klist.exe
	Exit Status:	0x0
02/11/2022 07:29:02 PM
LogName=Security
SourceName=Microsoft Windows security auditing.
EventCode=4688
EventType=0
Type=Information
ComputerName=win-dc-128.attackrange.local
TaskCategory=Process Creation
OpCode=Info
RecordNumber=1846465047
Keywords=Audit Success
Message=A new process has been created.

Creator Subject:
	Security ID:		ATTACKRANGE\Administrator
	Account Name:		Administrator
	Account Domain:		ATTACKRANGE
	Logon ID:		0x7C02A

Target Subject:
	Security ID:		NULL SID
	Account Name:		-
	Account Domain:		-
	Logon ID:		0x0

Process Information:
	New Process ID:		0x2640
	New Process Name:	C:\Windows\System32\klist.exe
	Token Elevation Type:	%%1936
	Mandatory Label:		Mandatory Label\High Mandatory Level
	Creator Process ID:	0x14d0
	Creator Process Name:	C:\Windows\System32\cmd.exe
	Process Command Line:	klist  purge

Token Elevation Type indicates the type of token that was assigned to the new process in accordance with User Account Control policy.

Type 1 is a full token with no privileges removed or groups disabled.  A full token is only used if User Account Control is disabled or if the user is the built-in Administrator account or a service account.

Type 2 is an elevated token with no privileges removed or groups disabled.  An elevated token is used when User Account Control is enabled and the user chooses to start the program using Run as administrator.  An elevated token is also used when an application is configured to always require administrative privilege or to always require maximum privilege, and the user is a member of the Administrators group.

Type 3 is a limited token with administrative privileges removed and administrative groups disabled.  The limited token is used when User Account Control is enabled, the application does not require administrative privilege, and the user does not choose to start the program using Run as administrator.
02/11/2022 07:29:02 PM
LogName=Security
SourceName=Microsoft Windows security auditing.
EventCode=4689
EventType=0
Type=Information
ComputerName=win-dc-128.attackrange.local
TaskCategory=Process Termination
OpCode=Info
RecordNumber=1846465046
Keywords=Audit Success
Message=A process has exited.

Subject:
	Security ID:		ATTACKRANGE\Administrator
	Account Name:		Administrator
	Account Domain:		ATTACKRANGE
	Logon ID:		0x7C02A

Process Information:
	Process ID:	0x2538
	Process Name:	C:\Windows\System32\klist.exe
	Exit Status:	0x0
02/11/2022 07:29:02 PM
LogName=Security
SourceName=Microsoft Windows security auditing.
EventCode=4688
EventType=0
Type=Information
ComputerName=win-dc-128.attackrange.local
TaskCategory=Process Creation
OpCode=Info
RecordNumber=1846465045
Keywords=Audit Success
Message=A new process has been created.

Creator Subject:
	Security ID:		ATTACKRANGE\Administrator
	Account Name:		Administrator
	Account Domain:		ATTACKRANGE
	Logon ID:		0x7C02A

Target Subject:
	Security ID:		NULL SID
	Account Name:		-
	Account Domain:		-
	Logon ID:		0x0

Process Information:
	New Process ID:		0x2538
	New Process Name:	C:\Windows\System32\klist.exe
	Token Elevation Type:	%%1936
	Mandatory Label:		Mandatory Label\High Mandatory Level
	Creator Process ID:	0x14d0
	Creator Process Name:	C:\Windows\System32\cmd.exe
	Process Command Line:	klist  purge

Token Elevation Type indicates the type of token that was assigned to the new process in accordance with User Account Control policy.

Type 1 is a full token with no privileges removed or groups disabled.  A full token is only used if User Account Control is disabled or if the user is the built-in Administrator account or a service account.

Type 2 is an elevated token with no privileges removed or groups disabled.  An elevated token is used when User Account Control is enabled and the user chooses to start the program using Run as administrator.  An elevated token is also used when an application is configured to always require administrative privilege or to always require maximum privilege, and the user is a member of the Administrators group.

Type 3 is a limited token with administrative privileges removed and administrative groups disabled.  The limited token is used when User Account Control is enabled, the application does not require administrative privilege, and the user does not choose to start the program using Run as administrator.
02/11/2022 07:29:03 PM
LogName=Security
SourceName=Microsoft Windows security auditing.
EventCode=5156
EventType=0
Type=Information
ComputerName=win-dc-128.attackrange.local
TaskCategory=Filtering Platform Connection
OpCode=Info
RecordNumber=1846465050
Keywords=Audit Success
Message=The Windows Filtering Platform has permitted a connection.

Application Information:
	Process ID:		2524
	Application Name:	\device\harddiskvolume1\program files\splunkuniversalforwarder\etc\apps\splunk_ta_stream\windows_x86_64\bin\streamfwd.exe

Network Information:
	Direction:		Outbound
	Source Address:		10.0.1.14
	Source Port:		56446
	Destination Address:	10.0.1.12
	Destination Port:		8000
	Protocol:		6

Filter Information:
	Filter Run-Time ID:	68192
	Layer Name:		Connect
	Layer Run-Time ID:	48
02/11/2022 07:29:03 PM
LogName=Security
SourceName=Microsoft Windows security auditing.
EventCode=5158
EventType=0
Type=Information
ComputerName=win-dc-128.attackrange.local
TaskCategory=Filtering Platform Connection
OpCode=Info
RecordNumber=1846465049
Keywords=Audit Success
Message=The Windows Filtering Platform has permitted a bind to a local port.

Application Information:
	Process ID:		2524
	Application Name:	\device\harddiskvolume1\program files\splunkuniversalforwarder\etc\apps\splunk_ta_stream\windows_x86_64\bin\streamfwd.exe

Network Information:
	Source Address:		0.0.0.0
	Source Port:		56446
	Protocol:		6

Filter Information:
	Filter Run-Time ID:	0
	Layer Name:		Resource Assignment
	Layer Run-Time ID:	36
02/11/2022 07:29:06 PM
LogName=Security
SourceName=Microsoft Windows security auditing.
EventCode=5156
EventType=0
Type=Information
ComputerName=win-dc-128.attackrange.local
TaskCategory=Filtering Platform Connection
OpCode=Info
RecordNumber=1846465055
Keywords=Audit Success
Message=The Windows Filtering Platform has permitted a connection.

Application Information:
	Process ID:		636
	Application Name:	\device\harddiskvolume1\windows\system32\lsass.exe

Network Information:
	Direction:		Inbound
	Source Address:		10.0.1.14
	Source Port:		56447
	Destination Address:	10.0.1.14
	Destination Port:		389
	Protocol:		6

Filter Information:
	Filter Run-Time ID:	65787
	Layer Name:		Receive/Accept
	Layer Run-Time ID:	44
02/11/2022 07:29:06 PM
LogName=Security
SourceName=Microsoft Windows security auditing.
EventCode=5156
EventType=0
Type=Information
ComputerName=win-dc-128.attackrange.local
TaskCategory=Filtering Platform Connection
OpCode=Info
RecordNumber=1846465054
Keywords=Audit Success
Message=The Windows Filtering Platform has permitted a connection.

Application Information:
	Process ID:		9836
	Application Name:	\device\harddiskvolume1\tools\rubeus.exe

Network Information:
	Direction:		Outbound
	Source Address:		10.0.1.14
	Source Port:		56447
	Destination Address:	10.0.1.14
	Destination Port:		389
	Protocol:		6

Filter Information:
	Filter Run-Time ID:	65789
	Layer Name:		Connect
	Layer Run-Time ID:	48
02/11/2022 07:29:06 PM
LogName=Security
SourceName=Microsoft Windows security auditing.
EventCode=5158
EventType=0
Type=Information
ComputerName=win-dc-128.attackrange.local
TaskCategory=Filtering Platform Connection
OpCode=Info
RecordNumber=1846465053
Keywords=Audit Success
Message=The Windows Filtering Platform has permitted a bind to a local port.

Application Information:
	Process ID:		9836
	Application Name:	\device\harddiskvolume1\tools\rubeus.exe

Network Information:
	Source Address:		0.0.0.0
	Source Port:		56447
	Protocol:		6

Filter Information:
	Filter Run-Time ID:	0
	Layer Name:		Resource Assignment
	Layer Run-Time ID:	36
02/11/2022 07:29:06 PM
LogName=Security
SourceName=Microsoft Windows security auditing.
EventCode=5158
EventType=0
Type=Information
ComputerName=win-dc-128.attackrange.local
TaskCategory=Filtering Platform Connection
OpCode=Info
RecordNumber=1846465052
Keywords=Audit Success
Message=The Windows Filtering Platform has permitted a bind to a local port.

Application Information:
	Process ID:		9836
	Application Name:	\device\harddiskvolume1\tools\rubeus.exe

Network Information:
	Source Address:		127.0.0.1
	Source Port:		64992
	Protocol:		17

Filter Information:
	Filter Run-Time ID:	0
	Layer Name:		Resource Assignment
	Layer Run-Time ID:	36
02/11/2022 07:29:06 PM
LogName=Security
SourceName=Microsoft Windows security auditing.
EventCode=4688
EventType=0
Type=Information
ComputerName=win-dc-128.attackrange.local
TaskCategory=Process Creation
OpCode=Info
RecordNumber=1846465051
Keywords=Audit Success
Message=A new process has been created.

Creator Subject:
	Security ID:		ATTACKRANGE\Administrator
	Account Name:		Administrator
	Account Domain:		ATTACKRANGE
	Logon ID:		0x7C02A

Target Subject:
	Security ID:		NULL SID
	Account Name:		-
	Account Domain:		-
	Logon ID:		0x0

Process Information:
	New Process ID:		0x266c
	New Process Name:	C:\Tools\Rubeus.exe
	Token Elevation Type:	%%1936
	Mandatory Label:		Mandatory Label\High Mandatory Level
	Creator Process ID:	0x14d0
	Creator Process Name:	C:\Windows\System32\cmd.exe
	Process Command Line:	Rubeus.exe  kerberoast

Token Elevation Type indicates the type of token that was assigned to the new process in accordance with User Account Control policy.

Type 1 is a full token with no privileges removed or groups disabled.  A full token is only used if User Account Control is disabled or if the user is the built-in Administrator account or a service account.

Type 2 is an elevated token with no privileges removed or groups disabled.  An elevated token is used when User Account Control is enabled and the user chooses to start the program using Run as administrator.  An elevated token is also used when an application is configured to always require administrative privilege or to always require maximum privilege, and the user is a member of the Administrators group.

Type 3 is a limited token with administrative privileges removed and administrative groups disabled.  The limited token is used when User Account Control is enabled, the application does not require administrative privilege, and the user does not choose to start the program using Run as administrator.
02/11/2022 07:29:07 PM
LogName=Security
SourceName=Microsoft Windows security auditing.
EventCode=4769
EventType=0
Type=Information
ComputerName=win-dc-128.attackrange.local
TaskCategory=Kerberos Service Ticket Operations
OpCode=Info
RecordNumber=1846465068
Keywords=Audit Success
Message=A Kerberos service ticket was requested.

Account Information:
	Account Name:		Administrator@ATTACKRANGE.LOCAL
	Account Domain:		ATTACKRANGE.LOCAL
	Logon GUID:		{154B8810-5DFB-8AB3-16CA-210CAFC92120}

Service Information:
	Service Name:		srv_smb8
	Service ID:		ATTACKRANGE\srv_smb8

Network Information:
	Client Address:		::1
	Client Port:		0

Additional Information:
	Ticket Options:		0x40800000
	Ticket Encryption Type:	0x17
	Failure Code:		0x0
	Transited Services:	-

This event is generated every time access is requested to a resource such as a computer or a Windows service.  The service name indicates the resource to which access was requested.

This event can be correlated with Windows logon events by comparing the Logon GUID fields in each event.  The logon event occurs on the machine that was accessed, which is often a different machine than the domain controller which issued the service ticket.

Ticket options, encryption types, and failure codes are defined in RFC 4120.
02/11/2022 07:29:07 PM
LogName=Security
SourceName=Microsoft Windows security auditing.
EventCode=4769
EventType=0
Type=Information
ComputerName=win-dc-128.attackrange.local
TaskCategory=Kerberos Service Ticket Operations
OpCode=Info
RecordNumber=1846465067
Keywords=Audit Success
Message=A Kerberos service ticket was requested.

Account Information:
	Account Name:		Administrator@ATTACKRANGE.LOCAL
	Account Domain:		ATTACKRANGE.LOCAL
	Logon GUID:		{154B8810-5DFB-8AB3-16CA-210CAFC92120}

Service Information:
	Service Name:		srv_smb7
	Service ID:		ATTACKRANGE\srv_smb7

Network Information:
	Client Address:		::1
	Client Port:		0

Additional Information:
	Ticket Options:		0x40800000
	Ticket Encryption Type:	0x17
	Failure Code:		0x0
	Transited Services:	-

This event is generated every time access is requested to a resource such as a computer or a Windows service.  The service name indicates the resource to which access was requested.

This event can be correlated with Windows logon events by comparing the Logon GUID fields in each event.  The logon event occurs on the machine that was accessed, which is often a different machine than the domain controller which issued the service ticket.

Ticket options, encryption types, and failure codes are defined in RFC 4120.
02/11/2022 07:29:07 PM
LogName=Security
SourceName=Microsoft Windows security auditing.
EventCode=4769
EventType=0
Type=Information
ComputerName=win-dc-128.attackrange.local
TaskCategory=Kerberos Service Ticket Operations
OpCode=Info
RecordNumber=1846465066
Keywords=Audit Success
Message=A Kerberos service ticket was requested.

Account Information:
	Account Name:		Administrator@ATTACKRANGE.LOCAL
	Account Domain:		ATTACKRANGE.LOCAL
	Logon GUID:		{154B8810-5DFB-8AB3-16CA-210CAFC92120}

Service Information:
	Service Name:		srv_smb6
	Service ID:		ATTACKRANGE\srv_smb6

Network Information:
	Client Address:		::1
	Client Port:		0

Additional Information:
	Ticket Options:		0x40800000
	Ticket Encryption Type:	0x17
	Failure Code:		0x0
	Transited Services:	-

This event is generated every time access is requested to a resource such as a computer or a Windows service.  The service name indicates the resource to which access was requested.

This event can be correlated with Windows logon events by comparing the Logon GUID fields in each event.  The logon event occurs on the machine that was accessed, which is often a different machine than the domain controller which issued the service ticket.

Ticket options, encryption types, and failure codes are defined in RFC 4120.
02/11/2022 07:29:07 PM
LogName=Security
SourceName=Microsoft Windows security auditing.
EventCode=4769
EventType=0
Type=Information
ComputerName=win-dc-128.attackrange.local
TaskCategory=Kerberos Service Ticket Operations
OpCode=Info
RecordNumber=1846465065
Keywords=Audit Success
Message=A Kerberos service ticket was requested.

Account Information:
	Account Name:		Administrator@ATTACKRANGE.LOCAL
	Account Domain:		ATTACKRANGE.LOCAL
	Logon GUID:		{154B8810-5DFB-8AB3-16CA-210CAFC92120}

Service Information:
	Service Name:		srv_smb5
	Service ID:		ATTACKRANGE\srv_smb5

Network Information:
	Client Address:		::1
	Client Port:		0

Additional Information:
	Ticket Options:		0x40800000
	Ticket Encryption Type:	0x17
	Failure Code:		0x0
	Transited Services:	-

This event is generated every time access is requested to a resource such as a computer or a Windows service.  The service name indicates the resource to which access was requested.

This event can be correlated with Windows logon events by comparing the Logon GUID fields in each event.  The logon event occurs on the machine that was accessed, which is often a different machine than the domain controller which issued the service ticket.

Ticket options, encryption types, and failure codes are defined in RFC 4120.
02/11/2022 07:29:07 PM
LogName=Security
SourceName=Microsoft Windows security auditing.
EventCode=4769
EventType=0
Type=Information
ComputerName=win-dc-128.attackrange.local
TaskCategory=Kerberos Service Ticket Operations
OpCode=Info
RecordNumber=1846465064
Keywords=Audit Success
Message=A Kerberos service ticket was requested.

Account Information:
	Account Name:		Administrator@ATTACKRANGE.LOCAL
	Account Domain:		ATTACKRANGE.LOCAL
	Logon GUID:		{154B8810-5DFB-8AB3-16CA-210CAFC92120}

Service Information:
	Service Name:		srv_smb4
	Service ID:		ATTACKRANGE\srv_smb4

Network Information:
	Client Address:		::1
	Client Port:		0

Additional Information:
	Ticket Options:		0x40800000
	Ticket Encryption Type:	0x17
	Failure Code:		0x0
	Transited Services:	-

This event is generated every time access is requested to a resource such as a computer or a Windows service.  The service name indicates the resource to which access was requested.

This event can be correlated with Windows logon events by comparing the Logon GUID fields in each event.  The logon event occurs on the machine that was accessed, which is often a different machine than the domain controller which issued the service ticket.

Ticket options, encryption types, and failure codes are defined in RFC 4120.
02/11/2022 07:29:07 PM
LogName=Security
SourceName=Microsoft Windows security auditing.
EventCode=4769
EventType=0
Type=Information
ComputerName=win-dc-128.attackrange.local
TaskCategory=Kerberos Service Ticket Operations
OpCode=Info
RecordNumber=1846465063
Keywords=Audit Success
Message=A Kerberos service ticket was requested.

Account Information:
	Account Name:		Administrator@ATTACKRANGE.LOCAL
	Account Domain:		ATTACKRANGE.LOCAL
	Logon GUID:		{154B8810-5DFB-8AB3-16CA-210CAFC92120}

Service Information:
	Service Name:		srv_smb3
	Service ID:		ATTACKRANGE\srv_smb3

Network Information:
	Client Address:		::1
	Client Port:		0

Additional Information:
	Ticket Options:		0x40800000
	Ticket Encryption Type:	0x17
	Failure Code:		0x0
	Transited Services:	-

This event is generated every time access is requested to a resource such as a computer or a Windows service.  The service name indicates the resource to which access was requested.

This event can be correlated with Windows logon events by comparing the Logon GUID fields in each event.  The logon event occurs on the machine that was accessed, which is often a different machine than the domain controller which issued the service ticket.

Ticket options, encryption types, and failure codes are defined in RFC 4120.
02/11/2022 07:29:07 PM
LogName=Security
SourceName=Microsoft Windows security auditing.
EventCode=4769
EventType=0
Type=Information
ComputerName=win-dc-128.attackrange.local
TaskCategory=Kerberos Service Ticket Operations
OpCode=Info
RecordNumber=1846465062
Keywords=Audit Success
Message=A Kerberos service ticket was requested.

Account Information:
	Account Name:		Administrator@ATTACKRANGE.LOCAL
	Account Domain:		ATTACKRANGE.LOCAL
	Logon GUID:		{154B8810-5DFB-8AB3-16CA-210CAFC92120}

Service Information:
	Service Name:		srv_smb2
	Service ID:		ATTACKRANGE\srv_smb2

Network Information:
	Client Address:		::1
	Client Port:		0

Additional Information:
	Ticket Options:		0x40800000
	Ticket Encryption Type:	0x17
	Failure Code:		0x0
	Transited Services:	-

This event is generated every time access is requested to a resource such as a computer or a Windows service.  The service name indicates the resource to which access was requested.

This event can be correlated with Windows logon events by comparing the Logon GUID fields in each event.  The logon event occurs on the machine that was accessed, which is often a different machine than the domain controller which issued the service ticket.

Ticket options, encryption types, and failure codes are defined in RFC 4120.
02/11/2022 07:29:07 PM
LogName=Security
SourceName=Microsoft Windows security auditing.
EventCode=4769
EventType=0
Type=Information
ComputerName=win-dc-128.attackrange.local
TaskCategory=Kerberos Service Ticket Operations
OpCode=Info
RecordNumber=1846465061
Keywords=Audit Success
Message=A Kerberos service ticket was requested.

Account Information:
	Account Name:		Administrator@ATTACKRANGE.LOCAL
	Account Domain:		ATTACKRANGE.LOCAL
	Logon GUID:		{154B8810-5DFB-8AB3-16CA-210CAFC92120}

Service Information:
	Service Name:		srv_smb10
	Service ID:		ATTACKRANGE\srv_smb10

Network Information:
	Client Address:		::1
	Client Port:		0

Additional Information:
	Ticket Options:		0x40800000
	Ticket Encryption Type:	0x17
	Failure Code:		0x0
	Transited Services:	-

This event is generated every time access is requested to a resource such as a computer or a Windows service.  The service name indicates the resource to which access was requested.

This event can be correlated with Windows logon events by comparing the Logon GUID fields in each event.  The logon event occurs on the machine that was accessed, which is often a different machine than the domain controller which issued the service ticket.

Ticket options, encryption types, and failure codes are defined in RFC 4120.
02/11/2022 07:29:07 PM
LogName=Security
SourceName=Microsoft Windows security auditing.
EventCode=4769
EventType=0
Type=Information
ComputerName=win-dc-128.attackrange.local
TaskCategory=Kerberos Service Ticket Operations
OpCode=Info
RecordNumber=1846465060
Keywords=Audit Success
Message=A Kerberos service ticket was requested.

Account Information:
	Account Name:		Administrator@ATTACKRANGE.LOCAL
	Account Domain:		ATTACKRANGE.LOCAL
	Logon GUID:		{154B8810-5DFB-8AB3-16CA-210CAFC92120}

Service Information:
	Service Name:		srv_smb1
	Service ID:		ATTACKRANGE\srv_smb1

Network Information:
	Client Address:		::1
	Client Port:		0

Additional Information:
	Ticket Options:		0x40810000
	Ticket Encryption Type:	0x17
	Failure Code:		0x0
	Transited Services:	-

This event is generated every time access is requested to a resource such as a computer or a Windows service.  The service name indicates the resource to which access was requested.

This event can be correlated with Windows logon events by comparing the Logon GUID fields in each event.  The logon event occurs on the machine that was accessed, which is often a different machine than the domain controller which issued the service ticket.

Ticket options, encryption types, and failure codes are defined in RFC 4120.
02/11/2022 07:29:07 PM
LogName=Security
SourceName=Microsoft Windows security auditing.
EventCode=4768
EventType=0
Type=Information
ComputerName=win-dc-128.attackrange.local
TaskCategory=Kerberos Authentication Service
OpCode=Info
RecordNumber=1846465059
Keywords=Audit Success
Message=A Kerberos authentication ticket (TGT) was requested.

Account Information:
	Account Name:		Administrator
	Supplied Realm Name:	ATTACKRANGE.LOCAL
	User ID:			ATTACKRANGE\Administrator

Service Information:
	Service Name:		krbtgt
	Service ID:		ATTACKRANGE\krbtgt

Network Information:
	Client Address:		::1
	Client Port:		0

Additional Information:
	Ticket Options:		0x40810010
	Result Code:		0x0
	Ticket Encryption Type:	0x17
	Pre-Authentication Type:	2

Certificate Information:
	Certificate Issuer Name:		
	Certificate Serial Number:	
	Certificate Thumbprint:		

Certificate information is only provided if a certificate was used for pre-authentication.

Pre-authentication types, ticket options, encryption types and result codes are defined in RFC 4120.
02/11/2022 07:29:07 PM
LogName=Security
SourceName=Microsoft Windows security auditing.
EventCode=5156
EventType=0
Type=Information
ComputerName=win-dc-128.attackrange.local
TaskCategory=Filtering Platform Connection
OpCode=Info
RecordNumber=1846465058
Keywords=Audit Success
Message=The Windows Filtering Platform has permitted a connection.

Application Information:
	Process ID:		636
	Application Name:	\device\harddiskvolume1\windows\system32\lsass.exe

Network Information:
	Direction:		Inbound
	Source Address:		fe80::b574:557a:2d92:ce61
	Source Port:		56448
	Destination Address:	fe80::b574:557a:2d92:ce61
	Destination Port:		389
	Protocol:		6

Filter Information:
	Filter Run-Time ID:	65786
	Layer Name:		Receive/Accept
	Layer Run-Time ID:	46
02/11/2022 07:29:07 PM
LogName=Security
SourceName=Microsoft Windows security auditing.
EventCode=5156
EventType=0
Type=Information
ComputerName=win-dc-128.attackrange.local
TaskCategory=Filtering Platform Connection
OpCode=Info
RecordNumber=1846465057
Keywords=Audit Success
Message=The Windows Filtering Platform has permitted a connection.

Application Information:
	Process ID:		9836
	Application Name:	\device\harddiskvolume1\tools\rubeus.exe

Network Information:
	Direction:		Outbound
	Source Address:		fe80::b574:557a:2d92:ce61
	Source Port:		56448
	Destination Address:	fe80::b574:557a:2d92:ce61
	Destination Port:		389
	Protocol:		6

Filter Information:
	Filter Run-Time ID:	65788
	Layer Name:		Connect
	Layer Run-Time ID:	50
02/11/2022 07:29:07 PM
LogName=Security
SourceName=Microsoft Windows security auditing.
EventCode=5158
EventType=0
Type=Information
ComputerName=win-dc-128.attackrange.local
TaskCategory=Filtering Platform Connection
OpCode=Info
RecordNumber=1846465056
Keywords=Audit Success
Message=The Windows Filtering Platform has permitted a bind to a local port.

Application Information:
	Process ID:		9836
	Application Name:	\device\harddiskvolume1\tools\rubeus.exe

Network Information:
	Source Address:		::
	Source Port:		56448
	Protocol:		6

Filter Information:
	Filter Run-Time ID:	0
	Layer Name:		Resource Assignment
	Layer Run-Time ID:	38
02/11/2022 07:29:08 PM
LogName=Security
SourceName=Microsoft Windows security auditing.
EventCode=4769
EventType=0
Type=Information
ComputerName=win-dc-128.attackrange.local
TaskCategory=Kerberos Service Ticket Operations
OpCode=Info
RecordNumber=1846465082
Keywords=Audit Success
Message=A Kerberos service ticket was requested.

Account Information:
	Account Name:		Administrator@ATTACKRANGE.LOCAL
	Account Domain:		ATTACKRANGE.LOCAL
	Logon GUID:		{B70E0307-2923-BE12-3F6E-5610C3DFDED2}

Service Information:
	Service Name:		srv_sql2
	Service ID:		ATTACKRANGE\srv_sql2

Network Information:
	Client Address:		::1
	Client Port:		0

Additional Information:
	Ticket Options:		0x40800000
	Ticket Encryption Type:	0x17
	Failure Code:		0x0
	Transited Services:	-

This event is generated every time access is requested to a resource such as a computer or a Windows service.  The service name indicates the resource to which access was requested.

This event can be correlated with Windows logon events by comparing the Logon GUID fields in each event.  The logon event occurs on the machine that was accessed, which is often a different machine than the domain controller which issued the service ticket.

Ticket options, encryption types, and failure codes are defined in RFC 4120.
02/11/2022 07:29:08 PM
LogName=Security
SourceName=Microsoft Windows security auditing.
EventCode=4769
EventType=0
Type=Information
ComputerName=win-dc-128.attackrange.local
TaskCategory=Kerberos Service Ticket Operations
OpCode=Info
RecordNumber=1846465081
Keywords=Audit Success
Message=A Kerberos service ticket was requested.

Account Information:
	Account Name:		Administrator@ATTACKRANGE.LOCAL
	Account Domain:		ATTACKRANGE.LOCAL
	Logon GUID:		{B70E0307-2923-BE12-3F6E-5610C3DFDED2}

Service Information:
	Service Name:		srv_sql10
	Service ID:		ATTACKRANGE\srv_sql10

Network Information:
	Client Address:		::1
	Client Port:		0

Additional Information:
	Ticket Options:		0x40800000
	Ticket Encryption Type:	0x17
	Failure Code:		0x0
	Transited Services:	-

This event is generated every time access is requested to a resource such as a computer or a Windows service.  The service name indicates the resource to which access was requested.

This event can be correlated with Windows logon events by comparing the Logon GUID fields in each event.  The logon event occurs on the machine that was accessed, which is often a different machine than the domain controller which issued the service ticket.

Ticket options, encryption types, and failure codes are defined in RFC 4120.
02/11/2022 07:29:08 PM
LogName=Security
SourceName=Microsoft Windows security auditing.
EventCode=4769
EventType=0
Type=Information
ComputerName=win-dc-128.attackrange.local
TaskCategory=Kerberos Service Ticket Operations
OpCode=Info
RecordNumber=1846465080
Keywords=Audit Success
Message=A Kerberos service ticket was requested.

Account Information:
	Account Name:		Administrator@ATTACKRANGE.LOCAL
	Account Domain:		ATTACKRANGE.LOCAL
	Logon GUID:		{B70E0307-2923-BE12-3F6E-5610C3DFDED2}

Service Information:
	Service Name:		srv_sql1
	Service ID:		ATTACKRANGE\srv_sql1

Network Information:
	Client Address:		::1
	Client Port:		0

Additional Information:
	Ticket Options:		0x40800000
	Ticket Encryption Type:	0x17
	Failure Code:		0x0
	Transited Services:	-

This event is generated every time access is requested to a resource such as a computer or a Windows service.  The service name indicates the resource to which access was requested.

This event can be correlated with Windows logon events by comparing the Logon GUID fields in each event.  The logon event occurs on the machine that was accessed, which is often a different machine than the domain controller which issued the service ticket.

Ticket options, encryption types, and failure codes are defined in RFC 4120.
